Warning: no OS randomness!
MD5 differential path toolbox
Copyright (C) 2009 Marc Stevens
http://homepages.cwi.nl/~stevens/

Loading workdir2/latest_bestpaths.bin.gz...done (loaded 2 paths).
Loading workdir2/upperpath.bin.gz...done (loaded 1 paths).
Using this partial path to overwrite all paths in workdir2/latest_bestpaths.bin.gz:
Q34:	|........ ........ ........ ........|
Q35:	|........ ........ ........ ........|
Q36:	|........ ........ ........ ........|
Q37:	|........ ........ ........ ........| ok p=1
Q38:	|........ ........ ........ ........| ok p=1
Q39:	|........ ........ ........ ........| ok p=1
Q40:	|........ ........ ........ ........| ok p=1
Q41:	|........ ........ ........ ........| ok p=1
Q42:	|........ ........ ........ ........| ok p=1
Q43:	|........ ........ ........ ........| ok p=1
Q44:	|........ ........ ........ ........| ok p=1
Q45:	|........ ........ ........ ........| ok p=1
Q46:	|........ ........ ........ ........| ok p=1
Q47:	|........ ........ ........ ........| ok p=1
Q48:	|........ ........ ........ ........| ok p=1
Q49:	|........ ........ ........ ........| ok p=1
Q50:	|........ ........ ........ ........| ok p=1
Q51:	|........ ........ ........ ........| ok p=1
Q52:	|........ ........ ........ ........| ok p=1
Q53:	|........ ........ ........ ........| ok p=1
Q54:	|........ ........ ........ ........| ok p=1
Q55:	|........ ........ ........ ........| ok p=1
Q56:	|........ ........ ........ ........| ok p=1
Q57:	|........ ........ ........ ........| ok p=1
Q58:	|........ ........ ........ ........| ok p=1
Q59:	|........ ........ ........ ........| ok p=1
Q60:	|........ ........ ........ ..00....| ok p=1
Q61:	|........ ........ ........ ..Q1....| ok p=0.982422
Q62:	|........ ........ ........ ..+-....| ok p=1
Q63:	|........ ........ ........ ...+....| ok p=0.982422
Q64:	|.....-.. ........ ........ ...+....|
Saving 2 paths to workdir2/collfindpaths.bin.gz...done.
Q-3:	|00001100 10001001 10101110 00100110|
Q-2:	|+00-++10 0+111101 00-+0000 00-+010-|
Q-1:	|+0110-10 +-001110 11-0++++ +++1++++|
Q0:	|+1001+-- 0--0100+ 0++1-001 010-1-1+| ok p=0.891602
Q1:	|+..+.111 0.++..+1 .10-10-0 +1+11+0+| ok p=0.709961
Q2:	|+..0.100 .0+1..01 .10+1.-. -.01.-1+| ok p=1
Q3:	|+1.1^-.0 ..01..1. 0001.... -.+.^0--| ok p=1
Q4:	|10.1-0.0 ..1..... 0.++..1. ..1.-0-1| ok p=1
Q5:	|0..+01.+ ..1.^... -.--.... 1.0.1.-1| ok p=1
Q6:	|...+1+^- ..-.-... +010.... ....0...| ok p=1
Q7:	|.!.1---1 ..0.0..^ -100.... ......0.| ok p=1
Q8:	|1..-110- ..1.1... 0+.....^ ...0..0.| ok p=1
Q9:	|0..-110- ....+... 1+....1- ..!0..+.| ok p=1
Q10:	|00.-+0.- ..1.+... 1+.11100 .10+.00.| ok p=1
Q11:	|-111-11- 1^0^+^.^ 010011+0 ^11+.11^| ok p=1
Q12:	|0-010-0- 0+----^- -00+--0+ ---+^-++| ok p=1
Q13:	|+++-01++ +010-1+1 1-++++01 1+---110| ok p=1
Q14:	|0110.+00 01-0.101 10-.1-.0 +11001-1| ok p=1
Q15:	|1+11.--0 +.-.0.00 -110+0.. 01+00.-.| ok p=0.947266
Q16:	|.+...0.. 0.+.0... 1.1.+0.. --..0.-.| ok p=0.727539
Q17:	|.1...0^. -.-.1... +...0... 0.^.1.0.| ok p=0.495117
Q18:	|.-...1.. ..+.-... +...1-.. +^..+.1.| ok p=0.946289
Q19:	|.-.0.+.. ^.+....0 -....-.. ........| ok p=0.769531
Q20:	|.001...0 ..1.^..1 -..0.1.0 ^...^...| ok p=1
Q21:	|.11-.^.1 ..1....- 0..1.0.1 ....0...| ok p=0.37207
Q22:	|..+....+ ........ 0..+...- ....1...| ok p=0.670898
Q23:	|...^.... ..0....^ ........ ....+.0.| ok p=1
Q24:	|..^....^ ..1...0. ...^...^ .0....1.| ok p=0.801758
Q25:	|........ ..-...1. ........ ....^.-.| ok p=0.87207
Q26:	|.....0.. ......-. ........ 0+......| ok p=1
Q27:	|.....1.. ..^..... ........ 1+....^.| ok p=0.991211
Q28:	|.....+.. ......^. ........ +-......| ok p=0.984375
Q29:	|.....0.. ........ ........ .0......| ok p=0.987305
Q30:	|.....-.. ........ ........ ^1......| ok p=1
Q31:	|.....-.. ........ ........ ........| ok p=0.976562
Q32:	|........ ........ ........ ........| ok p=1
Q33:	|.....!.. ........ ........ ........| ok p=1
Q34:	|........ ........ ........ ........| ok p=1
Q35:	|........ ........ ........ ........| ok p=1
Q36:	|........ ........ ........ ........| ok p=1
Q37:	|........ ........ ........ ........| ok p=1
Q38:	|........ ........ ........ ........| ok p=1
Q39:	|........ ........ ........ ........| ok p=1
Q40:	|........ ........ ........ ........| ok p=1
Q41:	|........ ........ ........ ........| ok p=1
Q42:	|........ ........ ........ ........| ok p=1
Q43:	|........ ........ ........ ........| ok p=1
Q44:	|........ ........ ........ ........| ok p=1
Q45:	|........ ........ ........ ........| ok p=1
Q46:	|........ ........ ........ ........| ok p=1
Q47:	|........ ........ ........ ........| ok p=1
Q48:	|........ ........ ........ ........| ok p=1
Q49:	|........ ........ ........ ........| ok p=1
Q50:	|........ ........ ........ ........| ok p=1
Q51:	|........ ........ ........ ........| ok p=1
Q52:	|........ ........ ........ ........| ok p=1
Q53:	|........ ........ ........ ........| ok p=1
Q54:	|........ ........ ........ ........| ok p=1
Q55:	|........ ........ ........ ........| ok p=1
Q56:	|........ ........ ........ ........| ok p=1
Q57:	|........ ........ ........ ........| ok p=1
Q58:	|........ ........ ........ ........| ok p=1
Q59:	|........ ........ ........ ........| ok p=1
Q60:	|........ ........ ........ ..00....| ok p=1
Q61:	|........ ........ ........ ..Q1....| ok p=0.986328
Q62:	|........ ........ ........ ..+-....| ok p=1
Q63:	|........ ........ ........ ...+....| ok p=0.985352
Q64:	|.....-.. ........ ........ ...+....|
Warning: no OS randomness!
MD5 differential path toolbox
Copyright (C) 2009 Marc Stevens
http://homepages.cwi.nl/~stevens/

Loading workdir2/joint_bestpaths.bin.gz...done (loaded 5 paths).
Loading workdir2/upperpath.bin.gz...done (loaded 1 paths).
Using this partial path to overwrite all paths in workdir2/joint_bestpaths.bin.gz:
Q34:	|........ ........ ........ ........|
Q35:	|........ ........ ........ ........|
Q36:	|........ ........ ........ ........|
Q37:	|........ ........ ........ ........| ok p=1
Q38:	|........ ........ ........ ........| ok p=1
Q39:	|........ ........ ........ ........| ok p=1
Q40:	|........ ........ ........ ........| ok p=1
Q41:	|........ ........ ........ ........| ok p=1
Q42:	|........ ........ ........ ........| ok p=1
Q43:	|........ ........ ........ ........| ok p=1
Q44:	|........ ........ ........ ........| ok p=1
Q45:	|........ ........ ........ ........| ok p=1
Q46:	|........ ........ ........ ........| ok p=1
Q47:	|........ ........ ........ ........| ok p=1
Q48:	|........ ........ ........ ........| ok p=1
Q49:	|........ ........ ........ ........| ok p=1
Q50:	|........ ........ ........ ........| ok p=1
Q51:	|........ ........ ........ ........| ok p=1
Q52:	|........ ........ ........ ........| ok p=1
Q53:	|........ ........ ........ ........| ok p=1
Q54:	|........ ........ ........ ........| ok p=1
Q55:	|........ ........ ........ ........| ok p=1
Q56:	|........ ........ ........ ........| ok p=1
Q57:	|........ ........ ........ ........| ok p=1
Q58:	|........ ........ ........ ........| ok p=1
Q59:	|........ ........ ........ ........| ok p=1
Q60:	|........ ........ ........ ..00....| ok p=1
Q61:	|........ ........ ........ ..Q1....| ok p=0.977539
Q62:	|........ ........ ........ ..+-....| ok p=1
Q63:	|........ ........ ........ ...+....| ok p=0.985352
Q64:	|.....-.. ........ ........ ...+....|
Saving 5 paths to workdir2/collfindpaths.bin.gz...done.
Q-3:	|00001100 10001001 10101110 00100110|
Q-2:	|+00-++10 0+111101 00-+0000 00-+010-|
Q-1:	|+0110-10 +-001110 11-0++++ +++1++++|
Q0:	|+1001+-- 0--0100+ 0++1-001 010-1-1+| ok p=0.87207
Q1:	|+..+.111 0.++..+1 .10-10-0 +1+11+0+| ok p=0.68457
Q2:	|+..0.100 .0+1..01 110+1.-. -.01.-1+| ok p=1
Q3:	|+1.1^-.0 ..01..1. 0.01.... -.+.^0--| ok p=1
Q4:	|10.1-0.0 ..1..... 0.++..1. ..1.-0-1| ok p=1
Q5:	|0..+01.+ ..1.^... -.--.... 1.0.1.-1| ok p=1
Q6:	|...+1+^- ..-.-... +010.... ....0...| ok p=1
Q7:	|.!.1---1 ..0.0..^ -100.... ......00| ok p=1
Q8:	|!..-111- ..1.1... 0+.....^ ...0...0| ok p=1
Q9:	|0..-110- ....+... 1+....0- ...0...+| ok p=1
Q10:	|00.-+0.- ..1.+... 1+.11110 .10+...-| ok p=1
Q11:	|-111-11- 1^0^+^.^ 010011+0 ^11+.^^-| ok p=1
Q12:	|0-010-0- 0+----^- -00+--0+ ---+^-++| ok p=1
Q13:	|+++-01++ +010-1+1 1-++++01 1+---111| ok p=1
Q14:	|0110.+00 01-0.101 10-.1-.0 +11001-0| ok p=1
Q15:	|1+11.--0 +.-.0.0. -000+0.. 01+00.-.| ok p=0.953125
Q16:	|.+...0.. 0.+.0... 1.0.+0.. --..0.-.| ok p=0.743164
Q17:	|.1...0^. -.-.1... +...0... 0.^.1.0.| ok p=0.489258
Q18:	|.-...1.. ..+.-... +...1-.. +^..+.1.| ok p=0.961914
Q19:	|.-.0.+.. ^.+....0 -....-.. ........| ok p=0.749023
Q20:	|.001...0 ..1.^..1 -..0.1.0 ^...^...| ok p=1
Q21:	|.11-.^.1 ..1....- 0..1.0.1 ....0...| ok p=0.383789
Q22:	|..+....+ ........ 0..+...- ....1...| ok p=0.694336
Q23:	|...^.... ..0....^ ........ ....+.0.| ok p=1
Q24:	|..^....^ ..1...0. ...^...^ .0....1.| ok p=0.805664
Q25:	|........ ..-...1. ........ ....^.-.| ok p=0.856445
Q26:	|.....0.. ......-. ........ 0+......| ok p=1
Q27:	|.....1.. ..^..... ........ 1+....^.| ok p=0.979492
Q28:	|.....+.. ......^. ........ +-......| ok p=0.988281
Q29:	|.....0.. ........ ........ .0......| ok p=0.979492
Q30:	|.....-.. ........ ........ ^1......| ok p=1
Q31:	|.....-.. ........ ........ ........| ok p=0.989258
Q32:	|........ ........ ........ ........| ok p=1
Q33:	|.....!.. ........ ........ ........| ok p=1
Q34:	|........ ........ ........ ........| ok p=1
Q35:	|........ ........ ........ ........| ok p=1
Q36:	|........ ........ ........ ........| ok p=1
Q37:	|........ ........ ........ ........| ok p=1
Q38:	|........ ........ ........ ........| ok p=1
Q39:	|........ ........ ........ ........| ok p=1
Q40:	|........ ........ ........ ........| ok p=1
Q41:	|........ ........ ........ ........| ok p=1
Q42:	|........ ........ ........ ........| ok p=1
Q43:	|........ ........ ........ ........| ok p=1
Q44:	|........ ........ ........ ........| ok p=1
Q45:	|........ ........ ........ ........| ok p=1
Q46:	|........ ........ ........ ........| ok p=1
Q47:	|........ ........ ........ ........| ok p=1
Q48:	|........ ........ ........ ........| ok p=1
Q49:	|........ ........ ........ ........| ok p=1
Q50:	|........ ........ ........ ........| ok p=1
Q51:	|........ ........ ........ ........| ok p=1
Q52:	|........ ........ ........ ........| ok p=1
Q53:	|........ ........ ........ ........| ok p=1
Q54:	|........ ........ ........ ........| ok p=1
Q55:	|........ ........ ........ ........| ok p=1
Q56:	|........ ........ ........ ........| ok p=1
Q57:	|........ ........ ........ ........| ok p=1
Q58:	|........ ........ ........ ........| ok p=1
Q59:	|........ ........ ........ ........| ok p=1
Q60:	|........ ........ ........ ..00....| ok p=1
Q61:	|........ ........ ........ ..Q1....| ok p=0.986328
Q62:	|........ ........ ........ ..+-....| ok p=1
Q63:	|........ ........ ........ ...+....| ok p=0.989258
Q64:	|.....-.. ........ ........ ...+....|
Warning: no OS randomness!
MD5 differential path toolbox
Copyright (C) 2009 Marc Stevens
http://homepages.cwi.nl/~stevens/

Loading workdir2/joint_bestpaths.bin.gz...done (loaded 23 paths).
Loading workdir2/upperpath.bin.gz...done (loaded 1 paths).
Using this partial path to overwrite all paths in workdir2/joint_bestpaths.bin.gz:
Q34:	|........ ........ ........ ........|
Q35:	|........ ........ ........ ........|
Q36:	|........ ........ ........ ........|
Q37:	|........ ........ ........ ........| ok p=1
Q38:	|........ ........ ........ ........| ok p=1
Q39:	|........ ........ ........ ........| ok p=1
Q40:	|........ ........ ........ ........| ok p=1
Q41:	|........ ........ ........ ........| ok p=1
Q42:	|........ ........ ........ ........| ok p=1
Q43:	|........ ........ ........ ........| ok p=1
Q44:	|........ ........ ........ ........| ok p=1
Q45:	|........ ........ ........ ........| ok p=1
Q46:	|........ ........ ........ ........| ok p=1
Q47:	|........ ........ ........ ........| ok p=1
Q48:	|........ ........ ........ ........| ok p=1
Q49:	|........ ........ ........ ........| ok p=1
Q50:	|........ ........ ........ ........| ok p=1
Q51:	|........ ........ ........ ........| ok p=1
Q52:	|........ ........ ........ ........| ok p=1
Q53:	|........ ........ ........ ........| ok p=1
Q54:	|........ ........ ........ ........| ok p=1
Q55:	|........ ........ ........ ........| ok p=1
Q56:	|........ ........ ........ ........| ok p=1
Q57:	|........ ........ ........ ........| ok p=1
Q58:	|........ ........ ........ ........| ok p=1
Q59:	|........ ........ ........ ........| ok p=1
Q60:	|........ ........ ........ ..00....| ok p=1
Q61:	|........ ........ ........ ..Q1....| ok p=0.985352
Q62:	|........ ........ ........ ..+-....| ok p=1
Q63:	|........ ........ ........ ...+....| ok p=0.990234
Q64:	|.....-.. ........ ........ ...+....|
Saving 23 paths to workdir2/collfindpaths.bin.gz...done.
Q-3:	|00001100 10001001 10101110 00100110|
Q-2:	|+00-++10 0+111101 00-+0000 00-+010-|
Q-1:	|+0110-10 +-001110 11-0++++ +++1++++|
Q0:	|+1001+-- 0--0100+ 0++1-001 010-1-1+| ok p=0.87207
Q1:	|+..+.111 0.++..+1 .10-10-0 +1+11+0+| ok p=0.693359
Q2:	|+..0.100 .0+1..01 110+1.-. -.01.-1+| ok p=1
Q3:	|+1.1^-.0 ..01..1. 0.01.... -.+.^0--| ok p=1
Q4:	|10.1-0.0 ..1..... 0.++..1. ..1.-0-1| ok p=1
Q5:	|0..+01.+ ..1.^... -.--.... 1.0.1.-1| ok p=1
Q6:	|...+1+^- ..-.-... +010.... ....0...| ok p=1
Q7:	|.!.1---1 ..0.0..^ -100.... ......00| ok p=1
Q8:	|!..-111- ..1.1... 0+.....^ ...0...0| ok p=1
Q9:	|0..-110- ....+... 1+....0- ...0...+| ok p=1
Q10:	|00.-+0.- ..1.+... 1+.11110 .10+...-| ok p=1
Q11:	|-111-11- 1^0^+^.^ 010011+0 ^11+.^^-| ok p=1
Q12:	|0-010-0- 0+----^- -00+--0+ ---+^-++| ok p=1
Q13:	|+++-01++ +010-1+1 1-++++01 1+---111| ok p=1
Q14:	|0110.+00 01-0.101 10-.1-.0 +11001-0| ok p=1
Q15:	|1+11.--0 +.-.0.0. -000+0.. 01+00.-.| ok p=0.946289
Q16:	|.+...0.. 0.+.0... 1.0.+0.. --..0.-.| ok p=0.769531
Q17:	|.1...0^. -.-.1... +...0... 0.^.1.0.| ok p=0.462891
Q18:	|.-...1.. ..+.-... +...1-.. +^..+.1.| ok p=0.938477
Q19:	|.-.0.+.. ^.+....0 -....-.. ........| ok p=0.762695
Q20:	|.001...0 ..1.^..1 -..0.1.0 ^...^...| ok p=1
Q21:	|.11-.^.1 ..1....- 0..1.0.1 ....0...| ok p=0.384766
Q22:	|..+....+ ........ 0..+...- ....1...| ok p=0.665039
Q23:	|...^.... ..0....^ ........ ....+.0.| ok p=1
Q24:	|..^....^ ..1...0. ...^...^ .0....1.| ok p=0.803711
Q25:	|........ ..-...1. ........ ....^.-.| ok p=0.864258
Q26:	|.....0.. ......-. ........ 0+......| ok p=1
Q27:	|.....1.. ..^..... ........ 1+....^.| ok p=0.982422
Q28:	|.....+.. ......^. ........ +-......| ok p=0.985352
Q29:	|.....0.. ........ ........ .0......| ok p=0.986328
Q30:	|.....-.. ........ ........ ^1......| ok p=1
Q31:	|.....-.. ........ ........ ........| ok p=0.985352
Q32:	|........ ........ ........ ........| ok p=1
Q33:	|.....!.. ........ ........ ........| ok p=1
Q34:	|........ ........ ........ ........| ok p=1
Q35:	|........ ........ ........ ........| ok p=1
Q36:	|........ ........ ........ ........| ok p=1
Q37:	|........ ........ ........ ........| ok p=1
Q38:	|........ ........ ........ ........| ok p=1
Q39:	|........ ........ ........ ........| ok p=1
Q40:	|........ ........ ........ ........| ok p=1
Q41:	|........ ........ ........ ........| ok p=1
Q42:	|........ ........ ........ ........| ok p=1
Q43:	|........ ........ ........ ........| ok p=1
Q44:	|........ ........ ........ ........| ok p=1
Q45:	|........ ........ ........ ........| ok p=1
Q46:	|........ ........ ........ ........| ok p=1
Q47:	|........ ........ ........ ........| ok p=1
Q48:	|........ ........ ........ ........| ok p=1
Q49:	|........ ........ ........ ........| ok p=1
Q50:	|........ ........ ........ ........| ok p=1
Q51:	|........ ........ ........ ........| ok p=1
Q52:	|........ ........ ........ ........| ok p=1
Q53:	|........ ........ ........ ........| ok p=1
Q54:	|........ ........ ........ ........| ok p=1
Q55:	|........ ........ ........ ........| ok p=1
Q56:	|........ ........ ........ ........| ok p=1
Q57:	|........ ........ ........ ........| ok p=1
Q58:	|........ ........ ........ ........| ok p=1
Q59:	|........ ........ ........ ........| ok p=1
Q60:	|........ ........ ........ ..00....| ok p=1
Q61:	|........ ........ ........ ..Q1....| ok p=0.987305
Q62:	|........ ........ ........ ..+-....| ok p=1
Q63:	|........ ........ ........ ...+....| ok p=0.984375
Q64:	|.....-.. ........ ........ ...+....|
Warning: no OS randomness!
MD5 differential path toolbox
Copyright (C) 2009 Marc Stevens
http://homepages.cwi.nl/~stevens/

Loading workdir2/joint_bestpaths.bin.gz...done (loaded 39 paths).
Loading workdir2/upperpath.bin.gz...done (loaded 1 paths).
Using this partial path to overwrite all paths in workdir2/joint_bestpaths.bin.gz:
Q34:	|........ ........ ........ ........|
Q35:	|........ ........ ........ ........|
Q36:	|........ ........ ........ ........|
Q37:	|........ ........ ........ ........| ok p=1
Q38:	|........ ........ ........ ........| ok p=1
Q39:	|........ ........ ........ ........| ok p=1
Q40:	|........ ........ ........ ........| ok p=1
Q41:	|........ ........ ........ ........| ok p=1
Q42:	|........ ........ ........ ........| ok p=1
Q43:	|........ ........ ........ ........| ok p=1
Q44:	|........ ........ ........ ........| ok p=1
Q45:	|........ ........ ........ ........| ok p=1
Q46:	|........ ........ ........ ........| ok p=1
Q47:	|........ ........ ........ ........| ok p=1
Q48:	|........ ........ ........ ........| ok p=1
Q49:	|........ ........ ........ ........| ok p=1
Q50:	|........ ........ ........ ........| ok p=1
Q51:	|........ ........ ........ ........| ok p=1
Q52:	|........ ........ ........ ........| ok p=1
Q53:	|........ ........ ........ ........| ok p=1
Q54:	|........ ........ ........ ........| ok p=1
Q55:	|........ ........ ........ ........| ok p=1
Q56:	|........ ........ ........ ........| ok p=1
Q57:	|........ ........ ........ ........| ok p=1
Q58:	|........ ........ ........ ........| ok p=1
Q59:	|........ ........ ........ ........| ok p=1
Q60:	|........ ........ ........ ..00....| ok p=1
Q61:	|........ ........ ........ ..Q1....| ok p=0.986328
Q62:	|........ ........ ........ ..+-....| ok p=1
Q63:	|........ ........ ........ ...+....| ok p=0.988281
Q64:	|.....-.. ........ ........ ...+....|
Saving 39 paths to workdir2/collfindpaths.bin.gz...done.
Q-3:	|00001100 10001001 10101110 00100110|
Q-2:	|+00-++10 0+111101 00-+0000 00-+010-|
Q-1:	|+0110-10 +-001110 11-0++++ +++1++++|
Q0:	|+1001+-- 0--0100+ 0++1-001 010-1-1+| ok p=0.863281
Q1:	|+..+.111 0.++..+1 .10-10-0 +1+11+0+| ok p=0.731445
Q2:	|+..0.100 .0+1..01 110+1.-. -.01.-1+| ok p=1
Q3:	|+1.1^-.0 ..01..1. 0.01.... -.+.^0--| ok p=1
Q4:	|10.1-0.0 ..1..... 0.++..1. ..1.-0-1| ok p=1
Q5:	|0..+01.+ ..1.^... -.--.... 1.0.1.-1| ok p=1
Q6:	|...+1+^- ..-.-... +010.... ....0...| ok p=1
Q7:	|.!.1---1 ..0.0..^ -100.... ......00| ok p=1
Q8:	|!..-111- ..1.1... 0+.....^ ...0...0| ok p=1
Q9:	|0..-110- ....+... 1+....0- ...0...+| ok p=1
Q10:	|00.-+0.- ..1.+... 1+.11110 .10+...-| ok p=1
Q11:	|-111-11- 1^0^+^.^ 010011+0 ^11+.^^-| ok p=1
Q12:	|0-010-0- 0+----^- -00+--0+ ---+^-++| ok p=1
Q13:	|+++-01++ +010-1+1 1-++++01 1+---111| ok p=1
Q14:	|0110.+00 01-0.101 10-.1-.0 +11001-0| ok p=1
Q15:	|1+11.--0 +.-.0.0. -000+0.. 01+00.-.| ok p=0.957031
Q16:	|.+...0.. 0.+.0... 1.0.+0.. --..0.-.| ok p=0.725586
Q17:	|.1...0^. -.-.1... +...0... 0.^.1.0.| ok p=0.463867
Q18:	|.-...1.. ..+.-... +...1-.. +^..+.1.| ok p=0.93457
Q19:	|.-.0.+.. ^.+....0 -....-.. ........| ok p=0.761719
Q20:	|.001...0 ..1.^..1 -..0.1.0 ^...^...| ok p=1
Q21:	|.11-.^.1 ..1....- 0..1.0.1 ....0...| ok p=0.357422
Q22:	|..+....+ ........ 0..+...- ....1...| ok p=0.65625
Q23:	|...^.... ..0....^ ........ ....+.0.| ok p=1
Q24:	|..^....^ ..1...0. ...^...^ .0....1.| ok p=0.800781
Q25:	|........ ..-...1. ........ ....^.-.| ok p=0.866211
Q26:	|.....0.. ......-. ........ 0+......| ok p=1
Q27:	|.....1.. ..^..... ........ 1+....^.| ok p=0.986328
Q28:	|.....+.. ......^. ........ +-......| ok p=0.987305
Q29:	|.....0.. ........ ........ .0......| ok p=0.980469
Q30:	|.....-.. ........ ........ ^1......| ok p=1
Q31:	|.....-.. ........ ........ ........| ok p=0.988281
Q32:	|........ ........ ........ ........| ok p=1
Q33:	|.....!.. ........ ........ ........| ok p=1
Q34:	|........ ........ ........ ........| ok p=1
Q35:	|........ ........ ........ ........| ok p=1
Q36:	|........ ........ ........ ........| ok p=1
Q37:	|........ ........ ........ ........| ok p=1
Q38:	|........ ........ ........ ........| ok p=1
Q39:	|........ ........ ........ ........| ok p=1
Q40:	|........ ........ ........ ........| ok p=1
Q41:	|........ ........ ........ ........| ok p=1
Q42:	|........ ........ ........ ........| ok p=1
Q43:	|........ ........ ........ ........| ok p=1
Q44:	|........ ........ ........ ........| ok p=1
Q45:	|........ ........ ........ ........| ok p=1
Q46:	|........ ........ ........ ........| ok p=1
Q47:	|........ ........ ........ ........| ok p=1
Q48:	|........ ........ ........ ........| ok p=1
Q49:	|........ ........ ........ ........| ok p=1
Q50:	|........ ........ ........ ........| ok p=1
Q51:	|........ ........ ........ ........| ok p=1
Q52:	|........ ........ ........ ........| ok p=1
Q53:	|........ ........ ........ ........| ok p=1
Q54:	|........ ........ ........ ........| ok p=1
Q55:	|........ ........ ........ ........| ok p=1
Q56:	|........ ........ ........ ........| ok p=1
Q57:	|........ ........ ........ ........| ok p=1
Q58:	|........ ........ ........ ........| ok p=1
Q59:	|........ ........ ........ ........| ok p=1
Q60:	|........ ........ ........ ..00....| ok p=1
Q61:	|........ ........ ........ ..Q1....| ok p=0.983398
Q62:	|........ ........ ........ ..+-....| ok p=1
Q63:	|........ ........ ........ ...+....| ok p=0.984375
Q64:	|.....-.. ........ ........ ...+....|
Warning: no OS randomness!
MD5 differential path toolbox
Copyright (C) 2009 Marc Stevens
http://homepages.cwi.nl/~stevens/

Loading workdir2/joint_bestpaths.bin.gz...done (loaded 71 paths).
Loading workdir2/upperpath.bin.gz...done (loaded 1 paths).
Using this partial path to overwrite all paths in workdir2/joint_bestpaths.bin.gz:
Q34:	|........ ........ ........ ........|
Q35:	|........ ........ ........ ........|
Q36:	|........ ........ ........ ........|
Q37:	|........ ........ ........ ........| ok p=1
Q38:	|........ ........ ........ ........| ok p=1
Q39:	|........ ........ ........ ........| ok p=1
Q40:	|........ ........ ........ ........| ok p=1
Q41:	|........ ........ ........ ........| ok p=1
Q42:	|........ ........ ........ ........| ok p=1
Q43:	|........ ........ ........ ........| ok p=1
Q44:	|........ ........ ........ ........| ok p=1
Q45:	|........ ........ ........ ........| ok p=1
Q46:	|........ ........ ........ ........| ok p=1
Q47:	|........ ........ ........ ........| ok p=1
Q48:	|........ ........ ........ ........| ok p=1
Q49:	|........ ........ ........ ........| ok p=1
Q50:	|........ ........ ........ ........| ok p=1
Q51:	|........ ........ ........ ........| ok p=1
Q52:	|........ ........ ........ ........| ok p=1
Q53:	|........ ........ ........ ........| ok p=1
Q54:	|........ ........ ........ ........| ok p=1
Q55:	|........ ........ ........ ........| ok p=1
Q56:	|........ ........ ........ ........| ok p=1
Q57:	|........ ........ ........ ........| ok p=1
Q58:	|........ ........ ........ ........| ok p=1
Q59:	|........ ........ ........ ........| ok p=1
Q60:	|........ ........ ........ ..00....| ok p=1
Q61:	|........ ........ ........ ..Q1....| ok p=0.978516
Q62:	|........ ........ ........ ..+-....| ok p=1
Q63:	|........ ........ ........ ...+....| ok p=0.984375
Q64:	|.....-.. ........ ........ ...+....|
Saving 71 paths to workdir2/collfindpaths.bin.gz...done.
Q-3:	|00001100 10001001 10101110 00100110|
Q-2:	|+00-++10 0+111101 00-+0000 00-+010-|
Q-1:	|+0110-10 +-001110 11-0++++ +++1++++|
Q0:	|+1001+-- 0--0100+ 0++1-001 010-1-1+| ok p=0.891602
Q1:	|+..+.111 0.++..+1 .10-10-0 +1+11+0+| ok p=0.697266
Q2:	|+..0.100 .0+1..01 110+1.-. -.01.-1+| ok p=1
Q3:	|+1.1^-.0 ..01..1. 0.01.... -.+.^0--| ok p=1
Q4:	|10.1-0.0 ..1..... 0.++..1. ..1.-0-1| ok p=1
Q5:	|0..+01.+ ..1.^... -.--.... 1.0.1.-1| ok p=1
Q6:	|...+1+^- ..-.-... +010.... ....0...| ok p=1
Q7:	|.!.1---1 ..0.0..^ -100.... ......00| ok p=1
Q8:	|!..-111- ..1.1... 0+.....^ ...0...0| ok p=1
Q9:	|0..-110- ....+... 1+....0- ...0...+| ok p=1
Q10:	|00.-+0.- ..1.+... 1+.11110 .10+...-| ok p=1
Q11:	|-111-11- 1^0^+^.^ 010011+0 ^11+.^^-| ok p=1
Q12:	|0-010-0- 0+----^- -00+--0+ ---+^-++| ok p=1
Q13:	|+++-01++ +010-1+1 1-++++01 1+---111| ok p=1
Q14:	|0110.+00 01-0.101 10-.1-.0 +11001-0| ok p=1
Q15:	|1+11.--0 +.-.0.0. -000+0.. 01+00.-.| ok p=0.950195
Q16:	|.+...0.. 0.+.0... 1.0.+0.. --..0.-.| ok p=0.735352
Q17:	|.1...0^. -.-.1... +...0... 0.^.1.0.| ok p=0.504883
Q18:	|.-...1.. ..+.-... +...1-.. +^..+.1.| ok p=0.953125
Q19:	|.-.0.+.. ^.+....0 -....-.. ........| ok p=0.755859
Q20:	|.001...0 ..1.^..1 -..0.1.0 ^...^...| ok p=1
Q21:	|.11-.^.1 ..1....- 0..1.0.1 ....0...| ok p=0.383789
Q22:	|..+....+ ........ 0..+...- ....1...| ok p=0.661133
Q23:	|...^.... ..0....^ ........ ....+.0.| ok p=1
Q24:	|..^....^ ..1...0. ...^...^ .0....1.| ok p=0.810547
Q25:	|........ ..-...1. ........ ....^.-.| ok p=0.891602
Q26:	|.....0.. ......-. ........ 0+......| ok p=1
Q27:	|.....1.. ..^..... ........ 1+....^.| ok p=0.984375
Q28:	|.....+.. ......^. ........ +-......| ok p=0.985352
Q29:	|.....0.. ........ ........ .0......| ok p=0.984375
Q30:	|.....-.. ........ ........ ^1......| ok p=1
Q31:	|.....-.. ........ ........ ........| ok p=0.985352
Q32:	|........ ........ ........ ........| ok p=1
Q33:	|.....!.. ........ ........ ........| ok p=1
Q34:	|........ ........ ........ ........| ok p=1
Q35:	|........ ........ ........ ........| ok p=1
Q36:	|........ ........ ........ ........| ok p=1
Q37:	|........ ........ ........ ........| ok p=1
Q38:	|........ ........ ........ ........| ok p=1
Q39:	|........ ........ ........ ........| ok p=1
Q40:	|........ ........ ........ ........| ok p=1
Q41:	|........ ........ ........ ........| ok p=1
Q42:	|........ ........ ........ ........| ok p=1
Q43:	|........ ........ ........ ........| ok p=1
Q44:	|........ ........ ........ ........| ok p=1
Q45:	|........ ........ ........ ........| ok p=1
Q46:	|........ ........ ........ ........| ok p=1
Q47:	|........ ........ ........ ........| ok p=1
Q48:	|........ ........ ........ ........| ok p=1
Q49:	|........ ........ ........ ........| ok p=1
Q50:	|........ ........ ........ ........| ok p=1
Q51:	|........ ........ ........ ........| ok p=1
Q52:	|........ ........ ........ ........| ok p=1
Q53:	|........ ........ ........ ........| ok p=1
Q54:	|........ ........ ........ ........| ok p=1
Q55:	|........ ........ ........ ........| ok p=1
Q56:	|........ ........ ........ ........| ok p=1
Q57:	|........ ........ ........ ........| ok p=1
Q58:	|........ ........ ........ ........| ok p=1
Q59:	|........ ........ ........ ........| ok p=1
Q60:	|........ ........ ........ ..00....| ok p=1
Q61:	|........ ........ ........ ..Q1....| ok p=0.980469
Q62:	|........ ........ ........ ..+-....| ok p=1
Q63:	|........ ........ ........ ...+....| ok p=0.983398
Q64:	|.....-.. ........ ........ ...+....|
Warning: no OS randomness!
MD5 differential path toolbox
Copyright (C) 2009 Marc Stevens
http://homepages.cwi.nl/~stevens/

Loading workdir2/joint_bestpaths.bin.gz...done (loaded 163 paths).
Loading workdir2/upperpath.bin.gz...done (loaded 1 paths).
Using this partial path to overwrite all paths in workdir2/joint_bestpaths.bin.gz:
Q34:	|........ ........ ........ ........|
Q35:	|........ ........ ........ ........|
Q36:	|........ ........ ........ ........|
Q37:	|........ ........ ........ ........| ok p=1
Q38:	|........ ........ ........ ........| ok p=1
Q39:	|........ ........ ........ ........| ok p=1
Q40:	|........ ........ ........ ........| ok p=1
Q41:	|........ ........ ........ ........| ok p=1
Q42:	|........ ........ ........ ........| ok p=1
Q43:	|........ ........ ........ ........| ok p=1
Q44:	|........ ........ ........ ........| ok p=1
Q45:	|........ ........ ........ ........| ok p=1
Q46:	|........ ........ ........ ........| ok p=1
Q47:	|........ ........ ........ ........| ok p=1
Q48:	|........ ........ ........ ........| ok p=1
Q49:	|........ ........ ........ ........| ok p=1
Q50:	|........ ........ ........ ........| ok p=1
Q51:	|........ ........ ........ ........| ok p=1
Q52:	|........ ........ ........ ........| ok p=1
Q53:	|........ ........ ........ ........| ok p=1
Q54:	|........ ........ ........ ........| ok p=1
Q55:	|........ ........ ........ ........| ok p=1
Q56:	|........ ........ ........ ........| ok p=1
Q57:	|........ ........ ........ ........| ok p=1
Q58:	|........ ........ ........ ........| ok p=1
Q59:	|........ ........ ........ ........| ok p=1
Q60:	|........ ........ ........ ..00....| ok p=1
Q61:	|........ ........ ........ ..Q1....| ok p=0.989258
Q62:	|........ ........ ........ ..+-....| ok p=1
Q63:	|........ ........ ........ ...+....| ok p=0.985352
Q64:	|.....-.. ........ ........ ...+....|
Saving 163 paths to workdir2/collfindpaths.bin.gz...done.
Q-3:	|00001100 10001001 10101110 00100110|
Q-2:	|+00-++10 0+111101 00-+0000 00-+010-|
Q-1:	|+0110-10 +-001110 11-0++++ +++1++++|
Q0:	|+1001+-- 0--0100+ 0++1-001 010-1-1+| ok p=0.875
Q1:	|+..+.111 0.++..+1 .10-10-0 +1+11+0+| ok p=0.702148
Q2:	|+..0.100 .0+1..01 110+1.-. -.01.-1+| ok p=1
Q3:	|+1.1^-.0 ..01..1. 0.01.... -.+.^0--| ok p=1
Q4:	|10.1-0.0 ..1..... 0.++..1. ..1.-0-1| ok p=1
Q5:	|0..+01.+ ..1.^... -.--.... 1.0.1.-1| ok p=1
Q6:	|...+1+^- ..-.-... +010.... ....0...| ok p=1
Q7:	|.!.1---1 ..0.0..^ -100.... ......00| ok p=1
Q8:	|!..-111- ..1.1... 0+.....^ ...0...0| ok p=1
Q9:	|0..-110- ....+... 1+....0- ...0...+| ok p=1
Q10:	|00.-+0.- ..1.+... 1+.11110 .10+...-| ok p=1
Q11:	|-111-11- 1^0^+^.^ 010011+0 ^11+.^^-| ok p=1
Q12:	|0-010-0- 0+----^- -00+--0+ ---+^-++| ok p=1
Q13:	|+++-01++ +010-1+1 1-++++01 1+---111| ok p=1
Q14:	|0110.+00 01-0.101 10-.1-.0 +11001-0| ok p=1
Q15:	|1+11.--0 +.-.0.0. -000+0.. 01+00.-.| ok p=0.948242
Q16:	|.+...0.. 0.+.0... 1.0.+0.. --..0.-.| ok p=0.734375
Q17:	|.1...0^. -.-.1... +...0... 0.^.1.0.| ok p=0.505859
Q18:	|.-...1.. ..+.-... +...1-.. +^..+.1.| ok p=0.952148
Q19:	|.-.0.+.. ^.+....0 -....-.. ........| ok p=0.75293
Q20:	|.001...0 ..1.^..1 -..0.1.0 ^...^...| ok p=1
Q21:	|.11-.^.1 ..1....- 0..1.0.1 ....0...| ok p=0.37793
Q22:	|..+....+ ........ 0..+...- ....1...| ok p=0.689453
Q23:	|...^.... ..0....^ ........ ....+.0.| ok p=1
Q24:	|..^....^ ..1...0. ...^...^ .0....1.| ok p=0.78418
Q25:	|........ ..-...1. ........ ....^.-.| ok p=0.873047
Q26:	|.....0.. ......-. ........ 0+......| ok p=1
Q27:	|.....1.. ..^..... ........ 1+....^.| ok p=0.978516
Q28:	|.....+.. ......^. ........ +-......| ok p=0.989258
Q29:	|.....0.. ........ ........ .0......| ok p=0.981445
Q30:	|.....-.. ........ ........ ^1......| ok p=1
Q31:	|.....-.. ........ ........ ........| ok p=0.993164
Q32:	|........ ........ ........ ........| ok p=1
Q33:	|.....!.. ........ ........ ........| ok p=1
Q34:	|........ ........ ........ ........| ok p=1
Q35:	|........ ........ ........ ........| ok p=1
Q36:	|........ ........ ........ ........| ok p=1
Q37:	|........ ........ ........ ........| ok p=1
Q38:	|........ ........ ........ ........| ok p=1
Q39:	|........ ........ ........ ........| ok p=1
Q40:	|........ ........ ........ ........| ok p=1
Q41:	|........ ........ ........ ........| ok p=1
Q42:	|........ ........ ........ ........| ok p=1
Q43:	|........ ........ ........ ........| ok p=1
Q44:	|........ ........ ........ ........| ok p=1
Q45:	|........ ........ ........ ........| ok p=1
Q46:	|........ ........ ........ ........| ok p=1
Q47:	|........ ........ ........ ........| ok p=1
Q48:	|........ ........ ........ ........| ok p=1
Q49:	|........ ........ ........ ........| ok p=1
Q50:	|........ ........ ........ ........| ok p=1
Q51:	|........ ........ ........ ........| ok p=1
Q52:	|........ ........ ........ ........| ok p=1
Q53:	|........ ........ ........ ........| ok p=1
Q54:	|........ ........ ........ ........| ok p=1
Q55:	|........ ........ ........ ........| ok p=1
Q56:	|........ ........ ........ ........| ok p=1
Q57:	|........ ........ ........ ........| ok p=1
Q58:	|........ ........ ........ ........| ok p=1
Q59:	|........ ........ ........ ........| ok p=1
Q60:	|........ ........ ........ ..00....| ok p=1
Q61:	|........ ........ ........ ..Q1....| ok p=0.980469
Q62:	|........ ........ ........ ..+-....| ok p=1
Q63:	|........ ........ ........ ...+....| ok p=0.988281
Q64:	|.....-.. ........ ........ ...+....|
Warning: no OS randomness!
MD5 differential path toolbox
Copyright (C) 2009 Marc Stevens
http://homepages.cwi.nl/~stevens/

Loading workdir2/joint_bestpaths.bin.gz...done (loaded 101 paths).
Loading workdir2/upperpath.bin.gz...done (loaded 1 paths).
Using this partial path to overwrite all paths in workdir2/joint_bestpaths.bin.gz:
Q34:	|........ ........ ........ ........|
Q35:	|........ ........ ........ ........|
Q36:	|........ ........ ........ ........|
Q37:	|........ ........ ........ ........| ok p=1
Q38:	|........ ........ ........ ........| ok p=1
Q39:	|........ ........ ........ ........| ok p=1
Q40:	|........ ........ ........ ........| ok p=1
Q41:	|........ ........ ........ ........| ok p=1
Q42:	|........ ........ ........ ........| ok p=1
Q43:	|........ ........ ........ ........| ok p=1
Q44:	|........ ........ ........ ........| ok p=1
Q45:	|........ ........ ........ ........| ok p=1
Q46:	|........ ........ ........ ........| ok p=1
Q47:	|........ ........ ........ ........| ok p=1
Q48:	|........ ........ ........ ........| ok p=1
Q49:	|........ ........ ........ ........| ok p=1
Q50:	|........ ........ ........ ........| ok p=1
Q51:	|........ ........ ........ ........| ok p=1
Q52:	|........ ........ ........ ........| ok p=1
Q53:	|........ ........ ........ ........| ok p=1
Q54:	|........ ........ ........ ........| ok p=1
Q55:	|........ ........ ........ ........| ok p=1
Q56:	|........ ........ ........ ........| ok p=1
Q57:	|........ ........ ........ ........| ok p=1
Q58:	|........ ........ ........ ........| ok p=1
Q59:	|........ ........ ........ ........| ok p=1
Q60:	|........ ........ ........ ..00....| ok p=1
Q61:	|........ ........ ........ ..Q1....| ok p=0.984375
Q62:	|........ ........ ........ ..+-....| ok p=1
Q63:	|........ ........ ........ ...+....| ok p=0.977539
Q64:	|.....-.. ........ ........ ...+....|
Saving 101 paths to workdir2/collfindpaths.bin.gz...done.
Q-3:	|00001100 10001001 10101110 00100110|
Q-2:	|+00-++10 0+111101 00-+0000 00-+010-|
Q-1:	|+0110-10 +-001110 11-0++++ +++1++++|
Q0:	|+1001+-- 0--0100+ 0++1-001 010-1-1+| ok p=0.879883
Q1:	|+..+.100 1.++..+0 .01-11-1 +1+01+1+| ok p=0.741211
Q2:	|+00-.100 .0--..0+ .00-0.-. -.+1.+0+| ok p=1
Q3:	|10.1.-.. ..1-..+- ..-..0.. -.+..++.| ok p=1
Q4:	|+1.0.0.^ .00-..-- ..11.00. 1.....01| ok p=1
Q5:	|+....1.+ .1--..++ ..+..+.. +.0..00.| ok p=1
Q6:	|+.!....1 .-1-..10 1.-^^-.. -.....-.| ok p=1
Q7:	|+0.....0 .001..-- 0.--.+.. +.....+.| ok p=1
Q8:	|-1.1...0 .0.01.-- ...0.+.. 0.....+0| ok p=1
Q9:	|++11...+ ....0.1- ..11.+0. 1.....+0| ok p=1
Q10:	|+0.+...- .0..-0-+ 00.01110 0.....--| ok p=1
Q11:	|1+.0.0.0 110101-1 11111000 1.1...+-| ok p=1
Q12:	|1+^1^0^1 0+000-++ +-0-++++ +^0^^^++| ok p=1
Q13:	|0-+-++-. -1--+10- 1------- ------10| ok p=1
Q14:	|.0100+1. 00-10101 +.-.0-11 01000100| ok p=1
Q15:	|.+1-10-. +.-01..0 -1+00100 11+000-.| ok p=0.857422
Q16:	|.+...1.. +.+.0... 0.1..+.. 0-..0.-.| ok p=0.717773
Q17:	|.1.^.-^. -.-.1... +.1..0.. 1.^.1.0.| ok p=0.551758
Q18:	|.-...-.. 0.+.-... +....0.. +^..+.1.| ok p=0.87793
Q19:	|.-.0.+.. 1.+....0 -....-.. ........| ok p=0.732422
Q20:	|.001.0.0 ..1.^..1 -..0...0 ^...^...| ok p=1
Q21:	|.11-.1.1 ..1....- 0..1.^.1 ....0...| ok p=0.369141
Q22:	|..+....+ ........ 0..+...- ....1...| ok p=0.648438
Q23:	|...^.... ..0....^ ........ ....+.0.| ok p=1
Q24:	|..^....^ ..1...0. ...^...^ .0....1.| ok p=0.794922
Q25:	|........ ..-...1. ........ ....^.-.| ok p=0.851562
Q26:	|.....0.. ......-. ........ 0+......| ok p=1
Q27:	|.....1.. ..^..... ........ 1+....^.| ok p=0.986328
Q28:	|.....+.. ......^. ........ +-......| ok p=0.984375
Q29:	|.....0.. ........ ........ .0......| ok p=0.979492
Q30:	|.....-.. ........ ........ ^1......| ok p=1
Q31:	|.....-.. ........ ........ ........| ok p=0.982422
Q32:	|........ ........ ........ ........| ok p=1
Q33:	|.....!.. ........ ........ ........| ok p=1
Q34:	|........ ........ ........ ........| ok p=1
Q35:	|........ ........ ........ ........| ok p=1
Q36:	|........ ........ ........ ........| ok p=1
Q37:	|........ ........ ........ ........| ok p=1
Q38:	|........ ........ ........ ........| ok p=1
Q39:	|........ ........ ........ ........| ok p=1
Q40:	|........ ........ ........ ........| ok p=1
Q41:	|........ ........ ........ ........| ok p=1
Q42:	|........ ........ ........ ........| ok p=1
Q43:	|........ ........ ........ ........| ok p=1
Q44:	|........ ........ ........ ........| ok p=1
Q45:	|........ ........ ........ ........| ok p=1
Q46:	|........ ........ ........ ........| ok p=1
Q47:	|........ ........ ........ ........| ok p=1
Q48:	|........ ........ ........ ........| ok p=1
Q49:	|........ ........ ........ ........| ok p=1
Q50:	|........ ........ ........ ........| ok p=1
Q51:	|........ ........ ........ ........| ok p=1
Q52:	|........ ........ ........ ........| ok p=1
Q53:	|........ ........ ........ ........| ok p=1
Q54:	|........ ........ ........ ........| ok p=1
Q55:	|........ ........ ........ ........| ok p=1
Q56:	|........ ........ ........ ........| ok p=1
Q57:	|........ ........ ........ ........| ok p=1
Q58:	|........ ........ ........ ........| ok p=1
Q59:	|........ ........ ........ ........| ok p=1
Q60:	|........ ........ ........ ..00....| ok p=1
Q61:	|........ ........ ........ ..Q1....| ok p=0.977539
Q62:	|........ ........ ........ ..+-....| ok p=1
Q63:	|........ ........ ........ ...+....| ok p=0.987305
Q64:	|.....-.. ........ ........ ...+....|
Warning: no OS randomness!
MD5 differential path toolbox
Copyright (C) 2009 Marc Stevens
http://homepages.cwi.nl/~stevens/

Loading workdir2/joint_bestpaths.bin.gz...done (loaded 114 paths).
Loading workdir2/upperpath.bin.gz...done (loaded 1 paths).
Using this partial path to overwrite all paths in workdir2/joint_bestpaths.bin.gz:
Q34:	|........ ........ ........ ........|
Q35:	|........ ........ ........ ........|
Q36:	|........ ........ ........ ........|
Q37:	|........ ........ ........ ........| ok p=1
Q38:	|........ ........ ........ ........| ok p=1
Q39:	|........ ........ ........ ........| ok p=1
Q40:	|........ ........ ........ ........| ok p=1
Q41:	|........ ........ ........ ........| ok p=1
Q42:	|........ ........ ........ ........| ok p=1
Q43:	|........ ........ ........ ........| ok p=1
Q44:	|........ ........ ........ ........| ok p=1
Q45:	|........ ........ ........ ........| ok p=1
Q46:	|........ ........ ........ ........| ok p=1
Q47:	|........ ........ ........ ........| ok p=1
Q48:	|........ ........ ........ ........| ok p=1
Q49:	|........ ........ ........ ........| ok p=1
Q50:	|........ ........ ........ ........| ok p=1
Q51:	|........ ........ ........ ........| ok p=1
Q52:	|........ ........ ........ ........| ok p=1
Q53:	|........ ........ ........ ........| ok p=1
Q54:	|........ ........ ........ ........| ok p=1
Q55:	|........ ........ ........ ........| ok p=1
Q56:	|........ ........ ........ ........| ok p=1
Q57:	|........ ........ ........ ........| ok p=1
Q58:	|........ ........ ........ ........| ok p=1
Q59:	|........ ........ ........ ........| ok p=1
Q60:	|........ ........ ........ ..00....| ok p=1
Q61:	|........ ........ ........ ..Q1....| ok p=0.977539
Q62:	|........ ........ ........ ..+-....| ok p=1
Q63:	|........ ........ ........ ...+....| ok p=0.975586
Q64:	|.....-.. ........ ........ ...+....|
Saving 114 paths to workdir2/collfindpaths.bin.gz...done.
Q-3:	|00001100 10001001 10101110 00100110|
Q-2:	|+00-++10 0+111101 00-+0000 00-+010-|
Q-1:	|+0110-10 +-001110 11-0++++ +++1++++|
Q0:	|+1001+-- 0--0100+ 0++1-001 010-1-1+| ok p=0.874023
Q1:	|+..+.100 1.++..+0 .01-11-1 +1+01+1+| ok p=0.760742
Q2:	|+0.-.100 .0--..0+ .00-0.-. -.+1.+0+| ok p=1
Q3:	|10^1.-.. ..1-..+- ..-..0.. -.+..++.| ok p=1
Q4:	|+1.0.0.^ .00-..-- ..11.00. 1.....01| ok p=1
Q5:	|+....1.+ .1--..++ ..+..+.. +.0..00.| ok p=1
Q6:	|+.!....1 .-1-..10 1.-^^-.. -.....-.| ok p=1
Q7:	|+0.....0 .00...-- 0.--.+.. +.....+.| ok p=1
Q8:	|-1.....0 .0101.-- ...0.+.. 0.....+0| ok p=1
Q9:	|++.^...+ ....0.1- ..11.+0. 1.....+0| ok p=1
Q10:	|-0.+...- .0..-0-+ 00.01110 1.....--| ok p=1
Q11:	|0+.0.0.0 111001-1 11111001 000...+-| ok p=1
Q12:	|1+^1^0^1 0+010-++ +-0-++++ +11^^^++| ok p=1
Q13:	|0-+-++-. -1--+10- 1------- ------10| ok p=1
Q14:	|.0100+1. 00-10101 +.-.0-11 01000100| ok p=1
Q15:	|.+1-10-. +.-01..0 -1+00100 11+000-.| ok p=0.860352
Q16:	|.+...1.. +.+.0... 0.1..+.. 0-..0.-.| ok p=0.693359
Q17:	|.1.^.-^. -.-.1... +.1..0.. 1.^.1.0.| ok p=0.541016
Q18:	|.-...-.. 0.+.-... +....0.. +^..+.1.| ok p=0.867188
Q19:	|.-.0.+.. 1.+....0 -....-.. ........| ok p=0.762695
Q20:	|.001.0.0 ..1.^..1 -..0...0 ^...^...| ok p=1
Q21:	|.11-.1.1 ..1....- 0..1.^.1 ....0...| ok p=0.407227
Q22:	|..+....+ ........ 0..+...- ....1...| ok p=0.640625
Q23:	|...^.... ..0....^ ........ ....+.0.| ok p=1
Q24:	|..^....^ ..1...0. ...^...^ .0....1.| ok p=0.793945
Q25:	|........ ..-...1. ........ ....^.-.| ok p=0.867188
Q26:	|.....0.. ......-. ........ 0+......| ok p=1
Q27:	|.....1.. ..^..... ........ 1+....^.| ok p=0.985352
Q28:	|.....+.. ......^. ........ +-......| ok p=0.982422
Q29:	|.....0.. ........ ........ .0......| ok p=0.991211
Q30:	|.....-.. ........ ........ ^1......| ok p=1
Q31:	|.....-.. ........ ........ ........| ok p=0.983398
Q32:	|........ ........ ........ ........| ok p=1
Q33:	|.....!.. ........ ........ ........| ok p=1
Q34:	|........ ........ ........ ........| ok p=1
Q35:	|........ ........ ........ ........| ok p=1
Q36:	|........ ........ ........ ........| ok p=1
Q37:	|........ ........ ........ ........| ok p=1
Q38:	|........ ........ ........ ........| ok p=1
Q39:	|........ ........ ........ ........| ok p=1
Q40:	|........ ........ ........ ........| ok p=1
Q41:	|........ ........ ........ ........| ok p=1
Q42:	|........ ........ ........ ........| ok p=1
Q43:	|........ ........ ........ ........| ok p=1
Q44:	|........ ........ ........ ........| ok p=1
Q45:	|........ ........ ........ ........| ok p=1
Q46:	|........ ........ ........ ........| ok p=1
Q47:	|........ ........ ........ ........| ok p=1
Q48:	|........ ........ ........ ........| ok p=1
Q49:	|........ ........ ........ ........| ok p=1
Q50:	|........ ........ ........ ........| ok p=1
Q51:	|........ ........ ........ ........| ok p=1
Q52:	|........ ........ ........ ........| ok p=1
Q53:	|........ ........ ........ ........| ok p=1
Q54:	|........ ........ ........ ........| ok p=1
Q55:	|........ ........ ........ ........| ok p=1
Q56:	|........ ........ ........ ........| ok p=1
Q57:	|........ ........ ........ ........| ok p=1
Q58:	|........ ........ ........ ........| ok p=1
Q59:	|........ ........ ........ ........| ok p=1
Q60:	|........ ........ ........ ..00....| ok p=1
Q61:	|........ ........ ........ ..Q1....| ok p=0.993164
Q62:	|........ ........ ........ ..+-....| ok p=1
Q63:	|........ ........ ........ ...+....| ok p=0.986328
Q64:	|.....-.. ........ ........ ...+....|
