Warning: no OS randomness!
MD5 differential path toolbox
Copyright (C) 2009 Marc Stevens
http://homepages.cwi.nl/~stevens/

delta_m[11] = [!26!]
Q-3:	|00001100 10001001 10101110 00100110|
Q-2:	|+00-++10 0+111101 00-+0000 00-+010-|
Q-1:	|+0110-10 +-001110 11-0++++ +++1++++|
Q0:	|+1001+-- 0--0100+ 0++1-001 010-1-1+| ok p=0.861328
Q1:	|+..+.111 0.++..+1 .10-10-0 +1+11+0+| ok p=0.711914
Q2:	|+..0.100 .0+1..01 .10+1.-. -.01.-1+| ok p=1
Q3:	|+1.1^-.0 ..01..1. 0001.... -.+.^0--| ok p=1
Q4:	|10.1-0.0 ..1..... 0.++..1. ..1.-0-1| ok p=1
Q5:	|0..+01.+ ..1.^... -.--.... 1.0.1.-1| ok p=1
Q6:	|...+1+^- ..-.-... +010.... ....0...| ok p=1
Q7:	|.!.1---1 ..0.0..^ -100.... ......0.| ok p=1
Q8:	|1..-110- ..1.1... 0+.....^ ...0..0.| ok p=1
Q9:	|0..-110- ....+... 1+....1- ..!0..+.| ok p=1
Q10:	|00.-+0.- ..1.+... 1+.11100 .10+.00.| ok p=1
Q11:	|-111-11- 1^0^+^.^ 010011+0 ^11+.11^| ok p=1
Q12:	|0-010-0- 0+----^- -00+--0+ ---+^-++| ok p=1
Q13:	|+++-01++ +010-1+1 1-++++01 1+---110| ok p=1
Q14:	|0110.+00 01-0.101 10-.1-.0 +11001-1| ok p=1
Q15:	|1+11.--0 +.-.0.00 -110+0.. 01+00.-.| ok p=0.949219
Q16:	|.+...0.. 0.+.0... 1.1.+0.. --..0.-.| ok p=0.753906
Q17:	|.1...0^. -.-.1... +...0... 0.^.1.0.| ok p=0.484375
Q18:	|.-...1.. ..+.-... +...1-.. +^..+.1.| ok p=0.953125
Q19:	|.-.0.+.. ^.+....0 -....-.. ........| ok p=0.748047
Q20:	|.001...0 ..1.^..1 -..0.1.0 ^...^...| ok p=1
Q21:	|.11-.^.1 ..1....- 0..1.0.1 ....0...| ok p=0.37207
Q22:	|..+....+ ........ 0..+...- ....1...| ok p=0.679688
Q23:	|...^.... ..0....^ ........ ....+.0.| ok p=1
Q24:	|..^....^ ..1...0. ...^...^ .0....1.| ok p=0.814453
Q25:	|........ ..-...1. ........ ....^.-.| ok p=0.87793
Q26:	|.....0.. ......-. ........ 0+......| ok p=1
Q27:	|.....1.. ..^..... ........ 1+....^.| ok p=0.988281
Q28:	|.....+.. ......^. ........ +-......| ok p=0.981445
Q29:	|.....0.. ........ ........ .0......| ok p=0.988281
Q30:	|.....-.. ........ ........ ^1......| ok p=1
Q31:	|.....-.. ........ ........ ........| ok p=0.986328
Q32:	|........ ........ ........ ........| ok p=1
Q33:	|.....!.. ........ ........ ........| ok p=1
Q34:	|........ ........ ........ ........| ok p=1
Q35:	|........ ........ ........ ........| ok p=1
Q36:	|........ ........ ........ ........| ok p=1
Q37:	|........ ........ ........ ........| ok p=1
Q38:	|........ ........ ........ ........| ok p=1
Q39:	|........ ........ ........ ........| ok p=1
Q40:	|........ ........ ........ ........| ok p=1
Q41:	|........ ........ ........ ........| ok p=1
Q42:	|........ ........ ........ ........| ok p=1
Q43:	|........ ........ ........ ........| ok p=1
Q44:	|........ ........ ........ ........| ok p=1
Q45:	|........ ........ ........ ........| ok p=1
Q46:	|........ ........ ........ ........| ok p=1
Q47:	|........ ........ ........ ........| ok p=1
Q48:	|........ ........ ........ ........| ok p=1
Q49:	|........ ........ ........ ........| ok p=1
Q50:	|........ ........ ........ ........| ok p=1
Q51:	|........ ........ ........ ........| ok p=1
Q52:	|........ ........ ........ ........| ok p=1
Q53:	|........ ........ ........ ........| ok p=1
Q54:	|........ ........ ........ ........| ok p=1
Q55:	|........ ........ ........ ........| ok p=1
Q56:	|........ ........ ........ ........| ok p=1
Q57:	|........ ........ ........ ........| ok p=1
Q58:	|........ ........ ........ ........| ok p=1
Q59:	|........ ........ ........ ........| ok p=1
Q60:	|........ ........ ........ ..00....| ok p=1
Q61:	|........ ........ ........ ..Q1....| ok p=0.981445
Q62:	|........ ........ ........ ..+-....| ok p=1
Q63:	|........ ........ ........ ...+....| ok p=0.984375
Q64:	|.....-.. ........ ........ ...+....|
Starting...
20: Q5m5tunnel      = 4
20: Q4m5tunnel      = 2
20: Q14m6Q3m5tunnel = 2
21: Q10m10tunnel    = 1
21: Q9m10tunnel     = 9
22: Q8Q12m15tunnel  = 0
23: Q4m4tunnel      = 12
24: Q9m9tunnel      = 6
25: Q14Q3m14tunnel  = 0
.20: Q5m5tunnel      = 4
20: Q4m5tunnel      = 2
20: Q14m6Q3m5tunnel = 2
21: Q10m10tunnel    = 1
21: Q9m10tunnel     = 9
22: Q8Q12m15tunnel  = 0
23: Q4m4tunnel      = 12
24: Q9m9tunnel      = 6
25: Q14Q3m14tunnel  = 0
.20: Q5m5tunnel      = 4
20: Q4m5tunnel      = 2
20: Q14m6Q3m5tunnel = 2
21: Q10m10tunnel    = 1
21: Q9m10tunnel     = 9
22: Q8Q12m15tunnel  = 0
23: Q4m4tunnel      = 12
24: Q9m9tunnel      = 6
25: Q14Q3m14tunnel  = 0
.20: Q5m5tunnel      = 4
20: Q4m5tunnel      = 2
20: Q14m6Q3m5tunnel = 2
21: Q10m10tunnel    = 1
21: Q9m10tunnel     = 9
22: Q8Q12m15tunnel  = 0
23: Q4m4tunnel      = 12
24: Q9m9tunnel      = 6
25: Q14Q3m14tunnel  = 0
.20: Q5m5tunnel      = 4
20: Q4m5tunnel      = 2
20: Q14m6Q3m5tunnel = 2
21: Q10m10tunnel    = 1
21: Q9m10tunnel     = 9
22: Q8Q12m15tunnel  = 0
23: Q4m4tunnel      = 12
24: Q9m9tunnel      = 6
25: Q14Q3m14tunnel  = 0
.20: Q5m5tunnel      = 4
20: Q4m5tunnel      = 2
20: Q14m6Q3m5tunnel = 2
21: Q10m10tunnel    = 1
21: Q9m10tunnel     = 9
22: Q8Q12m15tunnel  = 0
23: Q4m4tunnel      = 12
24: Q9m9tunnel      = 6
25: Q14Q3m14tunnel  = 0
.1 0
2 0
4 0
8 0
16 0
32 0
64 0
128 0
256 0
512 0
1024 0
2048 0
4096 0
7072 1
8192 1
16384 1
32768 1
40735 2
65536 2
Warning: no OS randomness!
MD5 differential path toolbox
Copyright (C) 2009 Marc Stevens
http://homepages.cwi.nl/~stevens/

delta_m[11] = [!26!]
Q-3:	|00001100 10001001 10101110 00100110|
Q-2:	|+00-++10 0+111101 00-+0000 00-+010-|
Q-1:	|+0110-10 +-001110 11-0++++ +++1++++|
Q0:	|+1001+-- 0--0100+ 0++1-001 010-1-1+| ok p=0.87207
Q1:	|+..+.111 0.++..+1 .10-10-0 +1+11+0+| ok p=0.703125
Q2:	|+..0.100 .0+1..01 110+1.-. -.01.-1+| ok p=1
Q3:	|+1.1^-.0 ..01..1. 0.01.... -.+.^0--| ok p=1
Q4:	|10.1-0.0 ..1..... 0.++..1. ..1.-0-1| ok p=1
Q5:	|0..+01.+ ..1.^... -.--.... 1.0.1.-1| ok p=1
Q6:	|...+1+^- ..-.-... +010.... ....0...| ok p=1
Q7:	|.!.1---1 ..0.0..^ -100.... ......00| ok p=1
Q8:	|!..-111- ..1.1... 0+.....^ ...0...0| ok p=1
Q9:	|0..-110- ....+... 1+....0- ...0...+| ok p=1
Q10:	|00.-+0.- ..1.+... 1+.11110 .10+...-| ok p=1
Q11:	|-111-11- 1^0^+^.^ 010011+0 ^11+.^^-| ok p=1
Q12:	|0-010-0- 0+----^- -00+--0+ ---+^-++| ok p=1
Q13:	|+++-01++ +010-1+1 1-++++01 1+---111| ok p=1
Q14:	|0110.+00 01-0.101 10-.1-.0 +11001-0| ok p=1
Q15:	|1+11.--0 +.-.0.0. -000+0.. 01+00.-.| ok p=0.952148
Q16:	|.+...0.. 0.+.0... 1.0.+0.. --..0.-.| ok p=0.757812
Q17:	|.1...0^. -.-.1... +...0... 0.^.1.0.| ok p=0.494141
Q18:	|.-...1.. ..+.-... +...1-.. +^..+.1.| ok p=0.941406
Q19:	|.-.0.+.. ^.+....0 -....-.. ........| ok p=0.726562
Q20:	|.001...0 ..1.^..1 -..0.1.0 ^...^...| ok p=1
Q21:	|.11-.^.1 ..1....- 0..1.0.1 ....0...| ok p=0.363281
Q22:	|..+....+ ........ 0..+...- ....1...| ok p=0.668945
Q23:	|...^.... ..0....^ ........ ....+.0.| ok p=1
Q24:	|..^....^ ..1...0. ...^...^ .0....1.| ok p=0.813477
Q25:	|........ ..-...1. ........ ....^.-.| ok p=0.889648
Q26:	|.....0.. ......-. ........ 0+......| ok p=1
Q27:	|.....1.. ..^..... ........ 1+....^.| ok p=0.982422
Q28:	|.....+.. ......^. ........ +-......| ok p=0.979492
Q29:	|.....0.. ........ ........ .0......| ok p=0.985352
Q30:	|.....-.. ........ ........ ^1......| ok p=1
Q31:	|.....-.. ........ ........ ........| ok p=0.981445
Q32:	|........ ........ ........ ........| ok p=1
Q33:	|.....!.. ........ ........ ........| ok p=1
Q34:	|........ ........ ........ ........| ok p=1
Q35:	|........ ........ ........ ........| ok p=1
Q36:	|........ ........ ........ ........| ok p=1
Q37:	|........ ........ ........ ........| ok p=1
Q38:	|........ ........ ........ ........| ok p=1
Q39:	|........ ........ ........ ........| ok p=1
Q40:	|........ ........ ........ ........| ok p=1
Q41:	|........ ........ ........ ........| ok p=1
Q42:	|........ ........ ........ ........| ok p=1
Q43:	|........ ........ ........ ........| ok p=1
Q44:	|........ ........ ........ ........| ok p=1
Q45:	|........ ........ ........ ........| ok p=1
Q46:	|........ ........ ........ ........| ok p=1
Q47:	|........ ........ ........ ........| ok p=1
Q48:	|........ ........ ........ ........| ok p=1
Q49:	|........ ........ ........ ........| ok p=1
Q50:	|........ ........ ........ ........| ok p=1
Q51:	|........ ........ ........ ........| ok p=1
Q52:	|........ ........ ........ ........| ok p=1
Q53:	|........ ........ ........ ........| ok p=1
Q54:	|........ ........ ........ ........| ok p=1
Q55:	|........ ........ ........ ........| ok p=1
Q56:	|........ ........ ........ ........| ok p=1
Q57:	|........ ........ ........ ........| ok p=1
Q58:	|........ ........ ........ ........| ok p=1
Q59:	|........ ........ ........ ........| ok p=1
Q60:	|........ ........ ........ ..00....| ok p=1
Q61:	|........ ........ ........ ..Q1....| ok p=0.992188
Q62:	|........ ........ ........ ..+-....| ok p=1
Q63:	|........ ........ ........ ...+....| ok p=0.985352
Q64:	|.....-.. ........ ........ ...+....|
Starting...
20: Q5m5tunnel      = 4
20: Q4m5tunnel      = 2
20: Q14m6Q3m5tunnel = 2
21: Q10m10tunnel    = 1
21: Q9m10tunnel     = 10
22: Q8Q12m15tunnel  = 0
23: Q4m4tunnel      = 12
24: Q9m9tunnel      = 6
25: Q14Q3m14tunnel  = 0
.20: Q5m5tunnel      = 4
20: Q4m5tunnel      = 2
20: Q14m6Q3m5tunnel = 2
21: Q10m10tunnel    = 1
21: Q9m10tunnel     = 10
22: Q8Q12m15tunnel  = 0
23: Q4m4tunnel      = 12
24: Q9m9tunnel      = 6
25: Q14Q3m14tunnel  = 0
.20: Q5m5tunnel      = 4
20: Q4m5tunnel      = 2
20: Q14m6Q3m5tunnel = 2
21: Q10m10tunnel    = 1
21: Q9m10tunnel     = 10
22: Q8Q12m15tunnel  = 0
23: Q4m4tunnel      = 12
24: Q9m9tunnel      = 6
25: Q14Q3m14tunnel  = 0
.20: Q5m5tunnel      = 4
20: Q4m5tunnel      = 2
20: Q14m6Q3m5tunnel = 2
21: Q10m10tunnel    = 1
21: Q9m10tunnel     = 10
22: Q8Q12m15tunnel  = 0
23: Q4m4tunnel      = 12
24: Q9m9tunnel      = 6
25: Q14Q3m14tunnel  = 0
.20: Q5m5tunnel      = 4
20: Q4m5tunnel      = 2
20: Q14m6Q3m5tunnel = 2
21: Q10m10tunnel    = 1
21: Q9m10tunnel     = 10
22: Q8Q12m15tunnel  = 0
23: Q4m4tunnel      = 12
24: Q9m9tunnel      = 6
25: Q14Q3m14tunnel  = 0
.20: Q5m5tunnel      = 4
20: Q4m5tunnel      = 2
20: Q14m6Q3m5tunnel = 2
21: Q10m10tunnel    = 1
21: Q9m10tunnel     = 10
22: Q8Q12m15tunnel  = 0
23: Q4m4tunnel      = 12
24: Q9m9tunnel      = 6
25: Q14Q3m14tunnel  = 0
.1 0
2 0
4 0
8 0
16 0
32 0
64 0
128 0
256 0
512 0
1024 0
2048 0
4096 0
8192 0
16384 0
32768 0
56860 1
65536 1
131072 1
134728 2
235983 4
262144 4
507749 8
524288 8
1048576 15
1064333 16
Warning: no OS randomness!
MD5 differential path toolbox
Copyright (C) 2009 Marc Stevens
http://homepages.cwi.nl/~stevens/

delta_m[11] = [!26!]
Q-3:	|00001100 10001001 10101110 00100110|
Q-2:	|+00-++10 0+111101 00-+0000 00-+010-|
Q-1:	|+0110-10 +-001110 11-0++++ +++1++++|
Q0:	|+1001+-- 0--0100+ 0++1-001 010-1-1+| ok p=0.871094
Q1:	|+..+.111 0.++..+1 .10-10-0 +1+11+0+| ok p=0.697266
Q2:	|+..0.100 .0+1..01 110+1.-. -.01.-1+| ok p=1
Q3:	|+1.1^-.0 ..01..1. 0.01.... -.+.^0--| ok p=1
Q4:	|10.1-0.0 ..1..... 0.++..1. ..1.-0-1| ok p=1
Q5:	|0..+01.+ ..1.^... -.--.... 1.0.1.-1| ok p=1
Q6:	|...+1+^- ..-.-... +010.... ....0...| ok p=1
Q7:	|.!.1---1 ..0.0..^ -100.... ......00| ok p=1
Q8:	|!..-111- ..1.1... 0+.....^ ...0...0| ok p=1
Q9:	|0..-110- ....+... 1+....0- ...0...+| ok p=1
Q10:	|00.-+0.- ..1.+... 1+.11110 .10+...-| ok p=1
Q11:	|-111-11- 1^0^+^.^ 010011+0 ^11+.^^-| ok p=1
Q12:	|0-010-0- 0+----^- -00+--0+ ---+^-++| ok p=1
Q13:	|+++-01++ +010-1+1 1-++++01 1+---111| ok p=1
Q14:	|0110.+00 01-0.101 10-.1-.0 +11001-0| ok p=1
Q15:	|1+11.--0 +.-.0.0. -000+0.. 01+00.-.| ok p=0.945312
Q16:	|.+...0.. 0.+.0... 1.0.+0.. --..0.-.| ok p=0.733398
Q17:	|.1...0^. -.-.1... +...0... 0.^.1.0.| ok p=0.503906
Q18:	|.-...1.. ..+.-... +...1-.. +^..+.1.| ok p=0.956055
Q19:	|.-.0.+.. ^.+....0 -....-.. ........| ok p=0.738281
Q20:	|.001...0 ..1.^..1 -..0.1.0 ^...^...| ok p=1
Q21:	|.11-.^.1 ..1....- 0..1.0.1 ....0...| ok p=0.385742
Q22:	|..+....+ ........ 0..+...- ....1...| ok p=0.694336
Q23:	|...^.... ..0....^ ........ ....+.0.| ok p=1
Q24:	|..^....^ ..1...0. ...^...^ .0....1.| ok p=0.799805
Q25:	|........ ..-...1. ........ ....^.-.| ok p=0.859375
Q26:	|.....0.. ......-. ........ 0+......| ok p=1
Q27:	|.....1.. ..^..... ........ 1+....^.| ok p=0.982422
Q28:	|.....+.. ......^. ........ +-......| ok p=0.990234
Q29:	|.....0.. ........ ........ .0......| ok p=0.989258
Q30:	|.....-.. ........ ........ ^1......| ok p=1
Q31:	|.....-.. ........ ........ ........| ok p=0.985352
Q32:	|........ ........ ........ ........| ok p=1
Q33:	|.....!.. ........ ........ ........| ok p=1
Q34:	|........ ........ ........ ........| ok p=1
Q35:	|........ ........ ........ ........| ok p=1
Q36:	|........ ........ ........ ........| ok p=1
Q37:	|........ ........ ........ ........| ok p=1
Q38:	|........ ........ ........ ........| ok p=1
Q39:	|........ ........ ........ ........| ok p=1
Q40:	|........ ........ ........ ........| ok p=1
Q41:	|........ ........ ........ ........| ok p=1
Q42:	|........ ........ ........ ........| ok p=1
Q43:	|........ ........ ........ ........| ok p=1
Q44:	|........ ........ ........ ........| ok p=1
Q45:	|........ ........ ........ ........| ok p=1
Q46:	|........ ........ ........ ........| ok p=1
Q47:	|........ ........ ........ ........| ok p=1
Q48:	|........ ........ ........ ........| ok p=1
Q49:	|........ ........ ........ ........| ok p=1
Q50:	|........ ........ ........ ........| ok p=1
Q51:	|........ ........ ........ ........| ok p=1
Q52:	|........ ........ ........ ........| ok p=1
Q53:	|........ ........ ........ ........| ok p=1
Q54:	|........ ........ ........ ........| ok p=1
Q55:	|........ ........ ........ ........| ok p=1
Q56:	|........ ........ ........ ........| ok p=1
Q57:	|........ ........ ........ ........| ok p=1
Q58:	|........ ........ ........ ........| ok p=1
Q59:	|........ ........ ........ ........| ok p=1
Q60:	|........ ........ ........ ..00....| ok p=1
Q61:	|........ ........ ........ ..Q1....| ok p=0.983398
Q62:	|........ ........ ........ ..+-....| ok p=1
Q63:	|........ ........ ........ ...+....| ok p=0.985352
Q64:	|.....-.. ........ ........ ...+....|
Starting...
20: Q5m5tunnel      = 4
20: Q4m5tunnel      = 2
20: Q14m6Q3m5tunnel = 2
21: Q10m10tunnel    = 1
21: Q9m10tunnel     = 10
22: Q8Q12m15tunnel  = 0
23: Q4m4tunnel      = 12
24: Q9m9tunnel      = 6
25: Q14Q3m14tunnel  = 0
.20: Q5m5tunnel      = 5
20: Q4m5tunnel      = 2
20: Q14m6Q3m5tunnel = 2
21: Q10m10tunnel    = 0
21: Q9m10tunnel     = 10
22: Q8Q12m15tunnel  = 0
23: Q4m4tunnel      = 11
24: Q9m9tunnel      = 7
25: Q14Q3m14tunnel  = 0
.20: Q5m5tunnel      = 4
20: Q4m5tunnel      = 2
20: Q14m6Q3m5tunnel = 2
21: Q10m10tunnel    = 1
21: Q9m10tunnel     = 10
22: Q8Q12m15tunnel  = 0
23: Q4m4tunnel      = 12
24: Q9m9tunnel      = 6
25: Q14Q3m14tunnel  = 0
.20: Q5m5tunnel      = 4
20: Q4m5tunnel      = 2
20: Q14m6Q3m5tunnel = 2
21: Q10m10tunnel    = 1
21: Q9m10tunnel     = 10
22: Q8Q12m15tunnel  = 0
23: Q4m4tunnel      = 12
24: Q9m9tunnel      = 6
25: Q14Q3m14tunnel  = 0
.20: Q5m5tunnel      = 4
20: Q4m5tunnel      = 2
20: Q14m6Q3m5tunnel = 2
21: Q10m10tunnel    = 1
21: Q9m10tunnel     = 10
22: Q8Q12m15tunnel  = 0
23: Q4m4tunnel      = 12
24: Q9m9tunnel      = 6
25: Q14Q3m14tunnel  = 0
.20: Q5m5tunnel      = 4
20: Q4m5tunnel      = 0
20: Q14m6Q3m5tunnel = 0
21: Q10m10tunnel    = 5
21: Q9m10tunnel     = 5
22: Q8Q12m15tunnel  = 0
23: Q4m4tunnel      = 14
24: Q9m9tunnel      = 8
25: Q14Q3m14tunnel  = 1
.1 0
2 0
4 0
8 0
16 0
32 0
64 0
128 0
256 0
512 0
1024 0
2048 0
4096 0
8192 0
16384 0
32768 0
65536 0
131072 0
211743 1
262144 1
348330 2
447062 4
524288 4
Warning: no OS randomness!
MD5 differential path toolbox
Copyright (C) 2009 Marc Stevens
http://homepages.cwi.nl/~stevens/

delta_m[11] = [!26!]
Q-3:	|00001100 10001001 10101110 00100110|
Q-2:	|+00-++10 0+111101 00-+0000 00-+010-|
Q-1:	|+0110-10 +-001110 11-0++++ +++1++++|
Q0:	|+1001+-- 0--0100+ 0++1-001 010-1-1+| ok p=0.871094
Q1:	|+..+.111 0.++..+1 .10-10-0 +1+11+0+| ok p=0.702148
Q2:	|+..0.100 .0+1..01 110+1.-. -.01.-1+| ok p=1
Q3:	|+1.1^-.0 ..01..1. 0.01.... -.+.^0--| ok p=1
Q4:	|10.1-0.0 ..1..... 0.++..1. ..1.-0-1| ok p=1
Q5:	|0..+01.+ ..1.^... -.--.... 1.0.1.-1| ok p=1
Q6:	|...+1+^- ..-.-... +010.... ....0...| ok p=1
Q7:	|.!.1---1 ..0.0..^ -100.... ......00| ok p=1
Q8:	|!..-111- ..1.1... 0+.....^ ...0...0| ok p=1
Q9:	|0..-110- ....+... 1+....0- ...0...+| ok p=1
Q10:	|00.-+0.- ..1.+... 1+.11110 .10+...-| ok p=1
Q11:	|-111-11- 1^0^+^.^ 010011+0 ^11+.^^-| ok p=1
Q12:	|0-010-0- 0+----^- -00+--0+ ---+^-++| ok p=1
Q13:	|+++-01++ +010-1+1 1-++++01 1+---111| ok p=1
Q14:	|0110.+00 01-0.101 10-.1-.0 +11001-0| ok p=1
Q15:	|1+11.--0 +.-.0.0. -000+0.. 01+00.-.| ok p=0.958984
Q16:	|.+...0.. 0.+.0... 1.0.+0.. --..0.-.| ok p=0.732422
Q17:	|.1...0^. -.-.1... +...0... 0.^.1.0.| ok p=0.513672
Q18:	|.-...1.. ..+.-... +...1-.. +^..+.1.| ok p=0.955078
Q19:	|.-.0.+.. ^.+....0 -....-.. ........| ok p=0.735352
Q20:	|.001...0 ..1.^..1 -..0.1.0 ^...^...| ok p=1
Q21:	|.11-.^.1 ..1....- 0..1.0.1 ....0...| ok p=0.379883
Q22:	|..+....+ ........ 0..+...- ....1...| ok p=0.674805
Q23:	|...^.... ..0....^ ........ ....+.0.| ok p=1
Q24:	|..^....^ ..1...0. ...^...^ .0....1.| ok p=0.804688
Q25:	|........ ..-...1. ........ ....^.-.| ok p=0.869141
Q26:	|.....0.. ......-. ........ 0+......| ok p=1
Q27:	|.....1.. ..^..... ........ 1+....^.| ok p=0.987305
Q28:	|.....+.. ......^. ........ +-......| ok p=0.983398
Q29:	|.....0.. ........ ........ .0......| ok p=0.980469
Q30:	|.....-.. ........ ........ ^1......| ok p=1
Q31:	|.....-.. ........ ........ ........| ok p=0.982422
Q32:	|........ ........ ........ ........| ok p=1
Q33:	|.....!.. ........ ........ ........| ok p=1
Q34:	|........ ........ ........ ........| ok p=1
Q35:	|........ ........ ........ ........| ok p=1
Q36:	|........ ........ ........ ........| ok p=1
Q37:	|........ ........ ........ ........| ok p=1
Q38:	|........ ........ ........ ........| ok p=1
Q39:	|........ ........ ........ ........| ok p=1
Q40:	|........ ........ ........ ........| ok p=1
Q41:	|........ ........ ........ ........| ok p=1
Q42:	|........ ........ ........ ........| ok p=1
Q43:	|........ ........ ........ ........| ok p=1
Q44:	|........ ........ ........ ........| ok p=1
Q45:	|........ ........ ........ ........| ok p=1
Q46:	|........ ........ ........ ........| ok p=1
Q47:	|........ ........ ........ ........| ok p=1
Q48:	|........ ........ ........ ........| ok p=1
Q49:	|........ ........ ........ ........| ok p=1
Q50:	|........ ........ ........ ........| ok p=1
Q51:	|........ ........ ........ ........| ok p=1
Q52:	|........ ........ ........ ........| ok p=1
Q53:	|........ ........ ........ ........| ok p=1
Q54:	|........ ........ ........ ........| ok p=1
Q55:	|........ ........ ........ ........| ok p=1
Q56:	|........ ........ ........ ........| ok p=1
Q57:	|........ ........ ........ ........| ok p=1
Q58:	|........ ........ ........ ........| ok p=1
Q59:	|........ ........ ........ ........| ok p=1
Q60:	|........ ........ ........ ..00....| ok p=1
Q61:	|........ ........ ........ ..Q1....| ok p=0.986328
Q62:	|........ ........ ........ ..+-....| ok p=1
Q63:	|........ ........ ........ ...+....| ok p=0.989258
Q64:	|.....-.. ........ ........ ...+....|
Starting...
20: Q5m5tunnel      = 4
20: Q4m5tunnel      = 2
20: Q14m6Q3m5tunnel = 2
21: Q10m10tunnel    = 1
21: Q9m10tunnel     = 8
22: Q8Q12m15tunnel  = 0
23: Q4m4tunnel      = 12
24: Q9m9tunnel      = 8
25: Q14Q3m14tunnel  = 0
.20: Q5m5tunnel      = 4
20: Q4m5tunnel      = 2
20: Q14m6Q3m5tunnel = 2
21: Q10m10tunnel    = 1
21: Q9m10tunnel     = 10
22: Q8Q12m15tunnel  = 0
23: Q4m4tunnel      = 12
24: Q9m9tunnel      = 6
25: Q14Q3m14tunnel  = 0
.20: Q5m5tunnel      = 4
20: Q4m5tunnel      = 0
20: Q14m6Q3m5tunnel = 0
21: Q10m10tunnel    = 5
21: Q9m10tunnel     = 5
22: Q8Q12m15tunnel  = 0
23: Q4m4tunnel      = 14
24: Q9m9tunnel      = 8
25: Q14Q3m14tunnel  = 1
.20: Q5m5tunnel      = 4
20: Q4m5tunnel      = 1
20: Q14m6Q3m5tunnel = 0
21: Q10m10tunnel    = 3
21: Q9m10tunnel     = 2
22: Q8Q12m15tunnel  = 0
23: Q4m4tunnel      = 14
24: Q9m9tunnel      = 13
25: Q14Q3m14tunnel  = 0
.20: Q5m5tunnel      = 4
20: Q4m5tunnel      = 1
20: Q14m6Q3m5tunnel = 0
21: Q10m10tunnel    = 3
21: Q9m10tunnel     = 2
22: Q8Q12m15tunnel  = 0
23: Q4m4tunnel      = 14
24: Q9m9tunnel      = 13
25: Q14Q3m14tunnel  = 0
.20: Q5m5tunnel      = 4
20: Q4m5tunnel      = 2
20: Q14m6Q3m5tunnel = 2
21: Q10m10tunnel    = 1
21: Q9m10tunnel     = 10
22: Q8Q12m15tunnel  = 0
23: Q4m4tunnel      = 12
24: Q9m9tunnel      = 6
25: Q14Q3m14tunnel  = 0
.1 0
2 0
4 0
8 0
16 0
32 0
64 0
128 0
256 0
512 0
1024 0
2048 0
4096 0
8192 0
16384 0
20420 1
32768 1
42376 2
65536 2
131072 3
262144 3
311778 4
522449 8
524288 8
Warning: no OS randomness!
MD5 differential path toolbox
Copyright (C) 2009 Marc Stevens
http://homepages.cwi.nl/~stevens/

delta_m[11] = [!26!]
Q-3:	|00001100 10001001 10101110 00100110|
Q-2:	|+00-++10 0+111101 00-+0000 00-+010-|
Q-1:	|+0110-10 +-001110 11-0++++ +++1++++|
Q0:	|+1001+-- 0--0100+ 0++1-001 010-1-1+| ok p=0.882812
Q1:	|+..+.111 0.++..+1 .10-10-0 +1+11+0+| ok p=0.700195
Q2:	|+..0.100 .0+1..01 110+1.-. -.01.-1+| ok p=1
Q3:	|+1.1^-.0 ..01..1. 0.01.... -.+.^0--| ok p=1
Q4:	|10.1-0.0 ..1..... 0.++..1. ..1.-0-1| ok p=1
Q5:	|0..+01.+ ..1.^... -.--.... 1.0.1.-1| ok p=1
Q6:	|...+1+^- ..-.-... +010.... ....0...| ok p=1
Q7:	|.!.1---1 ..0.0..^ -100.... ......00| ok p=1
Q8:	|!..-111- ..1.1... 0+.....^ ...0...0| ok p=1
Q9:	|0..-110- ....+... 1+....0- ...0...+| ok p=1
Q10:	|00.-+0.- ..1.+... 1+.11110 .10+...-| ok p=1
Q11:	|-111-11- 1^0^+^.^ 010011+0 ^11+.^^-| ok p=1
Q12:	|0-010-0- 0+----^- -00+--0+ ---+^-++| ok p=1
Q13:	|+++-01++ +010-1+1 1-++++01 1+---111| ok p=1
Q14:	|0110.+00 01-0.101 10-.1-.0 +11001-0| ok p=1
Q15:	|1+11.--0 +.-.0.0. -000+0.. 01+00.-.| ok p=0.956055
Q16:	|.+...0.. 0.+.0... 1.0.+0.. --..0.-.| ok p=0.719727
Q17:	|.1...0^. -.-.1... +...0... 0.^.1.0.| ok p=0.499023
Q18:	|.-...1.. ..+.-... +...1-.. +^..+.1.| ok p=0.946289
Q19:	|.-.0.+.. ^.+....0 -....-.. ........| ok p=0.750977
Q20:	|.001...0 ..1.^..1 -..0.1.0 ^...^...| ok p=1
Q21:	|.11-.^.1 ..1....- 0..1.0.1 ....0...| ok p=0.379883
Q22:	|..+....+ ........ 0..+...- ....1...| ok p=0.683594
Q23:	|...^.... ..0....^ ........ ....+.0.| ok p=1
Q24:	|..^....^ ..1...0. ...^...^ .0....1.| ok p=0.816406
Q25:	|........ ..-...1. ........ ....^.-.| ok p=0.868164
Q26:	|.....0.. ......-. ........ 0+......| ok p=1
Q27:	|.....1.. ..^..... ........ 1+....^.| ok p=0.986328
Q28:	|.....+.. ......^. ........ +-......| ok p=0.978516
Q29:	|.....0.. ........ ........ .0......| ok p=0.980469
Q30:	|.....-.. ........ ........ ^1......| ok p=1
Q31:	|.....-.. ........ ........ ........| ok p=0.985352
Q32:	|........ ........ ........ ........| ok p=1
Q33:	|.....!.. ........ ........ ........| ok p=1
Q34:	|........ ........ ........ ........| ok p=1
Q35:	|........ ........ ........ ........| ok p=1
Q36:	|........ ........ ........ ........| ok p=1
Q37:	|........ ........ ........ ........| ok p=1
Q38:	|........ ........ ........ ........| ok p=1
Q39:	|........ ........ ........ ........| ok p=1
Q40:	|........ ........ ........ ........| ok p=1
Q41:	|........ ........ ........ ........| ok p=1
Q42:	|........ ........ ........ ........| ok p=1
Q43:	|........ ........ ........ ........| ok p=1
Q44:	|........ ........ ........ ........| ok p=1
Q45:	|........ ........ ........ ........| ok p=1
Q46:	|........ ........ ........ ........| ok p=1
Q47:	|........ ........ ........ ........| ok p=1
Q48:	|........ ........ ........ ........| ok p=1
Q49:	|........ ........ ........ ........| ok p=1
Q50:	|........ ........ ........ ........| ok p=1
Q51:	|........ ........ ........ ........| ok p=1
Q52:	|........ ........ ........ ........| ok p=1
Q53:	|........ ........ ........ ........| ok p=1
Q54:	|........ ........ ........ ........| ok p=1
Q55:	|........ ........ ........ ........| ok p=1
Q56:	|........ ........ ........ ........| ok p=1
Q57:	|........ ........ ........ ........| ok p=1
Q58:	|........ ........ ........ ........| ok p=1
Q59:	|........ ........ ........ ........| ok p=1
Q60:	|........ ........ ........ ..00....| ok p=1
Q61:	|........ ........ ........ ..Q1....| ok p=0.991211
Q62:	|........ ........ ........ ..+-....| ok p=1
Q63:	|........ ........ ........ ...+....| ok p=0.981445
Q64:	|.....-.. ........ ........ ...+....|
Starting...
20: Q5m5tunnel      = 4
20: Q4m5tunnel      = 2
20: Q14m6Q3m5tunnel = 2
21: Q10m10tunnel    = 1
21: Q9m10tunnel     = 10
22: Q8Q12m15tunnel  = 0
23: Q4m4tunnel      = 12
24: Q9m9tunnel      = 6
25: Q14Q3m14tunnel  = 0
.20: Q5m5tunnel      = 4
20: Q4m5tunnel      = 1
20: Q14m6Q3m5tunnel = 0
21: Q10m10tunnel    = 3
21: Q9m10tunnel     = 1
22: Q8Q12m15tunnel  = 0
23: Q4m4tunnel      = 14
24: Q9m9tunnel      = 14
25: Q14Q3m14tunnel  = 0
.20: Q5m5tunnel      = 4
20: Q4m5tunnel      = 1
20: Q14m6Q3m5tunnel = 2
21: Q10m10tunnel    = 3
21: Q9m10tunnel     = 1
22: Q8Q12m15tunnel  = 0
23: Q4m4tunnel      = 14
24: Q9m9tunnel      = 12
25: Q14Q3m14tunnel  = 0
.20: Q5m5tunnel      = 5
20: Q4m5tunnel      = 2
20: Q14m6Q3m5tunnel = 2
21: Q10m10tunnel    = 0
21: Q9m10tunnel     = 10
22: Q8Q12m15tunnel  = 0
23: Q4m4tunnel      = 11
24: Q9m9tunnel      = 7
25: Q14Q3m14tunnel  = 0
.20: Q5m5tunnel      = 4
20: Q4m5tunnel      = 0
20: Q14m6Q3m5tunnel = 0
21: Q10m10tunnel    = 4
21: Q9m10tunnel     = 0
22: Q8Q12m15tunnel  = 0
23: Q4m4tunnel      = 14
24: Q9m9tunnel      = 14
25: Q14Q3m14tunnel  = 1
.20: Q5m5tunnel      = 3
20: Q4m5tunnel      = 1
20: Q14m6Q3m5tunnel = 2
21: Q10m10tunnel    = 1
21: Q9m10tunnel     = 1
22: Q8Q12m15tunnel  = 0
23: Q4m4tunnel      = 14
24: Q9m9tunnel      = 15
25: Q14Q3m14tunnel  = 0
.1 0
2 0
4 0
8 0
16 0
32 0
64 0
128 0
256 0
512 0
1024 0
2048 0
4096 0
8192 0
16384 0
32768 0
65536 0
99346 1
131072 1
212735 2
262144 3
288187 4
524288 6
786755 8
1048576 12
1143714 16
Warning: no OS randomness!
MD5 differential path toolbox
Copyright (C) 2009 Marc Stevens
http://homepages.cwi.nl/~stevens/

delta_m[11] = [!26!]
Q-3:	|00001100 10001001 10101110 00100110|
Q-2:	|+00-++10 0+111101 00-+0000 00-+010-|
Q-1:	|+0110-10 +-001110 11-0++++ +++1++++|
Q0:	|+1001+-- 0--0100+ 0++1-001 010-1-1+| ok p=0.879883
Q1:	|+..+.111 0.++..+1 .10-10-0 +1+11+0+| ok p=0.709961
Q2:	|+..0.100 .0+1..01 110+1.-. -.01.-1+| ok p=1
Q3:	|+1.1^-.0 ..01..1. 0.01.... -.+.^0--| ok p=1
Q4:	|10.1-0.0 ..1..... 0.++..1. ..1.-0-1| ok p=1
Q5:	|0..+01.+ ..1.^... -.--.... 1.0.1.-1| ok p=1
Q6:	|...+1+^- ..-.-... +010.... ....0...| ok p=1
Q7:	|.!.1---1 ..0.0..^ -100.... ......00| ok p=1
Q8:	|!..-111- ..1.1... 0+.....^ ...0...0| ok p=1
Q9:	|0..-110- ....+... 1+....0- ...0...+| ok p=1
Q10:	|00.-+0.- ..1.+... 1+.11110 .10+...-| ok p=1
Q11:	|-111-11- 1^0^+^.^ 010011+0 ^11+.^^-| ok p=1
Q12:	|0-010-0- 0+----^- -00+--0+ ---+^-++| ok p=1
Q13:	|+++-01++ +010-1+1 1-++++01 1+---111| ok p=1
Q14:	|0110.+00 01-0.101 10-.1-.0 +11001-0| ok p=1
Q15:	|1+11.--0 +.-.0.0. -000+0.. 01+00.-.| ok p=0.949219
Q16:	|.+...0.. 0.+.0... 1.0.+0.. --..0.-.| ok p=0.741211
Q17:	|.1...0^. -.-.1... +...0... 0.^.1.0.| ok p=0.506836
Q18:	|.-...1.. ..+.-... +...1-.. +^..+.1.| ok p=0.947266
Q19:	|.-.0.+.. ^.+....0 -....-.. ........| ok p=0.755859
Q20:	|.001...0 ..1.^..1 -..0.1.0 ^...^...| ok p=1
Q21:	|.11-.^.1 ..1....- 0..1.0.1 ....0...| ok p=0.373047
Q22:	|..+....+ ........ 0..+...- ....1...| ok p=0.666016
Q23:	|...^.... ..0....^ ........ ....+.0.| ok p=1
Q24:	|..^....^ ..1...0. ...^...^ .0....1.| ok p=0.807617
Q25:	|........ ..-...1. ........ ....^.-.| ok p=0.84668
Q26:	|.....0.. ......-. ........ 0+......| ok p=1
Q27:	|.....1.. ..^..... ........ 1+....^.| ok p=0.982422
Q28:	|.....+.. ......^. ........ +-......| ok p=0.987305
Q29:	|.....0.. ........ ........ .0......| ok p=0.983398
Q30:	|.....-.. ........ ........ ^1......| ok p=1
Q31:	|.....-.. ........ ........ ........| ok p=0.988281
Q32:	|........ ........ ........ ........| ok p=1
Q33:	|.....!.. ........ ........ ........| ok p=1
Q34:	|........ ........ ........ ........| ok p=1
Q35:	|........ ........ ........ ........| ok p=1
Q36:	|........ ........ ........ ........| ok p=1
Q37:	|........ ........ ........ ........| ok p=1
Q38:	|........ ........ ........ ........| ok p=1
Q39:	|........ ........ ........ ........| ok p=1
Q40:	|........ ........ ........ ........| ok p=1
Q41:	|........ ........ ........ ........| ok p=1
Q42:	|........ ........ ........ ........| ok p=1
Q43:	|........ ........ ........ ........| ok p=1
Q44:	|........ ........ ........ ........| ok p=1
Q45:	|........ ........ ........ ........| ok p=1
Q46:	|........ ........ ........ ........| ok p=1
Q47:	|........ ........ ........ ........| ok p=1
Q48:	|........ ........ ........ ........| ok p=1
Q49:	|........ ........ ........ ........| ok p=1
Q50:	|........ ........ ........ ........| ok p=1
Q51:	|........ ........ ........ ........| ok p=1
Q52:	|........ ........ ........ ........| ok p=1
Q53:	|........ ........ ........ ........| ok p=1
Q54:	|........ ........ ........ ........| ok p=1
Q55:	|........ ........ ........ ........| ok p=1
Q56:	|........ ........ ........ ........| ok p=1
Q57:	|........ ........ ........ ........| ok p=1
Q58:	|........ ........ ........ ........| ok p=1
Q59:	|........ ........ ........ ........| ok p=1
Q60:	|........ ........ ........ ..00....| ok p=1
Q61:	|........ ........ ........ ..Q1....| ok p=0.983398
Q62:	|........ ........ ........ ..+-....| ok p=1
Q63:	|........ ........ ........ ...+....| ok p=0.983398
Q64:	|.....-.. ........ ........ ...+....|
Starting...
20: Q5m5tunnel      = 4
20: Q4m5tunnel      = 1
20: Q14m6Q3m5tunnel = 2
21: Q10m10tunnel    = 3
21: Q9m10tunnel     = 1
22: Q8Q12m15tunnel  = 0
23: Q4m4tunnel      = 14
24: Q9m9tunnel      = 12
25: Q14Q3m14tunnel  = 0
.20: Q5m5tunnel      = 4
20: Q4m5tunnel      = 0
20: Q14m6Q3m5tunnel = 0
21: Q10m10tunnel    = 5
21: Q9m10tunnel     = 5
22: Q8Q12m15tunnel  = 0
23: Q4m4tunnel      = 14
24: Q9m9tunnel      = 8
25: Q14Q3m14tunnel  = 1
.20: Q5m5tunnel      = 4
20: Q4m5tunnel      = 0
20: Q14m6Q3m5tunnel = 0
21: Q10m10tunnel    = 5
21: Q9m10tunnel     = 5
22: Q8Q12m15tunnel  = 0
23: Q4m4tunnel      = 14
24: Q9m9tunnel      = 8
25: Q14Q3m14tunnel  = 1
20: Q5m5tunnel      = 3
20: Q4m5tunnel      = 1
20: Q14m6Q3m5tunnel = 2
21: Q10m10tunnel    = 1
21: Q9m10tunnel     = 1
22: Q8Q12m15tunnel  = 0
23: Q4m4tunnel      = 14
24: Q9m9tunnel      = 15
25: Q14Q3m14tunnel  = 0
..20: Q5m5tunnel      = 4
20: Q4m5tunnel      = 1
20: Q14m6Q3m5tunnel = 2
21: Q10m10tunnel    = 3
21: Q9m10tunnel     = 0
22: Q8Q12m15tunnel  = 0
23: Q4m4tunnel      = 14
24: Q9m9tunnel      = 13
25: Q14Q3m14tunnel  = 0
.20: Q5m5tunnel      = 4
20: Q4m5tunnel      = 2
20: Q14m6Q3m5tunnel = 2
21: Q10m10tunnel    = 1
21: Q9m10tunnel     = 8
22: Q8Q12m15tunnel  = 0
23: Q4m4tunnel      = 12
24: Q9m9tunnel      = 8
25: Q14Q3m14tunnel  = 0
.1 0
2 0
4 0
8 0
16 0
32 0
64 0
128 0
256 0
512 0
1024 0
2048 0
4096 0
8192 0
16384 0
17196 1
32768 1
65536 1
83943 2
131072 2
262144 3
274114 4
524288 6
560765 8
1048576 15
1161166 16
2097152 25
2834975 32
4194304 44
5549043 64
Warning: no OS randomness!
MD5 differential path toolbox
Copyright (C) 2009 Marc Stevens
http://homepages.cwi.nl/~stevens/

delta_m[11] = [!26!]
Q-3:	|00001100 10001001 10101110 00100110|
Q-2:	|+00-++10 0+111101 00-+0000 00-+010-|
Q-1:	|+0110-10 +-001110 11-0++++ +++1++++|
Q0:	|+1001+-- 0--0100+ 0++1-001 010-1-1+| ok p=0.881836
Q1:	|+..+.100 1.++..+0 .01-11-1 +1+01+1+| ok p=0.755859
Q2:	|+00-.100 .0--..0+ .00-0.-. -.+1.+0+| ok p=1
Q3:	|10.1.-.. ..1-..+- ..-..0.. -.+..++.| ok p=1
Q4:	|+1.0.0.^ .00-..-- ..11.00. 1.....01| ok p=1
Q5:	|+....1.+ .1--..++ ..+..+.. +.0..00.| ok p=1
Q6:	|+.!....1 .-1-..10 1.-^^-.. -.....-.| ok p=1
Q7:	|+0.....0 .001..-- 0.--.+.. +.....+.| ok p=1
Q8:	|-1.1...0 .0.01.-- ...0.+.. 0.....+0| ok p=1
Q9:	|++11...+ ....0.1- ..11.+0. 1.....+0| ok p=1
Q10:	|+0.+...- .0..-0-+ 00.01110 0.....--| ok p=1
Q11:	|1+.0.0.0 110101-1 11111000 1.1...+-| ok p=1
Q12:	|1+^1^0^1 0+000-++ +-0-++++ +^0^^^++| ok p=1
Q13:	|0-+-++-. -1--+10- 1------- ------10| ok p=1
Q14:	|.0100+1. 00-10101 +.-.0-11 01000100| ok p=1
Q15:	|.+1-10-. +.-01..0 -1+00100 11+000-.| ok p=0.866211
Q16:	|.+...1.. +.+.0... 0.1..+.. 0-..0.-.| ok p=0.664062
Q17:	|.1.^.-^. -.-.1... +.1..0.. 1.^.1.0.| ok p=0.579102
Q18:	|.-...-.. 0.+.-... +....0.. +^..+.1.| ok p=0.856445
Q19:	|.-.0.+.. 1.+....0 -....-.. ........| ok p=0.748047
Q20:	|.001.0.0 ..1.^..1 -..0...0 ^...^...| ok p=1
Q21:	|.11-.1.1 ..1....- 0..1.^.1 ....0...| ok p=0.370117
Q22:	|..+....+ ........ 0..+...- ....1...| ok p=0.629883
Q23:	|...^.... ..0....^ ........ ....+.0.| ok p=1
Q24:	|..^....^ ..1...0. ...^...^ .0....1.| ok p=0.807617
Q25:	|........ ..-...1. ........ ....^.-.| ok p=0.871094
Q26:	|.....0.. ......-. ........ 0+......| ok p=1
Q27:	|.....1.. ..^..... ........ 1+....^.| ok p=0.984375
Q28:	|.....+.. ......^. ........ +-......| ok p=0.989258
Q29:	|.....0.. ........ ........ .0......| ok p=0.986328
Q30:	|.....-.. ........ ........ ^1......| ok p=1
Q31:	|.....-.. ........ ........ ........| ok p=0.987305
Q32:	|........ ........ ........ ........| ok p=1
Q33:	|.....!.. ........ ........ ........| ok p=1
Q34:	|........ ........ ........ ........| ok p=1
Q35:	|........ ........ ........ ........| ok p=1
Q36:	|........ ........ ........ ........| ok p=1
Q37:	|........ ........ ........ ........| ok p=1
Q38:	|........ ........ ........ ........| ok p=1
Q39:	|........ ........ ........ ........| ok p=1
Q40:	|........ ........ ........ ........| ok p=1
Q41:	|........ ........ ........ ........| ok p=1
Q42:	|........ ........ ........ ........| ok p=1
Q43:	|........ ........ ........ ........| ok p=1
Q44:	|........ ........ ........ ........| ok p=1
Q45:	|........ ........ ........ ........| ok p=1
Q46:	|........ ........ ........ ........| ok p=1
Q47:	|........ ........ ........ ........| ok p=1
Q48:	|........ ........ ........ ........| ok p=1
Q49:	|........ ........ ........ ........| ok p=1
Q50:	|........ ........ ........ ........| ok p=1
Q51:	|........ ........ ........ ........| ok p=1
Q52:	|........ ........ ........ ........| ok p=1
Q53:	|........ ........ ........ ........| ok p=1
Q54:	|........ ........ ........ ........| ok p=1
Q55:	|........ ........ ........ ........| ok p=1
Q56:	|........ ........ ........ ........| ok p=1
Q57:	|........ ........ ........ ........| ok p=1
Q58:	|........ ........ ........ ........| ok p=1
Q59:	|........ ........ ........ ........| ok p=1
Q60:	|........ ........ ........ ..00....| ok p=1
Q61:	|........ ........ ........ ..Q1....| ok p=0.986328
Q62:	|........ ........ ........ ..+-....| ok p=1
Q63:	|........ ........ ........ ...+....| ok p=0.982422
Q64:	|.....-.. ........ ........ ...+....|
Starting...
20: Q5m5tunnel      = 5
20: Q4m5tunnel      = 2
20: Q14m6Q3m5tunnel = 2
21: Q10m10tunnel    = 0
21: Q9m10tunnel     = 10
22: Q8Q12m15tunnel  = 0
23: Q4m4tunnel      = 11
24: Q9m9tunnel      = 7
25: Q14Q3m14tunnel  = 0
.20: Q5m5tunnel      = 4
20: Q4m5tunnel      = 0
20: Q14m6Q3m5tunnel = 0
21: Q10m10tunnel    = 5
21: Q9m10tunnel     = 5
22: Q8Q12m15tunnel  = 0
23: Q4m4tunnel      = 14
24: Q9m9tunnel      = 8
25: Q14Q3m14tunnel  = 1
.20: Q5m5tunnel      = 4
20: Q4m5tunnel      = 0
20: Q14m6Q3m5tunnel = 0
21: Q10m10tunnel    = 5
21: Q9m10tunnel     = 5
22: Q8Q12m15tunnel  = 0
23: Q4m4tunnel      = 14
24: Q9m9tunnel      = 8
25: Q14Q3m14tunnel  = 1
.20: Q5m5tunnel      = 4
20: Q4m5tunnel      = 1
20: Q14m6Q3m5tunnel = 0
21: Q10m10tunnel    = 3
21: Q9m10tunnel     = 1
22: Q8Q12m15tunnel  = 0
23: Q4m4tunnel      = 14
24: Q9m9tunnel      = 14
25: Q14Q3m14tunnel  = 0
.20: Q5m5tunnel      = 4
20: Q4m5tunnel      = 1
20: Q14m6Q3m5tunnel = 2
21: Q10m10tunnel    = 2
21: Q9m10tunnel     = 0
22: Q8Q12m15tunnel  = 0
23: Q4m4tunnel      = 14
24: Q9m9tunnel      = 14
25: Q14Q3m14tunnel  = 0
.20: Q5m5tunnel      = 4
20: Q4m5tunnel      = 0
20: Q14m6Q3m5tunnel = 0
21: Q10m10tunnel    = 5
21: Q9m10tunnel     = 5
22: Q8Q12m15tunnel  = 0
23: Q4m4tunnel      = 14
24: Q9m9tunnel      = 8
25: Q14Q3m14tunnel  = 1
.1 0
2 0
4 0
8 0
16 0
32 0
64 0
128 0
256 0
512 0
1024 0
2048 0
4096 0
8192 0
16384 0
32768 0
65536 0
131072 0
141478 1
262144 1
280922 2
337867 4
524288 6
Warning: no OS randomness!
MD5 differential path toolbox
Copyright (C) 2009 Marc Stevens
http://homepages.cwi.nl/~stevens/

delta_m[11] = [!26!]
Q-3:	|00001100 10001001 10101110 00100110|
Q-2:	|+00-++10 0+111101 00-+0000 00-+010-|
Q-1:	|+0110-10 +-001110 11-0++++ +++1++++|
Q0:	|+1001+-- 0--0100+ 0++1-001 010-1-1+| ok p=0.852539
Q1:	|+..+.100 1.++..+0 .01-11-1 +1+01+1+| ok p=0.739258
Q2:	|+0.-.100 .0--..0+ .00-0.-. -.+1.+0+| ok p=1
Q3:	|10^1.-.. ..1-..+- ..-..0.. -.+..++.| ok p=1
Q4:	|+1.0.0.^ .00-..-- ..11.00. 1.....01| ok p=1
Q5:	|+....1.+ .1--..++ ..+..+.. +.0..00.| ok p=1
Q6:	|+.!....1 .-1-..10 1.-^^-.. -.....-.| ok p=1
Q7:	|+0.....0 .00...-- 0.--.+.. +.....+.| ok p=1
Q8:	|-1.....0 .0101.-- ...0.+.. 0.....+0| ok p=1
Q9:	|++.^...+ ....0.1- ..11.+0. 1.....+0| ok p=1
Q10:	|-0.+...- .0..-0-+ 00.01110 1.....--| ok p=1
Q11:	|0+.0.0.0 111001-1 11111001 000...+-| ok p=1
Q12:	|1+^1^0^1 0+010-++ +-0-++++ +11^^^++| ok p=1
Q13:	|0-+-++-. -1--+10- 1------- ------10| ok p=1
Q14:	|.0100+1. 00-10101 +.-.0-11 01000100| ok p=1
Q15:	|.+1-10-. +.-01..0 -1+00100 11+000-.| ok p=0.875
Q16:	|.+...1.. +.+.0... 0.1..+.. 0-..0.-.| ok p=0.679688
Q17:	|.1.^.-^. -.-.1... +.1..0.. 1.^.1.0.| ok p=0.563477
Q18:	|.-...-.. 0.+.-... +....0.. +^..+.1.| ok p=0.875977
Q19:	|.-.0.+.. 1.+....0 -....-.. ........| ok p=0.762695
Q20:	|.001.0.0 ..1.^..1 -..0...0 ^...^...| ok p=1
Q21:	|.11-.1.1 ..1....- 0..1.^.1 ....0...| ok p=0.416992
Q22:	|..+....+ ........ 0..+...- ....1...| ok p=0.666992
Q23:	|...^.... ..0....^ ........ ....+.0.| ok p=1
Q24:	|..^....^ ..1...0. ...^...^ .0....1.| ok p=0.810547
Q25:	|........ ..-...1. ........ ....^.-.| ok p=0.862305
Q26:	|.....0.. ......-. ........ 0+......| ok p=1
Q27:	|.....1.. ..^..... ........ 1+....^.| ok p=0.987305
Q28:	|.....+.. ......^. ........ +-......| ok p=0.989258
Q29:	|.....0.. ........ ........ .0......| ok p=0.986328
Q30:	|.....-.. ........ ........ ^1......| ok p=1
Q31:	|.....-.. ........ ........ ........| ok p=0.989258
Q32:	|........ ........ ........ ........| ok p=1
Q33:	|.....!.. ........ ........ ........| ok p=1
Q34:	|........ ........ ........ ........| ok p=1
Q35:	|........ ........ ........ ........| ok p=1
Q36:	|........ ........ ........ ........| ok p=1
Q37:	|........ ........ ........ ........| ok p=1
Q38:	|........ ........ ........ ........| ok p=1
Q39:	|........ ........ ........ ........| ok p=1
Q40:	|........ ........ ........ ........| ok p=1
Q41:	|........ ........ ........ ........| ok p=1
Q42:	|........ ........ ........ ........| ok p=1
Q43:	|........ ........ ........ ........| ok p=1
Q44:	|........ ........ ........ ........| ok p=1
Q45:	|........ ........ ........ ........| ok p=1
Q46:	|........ ........ ........ ........| ok p=1
Q47:	|........ ........ ........ ........| ok p=1
Q48:	|........ ........ ........ ........| ok p=1
Q49:	|........ ........ ........ ........| ok p=1
Q50:	|........ ........ ........ ........| ok p=1
Q51:	|........ ........ ........ ........| ok p=1
Q52:	|........ ........ ........ ........| ok p=1
Q53:	|........ ........ ........ ........| ok p=1
Q54:	|........ ........ ........ ........| ok p=1
Q55:	|........ ........ ........ ........| ok p=1
Q56:	|........ ........ ........ ........| ok p=1
Q57:	|........ ........ ........ ........| ok p=1
Q58:	|........ ........ ........ ........| ok p=1
Q59:	|........ ........ ........ ........| ok p=1
Q60:	|........ ........ ........ ..00....| ok p=1
Q61:	|........ ........ ........ ..Q1....| ok p=0.982422
Q62:	|........ ........ ........ ..+-....| ok p=1
Q63:	|........ ........ ........ ...+....| ok p=0.979492
Q64:	|.....-.. ........ ........ ...+....|
Starting...
20: Q5m5tunnel      = 4
20: Q4m5tunnel      = 1
20: Q14m6Q3m5tunnel = 2
21: Q10m10tunnel    = 1
21: Q9m10tunnel     = 1
22: Q8Q12m15tunnel  = 0
23: Q4m4tunnel      = 14
24: Q9m9tunnel      = 14
25: Q14Q3m14tunnel  = 0
.20: Q5m5tunnel      = 4
20: Q4m5tunnel      = 1
20: Q14m6Q3m5tunnel = 2
21: Q10m10tunnel    = 5
21: Q9m10tunnel     = 0
22: Q8Q12m15tunnel  = 0
23: Q4m4tunnel      = 14
24: Q9m9tunnel      = 12
25: Q14Q3m14tunnel  = 0
.20: Q5m5tunnel      = 3
20: Q4m5tunnel      = 1
20: Q14m6Q3m5tunnel = 2
21: Q10m10tunnel    = 1
21: Q9m10tunnel     = 1
22: Q8Q12m15tunnel  = 0
23: Q4m4tunnel      = 14
24: Q9m9tunnel      = 15
25: Q14Q3m14tunnel  = 0
.20: Q5m5tunnel      = 4
20: Q4m5tunnel      = 1
20: Q14m6Q3m5tunnel = 2
21: Q10m10tunnel    = 3
21: Q9m10tunnel     = 1
22: Q8Q12m15tunnel  = 0
23: Q4m4tunnel      = 14
24: Q9m9tunnel      = 13
25: Q14Q3m14tunnel  = 0
.20: Q5m5tunnel      = 4
20: Q4m5tunnel      = 1
20: Q14m6Q3m5tunnel = 2
21: Q10m10tunnel    = 3
21: Q9m10tunnel     = 0
22: Q8Q12m15tunnel  = 0
23: Q4m4tunnel      = 14
24: Q9m9tunnel      = 13
25: Q14Q3m14tunnel  = 0
.20: Q5m5tunnel      = 4
20: Q4m5tunnel      = 1
20: Q14m6Q3m5tunnel = 0
21: Q10m10tunnel    = 3
21: Q9m10tunnel     = 1
22: Q8Q12m15tunnel  = 0
23: Q4m4tunnel      = 14
24: Q9m9tunnel      = 14
25: Q14Q3m14tunnel  = 0
.1 0
2 0
4 0
8 0
16 0
32 0
64 0
128 0
256 0
512 0
1024 0
2048 0
4096 0
8192 0
16384 0
32768 0
64171 1
65536 1
105328 2
131072 3
213233 4
262144 5
458151 8
524288 9
1048576 15
1081633 16
2097152 25
Block 1: workdir2/coll1_2587233137
7c 4e b1 e1 28 c6 1b bf e7 53 e8 bd d0 1f 81 ff 
33 b6 b6 12 63 a6 f8 23 24 b4 a0 79 11 8b 56 19 
10 fa 70 fb 76 cb 64 26 5d e6 ac eb f5 0a 51 9d 
f2 cb fc 9e 57 f4 46 ea 27 d8 f0 95 55 3b b4 9b 
Block 2: workdir2/coll2_2587233137
7c 4e b1 e1 28 c6 1b bf e7 53 e8 bd d0 1f 81 ff 
33 b6 b6 12 63 a6 f8 23 24 b4 a0 79 11 8b 56 19 
10 fa 70 fb 76 cb 64 26 5d e6 ac eb f5 0a 51 a1 
f2 cb fc 9e 57 f4 46 ea 27 d8 f0 95 55 3b b4 9b 
Found collision!
