Warning: no OS randomness!
Connect MD5 differential paths
Copyright (C) 2009 Marc Stevens
http://homepages.cwi.nl/~stevens/

delta_m[11] = [!26!]
Loading precompute/diff27/paths16_0of1_1000000.bin.gz...done: 1000000. (6.9997s)
Loading workdir2/paths11_0of1.bin.gz.done...done: 2149095. (5.95175s)
t=12: 0%   10   20   30   40   50   60   70   80   90   100%
      |----|----|----|----|----|----|----|----|----|----|
      *Q-3:	|00001100 10001001 10101110 00100110|
Q-2:	|+00-++10 0+111101 00-+0000 00-+010-|
Q-1:	|+0110-10 +-001110 11-0++++ +++1++++|
Q0:	|+1001+-- 0--0100+ 0++1-001 010-1-1+| ok p=0.878906
Q1:	|+..+.111 0.++..+1 .10-10-0 +1+11+0+| ok p=0.696289
Q2:	|+..0.100 .0+1..01 .10+1.-. -.01.-1+| ok p=1
Q3:	|+1.1^-.0 ...1..10 0.01.... -.+.^0--| ok p=1
Q4:	|10.1-0.0 ..1.!... 0.++..1. ..1.-0-1| ok p=1
Q5:	|0..+01.+ ..1.^... -.--.... 1.0.1.-1| ok p=1
Q6:	|...+1+^- ..-.-... +010.... ....0...| ok p=1
Q7:	|.!.1---1 ..0.0..^ -100.... ......0.| ok p=1
Q8:	|1..-110- ..1.1... 0+.....^ ...0..0.| ok p=1
Q9:	|0..-110- ....+... 1+....1- .!.0..+.| ok p=1
Q10:	|00.-+0.- ..11+... 1+.11100 .10+.00.| ok p=1
Q11:	|-111-11- 1^01+^.^ 010011+0 ^11+.11^| ok p=1
Q12:	|0-010-0- 0+----^- -00+--0+ ---+^-++| ok p=1
Q13:	|+++-01++ +01-+1+1 1-++++01 1+---110| ok p=1
Q14:	|0110.+00 01-.0101 10-.1-.0 +11001-1| ok p=1
Q15:	|1+11.--0 +.-00.0. -000+0.. 01+00.-.| ok p=0.959961
Q16:	|.+...0.. 0.+.0... 1.0.+0.. --..0.-.| ok p=0.735352
Q17:	|.1...0^. -.-.1... +...0... 0.^.1.0.| ok p=0.517578
Q18:	|.-...1.. ..+.-... +...1-.. +^..+.1.| ok p=0.948242
Q19:	|.-.0.+.. ^.+....0 -....-.. ........| ok p=0.760742
Q20:	|.001...0 ..1.^..1 -..0.1.0 ^...^...| ok p=1
Q21:	|.11-.^.1 ..1....- 0..1.0.1 ....0...| ok p=0.359375
Q22:	|..+....+ ........ 0..+...- ....1...| ok p=0.682617
Q23:	|...^.... ..0....^ ........ ....+.0.| ok p=1
Q24:	|..^....^ ..1...0. ...^...^ .0....1.| ok p=0.805664
Q25:	|........ ..-...1. ........ ....^.-.| ok p=0.874023
Q26:	|.....0.. ......-. ........ 0+......| ok p=1
Q27:	|.....1.. ..^..... ........ 1+....^.| ok p=0.981445
Q28:	|.....+.. ......^. ........ +-......| ok p=0.981445
Q29:	|.....0.. ........ ........ .0......| ok p=0.982422
Q30:	|.....-.. ........ ........ ^1......| ok p=1
Q31:	|.....-.. ........ ........ ........| ok p=0.984375
Q32:	|........ ........ ........ ........| ok p=1
Q33:	|.....!.. ........ ........ ........| ok p=1
Q34:	|........ ........ ........ ........| ok p=1
Q35:	|........ ........ ........ ........|
Best path: totcompl=-20 tottunnel=35, totcond=556, p=0.0242884
Best paths: 2
Best paths: 4
Q-3:	|00001100 10001001 10101110 00100110|
Q-2:	|+00-++10 0+111101 00-+0000 00-+010-|
Q-1:	|+0110-10 +-001110 11-0++++ +++1++++|
Q0:	|+1001+-- 0--0100+ 0++1-001 010-1-1+| ok p=0.87207
Q1:	|+..+.111 0.++..+1 .10-10-0 +1+11+0+| ok p=0.688477
Q2:	|+..0.100 .0+1..01 .10+1.-. -.01.-1+| ok p=1
Q3:	|+1.1^-.0 ..01..1. 0001.... -.+.^0--| ok p=1
Q4:	|10.1-0.0 ..1..... 0.++..1. ..1.-0-1| ok p=1
Q5:	|0..+01.+ ..1.^... -.--.... 1.0.1.-1| ok p=1
Q6:	|...+1+^- ..-.-... +010.... ....0...| ok p=1
Q7:	|.!.1---1 ..0.0..^ -100.... ......0.| ok p=1
Q8:	|1..-110- ..1.1... 0+.....^ ...0..0.| ok p=1
Q9:	|0..-110- ....+... 1+....1- ..!0..+.| ok p=1
Q10:	|00.-+0.- ..1.+... 1+.11100 .10+.00.| ok p=1
Q11:	|-111-11- 1^0^+^.^ 010011+0 ^11+.11^| ok p=1
Q12:	|0-010-0- 0+----^- -00+--0+ ---+^-++| ok p=1
Q13:	|+++-01++ +010-1+1 1-++++01 1+---110| ok p=1
Q14:	|0110.+00 01-0.101 10-.1-.0 +11001-1| ok p=1
Q15:	|1+11.--0 +.-.0.00 -110+0.. 01+00.-.| ok p=0.943359
Q16:	|.+...0.. 0.+.0... 1.1.+0.. --..0.-.| ok p=0.742188
Q17:	|.1...0^. -.-.1... +...0... 0.^.1.0.| ok p=0.46582
Q18:	|.-...1.. ..+.-... +...1-.. +^..+.1.| ok p=0.945312
Q19:	|.-.0.+.. ^.+....0 -....-.. ........| ok p=0.732422
Q20:	|.001...0 ..1.^..1 -..0.1.0 ^...^...| ok p=1
Q21:	|.11-.^.1 ..1....- 0..1.0.1 ....0...| ok p=0.376953
Q22:	|..+....+ ........ 0..+...- ....1...| ok p=0.689453
Q23:	|...^.... ..0....^ ........ ....+.0.| ok p=1
Q24:	|..^....^ ..1...0. ...^...^ .0....1.| ok p=0.80957
Q25:	|........ ..-...1. ........ ....^.-.| ok p=0.869141
Q26:	|.....0.. ......-. ........ 0+......| ok p=1
Q27:	|.....1.. ..^..... ........ 1+....^.| ok p=0.985352
Q28:	|.....+.. ......^. ........ +-......| ok p=0.986328
Q29:	|.....0.. ........ ........ .0......| ok p=0.988281
Q30:	|.....-.. ........ ........ ^1......| ok p=1
Q31:	|.....-.. ........ ........ ........| ok p=0.981445
Q32:	|........ ........ ........ ........| ok p=1
Q33:	|.....!.. ........ ........ ........| ok p=1
Q34:	|........ ........ ........ ........| ok p=1
Q35:	|........ ........ ........ ........|
Best path: totcompl=-19 tottunnel=36, totcond=555, p=0.0264984
Best paths: 2
Best paths: 4
Best paths: 8
Q-3:	|00001100 10001001 10101110 00100110|
Q-2:	|+00-++10 0+111101 00-+0000 00-+010-|
Q-1:	|+0110-10 +-001110 11-0++++ +++1++++|
Q0:	|+1001+-- 0--0100+ 0++1-001 010-1-1+| ok p=0.868164
Q1:	|+..+.111 0.++..+1 .10-10-0 +1+11+0+| ok p=0.700195
Q2:	|+..0.100 .0+1..01 110+1.-. -.01.-1+| ok p=1
Q3:	|+1.1^-.0 ..01..1. 0.01.... -.+.^0--| ok p=1
Q4:	|10.1-0.0 ..1..... 0.++..1. ..1.-0-1| ok p=1
Q5:	|0..+01.+ ..1.^... -.--.... 1.0.1.-1| ok p=1
Q6:	|...+1+^- ..-.-... +010.... ....0...| ok p=1
Q7:	|.!.1---1 ..0.0..^ -100.... ......00| ok p=1
Q8:	|!..-111- ..1.1... 0+.....^ ...0...0| ok p=1
Q9:	|0..-110- ....+... 1+....0- ...0...+| ok p=1
Q10:	|00.-+0.- ..1.+... 1+.11110 .10+...-| ok p=1
Q11:	|-111-11- 1^0^+^.^ 010011+0 ^11+.^^-| ok p=1
Q12:	|0-010-0- 0+----^- -00+--0+ ---+^-++| ok p=1
Q13:	|+++-01++ +010-1+1 1-++++01 1+---111| ok p=1
Q14:	|0110.+00 01-0.101 10-.1-.0 +11001-0| ok p=1
Q15:	|1+11.--0 +.-.0.0. -000+0.. 01+00.-.| ok p=0.957031
Q16:	|.+...0.. 0.+.0... 1.0.+0.. --..0.-.| ok p=0.734375
Q17:	|.1...0^. -.-.1... +...0... 0.^.1.0.| ok p=0.479492
Q18:	|.-...1.. ..+.-... +...1-.. +^..+.1.| ok p=0.948242
Q19:	|.-.0.+.. ^.+....0 -....-.. ........| ok p=0.748047
Q20:	|.001...0 ..1.^..1 -..0.1.0 ^...^...| ok p=1
Q21:	|.11-.^.1 ..1....- 0..1.0.1 ....0...| ok p=0.391602
Q22:	|..+....+ ........ 0..+...- ....1...| ok p=0.641602
Q23:	|...^.... ..0....^ ........ ....+.0.| ok p=1
Q24:	|..^....^ ..1...0. ...^...^ .0....1.| ok p=0.808594
Q25:	|........ ..-...1. ........ ....^.-.| ok p=0.894531
Q26:	|.....0.. ......-. ........ 0+......| ok p=1
Q27:	|.....1.. ..^..... ........ 1+....^.| ok p=0.986328
Q28:	|.....+.. ......^. ........ +-......| ok p=0.990234
Q29:	|.....0.. ........ ........ .0......| ok p=0.980469
Q30:	|.....-.. ........ ........ ^1......| ok p=1
Q31:	|.....-.. ........ ........ ........| ok p=0.983398
Q32:	|........ ........ ........ ........| ok p=1
Q33:	|.....!.. ........ ........ ........| ok p=1
Q34:	|........ ........ ........ ........| ok p=1
Q35:	|........ ........ ........ ........|
Best path: totcompl=-18 tottunnel=37, totcond=553, p=0.0266639
Best paths: 2
Best paths: 4
Best paths: 8
Best paths: 16
Best paths: 32
Best paths: 64
Q-3:	|00001100 10001001 10101110 00100110|
Q-2:	|+00-++10 0+111101 00-+0000 00-+010-|
Q-1:	|+0110-10 +-001110 11-0++++ +++1++++|
Q0:	|+1001+-- 0--0100+ 0++1-001 010-1-1+| ok p=0.870117
Q1:	|+..+.100 1.++..+0 .01-11-1 +1+01+1+| ok p=0.764648
Q2:	|+00-.100 .0--..0+ .00-0.-. -.+1.+0+| ok p=1
Q3:	|10.1.-.. ..1-..+- ..-..0.. -.+..++.| ok p=1
Q4:	|+1.0.0.^ .00-..-- ..11.00. 1.....01| ok p=1
Q5:	|+....1.+ .1--..++ ..+..+.. +.0..00.| ok p=1
Q6:	|+.!....1 .-1-..10 1.-^^-.. -.....-.| ok p=1
Q7:	|+0.....0 .001..-- 0.--.+.. +.....+.| ok p=1
Q8:	|-1.1...0 .0.01.-- ...0.+.. 0.....+0| ok p=1
Q9:	|++11...+ ....0.1- ..11.+0. 1.....+0| ok p=1
Q10:	|+0.+...- .0..-0-+ 00.01110 0.....--| ok p=1
Q11:	|1+.0.0.0 110101-1 11111000 1.1...+-| ok p=1
Q12:	|1+^1^0^1 0+000-++ +-0-++++ +^0^^^++| ok p=1
Q13:	|0-+-++-. -1--+10- 1------- ------10| ok p=1
Q14:	|.0100+1. 00-10101 +.-.0-11 01000100| ok p=1
Q15:	|.+1-10-. +.-01..0 -1+00100 11+000-.| ok p=0.893555
Q16:	|.+...1.. +.+.0... 0.1..+.. 0-..0.-.| ok p=0.698242
Q17:	|.1.^.-^. -.-.1... +.1..0.. 1.^.1.0.| ok p=0.5625
Q18:	|.-...-.. 0.+.-... +....0.. +^..+.1.| ok p=0.865234
Q19:	|.-.0.+.. 1.+....0 -....-.. ........| ok p=0.745117
Q20:	|.001.0.0 ..1.^..1 -..0...0 ^...^...| ok p=1
Q21:	|.11-.1.1 ..1....- 0..1.^.1 ....0...| ok p=0.368164
Q22:	|..+....+ ........ 0..+...- ....1...| ok p=0.612305
Q23:	|...^.... ..0....^ ........ ....+.0.| ok p=1
Q24:	|..^....^ ..1...0. ...^...^ .0....1.| ok p=0.826172
Q25:	|........ ..-...1. ........ ....^.-.| ok p=0.871094
Q26:	|.....0.. ......-. ........ 0+......| ok p=1
Q27:	|.....1.. ..^..... ........ 1+....^.| ok p=0.982422
Q28:	|.....+.. ......^. ........ +-......| ok p=0.984375
Q29:	|.....0.. ........ ........ .0......| ok p=0.985352
Q30:	|.....-.. ........ ........ ^1......| ok p=1
Q31:	|.....-.. ........ ........ ........| ok p=0.988281
Q32:	|........ ........ ........ ........| ok p=1
Q33:	|.....!.. ........ ........ ........| ok p=1
Q34:	|........ ........ ........ ........| ok p=1
Q35:	|........ ........ ........ ........|
Best path: totcompl=-17 tottunnel=38, totcond=553, p=0.0224853
Best paths: 2
Best paths: 4
Best paths: 8
Q-3:	|00001100 10001001 10101110 00100110|
Q-2:	|+00-++10 0+111101 00-+0000 00-+010-|
Q-1:	|+0110-10 +-001110 11-0++++ +++1++++|
Q0:	|+1001+-- 0--0100+ 0++1-001 010-1-1+| ok p=0.888672
Q1:	|+..+.100 1.++..+0 .01-11-1 +1+01+1+| ok p=0.769531
Q2:	|+0.-.100 .0--..0+ .00-0.-. -.+1.+0+| ok p=1
Q3:	|10^1.-.. ..1-..+- ..-..0.. -.+..++.| ok p=1
Q4:	|+1.0.0.^ .00-..-- ..11.00. 1.....01| ok p=1
Q5:	|+....1.+ .1--..++ ..+..+.. +.0..00.| ok p=1
Q6:	|+.!....1 .-1-..10 1.-^^-.. -.....-.| ok p=1
Q7:	|+0.....0 .00...-- 0.--.+.. +.....+.| ok p=1
Q8:	|-1.....0 .0101.-- ...0.+.. 0.....+0| ok p=1
Q9:	|++.^...+ ....0.1- ..11.+0. 1.....+0| ok p=1
Q10:	|-0.+...- .0..-0-+ 00.01110 1.....--| ok p=1
Q11:	|0+.0.0.0 111001-1 11111001 000...+-| ok p=1
Q12:	|1+^1^0^1 0+010-++ +-0-++++ +11^^^++| ok p=1
Q13:	|0-+-++-. -1--+10- 1------- ------10| ok p=1
Q14:	|.0100+1. 00-10101 +.-.0-11 01000100| ok p=1
Q15:	|.+1-10-. +.-01..0 -1+00100 11+000-.| ok p=0.869141
Q16:	|.+...1.. +.+.0... 0.1..+.. 0-..0.-.| ok p=0.664062
Q17:	|.1.^.-^. -.-.1... +.1..0.. 1.^.1.0.| ok p=0.529297
Q18:	|.-...-.. 0.+.-... +....0.. +^..+.1.| ok p=0.84668
Q19:	|.-.0.+.. 1.+....0 -....-.. ........| ok p=0.75293
Q20:	|.001.0.0 ..1.^..1 -..0...0 ^...^...| ok p=1
Q21:	|.11-.1.1 ..1....- 0..1.^.1 ....0...| ok p=0.388672
Q22:	|..+....+ ........ 0..+...- ....1...| ok p=0.686523
Q23:	|...^.... ..0....^ ........ ....+.0.| ok p=1
Q24:	|..^....^ ..1...0. ...^...^ .0....1.| ok p=0.795898
Q25:	|........ ..-...1. ........ ....^.-.| ok p=0.868164
Q26:	|.....0.. ......-. ........ 0+......| ok p=1
Q27:	|.....1.. ..^..... ........ 1+....^.| ok p=0.980469
Q28:	|.....+.. ......^. ........ +-......| ok p=0.991211
Q29:	|.....0.. ........ ........ .0......| ok p=0.974609
Q30:	|.....-.. ........ ........ ^1......| ok p=1
Q31:	|.....-.. ........ ........ ........| ok p=0.980469
Q32:	|........ ........ ........ ........| ok p=1
Q33:	|.....!.. ........ ........ ........| ok p=1
Q34:	|........ ........ ........ ........| ok p=1
Q35:	|........ ........ ........ ........|
Best path: totcompl=-16 tottunnel=39, totcond=552, p=0.0266037
**