Warning: no OS randomness!
Extend MD5 differential paths forward
Copyright (C) 2009 Marc Stevens
http://homepages.cwi.nl/~stevens/

delta_m[11] = [!26!]
Loading workdir2/lowerpath.bin.gz...done: 1. (5.50747e-05s)
Estimating maxcond for upper bound 1500000 (=750000 * 2)...
t=1:  0%   10   20   30   40   50   60   70   80   90   100%
      |----|----|----|----|----|----|----|----|----|----|
e     ***************************************************
Found maxcond = 153
t=1:  0%   10   20   30   40   50   60   70   80   90   100%
      |----|----|----|----|----|----|----|----|----|----|
      ***************************************************
Q-3:	|00001100 10001001 10101110 00100110|
Q-2:	|+00-++10 0+111101 00-+0000 00-+010-|
Q-1:	|+0110-10 +-001110 11-0++++ +++1++++|
Q0:	|+1001+-- 0--0100+ 0++1-001 010-1-1+| ok p=0.870117
Q1:	|+..+.100 1.++..+0 .01-011- -1+01+1+| ok p=0.706055
Q2:	|+..-...+ .-..-..+ ...-..-. -.+..+.+|
Saving 147456 paths...cached.
Autobalance parameters: maxcond=153 (ab#:0)
Verified: 262144 bad out of 409600
Estimating maxcond for upper bound 3000000 (=1500000 * 2)...
t=2:  0%   10   20   30   40   50   60   70   80   90   100%
      |----|----|----|----|----|----|----|----|----|----|
e     ***************************************************
Found maxcond = 173
t=2:  0%   10   20   30   40   50   60   70   80   90   100%
      |----|----|----|----|----|----|----|----|----|----|
      ***************************************************
Q-3:	|00001100 10001001 10101110 00100110|
Q-2:	|+00-++10 0+111101 00-+0000 00-+010-|
Q-1:	|+0110-10 +-001110 11-0++++ +++1++++|
Q0:	|+1001+-- 0--0100+ 0++1-001 010-1-1+| ok p=0.864258
Q1:	|+..+.011 1.++..+0 .01-100- 1-0---0+| ok p=0.727539
Q2:	|+..-.111 .11+..++ .110++.+ .0..-.--| ok p=0.880859
Q3:	|.+.+..-. .-.+...- ....+.-. ..-.-..+|
Saving 1500000 paths...cached.
Autobalance parameters: maxcond=172 (ab#:24)
Verified: 0 bad out of 1511424
Estimating maxcond for upper bound 6000000 (=3000000 * 2)...
t=3:  0%   10   20   30   40   50   60   70   80   90   100%
      |----|----|----|----|----|----|----|----|----|----|
e     ***************************************************
Found maxcond = 185
t=3:  0%   10   20   30   40   50   60   70   80   90   100%
      |----|----|----|----|----|----|----|----|----|----|
      ***************************************************
Q-3:	|00001100 10001001 10101110 00100110|
Q-2:	|+00-++10 0+111101 00-+0000 00-+010-|
Q-1:	|+0110-10 +-001110 11-0++++ +++1++++|
Q0:	|+1001+-- 0--0100+ 0++1-001 010-1-1+| ok p=0.882812
Q1:	|+..+.111 0.++..+1 .10-10-1 +1+01+1+| ok p=0.814453
Q2:	|+..1.100 .1+-..0+ .00-0.-. -.01.-.+| ok p=0.509766
Q3:	|...+.-.. ...-..1+ ........ 0.1..0..| ok p=0.542969
Q4:	|+.+.+... +..-.+.+ .+.-.... .+.+..+.|
Saving 3000000 paths...cached.
Autobalance parameters: maxcond=184 (ab#:1)
Verified: 10 bad out of 3247260
Estimating maxcond for upper bound 6000000 (=3000000 * 2)...
t=4:  0%   10   20   30   40   50   60   70   80   90   100%
      |----|----|----|----|----|----|----|----|----|----|
e     ***************************************************
Found maxcond = 199
t=4:  0%   10   20   30   40   50   60   70   80   90   100%
      |----|----|----|----|----|----|----|----|----|----|
      ***************************************************
Q-3:	|00001100 10001001 10101110 00100110|
Q-2:	|+00-++10 0+111101 00-+0000 00-+010-|
Q-1:	|+0110-10 +-001110 11-0++++ +++1++++|
Q0:	|+1001+-- 0--0100+ 0++1-001 010-1-1+| ok p=0.865234
Q1:	|+..+.100 1.++..+1 .10-10-0 +1+11+1+| ok p=0.754883
Q2:	|-..1.100 V0+0..01 .1-+1.-. -.+0.+.+| ok p=0.845703
Q3:	|-..1.-.. ..+1..1. ..01.... -.+..+.+| ok p=0.264648
Q4:	|.....0.. +....... ..++..1. .......-| ok p=0.795898
Q5:	|..+.+.+. -..-...- .+.+.+.+ ....+..-|
Saving 3000000 paths...cached.
Autobalance parameters: maxcond=198 (ab#:1)
Verified: 53498 bad out of 3815265
Estimating maxcond for upper bound 6000000 (=3000000 * 2)...
t=5:  0%   10   20   30   40   50   60   70   80   90   100%
      |----|----|----|----|----|----|----|----|----|----|
e     ***************************************************
Found maxcond = 215
t=5:  0%   10   20   30   40   50   60   70   80   90   100%
      |----|----|----|----|----|----|----|----|----|----|
      ***************************************************
Q-3:	|00001100 10001001 10101110 00100110|
Q-2:	|+00-++10 0+111101 00-+0000 00-+010-|
Q-1:	|+0110-10 +-001110 11-0++++ +++1++++|
Q0:	|+1001+-- 0--0100+ 0++1-001 010-1-1+| ok p=0.873047
Q1:	|+..+.111 0.++..+0 .1-+10-0 +1+11+0+| ok p=0.550781
Q2:	|+..-.+11 00+0..10 .11+1.-. -.01.-.+| ok p=0.625
Q3:	|0..+.0.. 1..1..1. .11+..-. -.0..+.-| ok p=0.481445
Q4:	|+..+.+.. -.0...1. .+.0..-. ..-..-.+| ok p=0.388672
Q5:	|+....-.. +.....-. .+.+.... 1.+..+.+| ok p=0.97168
Q6:	|+....-.+ .+..-.-. ..+..... +.-....-|
Saving 3000000 paths...cached.
Autobalance parameters: maxcond=214 (ab#:1)
Verified: 30392 bad out of 3153621
Estimating maxcond for upper bound 6000000 (=3000000 * 2)...
t=6:  0%   10   20   30   40   50   60   70   80   90   100%
      |----|----|----|----|----|----|----|----|----|----|
e     ***************************************************
Found maxcond = 229
t=6:  0%   10   20   30   40   50   60   70   80   90   100%
      |----|----|----|----|----|----|----|----|----|----|
      ***************************************************
Q-3:	|00001100 10001001 10101110 00100110|
Q-2:	|+00-++10 0+111101 00-+0000 00-+010-|
Q-1:	|+0110-10 +-001110 11-0++++ +++1++++|
Q0:	|+1001+-- 0--0100+ 0++1-001 010-1-1+| ok p=0.898438
Q1:	|+..+.111 0.++..+0 .1-+10-0 +1+11+0+| ok p=0.539062
Q2:	|+..-.+11 00+0..10 .01+1.-. -.01.-.+| ok p=0.763672
Q3:	|+..+.1.. 1.11..10 .11+..-. -.1..+.-| ok p=0.517578
Q4:	|...+.-V. -.0V...+ .+....-. ..-..-.1| ok p=0.765625
Q5:	|0..-.+.. +.+....- .+.0.... 0.-..+.0| ok p=0.958984
Q6:	|...-.++. +.--...- ......1. ..-..-..| ok p=0.364258
Q7:	|+..+...+ ...+.+.. ..+..... ..-..-.+|
Saving 3000000 paths...cached.
Autobalance parameters: maxcond=228 (ab#:1)
Verified: 11332 bad out of 3691883
Estimating maxcond for upper bound 6000000 (=3000000 * 2)...
t=7:  0%   10   20   30   40   50   60   70   80   90   100%
      |----|----|----|----|----|----|----|----|----|----|
e     ***************************************************
Found maxcond = 241
t=7:  0%   10   20   30   40   50   60   70   80   90   100%
      |----|----|----|----|----|----|----|----|----|----|
      ***************************************************
Q-3:	|00001100 10001001 10101110 00100110|
Q-2:	|+00-++10 0+111101 00-+0000 00-+010-|
Q-1:	|+0110-10 +-001110 11-0++++ +++1++++|
Q0:	|+1001+-- 0--0100+ 0++1-001 010-1-1+| ok p=0.868164
Q1:	|+..+.101 0.++..+0 .01-01-1 +1+11+1+| ok p=1
Q2:	|-..-.1+- .0--..10 .10-1.-. -.+1.-.+| ok p=0.72168
Q3:	|-V.+..-- .11-..1V ..-...1. -.+..+.-| ok p=0.517578
Q4:	|.1.+..10 .+1+...1 ..10..1. 0....-.+| ok p=0.674805
Q5:	|0-....1+ .+.-...- ..+...+V +.1..+.1| ok p=0.984375
Q6:	|.-.1...1 .0.0...+ ..1...+. +....1.+| ok p=0.492188
Q7:	|.-.....1 .+.+...1 ..+....- .....1.-| ok p=0.513672
Q8:	|+.-..... .-...+.. .+.-...- .+..+...|
Saving 2528642 paths...cached.
Autobalance parameters: maxcond=241 (ab#:0)
Verified: 3444 bad out of 2532086
Estimating maxcond for upper bound 6000000 (=3000000 * 2)...
t=8:  0%   10   20   30   40   50   60   70   80   90   100%
      |----|----|----|----|----|----|----|----|----|----|
e     **************************************************Found maxcond = 253
t=8:  0%   10   20   30   40   50   60   70   80   90   100%
      |----|----|----|----|----|----|----|----|----|----|
      **************************************************Q-3:	|00001100 10001001 10101110 00100110|
Q-2:	|+00-++10 0+111101 00-+0000 00-+010-|
Q-1:	|+0110-10 +-001110 11-0++++ +++1++++|
Q0:	|+1001+-- 0--0100+ 0++1-001 010-1-1+| ok p=0.865234
Q1:	|+..+.101 0.++..+0 .01-01-1 +1+11+1+| ok p=0.744141
Q2:	|+..-.0+- .0--..00 .00-1.-. -.+0.-.+| ok p=0.621094
Q3:	|0..+..-- .0--..1. ..-0+... -.+..1..| ok p=0.53125
Q4:	|-..+..-+ .+.+..1. ..0+0.0. 0.0..-.1| ok p=0.543945
Q5:	|0..+..10 .+10..-. ..++1... +.1..+..| ok p=0.507812
Q6:	|1..+..-0 ...+V.1. ..---... +.-..+..| ok p=0.748047
Q7:	|...-..-. .1.+..0. ..100... +.0.....| ok p=0.561523
Q8:	|...+..-. ....-... ..-1-... ..1..1..| ok p=0.836914
Q9:	|.+.-.+.+ ........ +.-.-.+. ....+..-|
Saving 2193623 paths...cached.
Autobalance parameters: maxcond=253 (ab#:0)
Verified: 10200 bad out of 2203823
Estimating maxcond for upper bound 6000000 (=3000000 * 2)...
t=9:  0%   10   20   30   40   50   60   70   80   90   100%
      |----|----|----|----|----|----|----|----|----|----|
e     **************************************************Found maxcond = 265
t=9:  0%   10   20   30   40   50   60   70   80   90   100%
      |----|----|----|----|----|----|----|----|----|----|
      **************************************************Q-3:	|00001100 10001001 10101110 00100110|
Q-2:	|+00-++10 0+111101 00-+0000 00-+010-|
Q-1:	|+0110-10 +-001110 11-0++++ +++1++++|
Q0:	|+1001+-- 0--0100+ 0++1-001 010-1-1+| ok p=0.881836
Q1:	|+..+.100 1.++..+0 .01-11-1 +1+01+1+| ok p=0.725586
Q2:	|+..-.100 .0--..0+ .00-0.-. -.+1.+0+| ok p=0.639648
Q3:	|1..1.-.V ..1-..+- ..-..V.. -.+..++.| ok p=0.380859
Q4:	|+..0.0.. .00-..-- ..11.00. 1.....01| ok p=1
Q5:	|+....1.+ .1--..++ ..+V.+.. +.0..00.| ok p=0.478516
Q6:	|+......1 .-1-..10 ..-..-.. -.....-.| ok p=0.551758
Q7:	|+V.....0 .11...-- ..--.+.. +.....+.| ok p=0.988281
Q8:	|+......0 .0.0..-- ...0.-.. 0.....+.| ok p=0.749023
Q9:	|.-.....+ .......- ..11.-.. 1.....+.| ok p=0.808594
Q10:	|+..+...- .-..-..- .....-.. .....-.+|
Saving 3000000 paths...cached.
Autobalance parameters: maxcond=264 (ab#:1)
Verified: 15988 bad out of 3103411
Estimating maxcond for upper bound 6000000 (=3000000 * 2)...
t=10: 0%   10   20   30   40   50   60   70   80   90   100%
      |----|----|----|----|----|----|----|----|----|----|
e     ***************************************************
Found maxcond = 277
t=10: 0%   10   20   30   40   50   60   70   80   90   100%
      |----|----|----|----|----|----|----|----|----|----|
      ***************************************************
Q-3:	|00001100 10001001 10101110 00100110|
Q-2:	|+00-++10 0+111101 00-+0000 00-+010-|
Q-1:	|+0110-10 +-001110 11-0++++ +++1++++|
Q0:	|+1001+-- 0--0100+ 0++1-001 010-1-1+| ok p=0.87793
Q1:	|+..+.100 1.++..+0 .01-11-1 +1+01+1+| ok p=0.744141
Q2:	|+..-.100 .0--..0+ .00-0.-. -.+1.+0+| ok p=0.62793
Q3:	|1..1.-.V ..1-..+- ..-..V.. -.+..++.| ok p=0.366211
Q4:	|+..0.0.. .00-..-- ..11.00. 1.....01| ok p=1
Q5:	|+....1.+ .1--..++ ..+V.+.. +.0..00.| ok p=0.469727
Q6:	|+......1 .-1-..10 ..-..-.. -.....-.| ok p=0.533203
Q7:	|+0.....0 .00...-- ..--.+.. +.....+.| ok p=0.986328
Q8:	|+1.V...0 .0.0..-- ...0.+.. 0.....+V| ok p=0.53125
Q9:	|0-.....+ .......- ..11.+.. 0.....+.| ok p=0.755859
Q10:	|+0.+...- ......1- ........ ......--| ok p=0.345703
Q11:	|.+...... ....+... ........ ...-.+.+|
Saving 3000000 paths...cached.
Autobalance parameters: maxcond=276 (ab#:1)
Verified: 83260 bad out of 3692601
Estimating maxcond for upper bound 6000000 (=3000000 * 2)...
t=11: 0%   10   20   30   40   50   60   70   80   90   100%
      |----|----|----|----|----|----|----|----|----|----|
e     ***************************************************
Found maxcond = 286
t=11: 0%   10   20   30   40   50   60   70   80   90   100%
      |----|----|----|----|----|----|----|----|----|----|
      ***************************************************
Q-3:	|00001100 10001001 10101110 00100110|
Q-2:	|+00-++10 0+111101 00-+0000 00-+010-|
Q-1:	|+0110-10 +-001110 11-0++++ +++1++++|
Q0:	|+1001+-- 0--0100+ 0++1-001 010-1-1+| ok p=0.878906
Q1:	|+..+.111 0.++..+1 .10-10-0 +1+11+0+| ok p=0.689453
Q2:	|+..0V100 .0+1..01 .10+1.-. -.01V-1+| ok p=0.904297
Q3:	|+..1.-.V ...1..1. V.01.... -.+..0--| ok p=0.549805
Q4:	|...1-0.0 ..1.V... 0.++..1. ..1.-0-1| ok p=0.869141
Q5:	|0..+01V+ ..1..... -.--.... 1.0.1.-1| ok p=1
Q6:	|...+1+.- ..-.-... +010.... ....0...| ok p=0.427734
Q7:	|...1---1 ..0.0... -100...V ......0V| ok p=0.923828
Q8:	|...-111- ..1.1... 0+...... .......0| ok p=1
Q9:	|...-11-+ ....+... +-.....- .......+| ok p=0.910156
Q10:	|...-..++ ....+... +-.....1 .......-| ok p=0.841797
Q11:	|...-..1+ ....+... .......1 .......-| ok p=0.893555
Q12:	|...-...+ ......+. -.....+. ..+....-|
Saving 2149095 paths...done. (4.42536s)
Autobalance parameters: maxcond=286 (ab#:0)
Verified: 4382 bad out of 2153477
Runtime: 62.7841
