Warning: no OS randomness!
MD5 differential path toolbox
Copyright (C) 2009 Marc Stevens
http://homepages.cwi.nl/~stevens/

Loading workdir2/latest_bestpaths.bin.gz...done (loaded 2 paths).
Loading workdir2/bestpaths_t37_c553.bin.gz...done (loaded 1 paths).
Loading workdir2/bestpaths_t37_c554.bin.gz...done (loaded 2 paths).
Saving 5 paths to workdir2/joint_bestpaths.bin.gz...done.
Warning: no OS randomness!
MD5 differential path toolbox
Copyright (C) 2009 Marc Stevens
http://homepages.cwi.nl/~stevens/

Loading workdir2/latest_bestpaths.bin.gz...done (loaded 8 paths).
Loading workdir2/bestpaths_t37_c553.bin.gz...done (loaded 1 paths).
Loading workdir2/bestpaths_t37_c554.bin.gz...done (loaded 2 paths).
Loading workdir2/bestpaths_t37_c556.bin.gz...done (loaded 4 paths).
Loading workdir2/bestpaths_t37_c557.bin.gz...done (loaded 8 paths).
Saving 23 paths to workdir2/joint_bestpaths.bin.gz...done.
Warning: no OS randomness!
MD5 differential path toolbox
Copyright (C) 2009 Marc Stevens
http://homepages.cwi.nl/~stevens/

Loading workdir2/latest_bestpaths.bin.gz...done (loaded 16 paths).
Loading workdir2/bestpaths_t37_c553.bin.gz...done (loaded 1 paths).
Loading workdir2/bestpaths_t37_c554.bin.gz...done (loaded 2 paths).
Loading workdir2/bestpaths_t37_c556.bin.gz...done (loaded 4 paths).
Loading workdir2/bestpaths_t37_c557.bin.gz...done (loaded 16 paths).
Saving 39 paths to workdir2/joint_bestpaths.bin.gz...done.
Warning: no OS randomness!
MD5 differential path toolbox
Copyright (C) 2009 Marc Stevens
http://homepages.cwi.nl/~stevens/

Loading workdir2/latest_bestpaths.bin.gz...done (loaded 32 paths).
Loading workdir2/bestpaths_t37_c553.bin.gz...done (loaded 1 paths).
Loading workdir2/bestpaths_t37_c554.bin.gz...done (loaded 2 paths).
Loading workdir2/bestpaths_t37_c556.bin.gz...done (loaded 4 paths).
Loading workdir2/bestpaths_t37_c557.bin.gz...done (loaded 32 paths).
Saving 71 paths to workdir2/joint_bestpaths.bin.gz...done.
Warning: no OS randomness!
MD5 differential path toolbox
Copyright (C) 2009 Marc Stevens
http://homepages.cwi.nl/~stevens/

Loading workdir2/latest_bestpaths.bin.gz...done (loaded 64 paths).
Loading workdir2/bestpaths_t37_c553.bin.gz...done (loaded 1 paths).
Loading workdir2/bestpaths_t37_c554.bin.gz...done (loaded 2 paths).
Loading workdir2/bestpaths_t37_c556.bin.gz...done (loaded 64 paths).
Loading workdir2/bestpaths_t37_c557.bin.gz...done (loaded 32 paths).
Saving 163 paths to workdir2/joint_bestpaths.bin.gz...done.
Warning: no OS randomness!
MD5 differential path toolbox
Copyright (C) 2009 Marc Stevens
http://homepages.cwi.nl/~stevens/

Loading workdir2/latest_bestpaths.bin.gz...done (loaded 1 paths).
Loading workdir2/bestpaths_t37_c553.bin.gz...done (loaded 1 paths).
Loading workdir2/bestpaths_t37_c554.bin.gz...done (loaded 2 paths).
Loading workdir2/bestpaths_t37_c556.bin.gz...done (loaded 64 paths).
Loading workdir2/bestpaths_t37_c557.bin.gz...done (loaded 32 paths).
Loading workdir2/bestpaths_t38_c553.bin.gz...done (loaded 1 paths).
Saving 101 paths to workdir2/joint_bestpaths.bin.gz...done.
Warning: no OS randomness!
MD5 differential path toolbox
Copyright (C) 2009 Marc Stevens
http://homepages.cwi.nl/~stevens/

Loading workdir2/latest_bestpaths.bin.gz...done (loaded 1 paths).
Loading workdir2/bestpaths_t37_c553.bin.gz...done (loaded 1 paths).
Loading workdir2/bestpaths_t37_c554.bin.gz...done (loaded 2 paths).
Loading workdir2/bestpaths_t37_c556.bin.gz...done (loaded 64 paths).
Loading workdir2/bestpaths_t37_c557.bin.gz...done (loaded 32 paths).
Loading workdir2/bestpaths_t38_c553.bin.gz...done (loaded 1 paths).
Loading workdir2/bestpaths_t38_c554.bin.gz...done (loaded 8 paths).
Loading workdir2/bestpaths_t38_c557.bin.gz...done (loaded 4 paths).
Loading workdir2/bestpaths_t39_c552.bin.gz...done (loaded 1 paths).
Saving 114 paths to workdir2/joint_bestpaths.bin.gz...done.
