Warning: no OS randomness!
MD5 differential path toolbox
Copyright (C) 2009 Marc Stevens
http://homepages.cwi.nl/~stevens/

IHV1   = {210349606,1265113438,911138832,305995813}
IHV1   = 26ae890c5e19684b10e04e3625203d12

IHV2   = {210349606,3423170891,2995703807,2390560788}
IHV2   = 26ae890c4b7109ccffcf8eb214107d8e

dIHV   = {0,2158057453,2084564975,2084564975}
NC0: delta c = delta d = [!0,31!]
NC0: delta b           = [!0,21,-23,31!]
NC1: delta c = delta d = [!4!]
NC1: delta b           = [!4,-26!]
NC2: delta c = delta d = [!12!]
NC2: delta b           = [!1,12!]
NC3: delta c = delta d = [!-22!]
NC3: delta b           = [!-11,13,-22!]
NC4: delta c = delta d = [!26!]
NC4: delta b           = [!15,-17,26!]
NC0: prob=-9.1502
NC1: prob=-4.98819
NC2: prob=-5.8406
NC3: prob=-6.1633
NC4: prob=-6.25553
delta m_11 = [!26!]
Q-3:	|00001100 10001001 10101110 00100110|
Q-2:	|+00-++10 0+111101 00-+0000 00-+010-|
Q-1:	|+0110-10 +-001110 11-0++++ +++1++++|
Q0:	|+1001+-- 0--0100+ 0++1-001 010-1-1+| ok p=0.40332
Q1:	|+..+.... .+.-..+. ...-..-. +.+..+.+|
Saved lower diff. path to 'workdir2/lowerpath.bin.gz'.

Q34:	|........ ........ ........ ........|
Q35:	|........ ........ ........ ........|
Q36:	|........ ........ ........ ........|
Q37:	|........ ........ ........ ........| ok p=1
Q38:	|........ ........ ........ ........| ok p=1
Q39:	|........ ........ ........ ........| ok p=1
Q40:	|........ ........ ........ ........| ok p=1
Q41:	|........ ........ ........ ........| ok p=1
Q42:	|........ ........ ........ ........| ok p=1
Q43:	|........ ........ ........ ........| ok p=1
Q44:	|........ ........ ........ ........| ok p=1
Q45:	|........ ........ ........ ........| ok p=1
Q46:	|........ ........ ........ ........| ok p=1
Q47:	|........ ........ ........ ........| ok p=1
Q48:	|........ ........ ........ ........| ok p=1
Q49:	|........ ........ ........ ........| ok p=1
Q50:	|........ ........ ........ ........| ok p=1
Q51:	|........ ........ ........ ........| ok p=1
Q52:	|........ ........ ........ ........| ok p=1
Q53:	|........ ........ ........ ........| ok p=1
Q54:	|........ ........ ........ ........| ok p=1
Q55:	|........ ........ ........ ........| ok p=1
Q56:	|........ ........ ........ ........| ok p=1
Q57:	|........ ........ ........ ........| ok p=1
Q58:	|........ ........ ........ ........| ok p=1
Q59:	|........ ........ ........ ........| ok p=1
Q60:	|........ ........ ........ ..00....| ok p=1
Q61:	|........ ........ ........ ..Q1....| ok p=0.988281
Q62:	|........ ........ ........ ..+-....| ok p=1
Q63:	|........ ........ ........ ...+....| ok p=0.977539
Q64:	|.....-.. ........ ........ ...+....|
Saved upper diff. path to 'workdir2/upperpath.bin.gz'.
Saved 'md5diffpathforward.cfg'.
Saved 'md5diffpathbackward.cfg'.
Saved 'md5diffpathconnect.cfg'.
Saved 'md5diffpathhelper.cfg'.
