Warning: no OS randomness!
MD5 differential path toolbox
Copyright (C) 2009 Marc Stevens
http://homepages.cwi.nl/~stevens/

delta_m[11] = [!-12!]
Q-3:	|00001001 01010110 00100101 00010111|
Q-2:	|+01-++11 +-011110 00100000 0111001-|
Q-1:	|-0-+++10 1+111111 11000000 0111110-|
Q0:	|+0000-+- 0--01+-1 --+1+011 011010-+| ok p=1
Q1:	|0.++1-10 .+1-.0+. --+.+.1. +.0..-1+| ok p=1
Q2:	|1.0+..1- .--+.1+. -...-.-. +.-..010| ok p=1
Q3:	|.!-..0.1 100-011^ +10.+.-. +.+..1.-| ok p=1
Q4:	|!.00...1 01-01--. +...1.01 -.-....+| ok p=1
Q5:	|!.+..... +.1+.0+. ....1^-1 0!1....-| ok p=1
Q6:	|.!+.^... 0.11.-+. 1....-1+ 0.-....-| ok p=1
Q7:	|.^+!+... 0..1.-.. ...^.0-- ..-.....| ok p=1
Q8:	|!-0.0... ....!+0. ...+.+1- ..0....0| ok p=1
Q9:	|.11.+01. .....0.. 1..0.1+. .!+.....| ok p=1
Q10:	|!--1+11. .000.-0. 000-!101 00+.....| ok p=1
Q11:	|1-111+-0 ^101^-10 -.1+^101 00+0100^| ok p=1
Q12:	|0+---1+1 -+++--+0 +^+-+--- --00010+| ok p=1
Q13:	|--1-01+- 100-0+++ ++0-1111 +---+-+1| ok p=1
Q14:	|0-0-01.0 1101+0.- 10100111 +.0110-0| ok p=1
Q15:	|0-000001 .-.0-001 01.++.0. +01100+.| ok p=0.737305
Q16:	|.1-0..0+ ..1.+..- ...1..1. -.0...0.| ok p=0.733398
Q17:	|.1....1. .^1.1..0 ...0^.+. +.1...-.| ok p=0.452148
Q18:	|..^+..-^ ..-.0..+ ...1.... -.+...-.| ok p=0.729492
Q19:	|...+.... .......+ .0.-..^. -....0+.| ok p=0.863281
Q20:	|.0.1.0^. ..^....0 01...0.. 1.^..1+.| ok p=1
Q21:	|.1.0.1.. ..0....1 1+.^.1.. 1....+0.| ok p=0.703125
Q22:	|.-...+.. ..1..... -....-.. ......0.| ok p=0.725586
Q23:	|........ ..-.0... .^...... 0....^..| ok p=0.99707
Q24:	|.^...^.0 ....1... ^....^.. 1...0...| ok p=1
Q25:	|........ ..^.+... ........ +...1...| ok p=0.773438
Q26:	|......0- ........ ...0.... ....+...| ok p=1
Q27:	|......1- ....^... ...1.... ^.......| ok p=0.99707
Q28:	|......-+ ........ ...-.... ....^...| ok p=0.99707
Q29:	|.......0 ........ ...0.... ........| ok p=1
Q30:	|......^1 ........ ...+.... ........| ok p=1
Q31:	|........ ........ ...+.... ........| ok p=0.993164
Q32:	|........ ........ ........ ........| ok p=1
Q33:	|........ ........ ...!.... ........| ok p=1
Q34:	|........ ........ ........ ........| ok p=1
Q35:	|........ ........ ........ ........| ok p=1
Q36:	|........ ........ ........ ........| ok p=1
Q37:	|........ ........ ........ ........| ok p=1
Q38:	|........ ........ ........ ........| ok p=1
Q39:	|........ ........ ........ ........| ok p=1
Q40:	|........ ........ ........ ........| ok p=1
Q41:	|........ ........ ........ ........| ok p=1
Q42:	|........ ........ ........ ........| ok p=1
Q43:	|........ ........ ........ ........| ok p=1
Q44:	|........ ........ ........ ........| ok p=1
Q45:	|........ ........ ........ ........| ok p=1
Q46:	|........ ........ ........ ........| ok p=1
Q47:	|........ ........ ........ ........| ok p=1
Q48:	|........ ........ ........ ........| ok p=1
Q49:	|........ ........ ........ ........| ok p=1
Q50:	|........ ........ ........ ........| ok p=1
Q51:	|........ ........ ........ ........| ok p=1
Q52:	|........ ........ ........ ........| ok p=1
Q53:	|........ ........ ........ ........| ok p=1
Q54:	|........ ........ ........ ........| ok p=1
Q55:	|........ ........ ........ ........| ok p=1
Q56:	|........ ........ ........ ........| ok p=1
Q57:	|........ ........ ........ ........| ok p=1
Q58:	|........ ........ ........ ........| ok p=1
Q59:	|........ ........ ........ ........| ok p=1
Q60:	|........ .0...... ........ ........| ok p=1
Q61:	|........ 10...... ........ ........| ok p=0.999023
Q62:	|........ 1-...... ........ ........| ok p=1
Q63:	|........ -+...... ........ ........| ok p=0.99707
Q64:	|........ .-...... ..+.-... ........|
Starting...
20: Q5m5tunnel      = 4
20: Q4m5tunnel      = 1
20: Q14m6Q3m5tunnel = 1
21: Q10m10tunnel    = 5
21: Q9m10tunnel     = 5
22: Q8Q12m15tunnel  = 0
23: Q4m4tunnel      = 11
24: Q9m9tunnel      = 6
25: Q14Q3m14tunnel  = 1
.20: Q5m5tunnel      = 4
20: Q4m5tunnel      = 1
20: Q14m6Q3m5tunnel = 1
21: Q10m10tunnel    = 5
21: Q9m10tunnel     = 5
22: Q8Q12m15tunnel  = 0
23: Q4m4tunnel      = 11
24: Q9m9tunnel      = 6
25: Q14Q3m14tunnel  = 1
.20: Q5m5tunnel      = 4
20: Q4m5tunnel      = 1
20: Q14m6Q3m5tunnel = 1
21: Q10m10tunnel    = 5
21: Q9m10tunnel     = 5
22: Q8Q12m15tunnel  = 0
23: Q4m4tunnel      = 11
24: Q9m9tunnel      = 6
25: Q14Q3m14tunnel  = 1
.1 0
2 0
4 0
8 0
16 0
32 0
64 0
20: Q5m5tunnel      = 4
20: Q4m5tunnel      = 1
20: Q14m6Q3m5tunnel = 1
21: Q10m10tunnel    = 5
21: Q9m10tunnel     = 5
22: Q8Q12m15tunnel  = 0
23: Q4m4tunnel      = 11
24: Q9m9tunnel      = 6
25: Q14Q3m14tunnel  = 1
.128 0
256 0
512 0
20: Q5m5tunnel      = 4
20: Q4m5tunnel      = 1
20: Q14m6Q3m5tunnel = 1
21: Q10m10tunnel    = 5
21: Q9m10tunnel     = 5
22: Q8Q12m15tunnel  = 0
23: Q4m4tunnel      = 11
24: Q9m9tunnel      = 6
25: Q14Q3m14tunnel  = 1
.1024 0
20: Q5m5tunnel      = 4
20: Q4m5tunnel      = 1
20: Q14m6Q3m5tunnel = 1
21: Q10m10tunnel    = 5
21: Q9m10tunnel     = 5
22: Q8Q12m15tunnel  = 0
23: Q4m4tunnel      = 11
24: Q9m9tunnel      = 6
25: Q14Q3m14tunnel  = 1
.2048 0
4096 0
8192 0
16384 0
32768 0
Warning: no OS randomness!
MD5 differential path toolbox
Copyright (C) 2009 Marc Stevens
http://homepages.cwi.nl/~stevens/

delta_m[11] = [!-12!]
Q-3:	|00001001 01010110 00100101 00010111|
Q-2:	|+01-++11 +-011110 00100000 0111001-|
Q-1:	|-0-+++10 1+111111 11000000 0111110-|
Q0:	|+0000-+- 0--01+-1 --+1+011 011010-+| ok p=1
Q1:	|0.++1-10 .+1-.0+. --+.+.1. +.0..-1+| ok p=1
Q2:	|1.0+..1- .--+.1+. -...-.-. +.-..010| ok p=1
Q3:	|.!-..0.1 100-011^ +10.+.-. +.+..1.-| ok p=1
Q4:	|!.00...1 01-01--. +...1.01 -.-....+| ok p=1
Q5:	|!.+..... +.1+.0+. ....1^-1 0!1....-| ok p=1
Q6:	|.!+.^... 0.11.-+. 1....-1+ 0.-....-| ok p=1
Q7:	|.^+!+... 0..1.-.. ...^.0-- ..-.....| ok p=1
Q8:	|!-0.0... ....!+0. ...+.+1- ..0....0| ok p=1
Q9:	|.11.+01. .....0.. 1..0.1+. .!+.....| ok p=1
Q10:	|!--1+11. .000.-0. 000-!101 00+.....| ok p=1
Q11:	|1-111+-0 ^101^-10 -.1+^101 00+0100^| ok p=1
Q12:	|0+---1+1 -+++--+0 +^+-+--- --00010+| ok p=1
Q13:	|--1-01+- 100-0+++ ++0-1111 +---+-+1| ok p=1
Q14:	|0-0-01.0 1101+0.- 10100111 +.0110-0| ok p=1
Q15:	|0-000001 .-.0-001 01.++.0. +01100+.| ok p=0.762695
Q16:	|.1-0..0+ ..1.+..- ...1..1. -.0...0.| ok p=0.740234
Q17:	|.1....1. .^1.1..0 ...0^.+. +.1...-.| ok p=0.443359
Q18:	|..^+..-^ ..-.0..+ ...1.... -.+...-.| ok p=0.712891
Q19:	|...+.... .......+ .0.-..^. -....0+.| ok p=0.865234
Q20:	|.0.1.0^. ..^....0 01...0.. 1.^..1+.| ok p=1
Q21:	|.1.0.1.. ..0....1 1+.^.1.. 1....+0.| ok p=0.732422
Q22:	|.-...+.. ..1..... -....-.. ......0.| ok p=0.717773
Q23:	|........ ..-.0... .^...... 0....^..| ok p=1
Q24:	|.^...^.0 ....1... ^....^.. 1...0...| ok p=1
Q25:	|........ ..^.+... ........ +...1...| ok p=0.765625
Q26:	|......0- ........ ...0.... ....+...| ok p=1
Q27:	|......1- ....^... ...1.... ^.......| ok p=0.995117
Q28:	|......-+ ........ ...-.... ....^...| ok p=0.998047
Q29:	|.......0 ........ ...0.... ........| ok p=1
Q30:	|......^1 ........ ...+.... ........| ok p=1
Q31:	|........ ........ ...+.... ........| ok p=0.996094
Q32:	|........ ........ ........ ........| ok p=1
Q33:	|........ ........ ...!.... ........| ok p=1
Q34:	|........ ........ ........ ........| ok p=1
Q35:	|........ ........ ........ ........| ok p=1
Q36:	|........ ........ ........ ........| ok p=1
Q37:	|........ ........ ........ ........| ok p=1
Q38:	|........ ........ ........ ........| ok p=1
Q39:	|........ ........ ........ ........| ok p=1
Q40:	|........ ........ ........ ........| ok p=1
Q41:	|........ ........ ........ ........| ok p=1
Q42:	|........ ........ ........ ........| ok p=1
Q43:	|........ ........ ........ ........| ok p=1
Q44:	|........ ........ ........ ........| ok p=1
Q45:	|........ ........ ........ ........| ok p=1
Q46:	|........ ........ ........ ........| ok p=1
Q47:	|........ ........ ........ ........| ok p=1
Q48:	|........ ........ ........ ........| ok p=1
Q49:	|........ ........ ........ ........| ok p=1
Q50:	|........ ........ ........ ........| ok p=1
Q51:	|........ ........ ........ ........| ok p=1
Q52:	|........ ........ ........ ........| ok p=1
Q53:	|........ ........ ........ ........| ok p=1
Q54:	|........ ........ ........ ........| ok p=1
Q55:	|........ ........ ........ ........| ok p=1
Q56:	|........ ........ ........ ........| ok p=1
Q57:	|........ ........ ........ ........| ok p=1
Q58:	|........ ........ ........ ........| ok p=1
Q59:	|........ ........ ........ ........| ok p=1
Q60:	|........ .0...... ........ ........| ok p=1
Q61:	|........ 10...... ........ ........| ok p=0.999023
Q62:	|........ 1-...... ........ ........| ok p=1
Q63:	|........ -+...... ........ ........| ok p=0.996094
Q64:	|........ .-...... ..+.-... ........|
Starting...
20: Q5m5tunnel      = 4
20: Q4m5tunnel      = 1
20: Q14m6Q3m5tunnel = 0
21: Q10m10tunnel    = 4
21: Q9m10tunnel     = 5
22: Q8Q12m15tunnel  = 0
23: Q4m4tunnel      = 11
24: Q9m9tunnel      = 7
25: Q14Q3m14tunnel  = 1
.20: Q5m5tunnel      = 4
20: Q4m5tunnel      = 1
20: Q14m6Q3m5tunnel = 0
21: Q10m10tunnel    = 4
21: Q9m10tunnel     = 5
22: Q8Q12m15tunnel  = 0
23: Q4m4tunnel      = 11
24: Q9m9tunnel      = 7
25: Q14Q3m14tunnel  = 1
.20: Q5m5tunnel      = 4
20: Q4m5tunnel      = 1
20: Q14m6Q3m5tunnel = 0
21: Q10m10tunnel    = 4
21: Q9m10tunnel     = 5
22: Q8Q12m15tunnel  = 0
23: Q4m4tunnel      = 11
24: Q9m9tunnel      = 7
25: Q14Q3m14tunnel  = 1
.20: Q5m5tunnel      = 4
20: Q4m5tunnel      = 1
20: Q14m6Q3m5tunnel = 1
21: Q10m10tunnel    = 5
21: Q9m10tunnel     = 5
22: Q8Q12m15tunnel  = 0
23: Q4m4tunnel      = 11
24: Q9m9tunnel      = 6
25: Q14Q3m14tunnel  = 1
.20: Q5m5tunnel      = 4
20: Q4m5tunnel      = 1
20: Q14m6Q3m5tunnel = 1
21: Q10m10tunnel    = 5
21: Q9m10tunnel     = 5
22: Q8Q12m15tunnel  = 0
23: Q4m4tunnel      = 11
24: Q9m9tunnel      = 6
25: Q14Q3m14tunnel  = 1
.20: Q5m5tunnel      = 4
20: Q4m5tunnel      = 1
20: Q14m6Q3m5tunnel = 1
21: Q10m10tunnel    = 5
21: Q9m10tunnel     = 5
22: Q8Q12m15tunnel  = 0
23: Q4m4tunnel      = 11
24: Q9m9tunnel      = 6
25: Q14Q3m14tunnel  = 1
.1 0
2 0
4 0
8 0
16 0
32 0
64 0
128 0
256 0
512 0
1024 0
2048 0
4096 0
8192 0
16384 0
32768 0
48653 1
65536 1
Warning: no OS randomness!
MD5 differential path toolbox
Copyright (C) 2009 Marc Stevens
http://homepages.cwi.nl/~stevens/

delta_m[11] = [!-12!]
Q-3:	|00001001 01010110 00100101 00010111|
Q-2:	|+01-++11 +-011110 00100000 0111001-|
Q-1:	|-0-+++10 1+111111 11000000 0111110-|
Q0:	|+0000-+- 0--01+-1 --+1+011 011010-+| ok p=1
Q1:	|0.++1-10 .+1-.0+. --+.+.1. +.0..-1+| ok p=1
Q2:	|1.0+..1- .--+.1+. -...-.-. +.-..010| ok p=1
Q3:	|.!-..0.1 100-011^ +10.+.-. +.+..1.-| ok p=1
Q4:	|!.00...1 01-01--. +...1.01 -.-....+| ok p=1
Q5:	|!.+..... +.1+.0+. ....1^-1 0!1....-| ok p=1
Q6:	|.!+.^... 0.11.-+. 1....-1+ 0.-....-| ok p=1
Q7:	|.^+!+... 0..1.-.. ...^.0-- ..-.....| ok p=1
Q8:	|!-0.0... ....!+0. ...+.+1- ..0....0| ok p=1
Q9:	|.11.+01. .....0.. 1..0.1+. .!+.....| ok p=1
Q10:	|!--1+11. .000.-0. 000-!101 00+.....| ok p=1
Q11:	|1-111+-0 ^101^-10 -.1+^101 00+0100^| ok p=1
Q12:	|0+---1+1 -+++--+0 +^+-+--- --00010+| ok p=1
Q13:	|--1-01+- 100-0+++ ++0-1111 +---+-+1| ok p=1
Q14:	|0-0-01.0 1101+0.- 10100111 +.0110-0| ok p=1
Q15:	|0-000001 .-.0-001 01.++.0. +01100+.| ok p=0.745117
Q16:	|.1-0..0+ ..1.+..- ...1..1. -.0...0.| ok p=0.719727
Q17:	|.1....1. .^1.1..0 ...0^.+. +.1...-.| ok p=0.446289
Q18:	|..^+..-^ ..-.0..+ ...1.... -.+...-.| ok p=0.732422
Q19:	|...+.... .......+ .0.-..^. -....0+.| ok p=0.865234
Q20:	|.0.1.0^. ..^....0 01...0.. 1.^..1+.| ok p=1
Q21:	|.1.0.1.. ..0....1 1+.^.1.. 1....+0.| ok p=0.727539
Q22:	|.-...+.. ..1..... -....-.. ......0.| ok p=0.702148
Q23:	|........ ..-.0... .^...... 0....^..| ok p=0.998047
Q24:	|.^...^.0 ....1... ^....^.. 1...0...| ok p=1
Q25:	|........ ..^.+... ........ +...1...| ok p=0.765625
Q26:	|......0- ........ ...0.... ....+...| ok p=1
Q27:	|......1- ....^... ...1.... ^.......| ok p=0.998047
Q28:	|......-+ ........ ...-.... ....^...| ok p=0.99707
Q29:	|.......0 ........ ...0.... ........| ok p=1
Q30:	|......^1 ........ ...+.... ........| ok p=1
Q31:	|........ ........ ...+.... ........| ok p=0.996094
Q32:	|........ ........ ........ ........| ok p=1
Q33:	|........ ........ ...!.... ........| ok p=1
Q34:	|........ ........ ........ ........| ok p=1
Q35:	|........ ........ ........ ........| ok p=1
Q36:	|........ ........ ........ ........| ok p=1
Q37:	|........ ........ ........ ........| ok p=1
Q38:	|........ ........ ........ ........| ok p=1
Q39:	|........ ........ ........ ........| ok p=1
Q40:	|........ ........ ........ ........| ok p=1
Q41:	|........ ........ ........ ........| ok p=1
Q42:	|........ ........ ........ ........| ok p=1
Q43:	|........ ........ ........ ........| ok p=1
Q44:	|........ ........ ........ ........| ok p=1
Q45:	|........ ........ ........ ........| ok p=1
Q46:	|........ ........ ........ ........| ok p=1
Q47:	|........ ........ ........ ........| ok p=1
Q48:	|........ ........ ........ ........| ok p=1
Q49:	|........ ........ ........ ........| ok p=1
Q50:	|........ ........ ........ ........| ok p=1
Q51:	|........ ........ ........ ........| ok p=1
Q52:	|........ ........ ........ ........| ok p=1
Q53:	|........ ........ ........ ........| ok p=1
Q54:	|........ ........ ........ ........| ok p=1
Q55:	|........ ........ ........ ........| ok p=1
Q56:	|........ ........ ........ ........| ok p=1
Q57:	|........ ........ ........ ........| ok p=1
Q58:	|........ ........ ........ ........| ok p=1
Q59:	|........ ........ ........ ........| ok p=1
Q60:	|........ .0...... ........ ........| ok p=1
Q61:	|........ 10...... ........ ........| ok p=0.99707
Q62:	|........ 1-...... ........ ........| ok p=1
Q63:	|........ -+...... ........ ........| ok p=0.996094
Q64:	|........ .-...... ..+.-... ........|
Starting...
20: Q5m5tunnel      = 5
20: Q4m5tunnel      = 1
20: Q14m6Q3m5tunnel = 0
21: Q10m10tunnel    = 0
21: Q9m10tunnel     = 7
22: Q8Q12m15tunnel  = 1
23: Q4m4tunnel      = 9
24: Q9m9tunnel      = 7
25: Q14Q3m14tunnel  = 1
.20: Q5m5tunnel      = 4
20: Q4m5tunnel      = 1
20: Q14m6Q3m5tunnel = 1
21: Q10m10tunnel    = 0
21: Q9m10tunnel     = 6
22: Q8Q12m15tunnel  = 1
23: Q4m4tunnel      = 10
24: Q9m9tunnel      = 7
25: Q14Q3m14tunnel  = 1
.20: Q5m5tunnel      = 4
20: Q4m5tunnel      = 1
20: Q14m6Q3m5tunnel = 0
21: Q10m10tunnel    = 5
21: Q9m10tunnel     = 5
22: Q8Q12m15tunnel  = 0
23: Q4m4tunnel      = 11
24: Q9m9tunnel      = 6
25: Q14Q3m14tunnel  = 1
.20: Q5m5tunnel      = 4
20: Q4m5tunnel      = 1
20: Q14m6Q3m5tunnel = 0
21: Q10m10tunnel    = 4
21: Q9m10tunnel     = 5
22: Q8Q12m15tunnel  = 0
23: Q4m4tunnel      = 11
24: Q9m9tunnel      = 7
25: Q14Q3m14tunnel  = 1
.1 0
2 0
4 0
8 0
16 0
32 0
64 0
20: Q5m5tunnel      = 4
20: Q4m5tunnel      = 1
20: Q14m6Q3m5tunnel = 0
21: Q10m10tunnel    = 4
21: Q9m10tunnel     = 5
22: Q8Q12m15tunnel  = 0
23: Q4m4tunnel      = 11
24: Q9m9tunnel      = 7
25: Q14Q3m14tunnel  = 1
.20: Q5m5tunnel      = 4
20: Q4m5tunnel      = 1
20: Q14m6Q3m5tunnel = 1
21: Q10m10tunnel    = 4
21: Q9m10tunnel     = 6
22: Q8Q12m15tunnel  = 0
23: Q4m4tunnel      = 11
24: Q9m9tunnel      = 6
25: Q14Q3m14tunnel  = 1
.128 0
256 0
512 0
1024 0
2048 0
4096 0
8192 0
16384 0
32768 0
39367 1
41439 2
56958 4
65536 4
131072 6
262144 7
Warning: no OS randomness!
MD5 differential path toolbox
Copyright (C) 2009 Marc Stevens
http://homepages.cwi.nl/~stevens/

delta_m[11] = [!-12!]
Q-3:	|00001001 01010110 00100101 00010111|
Q-2:	|+01-++11 +-011110 00100000 0111001-|
Q-1:	|-0-+++10 1+111111 11000000 0111110-|
Q0:	|+0000-+- 0--01+-1 --+1+011 011010-+| ok p=1
Q1:	|0.++1-10 .+1-.0+. --+.+.1. +.0..-1+| ok p=1
Q2:	|1.0+..1- .--+.1+. -...-.-. +.-..010| ok p=1
Q3:	|0.-1.0.1 10-+111^ +10.+.-. +.+..1.-| ok p=1
Q4:	|..00...1 01-00--. +...1.0. -.-....+| ok p=1
Q5:	|..+-1... +..+.0+. ....1.-. 0!1....-| ok p=1
Q6:	|.11+0... 0.11.-+. 1...0.-. 0.-....0| ok p=1
Q7:	|110++... 1..0.-+. ...10.-. ..-....+| ok p=1
Q8:	|0+++0... ...1.+0. ...0-... .......1| ok p=1
Q9:	|0-1-+0.. .^...+-. 0..--00. .!0....0| ok p=1
Q10:	|0-0-+0.. .+..1.-1 0.11110. ......0.| ok p=1
Q11:	|-0.11+0. .0..0000 +.011001 ^.010^1.| ok p=1
Q12:	|-1^11+1^ .1^^+.++ -.+----0 -^101--.| ok p=1
Q13:	|+-++++++ 0+++0.11 +01110+- 0---+01.| ok p=1
Q14:	|+01+1011 10001.10 00-10111 +100101.| ok p=1
Q15:	|+001010+ -010+..- 0+01+.-1 +0110.+.| ok p=0.239258
Q16:	|1..-..1+ ..0.+..- ..0...0. -.0...1.| ok p=0.824219
Q17:	|1..0..10 ^.1.0..1 .^.+^.+. +.1...-.| ok p=0.489258
Q18:	|...0..-1 ..-.1..+ ...+.... -.+...-.| ok p=0.466797
Q19:	|...+.... .......+ .0.-..^. -....0+.| ok p=0.884766
Q20:	|.0...0^. ..^....0 01.0.0.. 1.^..1+.| ok p=1
Q21:	|.1.^.1.. ..0....1 1+.1.1.. 1....+0.| ok p=0.780273
Q22:	|.-...+.. ..1..... -....-.. ......0.| ok p=0.723633
Q23:	|........ ..-.0... .^...... 0....^..| ok p=1
Q24:	|.^...^.0 ....1... ^....^.. 1...0...| ok p=1
Q25:	|........ ..^.+... ........ +...1...| ok p=0.770508
Q26:	|......0- ........ ...0.... ....+...| ok p=1
Q27:	|......1- ....^... ...1.... ^.......| ok p=0.995117
Q28:	|......-+ ........ ...-.... ....^...| ok p=0.999023
Q29:	|.......0 ........ ...0.... ........| ok p=1
Q30:	|......^1 ........ ...+.... ........| ok p=1
Q31:	|........ ........ ...+.... ........| ok p=1
Q32:	|........ ........ ........ ........| ok p=1
Q33:	|........ ........ ...!.... ........| ok p=1
Q34:	|........ ........ ........ ........| ok p=1
Q35:	|........ ........ ........ ........| ok p=1
Q36:	|........ ........ ........ ........| ok p=1
Q37:	|........ ........ ........ ........| ok p=1
Q38:	|........ ........ ........ ........| ok p=1
Q39:	|........ ........ ........ ........| ok p=1
Q40:	|........ ........ ........ ........| ok p=1
Q41:	|........ ........ ........ ........| ok p=1
Q42:	|........ ........ ........ ........| ok p=1
Q43:	|........ ........ ........ ........| ok p=1
Q44:	|........ ........ ........ ........| ok p=1
Q45:	|........ ........ ........ ........| ok p=1
Q46:	|........ ........ ........ ........| ok p=1
Q47:	|........ ........ ........ ........| ok p=1
Q48:	|........ ........ ........ ........| ok p=1
Q49:	|........ ........ ........ ........| ok p=1
Q50:	|........ ........ ........ ........| ok p=1
Q51:	|........ ........ ........ ........| ok p=1
Q52:	|........ ........ ........ ........| ok p=1
Q53:	|........ ........ ........ ........| ok p=1
Q54:	|........ ........ ........ ........| ok p=1
Q55:	|........ ........ ........ ........| ok p=1
Q56:	|........ ........ ........ ........| ok p=1
Q57:	|........ ........ ........ ........| ok p=1
Q58:	|........ ........ ........ ........| ok p=1
Q59:	|........ ........ ........ ........| ok p=1
Q60:	|........ .0...... ........ ........| ok p=1
Q61:	|........ 10...... ........ ........| ok p=0.999023
Q62:	|........ 1-...... ........ ........| ok p=1
Q63:	|........ -+...... ........ ........| ok p=0.995117
Q64:	|........ .-...... ..+.-... ........|
Starting...
20: Q5m5tunnel      = 3
20: Q4m5tunnel      = 0
20: Q14m6Q3m5tunnel = 0
21: Q10m10tunnel    = 6
21: Q9m10tunnel     = 3
22: Q8Q12m15tunnel  = 2
23: Q4m4tunnel      = 14
24: Q9m9tunnel      = 7
25: Q14Q3m14tunnel  = 0
.20: Q5m5tunnel      = 3
20: Q4m5tunnel      = 0
20: Q14m6Q3m5tunnel = 0
21: Q10m10tunnel    = 3
21: Q9m10tunnel     = 3
22: Q8Q12m15tunnel  = 2
23: Q4m4tunnel      = 14
24: Q9m9tunnel      = 10
25: Q14Q3m14tunnel  = 0
.20: Q5m5tunnel      = 3
20: Q4m5tunnel      = 0
20: Q14m6Q3m5tunnel = 0
21: Q10m10tunnel    = 6
21: Q9m10tunnel     = 3
22: Q8Q12m15tunnel  = 2
23: Q4m4tunnel      = 14
24: Q9m9tunnel      = 7
25: Q14Q3m14tunnel  = 0
.20: Q5m5tunnel      = 3
20: Q4m5tunnel      = 0
20: Q14m6Q3m5tunnel = 0
21: Q10m10tunnel    = 5
21: Q9m10tunnel     = 2
22: Q8Q12m15tunnel  = 3
23: Q4m4tunnel      = 14
24: Q9m9tunnel      = 8
25: Q14Q3m14tunnel  = 0
.20: Q5m5tunnel      = 3
20: Q4m5tunnel      = 0
20: Q14m6Q3m5tunnel = 0
21: Q10m10tunnel    = 4
21: Q9m10tunnel     = 3
22: Q8Q12m15tunnel  = 2
23: Q4m4tunnel      = 14
24: Q9m9tunnel      = 9
25: Q14Q3m14tunnel  = 0
.20: Q5m5tunnel      = 3
20: Q4m5tunnel      = 0
20: Q14m6Q3m5tunnel = 0
21: Q10m10tunnel    = 6
21: Q9m10tunnel     = 3
22: Q8Q12m15tunnel  = 2
23: Q4m4tunnel      = 14
24: Q9m9tunnel      = 7
25: Q14Q3m14tunnel  = 0
.1 0
2 0
4 0
8 0
16 0
32 0
64 0
128 0
256 0
512 0
1024 0
2048 0
4096 0
8192 0
16384 0
32768 0
65536 0
92046 1
131072 1
Warning: no OS randomness!
MD5 differential path toolbox
Copyright (C) 2009 Marc Stevens
http://homepages.cwi.nl/~stevens/

delta_m[11] = [!-12!]
Q-3:	|00001001 01010110 00100101 00010111|
Q-2:	|+01-++11 +-011110 00100000 0111001-|
Q-1:	|-0-+++10 1+111111 11000000 0111110-|
Q0:	|+0000-+- 0--01+-1 --+1+011 011010-+| ok p=1
Q1:	|0.++1-10 .+1-.0+. --+.+.1. +.0..-1+| ok p=1
Q2:	|1.0+..1- .--+.1+. -...-.-. +.-..010| ok p=1
Q3:	|0.-1.0.1 10-+111^ +10.+.-. +.+..1.-| ok p=1
Q4:	|..00...1 01-00--. +...1.0. -.-....+| ok p=1
Q5:	|..+-1... +..+.0+. ....1.-. 0!1....-| ok p=1
Q6:	|.11+0... 0.11.-+. 1...0.-. 0.-....0| ok p=1
Q7:	|110++... 1..0.-+. ...10.-. ..-....+| ok p=1
Q8:	|0+++0... ...1.+0. ...0-... .......1| ok p=1
Q9:	|0-1-+0.. .^...+-. 0..--00. .!0....0| ok p=1
Q10:	|0-0-+0.. .+..1.-1 0.11110. ......0.| ok p=1
Q11:	|-0.11+0. .0..0000 +.011001 ^.010^1.| ok p=1
Q12:	|-1^11+1^ .1^^+.++ -.+----0 -^101--.| ok p=1
Q13:	|+-++++++ 0+++0.11 +01110+- 0---+01.| ok p=1
Q14:	|+01+1011 10001.10 00-10111 +100101.| ok p=1
Q15:	|+001010+ -010+..- 0+01+.-1 +0110.+.| ok p=0.25
Q16:	|1..-..1+ ..0.+..- ..0...0. -.0...1.| ok p=0.825195
Q17:	|1..0..10 ^.1.0..1 .^.+^.+. +.1...-.| ok p=0.482422
Q18:	|...0..-1 ..-.1..+ ...+.... -.+...-.| ok p=0.473633
Q19:	|...+.... .......+ .0.-..^. -....0+.| ok p=0.858398
Q20:	|.0...0^. ..^....0 01.0.0.. 1.^..1+.| ok p=1
Q21:	|.1.^.1.. ..0....1 1+.1.1.. 1....+0.| ok p=0.78125
Q22:	|.-...+.. ..1..... -....-.. ......0.| ok p=0.729492
Q23:	|........ ..-.0... .^...... 0....^..| ok p=0.998047
Q24:	|.^...^.0 ....1... ^....^.. 1...0...| ok p=1
Q25:	|........ ..^.+... ........ +...1...| ok p=0.779297
Q26:	|......0- ........ ...0.... ....+...| ok p=1
Q27:	|......1- ....^... ...1.... ^.......| ok p=0.996094
Q28:	|......-+ ........ ...-.... ....^...| ok p=0.994141
Q29:	|.......0 ........ ...0.... ........| ok p=1
Q30:	|......^1 ........ ...+.... ........| ok p=1
Q31:	|........ ........ ...+.... ........| ok p=0.996094
Q32:	|........ ........ ........ ........| ok p=1
Q33:	|........ ........ ...!.... ........| ok p=1
Q34:	|........ ........ ........ ........| ok p=1
Q35:	|........ ........ ........ ........| ok p=1
Q36:	|........ ........ ........ ........| ok p=1
Q37:	|........ ........ ........ ........| ok p=1
Q38:	|........ ........ ........ ........| ok p=1
Q39:	|........ ........ ........ ........| ok p=1
Q40:	|........ ........ ........ ........| ok p=1
Q41:	|........ ........ ........ ........| ok p=1
Q42:	|........ ........ ........ ........| ok p=1
Q43:	|........ ........ ........ ........| ok p=1
Q44:	|........ ........ ........ ........| ok p=1
Q45:	|........ ........ ........ ........| ok p=1
Q46:	|........ ........ ........ ........| ok p=1
Q47:	|........ ........ ........ ........| ok p=1
Q48:	|........ ........ ........ ........| ok p=1
Q49:	|........ ........ ........ ........| ok p=1
Q50:	|........ ........ ........ ........| ok p=1
Q51:	|........ ........ ........ ........| ok p=1
Q52:	|........ ........ ........ ........| ok p=1
Q53:	|........ ........ ........ ........| ok p=1
Q54:	|........ ........ ........ ........| ok p=1
Q55:	|........ ........ ........ ........| ok p=1
Q56:	|........ ........ ........ ........| ok p=1
Q57:	|........ ........ ........ ........| ok p=1
Q58:	|........ ........ ........ ........| ok p=1
Q59:	|........ ........ ........ ........| ok p=1
Q60:	|........ .0...... ........ ........| ok p=1
Q61:	|........ 10...... ........ ........| ok p=0.99707
Q62:	|........ 1-...... ........ ........| ok p=1
Q63:	|........ -+...... ........ ........| ok p=1
Q64:	|........ .-...... ..+.-... ........|
Starting...
20: Q5m5tunnel      = 3
20: Q4m5tunnel      = 0
20: Q14m6Q3m5tunnel = 0
21: Q10m10tunnel    = 6
21: Q9m10tunnel     = 3
22: Q8Q12m15tunnel  = 2
23: Q4m4tunnel      = 14
24: Q9m9tunnel      = 7
25: Q14Q3m14tunnel  = 0
.20: Q5m5tunnel      = 3
20: Q4m5tunnel      = 0
20: Q14m6Q3m5tunnel = 0
21: Q10m10tunnel    = 4
21: Q9m10tunnel     = 2
22: Q8Q12m15tunnel  = 2
23: Q4m4tunnel      = 14
24: Q9m9tunnel      = 9
25: Q14Q3m14tunnel  = 1
.20: Q5m5tunnel      = 3
20: Q4m5tunnel      = 0
20: Q14m6Q3m5tunnel = 0
21: Q10m10tunnel    = 5
21: Q9m10tunnel     = 3
22: Q8Q12m15tunnel  = 2
23: Q4m4tunnel      = 14
24: Q9m9tunnel      = 8
25: Q14Q3m14tunnel  = 0
.20: Q5m5tunnel      = 3
20: Q4m5tunnel      = 0
20: Q14m6Q3m5tunnel = 0
21: Q10m10tunnel    = 4
21: Q9m10tunnel     = 3
22: Q8Q12m15tunnel  = 2
23: Q4m4tunnel      = 14
24: Q9m9tunnel      = 9
25: Q14Q3m14tunnel  = 0
.20: Q5m5tunnel      = 3
20: Q4m5tunnel      = 0
20: Q14m6Q3m5tunnel = 0
21: Q10m10tunnel    = 4
21: Q9m10tunnel     = 2
22: Q8Q12m15tunnel  = 2
23: Q4m4tunnel      = 14
24: Q9m9tunnel      = 9
25: Q14Q3m14tunnel  = 1
20: Q5m5tunnel      = 3
20: Q4m5tunnel      = 0
20: Q14m6Q3m5tunnel = 0
21: Q10m10tunnel    = 3
21: Q9m10tunnel     = 3
22: Q8Q12m15tunnel  = 2
23: Q4m4tunnel      = 14
24: Q9m9tunnel      = 10
25: Q14Q3m14tunnel  = 0
..1 0
2 0
4 0
8 0
16 0
32 0
64 0
128 0
256 0
512 0
1024 0
2048 0
4096 0
8192 0
8895 1
16384 1
27651 2
32768 2
65536 2
Block 1: workdir4/coll1_2313672757
d7 ef 10 d5 1f f8 f5 fb 7e c1 86 d6 dc 34 73 0a 
bf 66 bf 53 1f bb ff 22 47 d9 d5 b8 d9 d7 ab ae 
72 85 52 b9 6b 7d a5 30 d2 0c 21 32 41 65 11 2b 
f3 60 3e 22 a2 cf 81 95 69 bf 12 46 0d 60 a7 bd 
Block 2: workdir4/coll2_2313672757
d7 ef 10 d5 1f f8 f5 fb 7e c1 86 d6 dc 34 73 0a 
bf 66 bf 53 1f bb ff 22 47 d9 d5 b8 d9 d7 ab ae 
72 85 52 b9 6b 7d a5 30 d2 0c 21 32 41 55 11 2b 
f3 60 3e 22 a2 cf 81 95 69 bf 12 46 0d 60 a7 bd 
Found collision!
