Warning: no OS randomness!
MD5 differential path toolbox
Copyright (C) 2009 Marc Stevens
http://homepages.cwi.nl/~stevens/

Loading workdir4/latest_bestpaths.bin.gz...done (loaded 1 paths).
Loading workdir4/upperpath.bin.gz...done (loaded 1 paths).
Using this partial path to overwrite all paths in workdir4/latest_bestpaths.bin.gz:
Q34:	|........ ........ ........ ........|
Q35:	|........ ........ ........ ........|
Q36:	|........ ........ ........ ........|
Q37:	|........ ........ ........ ........| ok p=1
Q38:	|........ ........ ........ ........| ok p=1
Q39:	|........ ........ ........ ........| ok p=1
Q40:	|........ ........ ........ ........| ok p=1
Q41:	|........ ........ ........ ........| ok p=1
Q42:	|........ ........ ........ ........| ok p=1
Q43:	|........ ........ ........ ........| ok p=1
Q44:	|........ ........ ........ ........| ok p=1
Q45:	|........ ........ ........ ........| ok p=1
Q46:	|........ ........ ........ ........| ok p=1
Q47:	|........ ........ ........ ........| ok p=1
Q48:	|........ ........ ........ ........| ok p=1
Q49:	|........ ........ ........ ........| ok p=1
Q50:	|........ ........ ........ ........| ok p=1
Q51:	|........ ........ ........ ........| ok p=1
Q52:	|........ ........ ........ ........| ok p=1
Q53:	|........ ........ ........ ........| ok p=1
Q54:	|........ ........ ........ ........| ok p=1
Q55:	|........ ........ ........ ........| ok p=1
Q56:	|........ ........ ........ ........| ok p=1
Q57:	|........ ........ ........ ........| ok p=1
Q58:	|........ ........ ........ ........| ok p=1
Q59:	|........ ........ ........ ........| ok p=1
Q60:	|........ .0...... ........ ........| ok p=1
Q61:	|........ 10...... ........ ........| ok p=0.99707
Q62:	|........ 1-...... ........ ........| ok p=1
Q63:	|........ -+...... ........ ........| ok p=1
Q64:	|........ .-...... ..+.-... ........|
Saving 1 paths to workdir4/collfindpaths.bin.gz...done.
Q-3:	|00001001 01010110 00100101 00010111|
Q-2:	|+01-++11 +-011110 00100000 0111001-|
Q-1:	|-0-+++10 1+111111 11000000 0111110-|
Q0:	|+0000-+- 0--01+-1 --+1+011 011010-+| ok p=1
Q1:	|0.++1-10 .+1-.0+. --+.+.1. +.0..-1+| ok p=1
Q2:	|1.0+..1- .--+.1+. -...-.-. +.-..010| ok p=1
Q3:	|.!-..0.1 100-011^ +10.+.-. +.+..1.-| ok p=1
Q4:	|!.00...1 01-01--. +...1.01 -.-....+| ok p=1
Q5:	|!.+..... +.1+.0+. ....1^-1 0!1....-| ok p=1
Q6:	|.!+.^... 0.11.-+. 1....-1+ 0.-....-| ok p=1
Q7:	|.^+!+... 0..1.-.. ...^.0-- ..-.....| ok p=1
Q8:	|!-0.0... ....!+0. ...+.+1- ..0....0| ok p=1
Q9:	|.11.+01. .....0.. 1..0.1+. .!+.....| ok p=1
Q10:	|!--1+11. .000.-0. 000-!101 00+.....| ok p=1
Q11:	|1-111+-0 ^101^-10 -.1+^101 00+0100^| ok p=1
Q12:	|0+---1+1 -+++--+0 +^+-+--- --00010+| ok p=1
Q13:	|--1-01+- 100-0+++ ++0-1111 +---+-+1| ok p=1
Q14:	|0-0-01.0 1101+0.- 10100111 +.0110-0| ok p=1
Q15:	|0-000001 .-.0-001 01.++.0. +01100+.| ok p=0.766602
Q16:	|.1-0..0+ ..1.+..- ...1..1. -.0...0.| ok p=0.71582
Q17:	|.1....1. .^1.1..0 ...0^.+. +.1...-.| ok p=0.422852
Q18:	|..^+..-^ ..-.0..+ ...1.... -.+...-.| ok p=0.746094
Q19:	|...+.... .......+ .0.-..^. -....0+.| ok p=0.864258
Q20:	|.0.1.0^. ..^....0 01...0.. 1.^..1+.| ok p=1
Q21:	|.1.0.1.. ..0....1 1+.^.1.. 1....+0.| ok p=0.682617
Q22:	|.-...+.. ..1..... -....-.. ......0.| ok p=0.727539
Q23:	|........ ..-.0... .^...... 0....^..| ok p=0.996094
Q24:	|.^...^.0 ....1... ^....^.. 1...0...| ok p=1
Q25:	|........ ..^.+... ........ +...1...| ok p=0.761719
Q26:	|......0- ........ ...0.... ....+...| ok p=1
Q27:	|......1- ....^... ...1.... ^.......| ok p=0.994141
Q28:	|......-+ ........ ...-.... ....^...| ok p=0.999023
Q29:	|.......0 ........ ...0.... ........| ok p=1
Q30:	|......^1 ........ ...+.... ........| ok p=1
Q31:	|........ ........ ...+.... ........| ok p=0.99707
Q32:	|........ ........ ........ ........| ok p=1
Q33:	|........ ........ ...!.... ........| ok p=1
Q34:	|........ ........ ........ ........| ok p=1
Q35:	|........ ........ ........ ........| ok p=1
Q36:	|........ ........ ........ ........| ok p=1
Q37:	|........ ........ ........ ........| ok p=1
Q38:	|........ ........ ........ ........| ok p=1
Q39:	|........ ........ ........ ........| ok p=1
Q40:	|........ ........ ........ ........| ok p=1
Q41:	|........ ........ ........ ........| ok p=1
Q42:	|........ ........ ........ ........| ok p=1
Q43:	|........ ........ ........ ........| ok p=1
Q44:	|........ ........ ........ ........| ok p=1
Q45:	|........ ........ ........ ........| ok p=1
Q46:	|........ ........ ........ ........| ok p=1
Q47:	|........ ........ ........ ........| ok p=1
Q48:	|........ ........ ........ ........| ok p=1
Q49:	|........ ........ ........ ........| ok p=1
Q50:	|........ ........ ........ ........| ok p=1
Q51:	|........ ........ ........ ........| ok p=1
Q52:	|........ ........ ........ ........| ok p=1
Q53:	|........ ........ ........ ........| ok p=1
Q54:	|........ ........ ........ ........| ok p=1
Q55:	|........ ........ ........ ........| ok p=1
Q56:	|........ ........ ........ ........| ok p=1
Q57:	|........ ........ ........ ........| ok p=1
Q58:	|........ ........ ........ ........| ok p=1
Q59:	|........ ........ ........ ........| ok p=1
Q60:	|........ .0...... ........ ........| ok p=1
Q61:	|........ 10...... ........ ........| ok p=0.999023
Q62:	|........ 1-...... ........ ........| ok p=1
Q63:	|........ -+...... ........ ........| ok p=0.995117
Q64:	|........ .-...... ..+.-... ........|
Warning: no OS randomness!
MD5 differential path toolbox
Copyright (C) 2009 Marc Stevens
http://homepages.cwi.nl/~stevens/

Loading workdir4/joint_bestpaths.bin.gz...done (loaded 4 paths).
Loading workdir4/upperpath.bin.gz...done (loaded 1 paths).
Using this partial path to overwrite all paths in workdir4/joint_bestpaths.bin.gz:
Q34:	|........ ........ ........ ........|
Q35:	|........ ........ ........ ........|
Q36:	|........ ........ ........ ........|
Q37:	|........ ........ ........ ........| ok p=1
Q38:	|........ ........ ........ ........| ok p=1
Q39:	|........ ........ ........ ........| ok p=1
Q40:	|........ ........ ........ ........| ok p=1
Q41:	|........ ........ ........ ........| ok p=1
Q42:	|........ ........ ........ ........| ok p=1
Q43:	|........ ........ ........ ........| ok p=1
Q44:	|........ ........ ........ ........| ok p=1
Q45:	|........ ........ ........ ........| ok p=1
Q46:	|........ ........ ........ ........| ok p=1
Q47:	|........ ........ ........ ........| ok p=1
Q48:	|........ ........ ........ ........| ok p=1
Q49:	|........ ........ ........ ........| ok p=1
Q50:	|........ ........ ........ ........| ok p=1
Q51:	|........ ........ ........ ........| ok p=1
Q52:	|........ ........ ........ ........| ok p=1
Q53:	|........ ........ ........ ........| ok p=1
Q54:	|........ ........ ........ ........| ok p=1
Q55:	|........ ........ ........ ........| ok p=1
Q56:	|........ ........ ........ ........| ok p=1
Q57:	|........ ........ ........ ........| ok p=1
Q58:	|........ ........ ........ ........| ok p=1
Q59:	|........ ........ ........ ........| ok p=1
Q60:	|........ .0...... ........ ........| ok p=1
Q61:	|........ 10...... ........ ........| ok p=0.995117
Q62:	|........ 1-...... ........ ........| ok p=1
Q63:	|........ -+...... ........ ........| ok p=0.999023
Q64:	|........ .-...... ..+.-... ........|
Saving 4 paths to workdir4/collfindpaths.bin.gz...done.
Q-3:	|00001001 01010110 00100101 00010111|
Q-2:	|+01-++11 +-011110 00100000 0111001-|
Q-1:	|-0-+++10 1+111111 11000000 0111110-|
Q0:	|+0000-+- 0--01+-1 --+1+011 011010-+| ok p=1
Q1:	|0.++1-10 .+1-.0+. --+.+.1. +.0..-1+| ok p=1
Q2:	|1.0+..1- .--+.1+. -...-.-. +.-..010| ok p=1
Q3:	|.!-..0.1 100-011^ +10.+.-. +.+..1.-| ok p=1
Q4:	|!.00...1 01-01--. +...1.01 -.-....+| ok p=1
Q5:	|!.+..... +.1+.0+. ....1^-1 0!1....-| ok p=1
Q6:	|.!+.^... 0.11.-+. 1....-1+ 0.-....-| ok p=1
Q7:	|.^+!+... 0..1.-.. ...^.0-- ..-.....| ok p=1
Q8:	|!-0.0... ....!+0. ...+.+1- ..0....0| ok p=1
Q9:	|.11.+01. .....0.. 1..0.1+. .!+.....| ok p=1
Q10:	|!--1+11. .000.-0. 000-!101 00+.....| ok p=1
Q11:	|1-111+-0 ^101^-10 -.1+^101 00+0100^| ok p=1
Q12:	|0+---1+1 -+++--+0 +^+-+--- --00010+| ok p=1
Q13:	|--1-01+- 100-0+++ ++0-1111 +---+-+1| ok p=1
Q14:	|0-0-01.0 1101+0.- 10100111 +.0110-0| ok p=1
Q15:	|0-000001 .-.0-001 01.++.0. +01100+.| ok p=0.749023
Q16:	|.1-0..0+ ..1.+..- ...1..1. -.0...0.| ok p=0.737305
Q17:	|.1....1. .^1.1..0 ...0^.+. +.1...-.| ok p=0.443359
Q18:	|..^+..-^ ..-.0..+ ...1.... -.+...-.| ok p=0.731445
Q19:	|...+.... .......+ .0.-..^. -....0+.| ok p=0.848633
Q20:	|.0.1.0^. ..^....0 01...0.. 1.^..1+.| ok p=1
Q21:	|.1.0.1.. ..0....1 1+.^.1.. 1....+0.| ok p=0.732422
Q22:	|.-...+.. ..1..... -....-.. ......0.| ok p=0.708008
Q23:	|........ ..-.0... .^...... 0....^..| ok p=0.998047
Q24:	|.^...^.0 ....1... ^....^.. 1...0...| ok p=1
Q25:	|........ ..^.+... ........ +...1...| ok p=0.78125
Q26:	|......0- ........ ...0.... ....+...| ok p=1
Q27:	|......1- ....^... ...1.... ^.......| ok p=0.996094
Q28:	|......-+ ........ ...-.... ....^...| ok p=0.994141
Q29:	|.......0 ........ ...0.... ........| ok p=1
Q30:	|......^1 ........ ...+.... ........| ok p=1
Q31:	|........ ........ ...+.... ........| ok p=0.996094
Q32:	|........ ........ ........ ........| ok p=1
Q33:	|........ ........ ...!.... ........| ok p=1
Q34:	|........ ........ ........ ........| ok p=1
Q35:	|........ ........ ........ ........| ok p=1
Q36:	|........ ........ ........ ........| ok p=1
Q37:	|........ ........ ........ ........| ok p=1
Q38:	|........ ........ ........ ........| ok p=1
Q39:	|........ ........ ........ ........| ok p=1
Q40:	|........ ........ ........ ........| ok p=1
Q41:	|........ ........ ........ ........| ok p=1
Q42:	|........ ........ ........ ........| ok p=1
Q43:	|........ ........ ........ ........| ok p=1
Q44:	|........ ........ ........ ........| ok p=1
Q45:	|........ ........ ........ ........| ok p=1
Q46:	|........ ........ ........ ........| ok p=1
Q47:	|........ ........ ........ ........| ok p=1
Q48:	|........ ........ ........ ........| ok p=1
Q49:	|........ ........ ........ ........| ok p=1
Q50:	|........ ........ ........ ........| ok p=1
Q51:	|........ ........ ........ ........| ok p=1
Q52:	|........ ........ ........ ........| ok p=1
Q53:	|........ ........ ........ ........| ok p=1
Q54:	|........ ........ ........ ........| ok p=1
Q55:	|........ ........ ........ ........| ok p=1
Q56:	|........ ........ ........ ........| ok p=1
Q57:	|........ ........ ........ ........| ok p=1
Q58:	|........ ........ ........ ........| ok p=1
Q59:	|........ ........ ........ ........| ok p=1
Q60:	|........ .0...... ........ ........| ok p=1
Q61:	|........ 10...... ........ ........| ok p=0.998047
Q62:	|........ 1-...... ........ ........| ok p=1
Q63:	|........ -+...... ........ ........| ok p=0.996094
Q64:	|........ .-...... ..+.-... ........|
Warning: no OS randomness!
MD5 differential path toolbox
Copyright (C) 2009 Marc Stevens
http://homepages.cwi.nl/~stevens/

Loading workdir4/joint_bestpaths.bin.gz...done (loaded 16 paths).
Loading workdir4/upperpath.bin.gz...done (loaded 1 paths).
Using this partial path to overwrite all paths in workdir4/joint_bestpaths.bin.gz:
Q34:	|........ ........ ........ ........|
Q35:	|........ ........ ........ ........|
Q36:	|........ ........ ........ ........|
Q37:	|........ ........ ........ ........| ok p=1
Q38:	|........ ........ ........ ........| ok p=1
Q39:	|........ ........ ........ ........| ok p=1
Q40:	|........ ........ ........ ........| ok p=1
Q41:	|........ ........ ........ ........| ok p=1
Q42:	|........ ........ ........ ........| ok p=1
Q43:	|........ ........ ........ ........| ok p=1
Q44:	|........ ........ ........ ........| ok p=1
Q45:	|........ ........ ........ ........| ok p=1
Q46:	|........ ........ ........ ........| ok p=1
Q47:	|........ ........ ........ ........| ok p=1
Q48:	|........ ........ ........ ........| ok p=1
Q49:	|........ ........ ........ ........| ok p=1
Q50:	|........ ........ ........ ........| ok p=1
Q51:	|........ ........ ........ ........| ok p=1
Q52:	|........ ........ ........ ........| ok p=1
Q53:	|........ ........ ........ ........| ok p=1
Q54:	|........ ........ ........ ........| ok p=1
Q55:	|........ ........ ........ ........| ok p=1
Q56:	|........ ........ ........ ........| ok p=1
Q57:	|........ ........ ........ ........| ok p=1
Q58:	|........ ........ ........ ........| ok p=1
Q59:	|........ ........ ........ ........| ok p=1
Q60:	|........ .0...... ........ ........| ok p=1
Q61:	|........ 10...... ........ ........| ok p=0.998047
Q62:	|........ 1-...... ........ ........| ok p=1
Q63:	|........ -+...... ........ ........| ok p=0.992188
Q64:	|........ .-...... ..+.-... ........|
Saving 16 paths to workdir4/collfindpaths.bin.gz...done.
Q-3:	|00001001 01010110 00100101 00010111|
Q-2:	|+01-++11 +-011110 00100000 0111001-|
Q-1:	|-0-+++10 1+111111 11000000 0111110-|
Q0:	|+0000-+- 0--01+-1 --+1+011 011010-+| ok p=1
Q1:	|0.++1-10 .+1-.0+. --+.+.1. +.0..-1+| ok p=1
Q2:	|1.0+..1- .--+.1+. -...-.-. +.-..010| ok p=1
Q3:	|.!-..0.1 100-011^ +10.+.-. +.+..1.-| ok p=1
Q4:	|!.00...1 01-01--. +...1.01 -.-....+| ok p=1
Q5:	|!.+..... +.1+.0+. ....1^-1 0!1....-| ok p=1
Q6:	|.!+.^... 0.11.-+. 1....-1+ 0.-....-| ok p=1
Q7:	|.^+!+... 0..1.-.. ...^.0-- ..-.....| ok p=1
Q8:	|!-0.0... ....!+0. ...+.+1- ..0....0| ok p=1
Q9:	|.11.+01. .....0.. 1..0.1+. .!+.....| ok p=1
Q10:	|!--1+11. .000.-0. 000-!101 00+.....| ok p=1
Q11:	|1-111+-0 ^101^-10 -.1+^101 00+0100^| ok p=1
Q12:	|0+---1+1 -+++--+0 +^+-+--- --00010+| ok p=1
Q13:	|--1-01+- 100-0+++ ++0-1111 +---+-+1| ok p=1
Q14:	|0-0-01.0 1101+0.- 10100111 +.0110-0| ok p=1
Q15:	|0-000001 .-.0-001 01.++.0. +01100+.| ok p=0.748047
Q16:	|.1-0..0+ ..1.+..- ...1..1. -.0...0.| ok p=0.723633
Q17:	|.1....1. .^1.1..0 ...0^.+. +.1...-.| ok p=0.469727
Q18:	|..^+..-^ ..-.0..+ ...1.... -.+...-.| ok p=0.727539
Q19:	|...+.... .......+ .0.-..^. -....0+.| ok p=0.887695
Q20:	|.0.1.0^. ..^....0 01...0.. 1.^..1+.| ok p=1
Q21:	|.1.0.1.. ..0....1 1+.^.1.. 1....+0.| ok p=0.689453
Q22:	|.-...+.. ..1..... -....-.. ......0.| ok p=0.72168
Q23:	|........ ..-.0... .^...... 0....^..| ok p=0.999023
Q24:	|.^...^.0 ....1... ^....^.. 1...0...| ok p=1
Q25:	|........ ..^.+... ........ +...1...| ok p=0.764648
Q26:	|......0- ........ ...0.... ....+...| ok p=1
Q27:	|......1- ....^... ...1.... ^.......| ok p=0.995117
Q28:	|......-+ ........ ...-.... ....^...| ok p=0.99707
Q29:	|.......0 ........ ...0.... ........| ok p=1
Q30:	|......^1 ........ ...+.... ........| ok p=1
Q31:	|........ ........ ...+.... ........| ok p=0.998047
Q32:	|........ ........ ........ ........| ok p=1
Q33:	|........ ........ ...!.... ........| ok p=1
Q34:	|........ ........ ........ ........| ok p=1
Q35:	|........ ........ ........ ........| ok p=1
Q36:	|........ ........ ........ ........| ok p=1
Q37:	|........ ........ ........ ........| ok p=1
Q38:	|........ ........ ........ ........| ok p=1
Q39:	|........ ........ ........ ........| ok p=1
Q40:	|........ ........ ........ ........| ok p=1
Q41:	|........ ........ ........ ........| ok p=1
Q42:	|........ ........ ........ ........| ok p=1
Q43:	|........ ........ ........ ........| ok p=1
Q44:	|........ ........ ........ ........| ok p=1
Q45:	|........ ........ ........ ........| ok p=1
Q46:	|........ ........ ........ ........| ok p=1
Q47:	|........ ........ ........ ........| ok p=1
Q48:	|........ ........ ........ ........| ok p=1
Q49:	|........ ........ ........ ........| ok p=1
Q50:	|........ ........ ........ ........| ok p=1
Q51:	|........ ........ ........ ........| ok p=1
Q52:	|........ ........ ........ ........| ok p=1
Q53:	|........ ........ ........ ........| ok p=1
Q54:	|........ ........ ........ ........| ok p=1
Q55:	|........ ........ ........ ........| ok p=1
Q56:	|........ ........ ........ ........| ok p=1
Q57:	|........ ........ ........ ........| ok p=1
Q58:	|........ ........ ........ ........| ok p=1
Q59:	|........ ........ ........ ........| ok p=1
Q60:	|........ .0...... ........ ........| ok p=1
Q61:	|........ 10...... ........ ........| ok p=0.998047
Q62:	|........ 1-...... ........ ........| ok p=1
Q63:	|........ -+...... ........ ........| ok p=0.995117
Q64:	|........ .-...... ..+.-... ........|
Warning: no OS randomness!
MD5 differential path toolbox
Copyright (C) 2009 Marc Stevens
http://homepages.cwi.nl/~stevens/

Loading workdir4/joint_bestpaths.bin.gz...done (loaded 42 paths).
Loading workdir4/upperpath.bin.gz...done (loaded 1 paths).
Using this partial path to overwrite all paths in workdir4/joint_bestpaths.bin.gz:
Q34:	|........ ........ ........ ........|
Q35:	|........ ........ ........ ........|
Q36:	|........ ........ ........ ........|
Q37:	|........ ........ ........ ........| ok p=1
Q38:	|........ ........ ........ ........| ok p=1
Q39:	|........ ........ ........ ........| ok p=1
Q40:	|........ ........ ........ ........| ok p=1
Q41:	|........ ........ ........ ........| ok p=1
Q42:	|........ ........ ........ ........| ok p=1
Q43:	|........ ........ ........ ........| ok p=1
Q44:	|........ ........ ........ ........| ok p=1
Q45:	|........ ........ ........ ........| ok p=1
Q46:	|........ ........ ........ ........| ok p=1
Q47:	|........ ........ ........ ........| ok p=1
Q48:	|........ ........ ........ ........| ok p=1
Q49:	|........ ........ ........ ........| ok p=1
Q50:	|........ ........ ........ ........| ok p=1
Q51:	|........ ........ ........ ........| ok p=1
Q52:	|........ ........ ........ ........| ok p=1
Q53:	|........ ........ ........ ........| ok p=1
Q54:	|........ ........ ........ ........| ok p=1
Q55:	|........ ........ ........ ........| ok p=1
Q56:	|........ ........ ........ ........| ok p=1
Q57:	|........ ........ ........ ........| ok p=1
Q58:	|........ ........ ........ ........| ok p=1
Q59:	|........ ........ ........ ........| ok p=1
Q60:	|........ .0...... ........ ........| ok p=1
Q61:	|........ 10...... ........ ........| ok p=0.996094
Q62:	|........ 1-...... ........ ........| ok p=1
Q63:	|........ -+...... ........ ........| ok p=0.996094
Q64:	|........ .-...... ..+.-... ........|
Saving 42 paths to workdir4/collfindpaths.bin.gz...done.
Q-3:	|00001001 01010110 00100101 00010111|
Q-2:	|+01-++11 +-011110 00100000 0111001-|
Q-1:	|-0-+++10 1+111111 11000000 0111110-|
Q0:	|+0000-+- 0--01+-1 --+1+011 011010-+| ok p=1
Q1:	|0.++1-10 .+1-.0+. --+.+.1. +.0..-1+| ok p=1
Q2:	|1.0+..1- .--+.1+. -...-.-. +.-..010| ok p=1
Q3:	|0.-1.0.1 10-+111^ +10.+.-. +.+..1.-| ok p=1
Q4:	|..00...1 01-00--. +...1.0. -.-....+| ok p=1
Q5:	|..+-1... +..+.0+. ....1.-. 0!1....-| ok p=1
Q6:	|.11+0... 0.11.-+. 1...0.-. 0.-....0| ok p=1
Q7:	|110++... 1..0.-+. ...10.-. ..-....+| ok p=1
Q8:	|0+++0... ...1.+0. ...0-... .......1| ok p=1
Q9:	|0-1-+0.. .^...+-. 0..--00. .!0....0| ok p=1
Q10:	|0-0-+0.. .+..1.-1 0.11110. ......0.| ok p=1
Q11:	|-0.11+0. .0..0000 +.011001 ^.010^1.| ok p=1
Q12:	|-1^11+1^ .1^^+.++ -.+----0 -^101--.| ok p=1
Q13:	|+-++++++ 0+++0.11 +01110+- 0---+01.| ok p=1
Q14:	|+01+1011 10001.10 00-10111 +100101.| ok p=1
Q15:	|+001010+ -010+..- 0+01+.-1 +0110.+.| ok p=0.249023
Q16:	|1..-..1+ ..0.+..- ..0...0. -.0...1.| ok p=0.804688
Q17:	|1..0..10 ^.1.0..1 .^.+^.+. +.1...-.| ok p=0.469727
Q18:	|...0..-1 ..-.1..+ ...+.... -.+...-.| ok p=0.479492
Q19:	|...+.... .......+ .0.-..^. -....0+.| ok p=0.868164
Q20:	|.0...0^. ..^....0 01.0.0.. 1.^..1+.| ok p=1
Q21:	|.1.^.1.. ..0....1 1+.1.1.. 1....+0.| ok p=0.766602
Q22:	|.-...+.. ..1..... -....-.. ......0.| ok p=0.726562
Q23:	|........ ..-.0... .^...... 0....^..| ok p=0.99707
Q24:	|.^...^.0 ....1... ^....^.. 1...0...| ok p=1
Q25:	|........ ..^.+... ........ +...1...| ok p=0.756836
Q26:	|......0- ........ ...0.... ....+...| ok p=1
Q27:	|......1- ....^... ...1.... ^.......| ok p=0.999023
Q28:	|......-+ ........ ...-.... ....^...| ok p=0.996094
Q29:	|.......0 ........ ...0.... ........| ok p=1
Q30:	|......^1 ........ ...+.... ........| ok p=1
Q31:	|........ ........ ...+.... ........| ok p=0.992188
Q32:	|........ ........ ........ ........| ok p=1
Q33:	|........ ........ ...!.... ........| ok p=1
Q34:	|........ ........ ........ ........| ok p=1
Q35:	|........ ........ ........ ........| ok p=1
Q36:	|........ ........ ........ ........| ok p=1
Q37:	|........ ........ ........ ........| ok p=1
Q38:	|........ ........ ........ ........| ok p=1
Q39:	|........ ........ ........ ........| ok p=1
Q40:	|........ ........ ........ ........| ok p=1
Q41:	|........ ........ ........ ........| ok p=1
Q42:	|........ ........ ........ ........| ok p=1
Q43:	|........ ........ ........ ........| ok p=1
Q44:	|........ ........ ........ ........| ok p=1
Q45:	|........ ........ ........ ........| ok p=1
Q46:	|........ ........ ........ ........| ok p=1
Q47:	|........ ........ ........ ........| ok p=1
Q48:	|........ ........ ........ ........| ok p=1
Q49:	|........ ........ ........ ........| ok p=1
Q50:	|........ ........ ........ ........| ok p=1
Q51:	|........ ........ ........ ........| ok p=1
Q52:	|........ ........ ........ ........| ok p=1
Q53:	|........ ........ ........ ........| ok p=1
Q54:	|........ ........ ........ ........| ok p=1
Q55:	|........ ........ ........ ........| ok p=1
Q56:	|........ ........ ........ ........| ok p=1
Q57:	|........ ........ ........ ........| ok p=1
Q58:	|........ ........ ........ ........| ok p=1
Q59:	|........ ........ ........ ........| ok p=1
Q60:	|........ .0...... ........ ........| ok p=1
Q61:	|........ 10...... ........ ........| ok p=0.999023
Q62:	|........ 1-...... ........ ........| ok p=1
Q63:	|........ -+...... ........ ........| ok p=0.99707
Q64:	|........ .-...... ..+.-... ........|
Warning: no OS randomness!
MD5 differential path toolbox
Copyright (C) 2009 Marc Stevens
http://homepages.cwi.nl/~stevens/

Loading workdir4/joint_bestpaths.bin.gz...done (loaded 82 paths).
Loading workdir4/upperpath.bin.gz...done (loaded 1 paths).
Using this partial path to overwrite all paths in workdir4/joint_bestpaths.bin.gz:
Q34:	|........ ........ ........ ........|
Q35:	|........ ........ ........ ........|
Q36:	|........ ........ ........ ........|
Q37:	|........ ........ ........ ........| ok p=1
Q38:	|........ ........ ........ ........| ok p=1
Q39:	|........ ........ ........ ........| ok p=1
Q40:	|........ ........ ........ ........| ok p=1
Q41:	|........ ........ ........ ........| ok p=1
Q42:	|........ ........ ........ ........| ok p=1
Q43:	|........ ........ ........ ........| ok p=1
Q44:	|........ ........ ........ ........| ok p=1
Q45:	|........ ........ ........ ........| ok p=1
Q46:	|........ ........ ........ ........| ok p=1
Q47:	|........ ........ ........ ........| ok p=1
Q48:	|........ ........ ........ ........| ok p=1
Q49:	|........ ........ ........ ........| ok p=1
Q50:	|........ ........ ........ ........| ok p=1
Q51:	|........ ........ ........ ........| ok p=1
Q52:	|........ ........ ........ ........| ok p=1
Q53:	|........ ........ ........ ........| ok p=1
Q54:	|........ ........ ........ ........| ok p=1
Q55:	|........ ........ ........ ........| ok p=1
Q56:	|........ ........ ........ ........| ok p=1
Q57:	|........ ........ ........ ........| ok p=1
Q58:	|........ ........ ........ ........| ok p=1
Q59:	|........ ........ ........ ........| ok p=1
Q60:	|........ .0...... ........ ........| ok p=1
Q61:	|........ 10...... ........ ........| ok p=1
Q62:	|........ 1-...... ........ ........| ok p=1
Q63:	|........ -+...... ........ ........| ok p=0.996094
Q64:	|........ .-...... ..+.-... ........|
Saving 82 paths to workdir4/collfindpaths.bin.gz...done.
Q-3:	|00001001 01010110 00100101 00010111|
Q-2:	|+01-++11 +-011110 00100000 0111001-|
Q-1:	|-0-+++10 1+111111 11000000 0111110-|
Q0:	|+0000-+- 0--01+-1 --+1+011 011010-+| ok p=1
Q1:	|0.++1-10 .+1-.0+. --+.+.1. +.0..-1+| ok p=1
Q2:	|1.0+..1- .--+.1+. -...-.-. +.-..010| ok p=1
Q3:	|0.-1.0.1 10-+111^ +10.+.-. +.+..1.-| ok p=1
Q4:	|..00...1 01-00--. +...1.0. -.-....+| ok p=1
Q5:	|..+-1... +..+.0+. ....1.-. 0!1....-| ok p=1
Q6:	|.11+0... 0.11.-+. 1...0.-. 0.-....0| ok p=1
Q7:	|110++... 1..0.-+. ...10.-. ..-....+| ok p=1
Q8:	|0+++0... ...1.+0. ...0-... .......1| ok p=1
Q9:	|0-1-+0.. .^...+-. 0..--00. .!0....0| ok p=1
Q10:	|0-0-+0.. .+..1.-1 0.11110. ......0.| ok p=1
Q11:	|-0.11+0. .0..0000 +.011001 ^.010^1.| ok p=1
Q12:	|-1^11+1^ .1^^+.++ -.+----0 -^101--.| ok p=1
Q13:	|+-++++++ 0+++0.11 +01110+- 0---+01.| ok p=1
Q14:	|+01+1011 10001.10 00-10111 +100101.| ok p=1
Q15:	|+001010+ -010+..- 0+01+.-1 +0110.+.| ok p=0.267578
Q16:	|1..-..1+ ..0.+..- ..0...0. -.0...1.| ok p=0.823242
Q17:	|1..0..10 ^.1.0..1 .^.+^.+. +.1...-.| ok p=0.487305
Q18:	|...0..-1 ..-.1..+ ...+.... -.+...-.| ok p=0.46582
Q19:	|...+.... .......+ .0.-..^. -....0+.| ok p=0.879883
Q20:	|.0...0^. ..^....0 01.0.0.. 1.^..1+.| ok p=1
Q21:	|.1.^.1.. ..0....1 1+.1.1.. 1....+0.| ok p=0.769531
Q22:	|.-...+.. ..1..... -....-.. ......0.| ok p=0.719727
Q23:	|........ ..-.0... .^...... 0....^..| ok p=0.996094
Q24:	|.^...^.0 ....1... ^....^.. 1...0...| ok p=1
Q25:	|........ ..^.+... ........ +...1...| ok p=0.792969
Q26:	|......0- ........ ...0.... ....+...| ok p=1
Q27:	|......1- ....^... ...1.... ^.......| ok p=0.99707
Q28:	|......-+ ........ ...-.... ....^...| ok p=0.990234
Q29:	|.......0 ........ ...0.... ........| ok p=1
Q30:	|......^1 ........ ...+.... ........| ok p=1
Q31:	|........ ........ ...+.... ........| ok p=0.994141
Q32:	|........ ........ ........ ........| ok p=1
Q33:	|........ ........ ...!.... ........| ok p=1
Q34:	|........ ........ ........ ........| ok p=1
Q35:	|........ ........ ........ ........| ok p=1
Q36:	|........ ........ ........ ........| ok p=1
Q37:	|........ ........ ........ ........| ok p=1
Q38:	|........ ........ ........ ........| ok p=1
Q39:	|........ ........ ........ ........| ok p=1
Q40:	|........ ........ ........ ........| ok p=1
Q41:	|........ ........ ........ ........| ok p=1
Q42:	|........ ........ ........ ........| ok p=1
Q43:	|........ ........ ........ ........| ok p=1
Q44:	|........ ........ ........ ........| ok p=1
Q45:	|........ ........ ........ ........| ok p=1
Q46:	|........ ........ ........ ........| ok p=1
Q47:	|........ ........ ........ ........| ok p=1
Q48:	|........ ........ ........ ........| ok p=1
Q49:	|........ ........ ........ ........| ok p=1
Q50:	|........ ........ ........ ........| ok p=1
Q51:	|........ ........ ........ ........| ok p=1
Q52:	|........ ........ ........ ........| ok p=1
Q53:	|........ ........ ........ ........| ok p=1
Q54:	|........ ........ ........ ........| ok p=1
Q55:	|........ ........ ........ ........| ok p=1
Q56:	|........ ........ ........ ........| ok p=1
Q57:	|........ ........ ........ ........| ok p=1
Q58:	|........ ........ ........ ........| ok p=1
Q59:	|........ ........ ........ ........| ok p=1
Q60:	|........ .0...... ........ ........| ok p=1
Q61:	|........ 10...... ........ ........| ok p=0.996094
Q62:	|........ 1-...... ........ ........| ok p=1
Q63:	|........ -+...... ........ ........| ok p=0.998047
Q64:	|........ .-...... ..+.-... ........|
