Warning: no OS randomness!
Connect MD5 differential paths
Copyright (C) 2009 Marc Stevens
http://homepages.cwi.nl/~stevens/

delta_m[11] = [!-12!]
Loading precompute/diff-13/paths16_0of1_1000000.bin.gz...done: 1000000. (6.86069s)
Loading workdir4/paths11_0of1.bin.gz.done...done: 2633674. (7.48618s)
t=12: 0%   10   20   30   40   50   60   70   80   90   100%
      |----|----|----|----|----|----|----|----|----|----|
      *Q-3:	|00001001 01010110 00100101 00010111|
Q-2:	|+01-++11 +-011110 00100000 0111001-|
Q-1:	|-0-+++10 1+111111 11000000 0111110-|
Q0:	|+0000-+- 0--01+-1 --+1+011 011010-+| ok p=1
Q1:	|0.++1-10 .+1-.0+. --+.+.1. +.0..-1+| ok p=1
Q2:	|1.0+..1- .--+.1+. -...-.-. +.-..010| ok p=1
Q3:	|.!-..0.1 100-011^ +10.+.-. +.+..1.-| ok p=1
Q4:	|.!00...1 01-01--. +...1.01 -.-....+| ok p=1
Q5:	|!.+..... +.1+.0+. ....1^-1 0!1....-| ok p=1
Q6:	|!.+.^... 0.11.-+. 1....-1+ 0.-....-| ok p=1
Q7:	|.^+!+... 0..1.-.. ...^.0-- ..-.....| ok p=1
Q8:	|!-0.0... ....!+0. ...+.+1- ..0....0| ok p=1
Q9:	|.11.+01. .....0.. 1..0.1+. .!+.....| ok p=1
Q10:	|!--1+11. .0.00-01 0.0-!101 00+.....| ok p=1
Q11:	|1-111+-0 ^1^10-10 -.1+^101 00+0100^| ok p=1
Q12:	|0+---1+1 -+++--+0 +^+-+--- --00010+| ok p=1
Q13:	|--1-01+- 100-0+++ ++0-1111 +---+-+1| ok p=1
Q14:	|0-0-01.0 1110+0.- 10100111 +.0110-0| ok p=1
Q15:	|0-000001 .-.0-001 01.++.0. +01100+.| ok p=0.793945
Q16:	|.1-0..0+ ..1.+..- ...1..1. -.0...0.| ok p=0.738281
Q17:	|.1....1. .^1.1..0 ...0^.+. +.1...-.| ok p=0.432617
Q18:	|..^+..-^ ..-.0..+ ...1.... -.+...-.| ok p=0.749023
Q19:	|...+.... .......+ .0.-..^. -....0+.| ok p=0.869141
Q20:	|.0.1.0^. ..^....0 01...0.. 1.^..1+.| ok p=1
Q21:	|.1.0.1.. ..0....1 1+.^.1.. 1....+0.| ok p=0.732422
Q22:	|.-...+.. ..1..... -....-.. ......0.| ok p=0.730469
Q23:	|........ ..-.0... .^...... 0....^..| ok p=0.999023
Q24:	|.^...^.0 ....1... ^....^.. 1...0...| ok p=1
Q25:	|........ ..^.+... ........ +...1...| ok p=0.755859
Q26:	|......0- ........ ...0.... ....+...| ok p=1
Q27:	|......1- ....^... ...1.... ^.......| ok p=0.994141
Q28:	|......-+ ........ ...-.... ....^...| ok p=0.994141
Q29:	|.......0 ........ ...0.... ........| ok p=1
Q30:	|......^1 ........ ...+.... ........| ok p=1
Q31:	|........ ........ ...+.... ........| ok p=0.994141
Q32:	|........ ........ ........ ........| ok p=1
Q33:	|........ ........ ...!.... ........| ok p=1
Q34:	|........ ........ ........ ........| ok p=1
Q35:	|........ ........ ........ ........|
Best path: totcompl=-20 tottunnel=35, totcond=559, p=0.0632421
Q-3:	|00001001 01010110 00100101 00010111|
Q-2:	|+01-++11 +-011110 00100000 0111001-|
Q-1:	|-0-+++10 1+111111 11000000 0111110-|
Q0:	|+0000-+- 0--01+-1 --+1+011 011010-+| ok p=1
Q1:	|0.++1-10 .+1-.0+. --+.+.1. +.0..-1+| ok p=1
Q2:	|1.0+..1- .--+.1+. -...-.-. +.-..010| ok p=1
Q3:	|.!-..0.1 100-011^ +10.+.-. +.+..1.-| ok p=1
Q4:	|!.00...1 01-01--. +...1.01 -.-....+| ok p=1
Q5:	|!.+..... +.1+.0+. ....1^-1 0!1....-| ok p=1
Q6:	|.!+.^... 0.11.-+. 1....-1+ 0.-....-| ok p=1
Q7:	|.^+!+... 0..1.-.. ...^.0-- ..-.....| ok p=1
Q8:	|!-0.0... ....!+0. ...+.+1- ..0....0| ok p=1
Q9:	|.11.+01. .....0.. 1..0.1+. .!+.....| ok p=1
Q10:	|!--1+11. .000.-0. 000-!101 00+.....| ok p=1
Q11:	|1-111+-0 ^101^-10 -.1+^101 00+0100^| ok p=1
Q12:	|0+---1+1 -+++--+0 +^+-+--- --00010+| ok p=1
Q13:	|--1-01+- 100-0+++ ++0-1111 +---+-+1| ok p=1
Q14:	|0-0-01.0 1101+0.- 10100111 +.0110-0| ok p=1
Q15:	|0-000001 .-.0-001 01.++.0. +01100+.| ok p=0.762695
Q16:	|.1-0..0+ ..1.+..- ...1..1. -.0...0.| ok p=0.725586
Q17:	|.1....1. .^1.1..0 ...0^.+. +.1...-.| ok p=0.461914
Q18:	|..^+..-^ ..-.0..+ ...1.... -.+...-.| ok p=0.738281
Q19:	|...+.... .......+ .0.-..^. -....0+.| ok p=0.856445
Q20:	|.0.1.0^. ..^....0 01...0.. 1.^..1+.| ok p=1
Q21:	|.1.0.1.. ..0....1 1+.^.1.. 1....+0.| ok p=0.728516
Q22:	|.-...+.. ..1..... -....-.. ......0.| ok p=0.728516
Q23:	|........ ..-.0... .^...... 0....^..| ok p=0.999023
Q24:	|.^...^.0 ....1... ^....^.. 1...0...| ok p=1
Q25:	|........ ..^.+... ........ +...1...| ok p=0.762695
Q26:	|......0- ........ ...0.... ....+...| ok p=1
Q27:	|......1- ....^... ...1.... ^.......| ok p=0.998047
Q28:	|......-+ ........ ...-.... ....^...| ok p=0.999023
Q29:	|.......0 ........ ...0.... ........| ok p=1
Q30:	|......^1 ........ ...+.... ........| ok p=1
Q31:	|........ ........ ...+.... ........| ok p=0.994141
Q32:	|........ ........ ........ ........| ok p=1
Q33:	|........ ........ ...!.... ........| ok p=1
Q34:	|........ ........ ........ ........| ok p=1
Q35:	|........ ........ ........ ........|
Best path: totcompl=-19 tottunnel=36, totcond=559, p=0.0657209
Best paths: 2
Best paths: 4
Best paths: 8
Best paths: 16
Q-3:	|00001001 01010110 00100101 00010111|
Q-2:	|+01-++11 +-011110 00100000 0111001-|
Q-1:	|-0-+++10 1+111111 11000000 0111110-|
Q0:	|+0000-+- 0--01+-1 --+1+011 011010-+| ok p=1
Q1:	|0.++1-10 .+1-.0+. --+.+.1. +.0..-1+| ok p=1
Q2:	|1.0+..1- .--+.1+. -...-.-. +.-..010| ok p=1
Q3:	|.!-1.0.1 10-+111^ +10.+.-. +.+..1.-| ok p=1
Q4:	|..00...1 01-00--. +...1.0. -.-....+| ok p=1
Q5:	|..+-1... +..+.0+. ....1.-. 0!1....-| ok p=1
Q6:	|.11+0... 0.11.-+. 1...0.-. 0.-....0| ok p=1
Q7:	|110++... 1..0.-+. ...10.-. ..-....+| ok p=1
Q8:	|0+++0... ....!+0. ...0-... ..1....1| ok p=1
Q9:	|0-1-+0.. .^...+-. 0..--00. ..0....0| ok p=1
Q10:	|0-0-+0.. .+..1.-1 0.11110. ......0.| ok p=1
Q11:	|-0.11+0. .0..0000 +.011001 ^0110^1.| ok p=1
Q12:	|-1^11+1^ .1^^+.++ -.+----0 -1001--.| ok p=1
Q13:	|+-++++++ 0+++0.11 +01110+- 0---+01.| ok p=1
Q14:	|+01+1011 10001.10 00-10111 +100101.| ok p=1
Q15:	|+001010+ -010+..- 0+01+.-1 +0110.+.| ok p=0.244141
Q16:	|1..-..1+ ..0.+..- ..0...0. -.0...1.| ok p=0.830078
Q17:	|1..0..10 ^.1.0..1 .^.+^.+. +.1...-.| ok p=0.507812
Q18:	|...0..-1 ..-.1..+ ...+.... -.+...-.| ok p=0.456055
Q19:	|...+.... .......+ .0.-..^. -....0+.| ok p=0.890625
Q20:	|.0...0^. ..^....0 01.0.0.. 1.^..1+.| ok p=1
Q21:	|.1.^.1.. ..0....1 1+.1.1.. 1....+0.| ok p=0.771484
Q22:	|.-...+.. ..1..... -....-.. ......0.| ok p=0.716797
Q23:	|........ ..-.0... .^...... 0....^..| ok p=0.99707
Q24:	|.^...^.0 ....1... ^....^.. 1...0...| ok p=1
Q25:	|........ ..^.+... ........ +...1...| ok p=0.762695
Q26:	|......0- ........ ...0.... ....+...| ok p=1
Q27:	|......1- ....^... ...1.... ^.......| ok p=0.99707
Q28:	|......-+ ........ ...-.... ....^...| ok p=0.996094
Q29:	|.......0 ........ ...0.... ........| ok p=1
Q30:	|......^1 ........ ...+.... ........| ok p=1
Q31:	|........ ........ ...+.... ........| ok p=0.998047
Q32:	|........ ........ ........ ........| ok p=1
Q33:	|........ ........ ...!.... ........| ok p=1
Q34:	|........ ........ ........ ........| ok p=1
Q35:	|........ ........ ........ ........|
Best path: totcompl=-18 tottunnel=37, totcond=546, p=0.0179794
Best paths: 2
Q-3:	|00001001 01010110 00100101 00010111|
Q-2:	|+01-++11 +-011110 00100000 0111001-|
Q-1:	|-0-+++10 1+111111 11000000 0111110-|
Q0:	|+0000-+- 0--01+-1 --+1+011 011010-+| ok p=1
Q1:	|0.++1-10 .+1-.0+. --+.+.1. +.0..-1+| ok p=1
Q2:	|1.0+..1- .--+.1+. -...-.-. +.-..010| ok p=1
Q3:	|0.-1.0.1 10-+111^ +10.+.-. +.+..1.-| ok p=1
Q4:	|..00...1 01-00--. +...1.0. -.-....+| ok p=1
Q5:	|..+-1... +..+.0+. ....1.-. 0!1....-| ok p=1
Q6:	|.11+0... 0.11.-+. 1...0.-. 0.-....0| ok p=1
Q7:	|110++... 1..0.-+. ...10.-. ..-....+| ok p=1
Q8:	|0+++0... ...1.+0. ...0-... .......1| ok p=1
Q9:	|0-1-+0.. .^...+-. 0..--00. .!0....0| ok p=1
Q10:	|0-0-+0.. .+..1.-1 0.11110. ......0.| ok p=1
Q11:	|-0.11+0. .0..0000 +.011001 ^.010^1.| ok p=1
Q12:	|-1^11+1^ .1^^+.++ -.+----0 -^101--.| ok p=1
Q13:	|+-++++++ 0+++0.11 +01110+- 0---+01.| ok p=1
Q14:	|+01+1011 10001.10 00-10111 +100101.| ok p=1
Q15:	|+001010+ -010+..- 0+01+.-1 +0110.+.| ok p=0.220703
Q16:	|1..-..1+ ..0.+..- ..0...0. -.0...1.| ok p=0.800781
Q17:	|1..0..10 ^.1.0..1 .^.+^.+. +.1...-.| ok p=0.480469
Q18:	|...0..-1 ..-.1..+ ...+.... -.+...-.| ok p=0.46582
Q19:	|...+.... .......+ .0.-..^. -....0+.| ok p=0.874023
Q20:	|.0...0^. ..^....0 01.0.0.. 1.^..1+.| ok p=1
Q21:	|.1.^.1.. ..0....1 1+.1.1.. 1....+0.| ok p=0.78418
Q22:	|.-...+.. ..1..... -....-.. ......0.| ok p=0.704102
Q23:	|........ ..-.0... .^...... 0....^..| ok p=0.996094
Q24:	|.^...^.0 ....1... ^....^.. 1...0...| ok p=1
Q25:	|........ ..^.+... ........ +...1...| ok p=0.764648
Q26:	|......0- ........ ...0.... ....+...| ok p=1
Q27:	|......1- ....^... ...1.... ^.......| ok p=0.998047
Q28:	|......-+ ........ ...-.... ....^...| ok p=0.99707
Q29:	|.......0 ........ ...0.... ........| ok p=1
Q30:	|......^1 ........ ...+.... ........| ok p=1
Q31:	|........ ........ ...+.... ........| ok p=0.994141
Q32:	|........ ........ ........ ........| ok p=1
Q33:	|........ ........ ...!.... ........| ok p=1
Q34:	|........ ........ ........ ........| ok p=1
Q35:	|........ ........ ........ ........|
Best path: totcompl=-17 tottunnel=38, totcond=545, p=0.0163511
Best paths: 2
Best paths: 4
Best paths: 8
Best paths: 16
Best paths: 32
Best paths: 64
