Warning: no OS randomness!
Extend MD5 differential paths forward
Copyright (C) 2009 Marc Stevens
http://homepages.cwi.nl/~stevens/

delta_m[11] = [!-12!]
Loading workdir4/lowerpath.bin.gz...done: 1. (5.38826e-05s)
Estimating maxcond for upper bound 1500000 (=750000 * 2)...
t=1:  0%   10   20   30   40   50   60   70   80   90   100%
      |----|----|----|----|----|----|----|----|----|----|
e     ***************************************************
Found maxcond = 2176
t=1:  0%   10   20   30   40   50   60   70   80   90   100%
      |----|----|----|----|----|----|----|----|----|----|
      ***************************************************
Q-3:	|00001001 01010110 00100101 00010111|
Q-2:	|+01-++11 +-011110 00100000 0111001-|
Q-1:	|-0-+++10 1+111111 11000000 0111110-|
Q0:	|+0000-+- 0--01+-1 --+1+011 011010-+| ok p=0.963867
Q1:	|0.+1++00 .0++.0+. -0-.+... +.....--| ok p=0.888672
Q2:	|...+.-.+ .-.-...+ .+..-.-. .+....+.|
Saving 98784 paths...cached.
Autobalance parameters: maxcond=2176 (ab#:0)
Verified: 113568 bad out of 212352
Estimating maxcond for upper bound 3000000 (=1500000 * 2)...
t=2:  0%   10   20   30   40   50   60   70   80   90   100%
      |----|----|----|----|----|----|----|----|----|----|
e     **************************************************Found maxcond = 167
t=2:  0%   10   20   30   40   50   60   70   80   90   100%
      |----|----|----|----|----|----|----|----|----|----|
      **************************************************Q-3:	|00001001 01010110 00100101 00010111|
Q-2:	|+01-++11 +-011110 00100000 0111001-|
Q-1:	|-0-+++10 1+111111 11000000 0111110-|
Q0:	|+0000-+- 0--01+-1 --+1+011 011010-+| ok p=0.936523
Q1:	|+-0-0-00 .+1-.1+. -0-.+... +1....--| ok p=0.56543
Q2:	|.+.+..-- .-1-.1+. --0..... 0-.....0| ok p=0.696289
Q3:	|+.+..-.+ .-.-.-.+ .+.-.+.. ..+....-|
Saving 1500000 paths...cached.
Autobalance parameters: maxcond=166 (ab#:1)
Verified: 5496 bad out of 1537072
Estimating maxcond for upper bound 6000000 (=3000000 * 2)...
t=3:  0%   10   20   30   40   50   60   70   80   90   100%
      |----|----|----|----|----|----|----|----|----|----|
e     ***************************************************
Found maxcond = 183
t=3:  0%   10   20   30   40   50   60   70   80   90   100%
      |----|----|----|----|----|----|----|----|----|----|
      ***************************************************
Q-3:	|00001001 01010110 00100101 00010111|
Q-2:	|+01-++11 +-011110 00100000 0111001-|
Q-1:	|-0-+++10 1+111111 11000000 0111110-|
Q0:	|+0000-+- 0--01+-1 --+1+011 011010-+| ok p=1
Q1:	|0+0-0-10 .+1-.0+. --+.+... +.0...--| ok p=1
Q2:	|10+-..1- .-0-.1+. --..-... 1.-....0| ok p=0.597656
Q3:	|.1-..1.0 .0.-..-. ..1.+... 1.0...1-| ok p=0.552734
Q4:	|..-..... .-..+..+ .+...-.. +.+.+..+|
Saving 3000000 paths...cached.
Autobalance parameters: maxcond=182 (ab#:1)
Verified: 105426 bad out of 3676202
Estimating maxcond for upper bound 6000000 (=3000000 * 2)...
t=4:  0%   10   20   30   40   50   60   70   80   90   100%
      |----|----|----|----|----|----|----|----|----|----|
e     ***************************************************
Found maxcond = 198
t=4:  0%   10   20   30   40   50   60   70   80   90   100%
      |----|----|----|----|----|----|----|----|----|----|
      ***************************************************
Q-3:	|00001001 01010110 00100101 00010111|
Q-2:	|+01-++11 +-011110 00100000 0111001-|
Q-1:	|-0-+++10 1+111111 11000000 0111110-|
Q0:	|+0000-+- 0--01+-1 --+1+011 011010-+| ok p=0.509766
Q1:	|0.+0++11 .+-+.0+. -0-.+... +1.1..--| ok p=0.800781
Q2:	|0.1.++1+ .-.-.1+. --1.-... --.+...0| ok p=0.795898
Q3:	|..-..-.+ .-1+..-. -00.1... -0.+..0-| ok p=0.498047
Q4:	|..-.1-.. ...-..0. .--.+... .+.....-| ok p=0.373047
Q5:	|+.-.-.-. -..-.+.. -..+..-. .+.+.+.+|
Saving 3000000 paths...cached.
Autobalance parameters: maxcond=197 (ab#:1)
Verified: 203413 bad out of 3440726
Estimating maxcond for upper bound 6000000 (=3000000 * 2)...
t=5:  0%   10   20   30   40   50   60   70   80   90   100%
      |----|----|----|----|----|----|----|----|----|----|
e     ***************************************************
Found maxcond = 213
t=5:  0%   10   20   30   40   50   60   70   80   90   100%
      |----|----|----|----|----|----|----|----|----|----|
      ***************************************************
Q-3:	|00001001 01010110 00100101 00010111|
Q-2:	|+01-++11 +-011110 00100000 0111001-|
Q-1:	|-0-+++10 1+111111 11000000 0111110-|
Q0:	|+0000-+- 0--01+-1 --+1+011 011010-+| ok p=1
Q1:	|0+0-0-00 .+1-.1+. --+.+... +0...-0+| ok p=1
Q2:	|0+1+..1- .--+.1+. -.+.-... 1-...010| ok p=0.65625
Q3:	|..+1.0.1 .0++.1+. .1..+... 01...0.-| ok p=0.533203
Q4:	|.0++...- .1++.-.. 1.0.-... ++.....+| ok p=0.393555
Q5:	|..--...+ ...-.01. ....-... -0.....-| ok p=0.414062
Q6:	|..-.+.+. +..-.-.. ........ -.-..-.+|
Saving 3000000 paths...cached.
Autobalance parameters: maxcond=212 (ab#:1)
Verified: 65764 bad out of 3294108
Estimating maxcond for upper bound 6000000 (=3000000 * 2)...
t=6:  0%   10   20   30   40   50   60   70   80   90   100%
      |----|----|----|----|----|----|----|----|----|----|
e     ***************************************************
Found maxcond = 227
t=6:  0%   10   20   30   40   50   60   70   80   90   100%
      |----|----|----|----|----|----|----|----|----|----|
      ***************************************************
Q-3:	|00001001 01010110 00100101 00010111|
Q-2:	|+01-++11 +-011110 00100000 0111001-|
Q-1:	|-0-+++10 1+111111 11000000 0111110-|
Q0:	|+0000-+- 0--01+-1 --+1+011 011010-+| ok p=1
Q1:	|0.++1-10 .+1-.0+. --+.+.1. +.0..-1+| ok p=1
Q2:	|1.0+..1- .--+.1+. -...-.-. +.-..011| ok p=0.401367
Q3:	|..-..0.1 .01-.11. +10.+.-. +.+..1.-| ok p=0.446289
Q4:	|..00...1 .--1.--. +...-.0. -.-.V..+| ok p=0.783203
Q5:	|..1..... .++-.-+. ....-.-. -.1....-| ok p=0.75
Q6:	|........ .-1-..+. 1...-.-. +.-.+..-| ok p=0.849609
Q7:	|....-... .-.-.... .-..-.-. +.......|
Saving 3000000 paths...cached.
Autobalance parameters: maxcond=226 (ab#:1)
Verified: 22208 bad out of 3482593
Estimating maxcond for upper bound 6000000 (=3000000 * 2)...
t=7:  0%   10   20   30   40   50   60   70   80   90   100%
      |----|----|----|----|----|----|----|----|----|----|
e     ***************************************************
Found maxcond = 239
t=7:  0%   10   20   30   40   50   60   70   80   90   100%
      |----|----|----|----|----|----|----|----|----|----|
      ***************************************************
Q-3:	|00001001 01010110 00100101 00010111|
Q-2:	|+01-++11 +-011110 00100000 0111001-|
Q-1:	|-0-+++10 1+111111 11000000 0111110-|
Q0:	|+0000-+- 0--01+-1 --+1+011 011010-+| ok p=1
Q1:	|0.++1-10 .+1-.0+. --+.+.1. +.0..-1+| ok p=1
Q2:	|1.0+..1- .--+.1+. -...-.-. +.-..010| ok p=0.407227
Q3:	|..-..0.1 100-.11. +10.+.-. +.+..1.-| ok p=0.236328
Q4:	|..00...1 00-0.--. +...1.0. -1-....+| ok p=1
Q5:	|..1.V... +.1+.0+. .V..0.-. 000....-| ok p=0.939453
Q6:	|........ +.10.1+. 1.....-. +++....-| ok p=0.861328
Q7:	|....+... ...1.... .-...... 0-0.....| ok p=0.663086
Q8:	|+.-..... ........ ..-.-..- ..-....-|
Saving 3000000 paths...cached.
Autobalance parameters: maxcond=238 (ab#:1)
Verified: 122 bad out of 3253971
Estimating maxcond for upper bound 6000000 (=3000000 * 2)...
t=8:  0%   10   20   30   40   50   60   70   80   90   100%
      |----|----|----|----|----|----|----|----|----|----|
e     ***************************************************
Found maxcond = 250
t=8:  0%   10   20   30   40   50   60   70   80   90   100%
      |----|----|----|----|----|----|----|----|----|----|
      ***************************************************
Q-3:	|00001001 01010110 00100101 00010111|
Q-2:	|+01-++11 +-011110 00100000 0111001-|
Q-1:	|-0-+++10 1+111111 11000000 0111110-|
Q0:	|+0000-+- 0--01+-1 --+1+011 011010-+| ok p=1
Q1:	|0.++1-10 .+1-.0+. --+.+.1. +.0..-1+| ok p=1
Q2:	|1.0+..1- .--+.1+. -...-.-. +.-..010| ok p=0.379883
Q3:	|..-..0.1 100-.11. +10.+.-. +.+..1.-| ok p=0.230469
Q4:	|..00...1 00-0.--. +...100. -V-....+| ok p=0.5625
Q5:	|..0..... +.1+.0+. .V..11-. 0.0....-| ok p=0.811523
Q6:	|........ 0.01.1+. 11..V-1. +++....-| ok p=0.876953
Q7:	|........ 1..0.... .-...-1. +0+.....| ok p=1
Q8:	|........ ......1. .-..-... .-.....1| ok p=0.711914
Q9:	|.+..+..+ .....-.+ ..+.+..- .+......|
Saving 3000000 paths...cached.
Autobalance parameters: maxcond=249 (ab#:1)
Verified: 2764 bad out of 3341148
Estimating maxcond for upper bound 6000000 (=3000000 * 2)...
t=9:  0%   10   20   30   40   50   60   70   80   90   100%
      |----|----|----|----|----|----|----|----|----|----|
e     ***************************************************
Found maxcond = 262
t=9:  0%   10   20   30   40   50   60   70   80   90   100%
      |----|----|----|----|----|----|----|----|----|----|
      ***************************************************
Q-3:	|00001001 01010110 00100101 00010111|
Q-2:	|+01-++11 +-011110 00100000 0111001-|
Q-1:	|-0-+++10 1+111111 11000000 0111110-|
Q0:	|+0000-+- 0--01+-1 --+1+011 011010-+| ok p=1
Q1:	|0.++1-10 .+1-.0+. --+.+.1. +.0..-1+| ok p=1
Q2:	|1.0+..1- .--+.1+. -...-.-. +.-..010| ok p=0.388672
Q3:	|..-..0.1 100-.11. +10.+.-. +.+..1.-| ok p=0.236328
Q4:	|..00...1 00-0.--. +...1.0V -.-....+| ok p=0.770508
Q5:	|..1.V... +.1+.0+. .V..1.-. 0.1....-| ok p=0.874023
Q6:	|..V..... 1.11.1-. 11..1.1- 0.-....-| ok p=0.854492
Q7:	|..0.+... 1..0.-1. .-V.0.10 ..-.....| ok p=0.802734
Q8:	|..-.0... .....-0. .-..-..+ .......0| ok p=0.751953
Q9:	|..+.+... ......-. ..+.+..0 ..1.....| ok p=0.773438
Q10:	|..-..+.. ...-.-.. ..+.-... ........|
Saving 3000000 paths...cached.
Autobalance parameters: maxcond=261 (ab#:1)
Verified: 103680 bad out of 3642443
Estimating maxcond for upper bound 6000000 (=3000000 * 2)...
t=10: 0%   10   20   30   40   50   60   70   80   90   100%
      |----|----|----|----|----|----|----|----|----|----|
e     ***************************************************
Found maxcond = 272
t=10: 0%   10   20   30   40   50   60   70   80   90   100%
      |----|----|----|----|----|----|----|----|----|----|
      ***************************************************
Q-3:	|00001001 01010110 00100101 00010111|
Q-2:	|+01-++11 +-011110 00100000 0111001-|
Q-1:	|-0-+++10 1+111111 11000000 0111110-|
Q0:	|+0000-+- 0--01+-1 --+1+011 011010-+| ok p=1
Q1:	|0.++1-10 .+1-.0+. --+.+.1. +.0..-1+| ok p=1
Q2:	|1.0+..1- .--+.1+. -...-.-. +.-..010| ok p=0.375977
Q3:	|..-..0.1 100-.11. +10.+.-. +.+..1.-| ok p=0.46582
Q4:	|..00...1 0-+1.--. +...1.0V -.-....+| ok p=0.77832
Q5:	|..1.V... +1+-.0+. .V..1.-. 0.1....-| ok p=0.944336
Q6:	|..V..... 11.1.1-. 11.V..1- 0.-....-| ok p=0.836914
Q7:	|..0.+... 0.10.-1. .-....10 ..-.....| ok p=0.823242
Q8:	|..-.0V.. ....V-0. .-.+...+ .......0| ok p=0.740234
Q9:	|..+.+... .....--. .+.0...1 ..1.....| ok p=0.775391
Q10:	|..-.0+.. ....-.0. .+.-...1 ........| ok p=0.584961
Q11:	|+....+.. .-..-... .+...... ...-....|
Saving 3000000 paths...cached.
Autobalance parameters: maxcond=271 (ab#:1)
Verified: 264681 bad out of 3449334
Estimating maxcond for upper bound 6000000 (=3000000 * 2)...
t=11: 0%   10   20   30   40   50   60   70   80   90   100%
      |----|----|----|----|----|----|----|----|----|----|
e     ***************************************************
Found maxcond = 282
t=11: 0%   10   20   30   40   50   60   70   80   90   100%
      |----|----|----|----|----|----|----|----|----|----|
      ***************************************************
Q-3:	|00001001 01010110 00100101 00010111|
Q-2:	|+01-++11 +-011110 00100000 0111001-|
Q-1:	|-0-+++10 1+111111 11000000 0111110-|
Q0:	|+0000-+- 0--01+-1 --+1+011 011010-+| ok p=1
Q1:	|0.++1-10 .+1-.0+. --+.+.1. +.0..-1+| ok p=1
Q2:	|1.0+..1- .--+.1+. -...-.-. +.-..010| ok p=0.40332
Q3:	|..-..0.1 100-.11. +10.+.-. +.+..1.-| ok p=0.238281
Q4:	|..00...1 01-0.--. +...1V0V -.-....+| ok p=0.696289
Q5:	|..+.V... +.1+.0+. ....1.-1 0.1....-| ok p=0.993164
Q6:	|.V+..... 0.11.-+. 1..V.-1+ 0.-....-| ok p=0.885742
Q7:	|..+.+... 0..1.-.. .....0-- ..-.....| ok p=0.482422
Q8:	|.-1.0... .....+0. ...+.+1- ..0....0| ok p=0.361328
Q9:	|.10.+... .....0.. ...0.1+. ..+.....| ok p=0.481445
Q10:	|.--.+... .....-.. ...-.1+0 ..+.....| ok p=0.754883
Q11:	|.-0..... .....-.. ...+..+. ..+.....| ok p=0.556641
Q12:	|....+... ...-..-. ...+..+. ..+....+|
Saving 2633674 paths...done. (5.54525s)
Autobalance parameters: maxcond=282 (ab#:0)
Verified: 101016 bad out of 2734690
Runtime: 64.3793
