Warning: no OS randomness!
MD5 differential path toolbox
Copyright (C) 2009 Marc Stevens
http://homepages.cwi.nl/~stevens/

Loading workdir4/latest_bestpaths.bin.gz...done (loaded 4 paths).
Saving 4 paths to workdir4/joint_bestpaths.bin.gz...done.
Warning: no OS randomness!
MD5 differential path toolbox
Copyright (C) 2009 Marc Stevens
http://homepages.cwi.nl/~stevens/

Loading workdir4/latest_bestpaths.bin.gz...done (loaded 16 paths).
Saving 16 paths to workdir4/joint_bestpaths.bin.gz...done.
Warning: no OS randomness!
MD5 differential path toolbox
Copyright (C) 2009 Marc Stevens
http://homepages.cwi.nl/~stevens/

Loading workdir4/latest_bestpaths.bin.gz...done (loaded 16 paths).
Loading workdir4/bestpaths_t37_c546.bin.gz...done (loaded 2 paths).
Loading workdir4/bestpaths_t38_c545.bin.gz...done (loaded 8 paths).
Loading workdir4/bestpaths_t38_c549.bin.gz...done (loaded 16 paths).
Saving 42 paths to workdir4/joint_bestpaths.bin.gz...done.
Warning: no OS randomness!
MD5 differential path toolbox
Copyright (C) 2009 Marc Stevens
http://homepages.cwi.nl/~stevens/

Loading workdir4/latest_bestpaths.bin.gz...done (loaded 32 paths).
Loading workdir4/bestpaths_t37_c546.bin.gz...done (loaded 2 paths).
Loading workdir4/bestpaths_t38_c545.bin.gz...done (loaded 32 paths).
Loading workdir4/bestpaths_t38_c549.bin.gz...done (loaded 16 paths).
Saving 82 paths to workdir4/joint_bestpaths.bin.gz...done.
