Warning: no OS randomness!
MD5 differential path toolbox
Copyright (C) 2009 Marc Stevens
http://homepages.cwi.nl/~stevens/

IHV1   = {156640535,90952554,2730475645,861806707}
IHV1   = 172556096ad36b057dc0bfa273205e33

IHV2   = {156640535,2181905257,520077436,2946375794}
IHV2   = 17255609693b0d827cc0ff1e72209eaf

dIHV   = {0,2090952703,2084569087,2084569087}
NC0: delta c = delta d = [!0,31!]
NC0: delta b           = [!0,21,-23,31!]
NC1: delta c = delta d = [!-22!]
NC1: delta b           = [!-11,13,-22!]
NC2: delta c = delta d = [!26!]
NC2: delta b           = [!15,-17,26!]
NC0: prob=-9.1462
NC1: prob=-6.16791
NC2: prob=-6.26571
delta m_11 = [!-12!]
Q-3:	|00001001 01010110 00100101 00010111|
Q-2:	|+01-++11 +-011110 00100000 0111001-|
Q-1:	|-0-+++10 1+111111 11000000 0111110-|
Q0:	|+0000-+- 0--01+-1 --+1+011 011010-+| ok p=0.478516
Q1:	|.+.-.-.. .+.-..+. -.-.+... +....-.+|
Saved lower diff. path to 'workdir4/lowerpath.bin.gz'.

Q34:	|........ ........ ........ ........|
Q35:	|........ ........ ........ ........|
Q36:	|........ ........ ........ ........|
Q37:	|........ ........ ........ ........| ok p=1
Q38:	|........ ........ ........ ........| ok p=1
Q39:	|........ ........ ........ ........| ok p=1
Q40:	|........ ........ ........ ........| ok p=1
Q41:	|........ ........ ........ ........| ok p=1
Q42:	|........ ........ ........ ........| ok p=1
Q43:	|........ ........ ........ ........| ok p=1
Q44:	|........ ........ ........ ........| ok p=1
Q45:	|........ ........ ........ ........| ok p=1
Q46:	|........ ........ ........ ........| ok p=1
Q47:	|........ ........ ........ ........| ok p=1
Q48:	|........ ........ ........ ........| ok p=1
Q49:	|........ ........ ........ ........| ok p=1
Q50:	|........ ........ ........ ........| ok p=1
Q51:	|........ ........ ........ ........| ok p=1
Q52:	|........ ........ ........ ........| ok p=1
Q53:	|........ ........ ........ ........| ok p=1
Q54:	|........ ........ ........ ........| ok p=1
Q55:	|........ ........ ........ ........| ok p=1
Q56:	|........ ........ ........ ........| ok p=1
Q57:	|........ ........ ........ ........| ok p=1
Q58:	|........ ........ ........ ........| ok p=1
Q59:	|........ ........ ........ ........| ok p=1
Q60:	|........ .0...... ........ ........| ok p=1
Q61:	|........ 10...... ........ ........| ok p=1
Q62:	|........ 1-...... ........ ........| ok p=1
Q63:	|........ -+...... ........ ........| ok p=0.99707
Q64:	|........ .-...... ..+.-... ........|
Saved upper diff. path to 'workdir4/upperpath.bin.gz'.
Saved 'md5diffpathforward.cfg'.
Saved 'md5diffpathbackward.cfg'.
Saved 'md5diffpathconnect.cfg'.
Saved 'md5diffpathhelper.cfg'.
