Warning: no OS randomness!
MD5 differential path toolbox
Copyright (C) 2009 Marc Stevens
http://homepages.cwi.nl/~stevens/

delta_m[2] = [!8!]
Q-3:	|-1100001 10101001 01000110 11111111|
Q-2:	|+0110101 10110001 10101010 11100000|
Q-1:	|-0101111 -1101000 00011101 01101110|
Q0:	|+-++++++ +1011101 01011110 11100101| ok p=0.637695
Q1:	|0+000100 -....... ...1.... 0+...-.+| ok p=0.972656
Q2:	|--100111 -.0..... .^.+.... +0...-.+| ok p=1
Q3:	|+-...... +.01.... !+.1.0.. -1...-.+| ok p=1
Q4:	|+-0!.... 0.-0.... .1^1.0.. -.....1+| ok p=1
Q5:	|1-1....^ 0.1..... .1+..-.. +....10+| ok p=1
Q6:	|1-0....+ ..1..... ..1.!+0^ +.....-+| ok p=1
Q7:	|+1.....0 ...1.... ..1..+1+ +.....1.| ok p=0.998047
Q8:	|-01....0 1..1.... ...0..-1 -..1..01| ok p=1
Q9:	|000..1.. 0..+.... ...0.0-- 1..0....| ok p=1
Q10:	|0.0.10.1 +.0+00.0 ..1-11.+ 0..+0...| ok p=1
Q11:	|00000+00 +01-11^1 ..1-1011 0.1+1^0.| ok p=1
Q12:	|-1+1+11+ -1+--+++ ^^+0--00 1^01++1.| ok p=1
Q13:	|+-++++++ +----00+ ---+---- -----1+.| ok p=1
Q14:	|+101.01- 100..+0. 0101..11 1010001.| ok p=1
Q15:	|00+10111 011010.0 11101101 1110-.-.| ok p=0.608398
Q16:	|+.+....- .....-.. ........ ......-.| ok p=0.558594
Q17:	|+.0..... ......0. ...0.... ....^.+.| ok p=0.995117
Q18:	|-.1....^ .....^1. ...1.... .0....0.| ok p=0.71582
Q19:	|-....... ......-. ...+.... .1....1.| ok p=0.854492
Q20:	|-....... ........ ........ .-......| ok p=1
Q21:	|-....0.. ......^. ...^.... ........| ok p=1
Q22:	|-....1.. ........ ........ .^......| ok p=0.498047
Q23:	|1....+.. ........ ........ ........| ok p=1
Q24:	|0....... ........ .......0 ........| ok p=1
Q25:	|.....^.. ........ .......1 ........| ok p=0.517578
Q26:	|........ ........ .......- ........| ok p=0.982422
Q27:	|........ ........ ........ ........| ok p=1
Q28:	|........ ........ .......^ ........| ok p=1
Q29:	|........ ........ ........ ........| ok p=1
Q30:	|........ ........ ........ ........| ok p=1
Q31:	|........ ........ ........ ........| ok p=1
Q32:	|........ ........ ........ ........| ok p=1
Q33:	|........ ........ ........ ........| ok p=1
Q34:	|........ ........ ........ ........| ok p=1
Q35:	|........ ........ ........ ........| ok p=1
Q36:	|........ ........ ........ ........| ok p=1
Q37:	|........ ........ ........ ........| ok p=1
Q38:	|........ ........ ........ ........| ok p=1
Q39:	|........ ........ ........ ........| ok p=1
Q40:	|........ ........ ........ ........| ok p=1
Q41:	|........ ........ ........ ........| ok p=1
Q42:	|........ ........ ........ ........| ok p=1
Q43:	|........ ........ ........ ........| ok p=1
Q44:	|........ ........ ........ ........| ok p=1
Q45:	|........ ........ ........ ........| ok p=1
Q46:	|0....... ........ ........ ........| ok p=1
Q47:	|1....... ........ ........ ........| ok p=0.517578
Q48:	|+....... ........ ........ ........| ok p=1
Q49:	|+....... ........ ........ ........| ok p=1
Q50:	|-....... ........ ........ ........| ok p=1
Q51:	|+....... ........ ........ ........| ok p=1
Q52:	|-....... ........ ........ ........| ok p=1
Q53:	|+....... ........ ........ ........| ok p=1
Q54:	|-....... ........ ........ ........| ok p=1
Q55:	|+....... ........ ........ ........| ok p=1
Q56:	|-....... ........ ........ ........| ok p=1
Q57:	|+....... ........ ........ ........| ok p=1
Q58:	|-....... ........ ........ ........| ok p=1
Q59:	|+....... ........ ........ ........| ok p=1
Q60:	|-....... ........ ........ ........| ok p=1
Q61:	|+....... 0....... ........ ........| ok p=1
Q62:	|-....... ........ ........ ........| ok p=1
Q63:	|+....... +....... ........ ........| ok p=1
Q64:	|+....... +....... ........ ........|
Starting...
20: Q5m5tunnel      = 4
20: Q4m5tunnel      = 2
20: Q14m6Q3m5tunnel = 2
21: Q10m10tunnel    = 5
21: Q9m10tunnel     = 4
22: Q8Q12m15tunnel  = 1
23: Q4m4tunnel      = 12
24: Q9m9tunnel      = 10
25: Q14Q3m14tunnel  = 2
.1 0
2 0
4 0
8 0
16 0
32 0
64 0
128 0
256 0
512 0
1024 0
20: Q5m5tunnel      = 4
20: Q4m5tunnel      = 2
20: Q14m6Q3m5tunnel = 2
21: Q10m10tunnel    = 5
21: Q9m10tunnel     = 4
22: Q8Q12m15tunnel  = 1
23: Q4m4tunnel      = 12
24: Q9m9tunnel      = 10
25: Q14Q3m14tunnel  = 2
2048 0
4096 0
.8192 0
16384 0
20: Q5m5tunnel      = 4
20: Q4m5tunnel      = 2
20: Q14m6Q3m5tunnel = 2
21: Q10m10tunnel    = 5
21: Q9m10tunnel     = 4
22: Q8Q12m15tunnel  = 1
23: Q4m4tunnel      = 12
24: Q9m9tunnel      = 10
25: Q14Q3m14tunnel  = 2
22516 1
.32768 1
20: Q5m5tunnel      = 4
20: Q4m5tunnel      = 2
20: Q14m6Q3m5tunnel = 2
21: Q10m10tunnel    = 5
21: Q9m10tunnel     = 4
22: Q8Q12m15tunnel  = 1
23: Q4m4tunnel      = 12
24: Q9m9tunnel      = 10
25: Q14Q3m14tunnel  = 2
.65536 1
77843 2
20: Q5m5tunnel      = 4
20: Q4m5tunnel      = 2
20: Q14m6Q3m5tunnel = 2
21: Q10m10tunnel    = 5
21: Q9m10tunnel     = 4
22: Q8Q12m15tunnel  = 1
23: Q4m4tunnel      = 12
24: Q9m9tunnel      = 10
25: Q14Q3m14tunnel  = 2
.20: Q5m5tunnel      = 4
20: Q4m5tunnel      = 2
20: Q14m6Q3m5tunnel = 2
21: Q10m10tunnel    = 5
21: Q9m10tunnel     = 4
22: Q8Q12m15tunnel  = 1
23: Q4m4tunnel      = 12
24: Q9m9tunnel      = 10
25: Q14Q3m14tunnel  = 2
.20: Q5m5tunnel      = 4
20: Q4m5tunnel      = 2
20: Q14m6Q3m5tunnel = 2
21: Q10m10tunnel    = 5
21: Q9m10tunnel     = 4
22: Q8Q12m15tunnel  = 1
23: Q4m4tunnel      = 12
24: Q9m9tunnel      = 10
25: Q14Q3m14tunnel  = 2
.131072 3
131462 4
20: Q5m5tunnel      = 4
20: Q4m5tunnel      = 2
20: Q14m6Q3m5tunnel = 2
21: Q10m10tunnel    = 5
21: Q9m10tunnel     = 4
22: Q8Q12m15tunnel  = 1
23: Q4m4tunnel      = 12
24: Q9m9tunnel      = 10
25: Q14Q3m14tunnel  = 2
.20: Q5m5tunnel      = 4
20: Q4m5tunnel      = 2
20: Q14m6Q3m5tunnel = 2
21: Q10m10tunnel    = 5
21: Q9m10tunnel     = 4
22: Q8Q12m15tunnel  = 1
23: Q4m4tunnel      = 12
24: Q9m9tunnel      = 10
25: Q14Q3m14tunnel  = 2
.20: Q5m5tunnel      = 4
20: Q4m5tunnel      = 2
20: Q14m6Q3m5tunnel = 2
21: Q10m10tunnel    = 5
21: Q9m10tunnel     = 4
22: Q8Q12m15tunnel  = 1
23: Q4m4tunnel      = 12
24: Q9m9tunnel      = 10
25: Q14Q3m14tunnel  = 2
.20: Q5m5tunnel      = 4
20: Q4m5tunnel      = 2
20: Q14m6Q3m5tunnel = 2
21: Q10m10tunnel    = 5
21: Q9m10tunnel     = 4
22: Q8Q12m15tunnel  = 1
23: Q4m4tunnel      = 12
24: Q9m9tunnel      = 10
25: Q14Q3m14tunnel  = 2
.20: Q5m5tunnel      = 4
20: Q4m5tunnel      = 2
20: Q14m6Q3m5tunnel = 2
21: Q10m10tunnel    = 5
21: Q9m10tunnel     = 4
22: Q8Q12m15tunnel  = 1
23: Q4m4tunnel      = 12
24: Q9m9tunnel      = 10
25: Q14Q3m14tunnel  = 2
.219861 8
262144 8
358054 16
Block 1: ./data/coll1_1650079228
dd 25 8c 50 e8 b0 a8 07 12 42 a3 70 54 f1 e6 fb 
79 ff 25 8c a7 b3 cb a0 73 a2 93 18 32 f4 b2 c6 
25 3d 1f 49 31 41 6f cc 2d 69 be a2 7e 99 ae fc 
32 91 c4 c1 9b a4 16 21 03 53 12 5e 45 64 a1 d9 
Block 2: ./data/coll2_1650079228
dd 25 8c 50 e8 b0 a8 07 12 43 a3 70 54 f1 e6 fb 
79 ff 25 8c a7 b3 cb a0 73 a2 93 18 32 f4 b2 c6 
25 3d 1f 49 31 41 6f cc 2d 69 be a2 7e 99 ae fc 
32 91 c4 c1 9b a4 16 21 03 53 12 5e 45 64 a1 d9 
Found collision!
