Warning: no OS randomness!
MD5 differential path toolbox
Copyright (C) 2009 Marc Stevens
http://homepages.cwi.nl/~stevens/

delta_m[2] = [!8!]
Q-3:	|01100111 01000101 00100011 00000001|
Q-2:	|00010000 00110010 01010100 01110110|
Q-1:	|10011000 10111010 11011100 11111110|
Q0:	|11101111 11001101 10101011 10001001| ok p=1
Q1:	|11010111 11011001 00011111 00100111| ok p=1
Q2:	|.....11. ........ ........ ........| ok p=1
Q3:	|.....+-. ........ ........ ........| ok p=1
Q4:	|....^+-. ........ ........ ..0.....| ok p=1
Q5:	|....+--. ........ ........ .^0.....| ok p=1
Q6:	|....0+-. ........ ....!... .+-.....| ok p=1
Q7:	|....+--. ........ ........ .0+...1.| ok p=1
Q8:	|....01+. ......1. ........ .+-...1.| ok p=1
Q9:	|....10+. ......1. ........ .0+...-.| ok p=1
Q10:	|....0+-. 0.1001+0 .00.0..0 .10011-.| ok p=1
Q11:	|....01+^ 101111+1 .00^1^^1 ^11100-.| ok p=1
Q12:	|!^..+01+ +1+---0- ^+++++++ +++++++.| ok p=1
Q13:	|!+0.-++0 +---1--- ---11111 100+---.| ok p=1
Q14:	|!01.1111 .11.001. 01001111 111.111.| ok p=1
Q15:	|01-.1000 0111.100 010..... ...1+1-.| ok p=0.862305
Q16:	|..-....- .....-.. ........ ......-.| ok p=0.461914
Q17:	|-.0..... ......0. ...0.... ....^.+.| ok p=0.995117
Q18:	|-.1....^ .....^1. ...1.... .0....0.| ok p=0.763672
Q19:	|+....... ......+. ...+.... .1....1.| ok p=0.873047
Q20:	|+....... ........ ........ .-......| ok p=1
Q21:	|+....0.. ......^. ...^.... ........| ok p=1
Q22:	|+....1.. ........ ........ .^......| ok p=0.504883
Q23:	|1....+.. ........ ........ ........| ok p=1
Q24:	|0....... ........ .......0 ........| ok p=1
Q25:	|.....^.. ........ .......1 ........| ok p=0.505859
Q26:	|........ ........ .......- ........| ok p=0.985352
Q27:	|........ ........ ........ ........| ok p=1
Q28:	|........ ........ .......^ ........| ok p=1
Q29:	|........ ........ ........ ........| ok p=1
Q30:	|........ ........ ........ ........| ok p=1
Q31:	|........ ........ ........ ........| ok p=1
Q32:	|........ ........ ........ ........| ok p=1
Q33:	|........ ........ ........ ........| ok p=1
Q34:	|........ ........ ........ ........| ok p=1
Q35:	|........ ........ ........ ........| ok p=1
Q36:	|........ ........ ........ ........| ok p=1
Q37:	|........ ........ ........ ........| ok p=1
Q38:	|........ ........ ........ ........| ok p=1
Q39:	|........ ........ ........ ........| ok p=1
Q40:	|........ ........ ........ ........| ok p=1
Q41:	|........ ........ ........ ........| ok p=1
Q42:	|........ ........ ........ ........| ok p=1
Q43:	|........ ........ ........ ........| ok p=1
Q44:	|........ ........ ........ ........| ok p=1
Q45:	|........ ........ ........ ........| ok p=1
Q46:	|0....... ........ ........ ........| ok p=1
Q47:	|1....... ........ ........ ........| ok p=0.492188
Q48:	|-....... ........ ........ ........| ok p=1
Q49:	|-....... ........ ........ ........| ok p=1
Q50:	|+....... ........ ........ ........| ok p=1
Q51:	|-....... ........ ........ ........| ok p=1
Q52:	|+....... ........ ........ ........| ok p=1
Q53:	|-....... ........ ........ ........| ok p=1
Q54:	|+....... ........ ........ ........| ok p=1
Q55:	|-....... ........ ........ ........| ok p=1
Q56:	|+....... ........ ........ ........| ok p=1
Q57:	|-....... ........ ........ ........| ok p=1
Q58:	|+....... ........ ........ ........| ok p=1
Q59:	|-....... ........ ........ ........| ok p=1
Q60:	|+....... ........ ........ ........| ok p=1
Q61:	|-....... 0....... ........ ........| ok p=1
Q62:	|+....... ........ ........ ........| ok p=1
Q63:	|-....... +....... ........ ........| ok p=1
Q64:	|+....... +....... ........ ........|
Starting...
20: Q5m5tunnel      = 0
20: Q4m5tunnel      = 0
20: Q14m6Q3m5tunnel = 2
21: Q10m10tunnel    = 1
21: Q9m10tunnel     = 7
22: Q8Q12m15tunnel  = 2
23: Q4m4tunnel      = 23
24: Q9m9tunnel      = 13
25: Q14Q3m14tunnel  = 4
.1 0
2 0
4 0
8 0
16 0
32 0
64 0
128 0
256 0
512 0
1024 0
20: Q5m5tunnel      = 0
20: Q4m5tunnel      = 0
20: Q14m6Q3m5tunnel = 2
21: Q10m10tunnel    = 1
21: Q9m10tunnel     = 7
22: Q8Q12m15tunnel  = 2
23: Q4m4tunnel      = 23
24: Q9m9tunnel      = 13
25: Q14Q3m14tunnel  = 4
.2048 0
4096 0
8192 0
16384 0
20: Q5m5tunnel      = 0
20: Q4m5tunnel      = 0
20: Q14m6Q3m5tunnel = 2
21: Q10m10tunnel    = 1
21: Q9m10tunnel     = 7
22: Q8Q12m15tunnel  = 2
23: Q4m4tunnel      = 23
24: Q9m9tunnel      = 13
25: Q14Q3m14tunnel  = 4
.26271 1
20: Q5m5tunnel      = 0
20: Q4m5tunnel      = 0
20: Q14m6Q3m5tunnel = 2
21: Q10m10tunnel    = 1
21: Q9m10tunnel     = 7
22: Q8Q12m15tunnel  = 2
23: Q4m4tunnel      = 23
24: Q9m9tunnel      = 13
25: Q14Q3m14tunnel  = 4
.32768 1
20: Q5m5tunnel      = 0
20: Q4m5tunnel      = 0
20: Q14m6Q3m5tunnel = 2
21: Q10m10tunnel    = 1
21: Q9m10tunnel     = 7
22: Q8Q12m15tunnel  = 2
23: Q4m4tunnel      = 23
24: Q9m9tunnel      = 13
25: Q14Q3m14tunnel  = 4
.20: Q5m5tunnel      = 0
20: Q4m5tunnel      = 0
20: Q14m6Q3m5tunnel = 2
21: Q10m10tunnel    = 1
21: Q9m10tunnel     = 7
22: Q8Q12m15tunnel  = 2
23: Q4m4tunnel      = 23
24: Q9m9tunnel      = 13
25: Q14Q3m14tunnel  = 4
.20: Q5m5tunnel      = 0
20: Q4m5tunnel      = 0
20: Q14m6Q3m5tunnel = 2
21: Q10m10tunnel    = 1
21: Q9m10tunnel     = 7
22: Q8Q12m15tunnel  = 2
23: Q4m4tunnel      = 23
24: Q9m9tunnel      = 13
25: Q14Q3m14tunnel  = 4
.20: Q5m5tunnel      = 0
20: Q4m5tunnel      = 0
20: Q14m6Q3m5tunnel = 2
21: Q10m10tunnel    = 1
21: Q9m10tunnel     = 7
22: Q8Q12m15tunnel  = 2
23: Q4m4tunnel      = 23
24: Q9m9tunnel      = 13
25: Q14Q3m14tunnel  = 4
.20: Q5m5tunnel      = 0
20: Q4m5tunnel      = 0
20: Q14m6Q3m5tunnel = 2
21: Q10m10tunnel    = 1
21: Q9m10tunnel     = 7
22: Q8Q12m15tunnel  = 2
23: Q4m4tunnel      = 23
24: Q9m9tunnel      = 13
25: Q14Q3m14tunnel  = 4
.20: Q5m5tunnel      = 0
20: Q4m5tunnel      = 0
20: Q14m6Q3m5tunnel = 2
21: Q10m10tunnel    = 1
21: Q9m10tunnel     = 7
22: Q8Q12m15tunnel  = 2
23: Q4m4tunnel      = 23
24: Q9m9tunnel      = 13
25: Q14Q3m14tunnel  = 4
.65536 1
20: Q5m5tunnel      = 0
20: Q4m5tunnel      = 0
20: Q14m6Q3m5tunnel = 2
21: Q10m10tunnel    = 1
21: Q9m10tunnel     = 7
22: Q8Q12m15tunnel  = 2
23: Q4m4tunnel      = 23
24: Q9m9tunnel      = 13
25: Q14Q3m14tunnel  = 4
.20: Q5m5tunnel      = 0
20: Q4m5tunnel      = 0
20: Q14m6Q3m5tunnel = 2
21: Q10m10tunnel    = 1
21: Q9m10tunnel     = 7
22: Q8Q12m15tunnel  = 2
23: Q4m4tunnel      = 23
24: Q9m9tunnel      = 13
25: Q14Q3m14tunnel  = 4
.98144 2
131072 3
142381 4
Block 1: ./data/coll1_471576647
70 72 65 66 b5 9f d3 f9 d6 90 45 c1 04 a4 9a e5 
2a 76 ce a5 0d e7 d4 bd a4 64 b9 b6 1c ce 12 8f 
e0 0c 47 41 54 c2 27 46 39 62 1e e7 c2 7c 26 d7 
07 62 38 d4 62 6d 30 5f 38 69 5d 89 3b 9b b9 25 
Block 2: ./data/coll2_471576647
70 72 65 66 b5 9f d3 f9 d6 91 45 c1 04 a4 9a e5 
2a 76 ce a5 0d e7 d4 bd a4 64 b9 b6 1c ce 12 8f 
e0 0c 47 41 54 c2 27 46 39 62 1e e7 c2 7c 26 d7 
07 62 38 d4 62 6d 30 5f 38 69 5d 89 3b 9b b9 25 
Found collision!
