Warning: no OS randomness!
Connect MD5 differential paths
Copyright (C) 2009 Marc Stevens
http://homepages.cwi.nl/~stevens/

delta_m[2] = [!8!]
Loading upper_1_640000/paths16_0of1.bin.gz...Loading data/paths11_0of1.bin.gz...done: 160000. (0.428952s)
done: 640000. (5.06239s)
t=12: 0%   10   20   30   40   50   60   70   80   90   100%
      |----|----|----|----|----|----|----|----|----|----|
      *************Q-3:	|-1100001 10101001 01000110 11111111|
Q-2:	|+0110101 10110001 10101010 11100000|
Q-1:	|-0101111 -1101000 00011101 01101110|
Q0:	|+-++++++ +1011101 01011110 11100101| ok p=0.621094
Q1:	|0+000100 -....... ...1.... 0+...-.+| ok p=0.97168
Q2:	|--100111 -.1..... .^.+.... +0...-.+| ok p=1
Q3:	|+-...... +.10.... !+.1.0.. -1...-.+| ok p=1
Q4:	|+-0.!... 0.-1.... .1^1.0.. -.....1+| ok p=1
Q5:	|1-1....^ 0.1..... .1+..-.. +....10+| ok p=1
Q6:	|1-0....+ ..1..... ..1.!+0^ +.....-+| ok p=1
Q7:	|+1.....0 ...1.... ..1..+1+ +.....1.| ok p=0.998047
Q8:	|-01....0 1..1.... ...0..-1 -..1..01| ok p=1
Q9:	|000..1.. 0..+.... ...0.0-- 1..0....| ok p=1
Q10:	|0.0.10.1 +.0+00.0 ..1-!0.+ 0..+0...| ok p=1
Q11:	|00000+00 +01-11^1 ..1-0111 0.1+1^0.| ok p=1
Q12:	|-1+1+11+ -1+--+++ ^^+-1+00 1^01++1.| ok p=1
Q13:	|+-++++++ +----00+ ---+---- -----1+.| ok p=1
Q14:	|+101.01- 100..+0. 01011111 1010001.| ok p=1
Q15:	|00+10111 011010.0 11101101 1110-.-.| ok p=0.588867
Q16:	|+.+....- .....-.. ........ ......-.| ok p=0.550781
Q17:	|+.0..... ......0. ...0.... ....^.+.| ok p=0.992188
Q18:	|-.1....^ .....^1. ...1.... .0....0.| ok p=0.729492
Q19:	|-....... ......-. ...+.... .1....1.| ok p=0.866211
Q20:	|-....... ........ ........ .-......| ok p=1
Q21:	|-....0.. ......^. ...^.... ........| ok p=1
Q22:	|-....1.. ........ ........ .^......| ok p=0.523438
Q23:	|1....+.. ........ ........ ........| ok p=1
Q24:	|0....... ........ .......0 ........| ok p=1
Q25:	|.....^.. ........ .......1 ........| ok p=0.479492
Q26:	|........ ........ .......- ........| ok p=0.974609
Q27:	|........ ........ ........ ........| ok p=1
Q28:	|........ ........ .......^ ........| ok p=1
Q29:	|........ ........ ........ ........| ok p=1
Q30:	|........ ........ ........ ........| ok p=1
Q31:	|........ ........ ........ ........| ok p=1
Q32:	|........ ........ ........ ........| ok p=1
Q33:	|........ ........ ........ ........| ok p=1
Q34:	|........ ........ ........ ........| ok p=1
Q35:	|........ ........ ........ ........| ok p=1
Q36:	|........ ........ ........ ........| ok p=1
Q37:	|........ ........ ........ ........| ok p=1
Q38:	|........ ........ ........ ........| ok p=1
Q39:	|........ ........ ........ ........| ok p=1
Q40:	|........ ........ ........ ........| ok p=1
Q41:	|........ ........ ........ ........| ok p=1
Q42:	|........ ........ ........ ........| ok p=1
Q43:	|........ ........ ........ ........| ok p=1
Q44:	|........ ........ ........ ........| ok p=1
Q45:	|........ ........ ........ ........| ok p=1
Q46:	|0....... ........ ........ ........| ok p=1
Q47:	|1....... ........ ........ ........| ok p=0.512695
Q48:	|+....... ........ ........ ........| ok p=1
Q49:	|+....... ........ ........ ........| ok p=1
Q50:	|-....... ........ ........ ........| ok p=1
Q51:	|+....... ........ ........ ........| ok p=1
Q52:	|-....... ........ ........ ........| ok p=1
Q53:	|+....... ........ ........ ........| ok p=1
Q54:	|-....... ........ ........ ........| ok p=1
Q55:	|+....... ........ ........ ........| ok p=1
Q56:	|-....... ........ ........ ........| ok p=1
Q57:	|+....... ........ ........ ........| ok p=1
Q58:	|-....... ........ ........ ........| ok p=1
Q59:	|+....... ........ ........ ........| ok p=1
Q60:	|-....... ........ ........ ........| ok p=1
Q61:	|+....... 0....... ........ ........| ok p=1
Q62:	|-....... ........ ........ ........| ok p=1
Q63:	|+....... +....... ........ ........| ok p=1
Q64:	|+....... +....... ........ ........|
Best path: totcompl=-7 tottunnel=43, totcond=474, p=0.0187987
Best paths: 2
Best paths: 4
Best paths: 8
Q-3:	|-1100001 10101001 01000110 11111111|
Q-2:	|+0110101 10110001 10101010 11100000|
Q-1:	|-0101111 -1101000 00011101 01101110|
Q0:	|+-++++++ +1011101 01011110 11100101| ok p=0.649414
Q1:	|0+000100 -....... ...1.... 0+...-.+| ok p=0.963867
Q2:	|--100111 -.0..... .^.+.... +0...-.+| ok p=1
Q3:	|+-...... +.01.... !+.1.0.. -1...-.+| ok p=1
Q4:	|+-0!.... 0.-0.... .1^1.0.. -.....1+| ok p=1
Q5:	|1-1....^ 0.1..... .1+..-.. +....10+| ok p=1
Q6:	|1-0....+ ..1..... ..1.!+0^ +.....-+| ok p=1
Q7:	|+1.....0 ...1.... ..1..+1+ +.....1.| ok p=1
Q8:	|-01....0 1..1.... ...0..-1 -..1..01| ok p=1
Q9:	|000..1.. 0..+.... ...0.0-- 1..0....| ok p=1
Q10:	|0.0.10.1 +.0+00.0 ..1-11.+ 0..+0...| ok p=1
Q11:	|00000+00 +01-11^1 ..1-1011 0.1+1^0.| ok p=1
Q12:	|-1+1+11+ -1+--+++ ^^+0--00 1^01++1.| ok p=1
Q13:	|+-++++++ +----00+ ---+---- -----1+.| ok p=1
Q14:	|+101.01- 100..+0. 0101..11 1010001.| ok p=1
Q15:	|00+10111 011010.0 11101101 1110-.-.| ok p=0.594727
Q16:	|+.+....- .....-.. ........ ......-.| ok p=0.573242
Q17:	|+.0..... ......0. ...0.... ....^.+.| ok p=0.998047
Q18:	|-.1....^ .....^1. ...1.... .0....0.| ok p=0.740234
Q19:	|-....... ......-. ...+.... .1....1.| ok p=0.886719
Q20:	|-....... ........ ........ .-......| ok p=1
Q21:	|-....0.. ......^. ...^.... ........| ok p=1
Q22:	|-....1.. ........ ........ .^......| ok p=0.536133
Q23:	|1....+.. ........ ........ ........| ok p=1
Q24:	|0....... ........ .......0 ........| ok p=1
Q25:	|.....^.. ........ .......1 ........| ok p=0.499023
Q26:	|........ ........ .......- ........| ok p=0.986328
Q27:	|........ ........ ........ ........| ok p=1
Q28:	|........ ........ .......^ ........| ok p=1
Q29:	|........ ........ ........ ........| ok p=1
Q30:	|........ ........ ........ ........| ok p=1
Q31:	|........ ........ ........ ........| ok p=1
Q32:	|........ ........ ........ ........| ok p=1
Q33:	|........ ........ ........ ........| ok p=1
Q34:	|........ ........ ........ ........| ok p=1
Q35:	|........ ........ ........ ........| ok p=1
Q36:	|........ ........ ........ ........| ok p=1
Q37:	|........ ........ ........ ........| ok p=1
Q38:	|........ ........ ........ ........| ok p=1
Q39:	|........ ........ ........ ........| ok p=1
Q40:	|........ ........ ........ ........| ok p=1
Q41:	|........ ........ ........ ........| ok p=1
Q42:	|........ ........ ........ ........| ok p=1
Q43:	|........ ........ ........ ........| ok p=1
Q44:	|........ ........ ........ ........| ok p=1
Q45:	|........ ........ ........ ........| ok p=1
Q46:	|0....... ........ ........ ........| ok p=1
Q47:	|1....... ........ ........ ........| ok p=0.514648
Q48:	|+....... ........ ........ ........| ok p=1
Q49:	|+....... ........ ........ ........| ok p=1
Q50:	|-....... ........ ........ ........| ok p=1
Q51:	|+....... ........ ........ ........| ok p=1
Q52:	|-....... ........ ........ ........| ok p=1
Q53:	|+....... ........ ........ ........| ok p=1
Q54:	|-....... ........ ........ ........| ok p=1
Q55:	|+....... ........ ........ ........| ok p=1
Q56:	|-....... ........ ........ ........| ok p=1
Q57:	|+....... ........ ........ ........| ok p=1
Q58:	|-....... ........ ........ ........| ok p=1
Q59:	|+....... ........ ........ ........| ok p=1
Q60:	|-....... ........ ........ ........| ok p=1
Q61:	|+....... 0....... ........ ........| ok p=1
Q62:	|-....... ........ ........ ........| ok p=1
Q63:	|+....... +....... ........ ........| ok p=1
Q64:	|+....... +....... ........ ........|
Best path: totcompl=-5 tottunnel=45, totcond=472, p=0.0176454
Best paths: 2
Best paths: 4
Best paths: 8
**Best paths: 16
****