Warning: no OS randomness!
Connect MD5 differential paths
Copyright (C) 2009 Marc Stevens
http://homepages.cwi.nl/~stevens/

delta_m[2] = [!8!]
Loading upper_1_640000/paths16_0of1.bin.gz...Loading data/paths11_0of1.bin.gz...done: 160000. (0.426801s)
done: 640000. (5.06891s)
t=12: 0%   10   20   30   40   50   60   70   80   90   100%
      |----|----|----|----|----|----|----|----|----|----|
      ***Q-3:	|01100111 01000101 00100011 00000001|
Q-2:	|00010000 00110010 01010100 01110110|
Q-1:	|10011000 10111010 11011100 11111110|
Q0:	|11101111 11001101 10101011 10001001| ok p=1
Q1:	|11010111 11011001 00011111 00100111| ok p=1
Q2:	|.....11. ........ ........ ........| ok p=1
Q3:	|.....+-. ........ ........ ........| ok p=1
Q4:	|....^+-. ........ ........ ..0.....| ok p=1
Q5:	|....+--. ........ ........ .^0.....| ok p=1
Q6:	|....0+-. ........ ....!... .+-.....| ok p=1
Q7:	|....+--. ........ ........ .0+...1.| ok p=1
Q8:	|....01+. ......1. ........ .+-...1.| ok p=1
Q9:	|....10+0 ......1. ....1... .0+...-.| ok p=1
Q10:	|....0+-0 111001+0 .00.0..0 .01011-.| ok p=1
Q11:	|...^11++ 000100+1 .00^1^^1 ^10100-.| ok p=1
Q12:	|.^!++-0- -+----0- ^+++++++ +++++++.| ok p=1
Q13:	|!+0001-- +----+-- ---11111 100+---.| ok p=1
Q14:	|!011111- 11...01. 10001111 011.111.| ok p=1
Q15:	|01-...01 01111100 010..... ...1+1-.| ok p=0.881836
Q16:	|..-....- .....-.. ........ ......-.| ok p=0.487305
Q17:	|-.0..... ......0. ...0.... ....^.+.| ok p=0.995117
Q18:	|-.1....^ .....^1. ...1.... .0....0.| ok p=0.745117
Q19:	|+....... ......+. ...+.... .1....1.| ok p=0.875977
Q20:	|+....... ........ ........ .-......| ok p=1
Q21:	|+....0.. ......^. ...^.... ........| ok p=1
Q22:	|+....1.. ........ ........ .^......| ok p=0.516602
Q23:	|1....+.. ........ ........ ........| ok p=1
Q24:	|0....... ........ .......0 ........| ok p=1
Q25:	|.....^.. ........ .......1 ........| ok p=0.463867
Q26:	|........ ........ .......- ........| ok p=0.980469
Q27:	|........ ........ ........ ........| ok p=1
Q28:	|........ ........ .......^ ........| ok p=1
Q29:	|........ ........ ........ ........| ok p=1
Q30:	|........ ........ ........ ........| ok p=1
Q31:	|........ ........ ........ ........| ok p=1
Q32:	|........ ........ ........ ........| ok p=1
Q33:	|........ ........ ........ ........| ok p=1
Q34:	|........ ........ ........ ........| ok p=1
Q35:	|........ ........ ........ ........| ok p=1
Q36:	|........ ........ ........ ........| ok p=1
Q37:	|........ ........ ........ ........| ok p=1
Q38:	|........ ........ ........ ........| ok p=1
Q39:	|........ ........ ........ ........| ok p=1
Q40:	|........ ........ ........ ........| ok p=1
Q41:	|........ ........ ........ ........| ok p=1
Q42:	|........ ........ ........ ........| ok p=1
Q43:	|........ ........ ........ ........| ok p=1
Q44:	|........ ........ ........ ........| ok p=1
Q45:	|........ ........ ........ ........| ok p=1
Q46:	|0....... ........ ........ ........| ok p=1
Q47:	|1....... ........ ........ ........| ok p=0.527344
Q48:	|-....... ........ ........ ........| ok p=1
Q49:	|-....... ........ ........ ........| ok p=1
Q50:	|+....... ........ ........ ........| ok p=1
Q51:	|-....... ........ ........ ........| ok p=1
Q52:	|+....... ........ ........ ........| ok p=1
Q53:	|-....... ........ ........ ........| ok p=1
Q54:	|+....... ........ ........ ........| ok p=1
Q55:	|-....... ........ ........ ........| ok p=1
Q56:	|+....... ........ ........ ........| ok p=1
Q57:	|-....... ........ ........ ........| ok p=1
Q58:	|+....... ........ ........ ........| ok p=1
Q59:	|-....... ........ ........ ........| ok p=1
Q60:	|+....... ........ ........ ........| ok p=1
Q61:	|-....... 0....... ........ ........| ok p=1
Q62:	|+....... ........ ........ ........| ok p=1
Q63:	|-....... +....... ........ ........| ok p=1
Q64:	|+....... +....... ........ ........|
Best path: totcompl=-4 tottunnel=46, totcond=419, p=0.03533
Best paths: 2
Best paths: 4
Q-3:	|01100111 01000101 00100011 00000001|
Q-2:	|00010000 00110010 01010100 01110110|
Q-1:	|10011000 10111010 11011100 11111110|
Q0:	|11101111 11001101 10101011 10001001| ok p=1
Q1:	|11010111 11011001 00011111 00100111| ok p=1
Q2:	|.....11. ........ ........ ........| ok p=1
Q3:	|.....+-. ........ ........ ........| ok p=1
Q4:	|....^+-. ........ ........ ..0.....| ok p=1
Q5:	|....+--. ........ ........ .^0.....| ok p=1
Q6:	|....0+-. ........ .....!.. .+-.....| ok p=1
Q7:	|....+--. ........ ........ .0+...1.| ok p=1
Q8:	|....01+. ......1. ........ .+-...1.| ok p=1
Q9:	|....10+0 ......1. ....1... .0+...-.| ok p=1
Q10:	|....0+-0 111001+0 .00.0..0 .01011-.| ok p=1
Q11:	|.1.^11++ 000100+1 .00^1^^1 ^10100-.| ok p=1
Q12:	|.1!++-0- -+----0- ^+++++++ +++++++.| ok p=1
Q13:	|.+0001-- +----+-- ---11111 100+---.| ok p=1
Q14:	|!011111- 11...01. 01001111 011.111.| ok p=1
Q15:	|01-...01 01111100 010..... ...1+1-.| ok p=0.873047
Q16:	|..-....- .....-.. ........ ......-.| ok p=0.472656
Q17:	|-.0..... ......0. ...0.... ....^.+.| ok p=0.994141
Q18:	|-.1....^ .....^1. ...1.... .0....0.| ok p=0.765625
Q19:	|+....... ......+. ...+.... .1....1.| ok p=0.869141
Q20:	|+....... ........ ........ .-......| ok p=1
Q21:	|+....0.. ......^. ...^.... ........| ok p=1
Q22:	|+....1.. ........ ........ .^......| ok p=0.49707
Q23:	|1....+.. ........ ........ ........| ok p=1
Q24:	|0....... ........ .......0 ........| ok p=1
Q25:	|.....^.. ........ .......1 ........| ok p=0.49707
Q26:	|........ ........ .......- ........| ok p=0.986328
Q27:	|........ ........ ........ ........| ok p=1
Q28:	|........ ........ .......^ ........| ok p=1
Q29:	|........ ........ ........ ........| ok p=1
Q30:	|........ ........ ........ ........| ok p=1
Q31:	|........ ........ ........ ........| ok p=1
Q32:	|........ ........ ........ ........| ok p=1
Q33:	|........ ........ ........ ........| ok p=1
Q34:	|........ ........ ........ ........| ok p=1
Q35:	|........ ........ ........ ........| ok p=1
Q36:	|........ ........ ........ ........| ok p=1
Q37:	|........ ........ ........ ........| ok p=1
Q38:	|........ ........ ........ ........| ok p=1
Q39:	|........ ........ ........ ........| ok p=1
Q40:	|........ ........ ........ ........| ok p=1
Q41:	|........ ........ ........ ........| ok p=1
Q42:	|........ ........ ........ ........| ok p=1
Q43:	|........ ........ ........ ........| ok p=1
Q44:	|........ ........ ........ ........| ok p=1
Q45:	|........ ........ ........ ........| ok p=1
Q46:	|0....... ........ ........ ........| ok p=1
Q47:	|1....... ........ ........ ........| ok p=0.488281
Q48:	|-....... ........ ........ ........| ok p=1
Q49:	|-....... ........ ........ ........| ok p=1
Q50:	|+....... ........ ........ ........| ok p=1
Q51:	|-....... ........ ........ ........| ok p=1
Q52:	|+....... ........ ........ ........| ok p=1
Q53:	|-....... ........ ........ ........| ok p=1
Q54:	|+....... ........ ........ ........| ok p=1
Q55:	|-....... ........ ........ ........| ok p=1
Q56:	|+....... ........ ........ ........| ok p=1
Q57:	|-....... ........ ........ ........| ok p=1
Q58:	|+....... ........ ........ ........| ok p=1
Q59:	|-....... ........ ........ ........| ok p=1
Q60:	|+....... ........ ........ ........| ok p=1
Q61:	|-....... 0....... ........ ........| ok p=1
Q62:	|+....... ........ ........ ........| ok p=1
Q63:	|-....... +....... ........ ........| ok p=1
Q64:	|+....... +....... ........ ........|
Best path: totcompl=-3 tottunnel=47, totcond=419, p=0.031217
Best paths: 2
Best paths: 4
Best paths: 8
Best paths: 16
Q-3:	|01100111 01000101 00100011 00000001|
Q-2:	|00010000 00110010 01010100 01110110|
Q-1:	|10011000 10111010 11011100 11111110|
Q0:	|11101111 11001101 10101011 10001001| ok p=1
Q1:	|11010111 11011001 00011111 00100111| ok p=1
Q2:	|.....11. ........ ........ ........| ok p=1
Q3:	|.....+-. ........ ........ ........| ok p=1
Q4:	|....^+-. ........ ........ ..0.....| ok p=1
Q5:	|....+--. ........ ........ .^0.....| ok p=1
Q6:	|....0+-. ........ ....!... .+-.....| ok p=1
Q7:	|....+--. ........ ........ .0+...1.| ok p=1
Q8:	|....01+. ......1. ........ .+-...1.| ok p=1
Q9:	|....10+0 ......1. ....1... .0+...-.| ok p=1
Q10:	|....1+-0 111100+0 .00.0..0 .01011-.| ok p=1
Q11:	|.1^.01++ 000111+1 .00^1^^1 ^10100-.| ok p=1
Q12:	|!1+.--0- -+----0- ^+++++++ +++++++.| ok p=1
Q13:	|.+0.01-- +---1--- ---11111 100+---.| ok p=1
Q14:	|!01.111- 11..001. 10001111 011.111.| ok p=1
Q15:	|01-...01 0111.100 010..... ...1+1-.| ok p=0.878906
Q16:	|..-....- .....-.. ........ ......-.| ok p=0.455078
Q17:	|-.0..... ......0. ...0.... ....^.+.| ok p=0.99707
Q18:	|-.1....^ .....^1. ...1.... .0....0.| ok p=0.725586
Q19:	|+....... ......+. ...+.... .1....1.| ok p=0.870117
Q20:	|+....... ........ ........ .-......| ok p=1
Q21:	|+....0.. ......^. ...^.... ........| ok p=1
Q22:	|+....1.. ........ ........ .^......| ok p=0.521484
Q23:	|1....+.. ........ ........ ........| ok p=1
Q24:	|0....... ........ .......0 ........| ok p=1
Q25:	|.....^.. ........ .......1 ........| ok p=0.469727
Q26:	|........ ........ .......- ........| ok p=0.979492
Q27:	|........ ........ ........ ........| ok p=1
Q28:	|........ ........ .......^ ........| ok p=1
Q29:	|........ ........ ........ ........| ok p=1
Q30:	|........ ........ ........ ........| ok p=1
Q31:	|........ ........ ........ ........| ok p=1
Q32:	|........ ........ ........ ........| ok p=1
Q33:	|........ ........ ........ ........| ok p=1
Q34:	|........ ........ ........ ........| ok p=1
Q35:	|........ ........ ........ ........| ok p=1
Q36:	|........ ........ ........ ........| ok p=1
Q37:	|........ ........ ........ ........| ok p=1
Q38:	|........ ........ ........ ........| ok p=1
Q39:	|........ ........ ........ ........| ok p=1
Q40:	|........ ........ ........ ........| ok p=1
Q41:	|........ ........ ........ ........| ok p=1
Q42:	|........ ........ ........ ........| ok p=1
Q43:	|........ ........ ........ ........| ok p=1
Q44:	|........ ........ ........ ........| ok p=1
Q45:	|........ ........ ........ ........| ok p=1
Q46:	|0....... ........ ........ ........| ok p=1
Q47:	|1....... ........ ........ ........| ok p=0.506836
Q48:	|-....... ........ ........ ........| ok p=1
Q49:	|-....... ........ ........ ........| ok p=1
Q50:	|+....... ........ ........ ........| ok p=1
Q51:	|-....... ........ ........ ........| ok p=1
Q52:	|+....... ........ ........ ........| ok p=1
Q53:	|-....... ........ ........ ........| ok p=1
Q54:	|+....... ........ ........ ........| ok p=1
Q55:	|-....... ........ ........ ........| ok p=1
Q56:	|+....... ........ ........ ........| ok p=1
Q57:	|-....... ........ ........ ........| ok p=1
Q58:	|+....... ........ ........ ........| ok p=1
Q59:	|-....... ........ ........ ........| ok p=1
Q60:	|+....... ........ ........ ........| ok p=1
Q61:	|-....... 0....... ........ ........| ok p=1
Q62:	|+....... ........ ........ ........| ok p=1
Q63:	|-....... +....... ........ ........| ok p=1
Q64:	|+....... +....... ........ ........|
Best path: totcompl=-2 tottunnel=48, totcond=417, p=0.0314262
Best paths: 2
Best paths: 4
**Best paths: 8
Best paths: 16
**Best paths: 32
**Q-3:	|01100111 01000101 00100011 00000001|
Q-2:	|00010000 00110010 01010100 01110110|
Q-1:	|10011000 10111010 11011100 11111110|
Q0:	|11101111 11001101 10101011 10001001| ok p=1
Q1:	|11010111 11011001 00011111 00100111| ok p=1
Q2:	|.....11. ........ ........ ........| ok p=1
Q3:	|.....+-. ........ ........ ........| ok p=1
Q4:	|....^+-. ........ ........ ..0.....| ok p=1
Q5:	|....+--. ........ ........ .^0.....| ok p=1
Q6:	|....0+-. ........ .....!.. .+-.....| ok p=1
Q7:	|....+--. ........ ........ .0+...1.| ok p=1
Q8:	|....11+. .....1.. ........ .1+...1.| ok p=1
Q9:	|....10+. .....1.. ....0... ..+!..+.| ok p=1
Q10:	|...111+1 ^100.+.1 ....111. ..0.11+.| ok p=1
Q11:	|...101+1 +001^+.1 ..1^+00^ ^^0^00+.| ok p=1
Q12:	|!^^++--+ 1+----^+ ^^0+0--- ------1.| ok p=1
Q13:	|.+-+-++- +---1--- ---01000 0100+--.| ok p=1
Q14:	|!01.011- 01..0+10 0010.000 011-+.0.| ok p=1
Q15:	|01-10001 1111.010 110..... ...1+1-.| ok p=0.898438
Q16:	|..-....- .....-.. ........ ...10.0.| ok p=0.628906
Q17:	|-.0..... ......0. ...0.... ....1.+.| ok p=0.995117
Q18:	|-.1....^ .....^1. ...1.... .0......| ok p=0.754883
Q19:	|+....... ......+. ...+.... .1....^.| ok p=0.863281
Q20:	|+....... ........ ........ .-......| ok p=1
Q21:	|+....0.. ......^. ...^.... ........| ok p=1
Q22:	|+....1.. ........ ........ .^......| ok p=0.500977
Q23:	|1....+.. ........ ........ ........| ok p=1
Q24:	|0....... ........ .......0 ........| ok p=1
Q25:	|.....^.. ........ .......1 ........| ok p=0.510742
Q26:	|........ ........ .......- ........| ok p=0.983398
Q27:	|........ ........ ........ ........| ok p=1
Q28:	|........ ........ .......^ ........| ok p=1
Q29:	|........ ........ ........ ........| ok p=1
Q30:	|........ ........ ........ ........| ok p=1
Q31:	|........ ........ ........ ........| ok p=1
Q32:	|........ ........ ........ ........| ok p=1
Q33:	|........ ........ ........ ........| ok p=1
Q34:	|........ ........ ........ ........| ok p=1
Q35:	|........ ........ ........ ........| ok p=1
Q36:	|........ ........ ........ ........| ok p=1
Q37:	|........ ........ ........ ........| ok p=1
Q38:	|........ ........ ........ ........| ok p=1
Q39:	|........ ........ ........ ........| ok p=1
Q40:	|........ ........ ........ ........| ok p=1
Q41:	|........ ........ ........ ........| ok p=1
Q42:	|........ ........ ........ ........| ok p=1
Q43:	|........ ........ ........ ........| ok p=1
Q44:	|........ ........ ........ ........| ok p=1
Q45:	|........ ........ ........ ........| ok p=1
Q46:	|0....... ........ ........ ........| ok p=1
Q47:	|1....... ........ ........ ........| ok p=0.486328
Q48:	|+....... ........ ........ ........| ok p=1
Q49:	|-....... ........ ........ ........| ok p=1
Q50:	|-....... ........ ........ ........| ok p=1
Q51:	|-....... ........ ........ ........| ok p=1
Q52:	|-....... ........ ........ ........| ok p=1
Q53:	|-....... ........ ........ ........| ok p=1
Q54:	|-....... ........ ........ ........| ok p=1
Q55:	|-....... ........ ........ ........| ok p=1
Q56:	|-....... ........ ........ ........| ok p=1
Q57:	|-....... ........ ........ ........| ok p=1
Q58:	|-....... ........ ........ ........| ok p=1
Q59:	|-....... ........ ........ ........| ok p=1
Q60:	|-....... ........ ........ ........| ok p=1
Q61:	|-....... 0....... ........ ........| ok p=1
Q62:	|-....... ........ ........ ........| ok p=0.999023
Q63:	|-....... +....... ........ ........| ok p=1
Q64:	|+....... +....... ........ ........|
Best path: totcompl=0 tottunnel=49, totcond=415, p=0.0451236
Best paths: 2
Q-3:	|01100111 01000101 00100011 00000001|
Q-2:	|00010000 00110010 01010100 01110110|
Q-1:	|10011000 10111010 11011100 11111110|
Q0:	|11101111 11001101 10101011 10001001| ok p=1
Q1:	|11010111 11011001 00011111 00100111| ok p=1
Q2:	|.....11. ........ ........ ........| ok p=1
Q3:	|.....+-. ........ ........ ........| ok p=1
Q4:	|....^+-. ........ ........ ..0.....| ok p=1
Q5:	|....+--. ........ ........ .^0.....| ok p=1
Q6:	|....0+-. ........ .....!.. .+-.....| ok p=1
Q7:	|....+--. ........ ........ .0+...1.| ok p=1
Q8:	|....11+. .....1.. ........ .1+...1.| ok p=1
Q9:	|....10+. .....1.. ....0... .0+...+.| ok p=1
Q10:	|...111+1 ^100.+.1 ....1.0. ..0.11+.| ok p=1
Q11:	|...101+1 +001^+.1 !.1^+^1^ ^^0^00+.| ok p=1
Q12:	|!^^++--+ 1+----^+ ^^0+1--- ------1.| ok p=1
Q13:	|.+-+-++- +---1--- ---01000 0100+--.| ok p=1
Q14:	|!01.011- 01..0+10 0010.000 011-+.0.| ok p=1
Q15:	|01-10001 1111.010 110..... ...1+1-.| ok p=0.901367
Q16:	|..-....- .....-.. ........ ...10.0.| ok p=0.62207
Q17:	|-.0..... ......0. ...0.... ....1.+.| ok p=0.99707
Q18:	|-.1....^ .....^1. ...1.... .0......| ok p=0.742188
Q19:	|+....... ......+. ...+.... .1....^.| ok p=0.87793
Q20:	|+....... ........ ........ .-......| ok p=1
Q21:	|+....0.. ......^. ...^.... ........| ok p=1
Q22:	|+....1.. ........ ........ .^......| ok p=0.498047
Q23:	|1....+.. ........ ........ ........| ok p=1
Q24:	|0....... ........ .......0 ........| ok p=1
Q25:	|.....^.. ........ .......1 ........| ok p=0.481445
Q26:	|........ ........ .......- ........| ok p=0.981445
Q27:	|........ ........ ........ ........| ok p=1
Q28:	|........ ........ .......^ ........| ok p=1
Q29:	|........ ........ ........ ........| ok p=1
Q30:	|........ ........ ........ ........| ok p=1
Q31:	|........ ........ ........ ........| ok p=1
Q32:	|........ ........ ........ ........| ok p=1
Q33:	|........ ........ ........ ........| ok p=1
Q34:	|........ ........ ........ ........| ok p=1
Q35:	|........ ........ ........ ........| ok p=1
Q36:	|........ ........ ........ ........| ok p=1
Q37:	|........ ........ ........ ........| ok p=1
Q38:	|........ ........ ........ ........| ok p=1
Q39:	|........ ........ ........ ........| ok p=1
Q40:	|........ ........ ........ ........| ok p=1
Q41:	|........ ........ ........ ........| ok p=1
Q42:	|........ ........ ........ ........| ok p=1
Q43:	|........ ........ ........ ........| ok p=1
Q44:	|........ ........ ........ ........| ok p=1
Q45:	|........ ........ ........ ........| ok p=1
Q46:	|0....... ........ ........ ........| ok p=1
Q47:	|1....... ........ ........ ........| ok p=0.486328
Q48:	|+....... ........ ........ ........| ok p=1
Q49:	|-....... ........ ........ ........| ok p=1
Q50:	|-....... ........ ........ ........| ok p=1
Q51:	|-....... ........ ........ ........| ok p=1
Q52:	|-....... ........ ........ ........| ok p=1
Q53:	|-....... ........ ........ ........| ok p=1
Q54:	|-....... ........ ........ ........| ok p=1
Q55:	|-....... ........ ........ ........| ok p=1
Q56:	|-....... ........ ........ ........| ok p=1
Q57:	|-....... ........ ........ ........| ok p=1
Q58:	|-....... ........ ........ ........| ok p=1
Q59:	|-....... ........ ........ ........| ok p=1
Q60:	|-....... ........ ........ ........| ok p=1
Q61:	|-....... 0....... ........ ........| ok p=1
Q62:	|-....... ........ ........ ........| ok p=0.995117
Q63:	|-....... +....... ........ ........| ok p=1
Q64:	|+....... +....... ........ ........|
Best path: totcompl=2 tottunnel=51, totcond=415, p=0.0465563
Best paths: 2
Best paths: 4
Best paths: 8
Q-3:	|01100111 01000101 00100011 00000001|
Q-2:	|00010000 00110010 01010100 01110110|
Q-1:	|10011000 10111010 11011100 11111110|
Q0:	|11101111 11001101 10101011 10001001| ok p=1
Q1:	|11010111 11011001 00011111 00100111| ok p=1
Q2:	|.....11. ........ ........ ........| ok p=1
Q3:	|.....+-. ........ ........ ........| ok p=1
Q4:	|....^+-. ........ ........ ..0.....| ok p=1
Q5:	|....+--. ........ ........ .^0.....| ok p=1
Q6:	|....0+-. ........ .....!.. .+-.....| ok p=1
Q7:	|....+--. ........ ........ .0+...1.| ok p=1
Q8:	|....11+. .....1.. ........ .1+...1.| ok p=1
Q9:	|....10+. .....1.. ....0... ..+.!.+.| ok p=1
Q10:	|...111+1 ^100.+.1 ....1.0. ..0.11+.| ok p=1
Q11:	|...101+1 +001^+.1 .!1^+^1^ ^^0^00+.| ok p=1
Q12:	|!^^++--+ 1+----^+ ^^0+1--- ------1.| ok p=1
Q13:	|.+-+-++- +---1--- ---01000 0100+--.| ok p=1
Q14:	|!01.011- 01..0+01 0010.000 011-+.0.| ok p=1
Q15:	|01-10001 1111.010 110..... ...1+1-.| ok p=0.90918
Q16:	|..-....- .....-.. ........ ...10.0.| ok p=0.615234
Q17:	|-.0..... ......0. ...0.... ....1.+.| ok p=0.99707
Q18:	|-.1....^ .....^1. ...1.... .0......| ok p=0.755859
Q19:	|+....... ......+. ...+.... .1....^.| ok p=0.871094
Q20:	|+....... ........ ........ .-......| ok p=1
Q21:	|+....0.. ......^. ...^.... ........| ok p=1
Q22:	|+....1.. ........ ........ .^......| ok p=0.499023
Q23:	|1....+.. ........ ........ ........| ok p=1
Q24:	|0....... ........ .......0 ........| ok p=1
Q25:	|.....^.. ........ .......1 ........| ok p=0.483398
Q26:	|........ ........ .......- ........| ok p=0.985352
Q27:	|........ ........ ........ ........| ok p=1
Q28:	|........ ........ .......^ ........| ok p=1
Q29:	|........ ........ ........ ........| ok p=1
Q30:	|........ ........ ........ ........| ok p=1
Q31:	|........ ........ ........ ........| ok p=1
Q32:	|........ ........ ........ ........| ok p=1
Q33:	|........ ........ ........ ........| ok p=1
Q34:	|........ ........ ........ ........| ok p=1
Q35:	|........ ........ ........ ........| ok p=1
Q36:	|........ ........ ........ ........| ok p=1
Q37:	|........ ........ ........ ........| ok p=1
Q38:	|........ ........ ........ ........| ok p=1
Q39:	|........ ........ ........ ........| ok p=1
Q40:	|........ ........ ........ ........| ok p=1
Q41:	|........ ........ ........ ........| ok p=1
Q42:	|........ ........ ........ ........| ok p=1
Q43:	|........ ........ ........ ........| ok p=1
Q44:	|........ ........ ........ ........| ok p=1
Q45:	|........ ........ ........ ........| ok p=1
Q46:	|0....... ........ ........ ........| ok p=1
Q47:	|1....... ........ ........ ........| ok p=0.505859
Q48:	|+....... ........ ........ ........| ok p=1
Q49:	|-....... ........ ........ ........| ok p=1
Q50:	|-....... ........ ........ ........| ok p=1
Q51:	|-....... ........ ........ ........| ok p=1
Q52:	|-....... ........ ........ ........| ok p=1
Q53:	|-....... ........ ........ ........| ok p=1
Q54:	|-....... ........ ........ ........| ok p=1
Q55:	|-....... ........ ........ ........| ok p=1
Q56:	|-....... ........ ........ ........| ok p=1
Q57:	|-....... ........ ........ ........| ok p=1
Q58:	|-....... ........ ........ ........| ok p=1
Q59:	|-....... ........ ........ ........| ok p=1
Q60:	|-....... ........ ........ ........| ok p=1
Q61:	|-....... 0....... ........ ........| ok p=1
Q62:	|-....... ........ ........ ........| ok p=0.996094
Q63:	|-....... +....... ........ ........| ok p=1
Q64:	|+....... +....... ........ ........|
Best path: totcompl=3 tottunnel=52, totcond=415, p=0.0449069
Best paths: 2
Best paths: 4
Best paths: 8
Q-3:	|01100111 01000101 00100011 00000001|
Q-2:	|00010000 00110010 01010100 01110110|
Q-1:	|10011000 10111010 11011100 11111110|
Q0:	|11101111 11001101 10101011 10001001| ok p=1
Q1:	|11010111 11011001 00011111 00100111| ok p=1
Q2:	|.....11. ........ ........ ........| ok p=1
Q3:	|.....+-. ........ ........ ........| ok p=1
Q4:	|....^+-. ........ ........ ..0.....| ok p=1
Q5:	|....+--. ........ ........ .^0.....| ok p=1
Q6:	|....0+-. ........ ....!... .+-.....| ok p=1
Q7:	|....+--. ........ ........ .0+...1.| ok p=1
Q8:	|....01+. ......1. ........ .+-...1.| ok p=1
Q9:	|....10+. ......1. ........ .0+...-.| ok p=1
Q10:	|....0+-. 0.1001+0 .00.0..0 .10011-.| ok p=1
Q11:	|....01+^ 101111+1 .00^1^^1 ^11100-.| ok p=1
Q12:	|!^..+01+ +1+---0- ^+++++++ +++++++.| ok p=1
Q13:	|!+0.-++0 +---1--- ---11111 100+---.| ok p=1
Q14:	|!01.1111 .11.001. 01001111 111.111.| ok p=1
Q15:	|01-.1000 0111.100 010..... ...1+1-.| ok p=0.875977
Q16:	|..-....- .....-.. ........ ......-.| ok p=0.475586
Q17:	|-.0..... ......0. ...0.... ....^.+.| ok p=0.994141
Q18:	|-.1....^ .....^1. ...1.... .0....0.| ok p=0.736328
Q19:	|+....... ......+. ...+.... .1....1.| ok p=0.879883
Q20:	|+....... ........ ........ .-......| ok p=1
Q21:	|+....0.. ......^. ...^.... ........| ok p=1
Q22:	|+....1.. ........ ........ .^......| ok p=0.507812
Q23:	|1....+.. ........ ........ ........| ok p=1
Q24:	|0....... ........ .......0 ........| ok p=1
Q25:	|.....^.. ........ .......1 ........| ok p=0.496094
Q26:	|........ ........ .......- ........| ok p=0.983398
Q27:	|........ ........ ........ ........| ok p=1
Q28:	|........ ........ .......^ ........| ok p=1
Q29:	|........ ........ ........ ........| ok p=1
Q30:	|........ ........ ........ ........| ok p=1
Q31:	|........ ........ ........ ........| ok p=1
Q32:	|........ ........ ........ ........| ok p=1
Q33:	|........ ........ ........ ........| ok p=1
Q34:	|........ ........ ........ ........| ok p=1
Q35:	|........ ........ ........ ........| ok p=1
Q36:	|........ ........ ........ ........| ok p=1
Q37:	|........ ........ ........ ........| ok p=1
Q38:	|........ ........ ........ ........| ok p=1
Q39:	|........ ........ ........ ........| ok p=1
Q40:	|........ ........ ........ ........| ok p=1
Q41:	|........ ........ ........ ........| ok p=1
Q42:	|........ ........ ........ ........| ok p=1
Q43:	|........ ........ ........ ........| ok p=1
Q44:	|........ ........ ........ ........| ok p=1
Q45:	|........ ........ ........ ........| ok p=1
Q46:	|0....... ........ ........ ........| ok p=1
Q47:	|1....... ........ ........ ........| ok p=0.557617
Q48:	|-....... ........ ........ ........| ok p=1
Q49:	|-....... ........ ........ ........| ok p=1
Q50:	|+....... ........ ........ ........| ok p=1
Q51:	|-....... ........ ........ ........| ok p=1
Q52:	|+....... ........ ........ ........| ok p=1
Q53:	|-....... ........ ........ ........| ok p=1
Q54:	|+....... ........ ........ ........| ok p=1
Q55:	|-....... ........ ........ ........| ok p=1
Q56:	|+....... ........ ........ ........| ok p=1
Q57:	|-....... ........ ........ ........| ok p=1
Q58:	|+....... ........ ........ ........| ok p=1
Q59:	|-....... ........ ........ ........| ok p=1
Q60:	|+....... ........ ........ ........| ok p=1
Q61:	|-....... 0....... ........ ........| ok p=1
Q62:	|+....... ........ ........ ........| ok p=1
Q63:	|-....... +....... ........ ........| ok p=1
Q64:	|+....... +....... ........ ........|
Best path: totcompl=3 tottunnel=53, totcond=413, p=0.0352324
