Warning: no OS randomness!
MD5 differential path toolbox
Copyright (C) 2009 Marc Stevens
http://homepages.cwi.nl/~stevens/

delta_m[2] = [!8!]
In-block prefix bytes: 0
In-block prefix words: 0

Starting paths:
Q-3:	|-1100001 10101001 01000110 11111111|
Q-2:	|+0110101 10110001 10101010 11100000|
Q-1:	|-0101111 -1101000 00011101 01101110|
Q0:	|+-++++++ +1011101 01011110 11100101| ok p=0.625
Q1:	|.+...... -....... ........ .+...-.+|
Saving data/path_2nc.bin...done.
Warning: no OS randomness!
Extend MD5 differential paths forward
Copyright (C) 2009 Marc Stevens
http://homepages.cwi.nl/~stevens/

delta_m[2] = [!8!]
Loading data/path_2nc.bin...done: 1. (9.70364e-05s)
Estimating maxcond for upper bound 160000 (=40000 * 4)...
t=1:  0%   10   20   30   40   50   60   70   80   90   100%
      |----|----|----|----|----|----|----|----|----|----|
e     ***************************************************
Found maxcond = 2176
t=1:  0%   10   20   30   40   50   60   70   80   90   100%
      |----|----|----|----|----|----|----|----|----|----|
      ***************************************************
Q-3:	|-1100001 10101001 01000110 11111111|
Q-2:	|+0110101 10110001 10101010 11100000|
Q-1:	|-0101111 -1101000 00011101 01101110|
Q0:	|+-++++++ +1011101 01011110 11100101| ok p=0.614258
Q1:	|1+000000 -....... ........ .+....--| ok p=1
Q2:	|.+...... -....... ...+.... .+...-.+|
Saving 1024 paths...cached.
Autobalance parameters: maxcond=2176 (ab#:0)
Verified: 128 bad out of 1152
Estimating maxcond for upper bound 320000 (=80000 * 4)...
t=2:  0%   10   20   30   40   50   60   70   80   90   100%
      |----|----|----|----|----|----|----|----|----|----|
e     ***************************************************
Found maxcond = 157
t=2:  0%   10   20   30   40   50   60   70   80   90   100%
      |----|----|----|----|----|----|----|----|----|----|
      ***************************************************
Q-3:	|-1100001 10101001 01000110 11111111|
Q-2:	|+0110101 10110001 10101010 11100000|
Q-1:	|-0101111 -1101000 00011101 01101110|
Q0:	|+-++++++ +1011101 01011110 11100101| ok p=0.624023
Q1:	|1+000000 -....... ...1.... .+...-.+| ok p=1
Q2:	|1+111111 -....... ...+.... .+...-.+| ok p=0.492188
Q3:	|.+....+. -......+ ...+...- .+...-.+|
Saving 80000 paths...cached.
Autobalance parameters: maxcond=155 (ab#:1)
Verified: 0 bad out of 92160
Estimating maxcond for upper bound 640000 (=160000 * 4)...
t=3:  0%   10   20   30   40   50   60   70   80   90   100%
      |----|----|----|----|----|----|----|----|----|----|
e     ***************************************************
Found maxcond = 168
t=3:  0%   10   20   30   40   50   60   70   80   90   100%
      |----|----|----|----|----|----|----|----|----|----|
      ***************************************************
Q-3:	|-1100001 10101001 01000110 11111111|
Q-2:	|+0110101 10110001 10101010 11100000|
Q-1:	|-0101111 -1101000 00011101 01101110|
Q0:	|+-++++++ +1011101 01011110 11100101| ok p=0.651367
Q1:	|0+000100 -....... ...1.... 0+...-.+| ok p=1
Q2:	|0+111111 -....... ...+.... +1...-.+| ok p=0.986328
Q3:	|.+.....+ ........ ...+.... -1...-.+| ok p=0.71875
Q4:	|.+...... .+.-.... ...+.... -....-.+|
Saving 160000 paths...cached.
Autobalance parameters: maxcond=167 (ab#:1)
Verified: 550 bad out of 259119
Estimating maxcond for upper bound 640000 (=160000 * 4)...
t=4:  0%   10   20   30   40   50   60   70   80   90   100%
      |----|----|----|----|----|----|----|----|----|----|
e     ***************************************************
Found maxcond = 179
t=4:  0%   10   20   30   40   50   60   70   80   90   100%
      |----|----|----|----|----|----|----|----|----|----|
      ***************************************************
Q-3:	|-1100001 10101001 01000110 11111111|
Q-2:	|+0110101 10110001 10101010 11100000|
Q-1:	|-0101111 -1101000 00011101 01101110|
Q0:	|+-++++++ +1011101 01011110 11100101| ok p=0.606445
Q1:	|0+000100 -....... ...1.... 0+...-.+| ok p=1
Q2:	|--111111 -V...... ...+.... +1...-.+| ok p=0.981445
Q3:	|--.....+ ........ ...+.... -1...-.+| ok p=1
Q4:	|.+.....0 1+...... ...+.... -....-.+| ok p=0.383789
Q5:	|........ .+..+... .+.-.-.+ .-...-.+|
Saving 160000 paths...cached.
Autobalance parameters: maxcond=178 (ab#:1)
Verified: 301 bad out of 269909
Estimating maxcond for upper bound 640000 (=160000 * 4)...
t=5:  0%   10   20   30   40   50   60   70   80   90   100%
      |----|----|----|----|----|----|----|----|----|----|
e     ***************************************************
Found maxcond = 190
t=5:  0%   10   20   30   40   50   60   70   80   90   100%
      |----|----|----|----|----|----|----|----|----|----|
      ***************************************************
Q-3:	|-1100001 10101001 01000110 11111111|
Q-2:	|+0110101 10110001 10101010 11100000|
Q-1:	|-0101111 -1101000 00011101 01101110|
Q0:	|+-++++++ +1011101 01011110 11100101| ok p=0.648438
Q1:	|0+000100 -....... .V.1.... 0+...-.+| ok p=0.974609
Q2:	|--101111 -.V..... ...+.... +0...-.+| ok p=0.9375
Q3:	|+-...... +....... .+.-.V.. -1...-.+| ok p=0.498047
Q4:	|+-...... 1.-..... .1.-.... -......+| ok p=1
Q5:	|.+...... 1.0..... .1.+.-.. +....1.+| ok p=0.49707
Q6:	|.+...... ........ ...-.+.. +...-..+|
Saving 160000 paths...cached.
Autobalance parameters: maxcond=189 (ab#:1)
Verified: 14448 bad out of 290444
Estimating maxcond for upper bound 640000 (=160000 * 4)...
t=6:  0%   10   20   30   40   50   60   70   80   90   100%
      |----|----|----|----|----|----|----|----|----|----|
e     ***************************************************
Found maxcond = 199
t=6:  0%   10   20   30   40   50   60   70   80   90   100%
      |----|----|----|----|----|----|----|----|----|----|
      ***************************************************
Q-3:	|-1100001 10101001 01000110 11111111|
Q-2:	|+0110101 10110001 10101010 11100000|
Q-1:	|-0101111 -1101000 00011101 01101110|
Q0:	|+-++++++ +1011101 01011110 11100101| ok p=0.643555
Q1:	|0+000100 -....... .V.1.... 0+...-.+| ok p=0.970703
Q2:	|--101111 -.V..... ...+.... +0...-.+| ok p=0.935547
Q3:	|+-...... +....... .+.-.V.. -1...-.+| ok p=0.503906
Q4:	|+-...... 0.-..... .1.-.0.. -......+| ok p=1
Q5:	|++...... 0.1..... .1.+.-.. +....1.+| ok p=0.492188
Q6:	|.-...... ..1..... ...-.+.. +......-| ok p=0.462891
Q7:	|..+....- .....-.. -...-.-. -......-|
Saving 160000 paths...cached.
Autobalance parameters: maxcond=198 (ab#:1)
Verified: 14914 bad out of 248840
Estimating maxcond for upper bound 640000 (=160000 * 4)...
t=7:  0%   10   20   30   40   50   60   70   80   90   100%
      |----|----|----|----|----|----|----|----|----|----|
e     ***************************************************
Found maxcond = 210
t=7:  0%   10   20   30   40   50   60   70   80   90   100%
      |----|----|----|----|----|----|----|----|----|----|
      ***************************************************
Q-3:	|-1100001 10101001 01000110 11111111|
Q-2:	|+0110101 10110001 10101010 11100000|
Q-1:	|-0101111 -1101000 00011101 01101110|
Q0:	|+-++++++ +1011101 01011110 11100101| ok p=0.619141
Q1:	|0+000100 -....... .V.1.... 0+...-.+| ok p=0.961914
Q2:	|--100111 -.V..... ...+.... +0...-.+| ok p=0.904297
Q3:	|+-...... +....... .+V1.V.. -1...-.+| ok p=0.514648
Q4:	|--.....0 1.-..... .1.1.1.. -......+| ok p=1
Q5:	|+-.....1 0.1..V.. .1+..-.. +....1.+| ok p=0.984375
Q6:	|+-.....+ ..1..... ..1..-.. +......-| ok p=0.760742
Q7:	|.......0 .....-.. ..1..... -......0| ok p=0.486328
Q8:	|........ +.+..-.. ....-... -......-|
Saving 160000 paths...cached.
Autobalance parameters: maxcond=209 (ab#:1)
Verified: 27747 bad out of 253562
Estimating maxcond for upper bound 640000 (=160000 * 4)...
t=8:  0%   10   20   30   40   50   60   70   80   90   100%
      |----|----|----|----|----|----|----|----|----|----|
e     ***************************************************
Found maxcond = 219
t=8:  0%   10   20   30   40   50   60   70   80   90   100%
      |----|----|----|----|----|----|----|----|----|----|
      ***************************************************
Q-3:	|-1100001 10101001 01000110 11111111|
Q-2:	|+0110101 10110001 10101010 11100000|
Q-1:	|-0101111 -1101000 00011101 01101110|
Q0:	|+-++++++ +1011101 01011110 11100101| ok p=0.629883
Q1:	|0+000100 -....... .V.1.... 0+...-.+| ok p=0.959961
Q2:	|--100111 -.V..... ...+.... +0...-.+| ok p=0.90625
Q3:	|+-...... +....... .+V1.V.. -1...-.+| ok p=0.50293
Q4:	|+-.....V 0.-..... .1.1.0.. -.....1+| ok p=0.509766
Q5:	|.-...... 0.1..... .1+..-0. +....10+| ok p=0.491211
Q6:	|1-.....+ ..1..... ..0..+1. +.....-+| ok p=0.498047
Q7:	|.+.....0 ........ ..1..++. -.....-+| ok p=0.501953
Q8:	|.-.....1 ........ ......-. -.......| ok p=0.75293
Q9:	|.-...... ...+...+ .+....-. -.-.....|
Saving 160000 paths...cached.
Autobalance parameters: maxcond=218 (ab#:1)
Verified: 2699 bad out of 209609
Estimating maxcond for upper bound 640000 (=160000 * 4)...
t=9:  0%   10   20   30   40   50   60   70   80   90   100%
      |----|----|----|----|----|----|----|----|----|----|
e     ***************************************************
Found maxcond = 227
t=9:  0%   10   20   30   40   50   60   70   80   90   100%
      |----|----|----|----|----|----|----|----|----|----|
      ***************************************************
Q-3:	|-1100001 10101001 01000110 11111111|
Q-2:	|+0110101 10110001 10101010 11100000|
Q-1:	|-0101111 -1101000 00011101 01101110|
Q0:	|+-++++++ +1011101 01011110 11100101| ok p=0.603516
Q1:	|0+000100 -....... .V.1.... 0+...-.+| ok p=0.963867
Q2:	|--100111 -.V..... ...+.... +0...-.+| ok p=0.912109
Q3:	|+-...... +....... .+V1.V.. -1...-.+| ok p=0.506836
Q4:	|+-.....1 0.-..... .1.1.0.. -......+| ok p=0.455078
Q5:	|1-.....0 0.1..V.. .1+..-.. +....1.+| ok p=0.478516
Q6:	|-+.....+ ..1..1.. ..1..+.. +......-| ok p=0.992188
Q7:	|+1.....0 ....V-.. .V1..+.. -......1| ok p=0.995117
Q8:	|+0.....0 .....-.. .....-.. -......1| ok p=0.523438
Q9:	|........ ....++.. .+...-.. ........| ok p=0.535156
Q10:	|.-...... .+.+.-.. .+.-.... ...+....|
Saving 160000 paths...cached.
Autobalance parameters: maxcond=226 (ab#:1)
Verified: 1140 bad out of 211158
Estimating maxcond for upper bound 640000 (=160000 * 4)...
t=10: 0%   10   20   30   40   50   60   70   80   90   100%
      |----|----|----|----|----|----|----|----|----|----|
e     ***************************************************
Found maxcond = 238
t=10: 0%   10   20   30   40   50   60   70   80   90   100%
      |----|----|----|----|----|----|----|----|----|----|
      ***************************************************
Q-3:	|-1100001 10101001 01000110 11111111|
Q-2:	|+0110101 10110001 10101010 11100000|
Q-1:	|-0101111 -1101000 00011101 01101110|
Q0:	|+-++++++ +1011101 01011110 11100101| ok p=0.632812
Q1:	|0+000100 -....... .V.1.... 0+...-.+| ok p=0.969727
Q2:	|--100111 -.V..... ...+.... +0...-.+| ok p=0.910156
Q3:	|+-...... +....... .+V1.V.. -1...-.+| ok p=0.493164
Q4:	|+-.....1 0.-..... .1.1.0.. -......+| ok p=0.486328
Q5:	|1-.....0 0.1..V.. .1+..-.. +....1.+| ok p=0.516602
Q6:	|1-.....+ ..1.V0.. ..1..+.. +......-| ok p=0.740234
Q7:	|+......0 ....1-.. .V1..+.. -......1| ok p=1
Q8:	|-0.....1 .V..-+.. ..V.V-.. -..V...1| ok p=0.998047
Q9:	|-....... ....++.. .+...-.. ........| ok p=0.378906
Q10:	|........ .+..++.. .0+.+... 1..+....| ok p=0.99707
Q11:	|.......- .+.+.-.. ..+.+... ...+....|
Saving 160000 paths...cached.
Autobalance parameters: maxcond=237 (ab#:1)
Verified: 21916 bad out of 227925
Estimating maxcond for upper bound 640000 (=160000 * 4)...
t=11: 0%   10   20   30   40   50   60   70   80   90   100%
      |----|----|----|----|----|----|----|----|----|----|
e     ***************************************************
Found maxcond = 249
t=11: 0%   10   20   30   40   50   60   70   80   90   100%
      |----|----|----|----|----|----|----|----|----|----|
      ***************************************************
Q-3:	|-1100001 10101001 01000110 11111111|
Q-2:	|+0110101 10110001 10101010 11100000|
Q-1:	|-0101111 -1101000 00011101 01101110|
Q0:	|+-++++++ +1011101 01011110 11100101| ok p=0.617188
Q1:	|0+000100 -....... .V.1.... 0+...-.+| ok p=0.96875
Q2:	|--100111 -.V..... ...+.... +0...-.+| ok p=0.912109
Q3:	|+-...... +....... .+V1.V.. -1...-.+| ok p=0.485352
Q4:	|+-.....1 0.-..... .1.1.0.. -......+| ok p=0.500977
Q5:	|1-.....0 0.1..1.. .1+..-.V +....1.+| ok p=0.501953
Q6:	|1-.....+ ..1.V0.. ..1..+.. +......-| ok p=0.746094
Q7:	|-......0 ....0-.. ..1..+.- +......1| ok p=1
Q8:	|+0.....0 .1..-+.. ...V.-.1 +..V...0| ok p=0.722656
Q9:	|0....... .0..++.. ...1.-.0 +..1....| ok p=0.761719
Q10:	|0....... .+..++.. ...-.... +..+....| ok p=0.99707
Q11:	|........ .+..++.. ...-.1.. ...+....| ok p=0.360352
Q12:	|.+...... .+.-.-.. ......+. ...+...-|
Saving 160000 paths...done. (0.339111s)
Autobalance parameters: maxcond=248 (ab#:1)
Verified: 3800 bad out of 232134
Runtime: 3.14184
