Warning: no OS randomness!
Extend MD5 differential paths forward
Copyright (C) 2009 Marc Stevens
http://homepages.cwi.nl/~stevens/

delta_m[2] = [!8!]
Loading upper_1_640000/paths32_0of1...done: 1 (work:1). (0.000113964s)
Estimating maxcond for upper bound 2560000 (=640000 * 4)...
t=33: 0%   10   20   30   40   50   60   70   80   90   100%
      |----|----|----|----|----|----|----|----|----|----|
e     ***************************************************
Found maxcond = 2176
t=33: 0%   10   20   30   40   50   60   70   80   90   100%
      |----|----|----|----|----|----|----|----|----|----|
      ***************************************************
Q29:	|........ ........ ........ ........|
Q30:	|........ ........ ........ ........|
Q31:	|........ ........ ........ ........|
Q32:	|........ ........ ........ ........| ok p=1
Q33:	|........ ........ ........ ........| ok p=1
Q34:	|........ ........ ........ ........|
Saving 1 paths...cached.
Autobalance parameters: maxcond=2176 (ab#:0)
Verified: 0 bad out of 1
Estimating maxcond for upper bound 2560000 (=640000 * 4)...
t=34: 0%   10   20   30   40   50   60   70   80   90   100%
      |----|----|----|----|----|----|----|----|----|----|
e     ***************************************************
Found maxcond = 2176
t=34: 0%   10   20   30   40   50   60   70   80   90   100%
      |----|----|----|----|----|----|----|----|----|----|
      ***************************************************
Q29:	|........ ........ ........ ........|
Q30:	|........ ........ ........ ........|
Q31:	|........ ........ ........ ........|
Q32:	|........ ........ ........ ........| ok p=1
Q33:	|........ ........ ........ ........| ok p=1
Q34:	|........ ........ ........ ........| ok p=1
Q35:	|........ ........ ........ ........|
Saving 1 paths...cached.
Autobalance parameters: maxcond=2176 (ab#:0)
Verified: 0 bad out of 1
Estimating maxcond for upper bound 2560000 (=640000 * 4)...
t=35: 0%   10   20   30   40   50   60   70   80   90   100%
      |----|----|----|----|----|----|----|----|----|----|
e     ***************************************************
Found maxcond = 2176
t=35: 0%   10   20   30   40   50   60   70   80   90   100%
      |----|----|----|----|----|----|----|----|----|----|
      ***************************************************
Q29:	|........ ........ ........ ........|
Q30:	|........ ........ ........ ........|
Q31:	|........ ........ ........ ........|
Q32:	|........ ........ ........ ........| ok p=1
Q33:	|........ ........ ........ ........| ok p=1
Q34:	|........ ........ ........ ........| ok p=1
Q35:	|........ ........ ........ ........| ok p=1
Q36:	|........ ........ ........ ........|
Saving 1 paths...cached.
Autobalance parameters: maxcond=2176 (ab#:0)
Verified: 0 bad out of 1
Estimating maxcond for upper bound 2560000 (=640000 * 4)...
t=36: 0%   10   20   30   40   50   60   70   80   90   100%
      |----|----|----|----|----|----|----|----|----|----|
e     ***************************************************
Found maxcond = 2176
t=36: 0%   10   20   30   40   50   60   70   80   90   100%
      |----|----|----|----|----|----|----|----|----|----|
      ***************************************************
Q29:	|........ ........ ........ ........|
Q30:	|........ ........ ........ ........|
Q31:	|........ ........ ........ ........|
Q32:	|........ ........ ........ ........| ok p=1
Q33:	|........ ........ ........ ........| ok p=1
Q34:	|........ ........ ........ ........| ok p=1
Q35:	|........ ........ ........ ........| ok p=1
Q36:	|........ ........ ........ ........| ok p=1
Q37:	|........ ........ ........ ........|
Saving 1 paths...cached.
Autobalance parameters: maxcond=2176 (ab#:0)
Verified: 0 bad out of 1
Estimating maxcond for upper bound 2560000 (=640000 * 4)...
t=37: 0%   10   20   30   40   50   60   70   80   90   100%
      |----|----|----|----|----|----|----|----|----|----|
e     ***************************************************
Found maxcond = 2176
t=37: 0%   10   20   30   40   50   60   70   80   90   100%
      |----|----|----|----|----|----|----|----|----|----|
      ***************************************************
Q29:	|........ ........ ........ ........|
Q30:	|........ ........ ........ ........|
Q31:	|........ ........ ........ ........|
Q32:	|........ ........ ........ ........| ok p=1
Q33:	|........ ........ ........ ........| ok p=1
Q34:	|........ ........ ........ ........| ok p=1
Q35:	|........ ........ ........ ........| ok p=1
Q36:	|........ ........ ........ ........| ok p=1
Q37:	|........ ........ ........ ........| ok p=1
Q38:	|........ ........ ........ ........|
Saving 1 paths...cached.
Autobalance parameters: maxcond=2176 (ab#:0)
Verified: 0 bad out of 1
Estimating maxcond for upper bound 2560000 (=640000 * 4)...
t=38: 0%   10   20   30   40   50   60   70   80   90   100%
      |----|----|----|----|----|----|----|----|----|----|
e     ***************************************************
Found maxcond = 2176
t=38: 0%   10   20   30   40   50   60   70   80   90   100%
      |----|----|----|----|----|----|----|----|----|----|
      ***************************************************
Q29:	|........ ........ ........ ........|
Q30:	|........ ........ ........ ........|
Q31:	|........ ........ ........ ........|
Q32:	|........ ........ ........ ........| ok p=1
Q33:	|........ ........ ........ ........| ok p=1
Q34:	|........ ........ ........ ........| ok p=1
Q35:	|........ ........ ........ ........| ok p=1
Q36:	|........ ........ ........ ........| ok p=1
Q37:	|........ ........ ........ ........| ok p=1
Q38:	|........ ........ ........ ........| ok p=1
Q39:	|........ ........ ........ ........|
Saving 1 paths...cached.
Autobalance parameters: maxcond=2176 (ab#:0)
Verified: 0 bad out of 1
Estimating maxcond for upper bound 2560000 (=640000 * 4)...
t=39: 0%   10   20   30   40   50   60   70   80   90   100%
      |----|----|----|----|----|----|----|----|----|----|
e     ***************************************************
Found maxcond = 2176
t=39: 0%   10   20   30   40   50   60   70   80   90   100%
      |----|----|----|----|----|----|----|----|----|----|
      ***************************************************
Q29:	|........ ........ ........ ........|
Q30:	|........ ........ ........ ........|
Q31:	|........ ........ ........ ........|
Q32:	|........ ........ ........ ........| ok p=1
Q33:	|........ ........ ........ ........| ok p=1
Q34:	|........ ........ ........ ........| ok p=1
Q35:	|........ ........ ........ ........| ok p=1
Q36:	|........ ........ ........ ........| ok p=1
Q37:	|........ ........ ........ ........| ok p=1
Q38:	|........ ........ ........ ........| ok p=1
Q39:	|........ ........ ........ ........| ok p=1
Q40:	|........ ........ ........ ........|
Saving 1 paths...cached.
Autobalance parameters: maxcond=2176 (ab#:0)
Verified: 0 bad out of 1
Estimating maxcond for upper bound 2560000 (=640000 * 4)...
t=40: 0%   10   20   30   40   50   60   70   80   90   100%
      |----|----|----|----|----|----|----|----|----|----|
e     ***************************************************
Found maxcond = 2176
t=40: 0%   10   20   30   40   50   60   70   80   90   100%
      |----|----|----|----|----|----|----|----|----|----|
      ***************************************************
Q29:	|........ ........ ........ ........|
Q30:	|........ ........ ........ ........|
Q31:	|........ ........ ........ ........|
Q32:	|........ ........ ........ ........| ok p=1
Q33:	|........ ........ ........ ........| ok p=1
Q34:	|........ ........ ........ ........| ok p=1
Q35:	|........ ........ ........ ........| ok p=1
Q36:	|........ ........ ........ ........| ok p=1
Q37:	|........ ........ ........ ........| ok p=1
Q38:	|........ ........ ........ ........| ok p=1
Q39:	|........ ........ ........ ........| ok p=1
Q40:	|........ ........ ........ ........| ok p=1
Q41:	|........ ........ ........ ........|
Saving 1 paths...cached.
Autobalance parameters: maxcond=2176 (ab#:0)
Verified: 0 bad out of 1
Estimating maxcond for upper bound 2560000 (=640000 * 4)...
t=41: 0%   10   20   30   40   50   60   70   80   90   100%
      |----|----|----|----|----|----|----|----|----|----|
e     ***************************************************
Found maxcond = 2176
t=41: 0%   10   20   30   40   50   60   70   80   90   100%
      |----|----|----|----|----|----|----|----|----|----|
      ***************************************************
Q29:	|........ ........ ........ ........|
Q30:	|........ ........ ........ ........|
Q31:	|........ ........ ........ ........|
Q32:	|........ ........ ........ ........| ok p=1
Q33:	|........ ........ ........ ........| ok p=1
Q34:	|........ ........ ........ ........| ok p=1
Q35:	|........ ........ ........ ........| ok p=1
Q36:	|........ ........ ........ ........| ok p=1
Q37:	|........ ........ ........ ........| ok p=1
Q38:	|........ ........ ........ ........| ok p=1
Q39:	|........ ........ ........ ........| ok p=1
Q40:	|........ ........ ........ ........| ok p=1
Q41:	|........ ........ ........ ........| ok p=1
Q42:	|........ ........ ........ ........|
Saving 1 paths...cached.
Autobalance parameters: maxcond=2176 (ab#:0)
Verified: 0 bad out of 1
Estimating maxcond for upper bound 2560000 (=640000 * 4)...
t=42: 0%   10   20   30   40   50   60   70   80   90   100%
      |----|----|----|----|----|----|----|----|----|----|
e     ***************************************************
Found maxcond = 2176
t=42: 0%   10   20   30   40   50   60   70   80   90   100%
      |----|----|----|----|----|----|----|----|----|----|
      ***************************************************
Q29:	|........ ........ ........ ........|
Q30:	|........ ........ ........ ........|
Q31:	|........ ........ ........ ........|
Q32:	|........ ........ ........ ........| ok p=1
Q33:	|........ ........ ........ ........| ok p=1
Q34:	|........ ........ ........ ........| ok p=1
Q35:	|........ ........ ........ ........| ok p=1
Q36:	|........ ........ ........ ........| ok p=1
Q37:	|........ ........ ........ ........| ok p=1
Q38:	|........ ........ ........ ........| ok p=1
Q39:	|........ ........ ........ ........| ok p=1
Q40:	|........ ........ ........ ........| ok p=1
Q41:	|........ ........ ........ ........| ok p=1
Q42:	|........ ........ ........ ........| ok p=1
Q43:	|........ ........ ........ ........|
Saving 1 paths...cached.
Autobalance parameters: maxcond=2176 (ab#:0)
Verified: 0 bad out of 1
Estimating maxcond for upper bound 2560000 (=640000 * 4)...
t=43: 0%   10   20   30   40   50   60   70   80   90   100%
      |----|----|----|----|----|----|----|----|----|----|
e     ***************************************************
Found maxcond = 2176
t=43: 0%   10   20   30   40   50   60   70   80   90   100%
      |----|----|----|----|----|----|----|----|----|----|
      ***************************************************
Q29:	|........ ........ ........ ........|
Q30:	|........ ........ ........ ........|
Q31:	|........ ........ ........ ........|
Q32:	|........ ........ ........ ........| ok p=1
Q33:	|........ ........ ........ ........| ok p=1
Q34:	|........ ........ ........ ........| ok p=1
Q35:	|........ ........ ........ ........| ok p=1
Q36:	|........ ........ ........ ........| ok p=1
Q37:	|........ ........ ........ ........| ok p=1
Q38:	|........ ........ ........ ........| ok p=1
Q39:	|........ ........ ........ ........| ok p=1
Q40:	|........ ........ ........ ........| ok p=1
Q41:	|........ ........ ........ ........| ok p=1
Q42:	|........ ........ ........ ........| ok p=1
Q43:	|........ ........ ........ ........| ok p=1
Q44:	|........ ........ ........ ........|
Saving 1 paths...cached.
Autobalance parameters: maxcond=2176 (ab#:0)
Verified: 0 bad out of 1
Estimating maxcond for upper bound 2560000 (=640000 * 4)...
t=44: 0%   10   20   30   40   50   60   70   80   90   100%
      |----|----|----|----|----|----|----|----|----|----|
e     ***************************************************
Found maxcond = 2176
t=44: 0%   10   20   30   40   50   60   70   80   90   100%
      |----|----|----|----|----|----|----|----|----|----|
      ***************************************************
Q29:	|........ ........ ........ ........|
Q30:	|........ ........ ........ ........|
Q31:	|........ ........ ........ ........|
Q32:	|........ ........ ........ ........| ok p=1
Q33:	|........ ........ ........ ........| ok p=1
Q34:	|........ ........ ........ ........| ok p=1
Q35:	|........ ........ ........ ........| ok p=1
Q36:	|........ ........ ........ ........| ok p=1
Q37:	|........ ........ ........ ........| ok p=1
Q38:	|........ ........ ........ ........| ok p=1
Q39:	|........ ........ ........ ........| ok p=1
Q40:	|........ ........ ........ ........| ok p=1
Q41:	|........ ........ ........ ........| ok p=1
Q42:	|........ ........ ........ ........| ok p=1
Q43:	|........ ........ ........ ........| ok p=1
Q44:	|........ ........ ........ ........| ok p=1
Q45:	|........ ........ ........ ........|
Saving 1 paths...cached.
Autobalance parameters: maxcond=2176 (ab#:0)
Verified: 0 bad out of 1
Estimating maxcond for upper bound 2560000 (=640000 * 4)...
t=45: 0%   10   20   30   40   50   60   70   80   90   100%
      |----|----|----|----|----|----|----|----|----|----|
e     ***************************************************
Found maxcond = 2176
t=45: 0%   10   20   30   40   50   60   70   80   90   100%
      |----|----|----|----|----|----|----|----|----|----|
      ***************************************************
Q29:	|........ ........ ........ ........|
Q30:	|........ ........ ........ ........|
Q31:	|........ ........ ........ ........|
Q32:	|........ ........ ........ ........| ok p=1
Q33:	|........ ........ ........ ........| ok p=1
Q34:	|........ ........ ........ ........| ok p=1
Q35:	|........ ........ ........ ........| ok p=1
Q36:	|........ ........ ........ ........| ok p=1
Q37:	|........ ........ ........ ........| ok p=1
Q38:	|........ ........ ........ ........| ok p=1
Q39:	|........ ........ ........ ........| ok p=1
Q40:	|........ ........ ........ ........| ok p=1
Q41:	|........ ........ ........ ........| ok p=1
Q42:	|........ ........ ........ ........| ok p=1
Q43:	|........ ........ ........ ........| ok p=1
Q44:	|........ ........ ........ ........| ok p=1
Q45:	|........ ........ ........ ........| ok p=1
Q46:	|........ ........ ........ ........|
Saving 1 paths...cached.
Autobalance parameters: maxcond=2176 (ab#:0)
Verified: 0 bad out of 1
Estimating maxcond for upper bound 2560000 (=640000 * 4)...
t=46: 0%   10   20   30   40   50   60   70   80   90   100%
      |----|----|----|----|----|----|----|----|----|----|
e     ***************************************************
Found maxcond = 2176
t=46: 0%   10   20   30   40   50   60   70   80   90   100%
      |----|----|----|----|----|----|----|----|----|----|
      ***************************************************
Q29:	|........ ........ ........ ........|
Q30:	|........ ........ ........ ........|
Q31:	|........ ........ ........ ........|
Q32:	|........ ........ ........ ........| ok p=1
Q33:	|........ ........ ........ ........| ok p=1
Q34:	|........ ........ ........ ........| ok p=1
Q35:	|........ ........ ........ ........| ok p=1
Q36:	|........ ........ ........ ........| ok p=1
Q37:	|........ ........ ........ ........| ok p=1
Q38:	|........ ........ ........ ........| ok p=1
Q39:	|........ ........ ........ ........| ok p=1
Q40:	|........ ........ ........ ........| ok p=1
Q41:	|........ ........ ........ ........| ok p=1
Q42:	|........ ........ ........ ........| ok p=1
Q43:	|........ ........ ........ ........| ok p=1
Q44:	|........ ........ ........ ........| ok p=1
Q45:	|........ ........ ........ ........| ok p=1
Q46:	|........ ........ ........ ........| ok p=1
Q47:	|........ ........ ........ ........|
Saving 1 paths...cached.
Autobalance parameters: maxcond=2176 (ab#:0)
Verified: 0 bad out of 1
Estimating maxcond for upper bound 2560000 (=640000 * 4)...
t=47: 0%   10   20   30   40   50   60   70   80   90   100%
      |----|----|----|----|----|----|----|----|----|----|
e     ***************************************************
Found maxcond = 2176
t=47: 0%   10   20   30   40   50   60   70   80   90   100%
      |----|----|----|----|----|----|----|----|----|----|
      ***************************************************
Q29:	|........ ........ ........ ........|
Q30:	|........ ........ ........ ........|
Q31:	|........ ........ ........ ........|
Q32:	|........ ........ ........ ........| ok p=1
Q33:	|........ ........ ........ ........| ok p=1
Q34:	|........ ........ ........ ........| ok p=1
Q35:	|........ ........ ........ ........| ok p=1
Q36:	|........ ........ ........ ........| ok p=1
Q37:	|........ ........ ........ ........| ok p=1
Q38:	|........ ........ ........ ........| ok p=1
Q39:	|........ ........ ........ ........| ok p=1
Q40:	|........ ........ ........ ........| ok p=1
Q41:	|........ ........ ........ ........| ok p=1
Q42:	|........ ........ ........ ........| ok p=1
Q43:	|........ ........ ........ ........| ok p=1
Q44:	|........ ........ ........ ........| ok p=1
Q45:	|........ ........ ........ ........| ok p=1
Q46:	|........ ........ ........ ........| ok p=1
Q47:	|........ ........ ........ ........| ok p=0.491211
Q48:	|+....... ........ ........ ........|
Saving 1 paths...cached.
Autobalance parameters: maxcond=2176 (ab#:0)
Verified: 0 bad out of 1
Estimating maxcond for upper bound 2560000 (=640000 * 4)...
t=48: 0%   10   20   30   40   50   60   70   80   90   100%
      |----|----|----|----|----|----|----|----|----|----|
e     ***************************************************
Found maxcond = 2176
t=48: 0%   10   20   30   40   50   60   70   80   90   100%
      |----|----|----|----|----|----|----|----|----|----|
      ***************************************************
Q29:	|........ ........ ........ ........|
Q30:	|........ ........ ........ ........|
Q31:	|........ ........ ........ ........|
Q32:	|........ ........ ........ ........| ok p=1
Q33:	|........ ........ ........ ........| ok p=1
Q34:	|........ ........ ........ ........| ok p=1
Q35:	|........ ........ ........ ........| ok p=1
Q36:	|........ ........ ........ ........| ok p=1
Q37:	|........ ........ ........ ........| ok p=1
Q38:	|........ ........ ........ ........| ok p=1
Q39:	|........ ........ ........ ........| ok p=1
Q40:	|........ ........ ........ ........| ok p=1
Q41:	|........ ........ ........ ........| ok p=1
Q42:	|........ ........ ........ ........| ok p=1
Q43:	|........ ........ ........ ........| ok p=1
Q44:	|........ ........ ........ ........| ok p=1
Q45:	|........ ........ ........ ........| ok p=1
Q46:	|0....... ........ ........ ........| ok p=1
Q47:	|........ ........ ........ ........| ok p=0.496094
Q48:	|+....... ........ ........ ........| ok p=1
Q49:	|+....... ........ ........ ........|
Saving 6 paths...cached.
Autobalance parameters: maxcond=2176 (ab#:0)
Verified: 0 bad out of 6
Estimating maxcond for upper bound 2560000 (=640000 * 4)...
t=49: 0%   10   20   30   40   50   60   70   80   90   100%
      |----|----|----|----|----|----|----|----|----|----|
e     ***************************************************
Found maxcond = 2176
t=49: 0%   10   20   30   40   50   60   70   80   90   100%
      |----|----|----|----|----|----|----|----|----|----|
      ***************************************************
Q29:	|........ ........ ........ ........|
Q30:	|........ ........ ........ ........|
Q31:	|........ ........ ........ ........|
Q32:	|........ ........ ........ ........| ok p=1
Q33:	|........ ........ ........ ........| ok p=1
Q34:	|........ ........ ........ ........| ok p=1
Q35:	|........ ........ ........ ........| ok p=1
Q36:	|........ ........ ........ ........| ok p=1
Q37:	|........ ........ ........ ........| ok p=1
Q38:	|........ ........ ........ ........| ok p=1
Q39:	|........ ........ ........ ........| ok p=1
Q40:	|........ ........ ........ ........| ok p=1
Q41:	|........ ........ ........ ........| ok p=1
Q42:	|........ ........ ........ ........| ok p=1
Q43:	|........ ........ ........ ........| ok p=1
Q44:	|........ ........ ........ ........| ok p=1
Q45:	|........ ........ ........ ........| ok p=1
Q46:	|0....... ........ ........ ........| ok p=1
Q47:	|1....... ........ ........ ........| ok p=0.499023
Q48:	|-....... ........ ........ ........| ok p=1
Q49:	|+....... ........ ........ ........| ok p=1
Q50:	|+....... ........ ........ ........|
Saving 968 paths...cached.
Autobalance parameters: maxcond=2176 (ab#:0)
Verified: 0 bad out of 968
Estimating maxcond for upper bound 2560000 (=640000 * 4)...
t=50: 0%   10   20   30   40   50   60   70   80   90   100%
      |----|----|----|----|----|----|----|----|----|----|
e     ***************************************************
Found maxcond = 2176
t=50: 0%   10   20   30   40   50   60   70   80   90   100%
      |----|----|----|----|----|----|----|----|----|----|
      ***************************************************
Q29:	|........ ........ ........ ........|
Q30:	|........ ........ ........ ........|
Q31:	|........ ........ ........ ........|
Q32:	|........ ........ ........ ........| ok p=1
Q33:	|........ ........ ........ ........| ok p=1
Q34:	|........ ........ ........ ........| ok p=1
Q35:	|........ ........ ........ ........| ok p=1
Q36:	|........ ........ ........ ........| ok p=1
Q37:	|........ ........ ........ ........| ok p=1
Q38:	|........ ........ ........ ........| ok p=1
Q39:	|........ ........ ........ ........| ok p=1
Q40:	|........ ........ ........ ........| ok p=1
Q41:	|........ ........ ........ ........| ok p=1
Q42:	|........ ........ ........ ........| ok p=1
Q43:	|........ ........ ........ ........| ok p=1
Q44:	|........ ........ ........ ........| ok p=1
Q45:	|........ ........ ........ ........| ok p=1
Q46:	|0....... ........ ........ ........| ok p=1
Q47:	|1....... ........ ........ ........| ok p=0.511719
Q48:	|+....... ........ ........ ........| ok p=1
Q49:	|-....... ........ ........ ........| ok p=1
Q50:	|+....... ........ ........ ........| ok p=0.469727
Q51:	|+....... ........ .+...... ........|
Saving 640000 paths...cached.
Autobalance parameters: maxcond=28 (ab#:7)
Verified: 147052 bad out of 1411121
Estimating maxcond for upper bound 2560000 (=640000 * 4)...
t=51: 0%   10   20   30   40   50   60   70   80   90   100%
      |----|----|----|----|----|----|----|----|----|----|
e     ***************************************************
Found maxcond = 28
t=51: 0%   10   20   30   40   50   60   70   80   90   100%
      |----|----|----|----|----|----|----|----|----|----|
      ***************************************************
Q29:	|........ ........ ........ ........|
Q30:	|........ ........ ........ ........|
Q31:	|........ ........ ........ ........|
Q32:	|........ ........ ........ ........| ok p=1
Q33:	|........ ........ ........ ........| ok p=1
Q34:	|........ ........ ........ ........| ok p=1
Q35:	|........ ........ ........ ........| ok p=1
Q36:	|........ ........ ........ ........| ok p=1
Q37:	|........ ........ ........ ........| ok p=1
Q38:	|........ ........ ........ ........| ok p=1
Q39:	|........ ........ ........ ........| ok p=1
Q40:	|........ ........ ........ ........| ok p=1
Q41:	|........ ........ ........ ........| ok p=1
Q42:	|........ ........ ........ ........| ok p=1
Q43:	|........ ........ ........ ........| ok p=1
Q44:	|........ ........ ........ ........| ok p=1
Q45:	|........ ........ ........ ........| ok p=1
Q46:	|0....... ........ ........ ........| ok p=1
Q47:	|1....... ........ ........ ........| ok p=0.478516
Q48:	|+....... ........ ........ ........| ok p=1
Q49:	|-....... ........ ........ ........| ok p=1
Q50:	|-....... ........ ........ ........| ok p=1
Q51:	|+....... ........ ........ ........| ok p=0.513672
Q52:	|+....... ...+.... ........ ........|
Saving 640000 paths...cached.
Autobalance parameters: maxcond=26 (ab#:2)
Verified: 0 bad out of 1072127
Estimating maxcond for upper bound 2560000 (=640000 * 4)...
t=52: 0%   10   20   30   40   50   60   70   80   90   100%
      |----|----|----|----|----|----|----|----|----|----|
e     ***************************************************
Found maxcond = 29
t=52: 0%   10   20   30   40   50   60   70   80   90   100%
      |----|----|----|----|----|----|----|----|----|----|
      ***************************************************
Q29:	|........ ........ ........ ........|
Q30:	|........ ........ ........ ........|
Q31:	|........ ........ ........ ........|
Q32:	|........ ........ ........ ........| ok p=1
Q33:	|........ ........ ........ ........| ok p=1
Q34:	|........ ........ ........ ........| ok p=1
Q35:	|........ ........ ........ ........| ok p=1
Q36:	|........ ........ ........ ........| ok p=1
Q37:	|........ ........ ........ ........| ok p=1
Q38:	|........ ........ ........ ........| ok p=1
Q39:	|........ ........ ........ ........| ok p=1
Q40:	|........ ........ ........ ........| ok p=1
Q41:	|........ ........ ........ ........| ok p=1
Q42:	|........ ........ ........ ........| ok p=1
Q43:	|........ ........ ........ ........| ok p=1
Q44:	|........ ........ ........ ........| ok p=1
Q45:	|........ ........ ........ ........| ok p=1
Q46:	|0....... ........ ........ ........| ok p=1
Q47:	|1....... ........ ........ ........| ok p=0.499023
Q48:	|+....... ........ ........ ........| ok p=1
Q49:	|-....... ........ ........ ........| ok p=1
Q50:	|-....... ........ ........ ........| ok p=1
Q51:	|-....... ........ ........ ........| ok p=1
Q52:	|+....... ........ ........ ........| ok p=0.494141
Q53:	|+....... ........ ........ ..+.....|
Saving 640000 paths...cached.
Autobalance parameters: maxcond=26 (ab#:3)
Verified: 4611 bad out of 1241103
Estimating maxcond for upper bound 2560000 (=640000 * 4)...
t=53: 0%   10   20   30   40   50   60   70   80   90   100%
      |----|----|----|----|----|----|----|----|----|----|
e     ***************************************************
Found maxcond = 29
t=53: 0%   10   20   30   40   50   60   70   80   90   100%
      |----|----|----|----|----|----|----|----|----|----|
      ***************************************************
Q29:	|........ ........ ........ ........|
Q30:	|........ ........ ........ ........|
Q31:	|........ ........ ........ ........|
Q32:	|........ ........ ........ ........| ok p=1
Q33:	|........ ........ ........ ........| ok p=1
Q34:	|........ ........ ........ ........| ok p=1
Q35:	|........ ........ ........ ........| ok p=1
Q36:	|........ ........ ........ ........| ok p=1
Q37:	|........ ........ ........ ........| ok p=1
Q38:	|........ ........ ........ ........| ok p=1
Q39:	|........ ........ ........ ........| ok p=1
Q40:	|........ ........ ........ ........| ok p=1
Q41:	|........ ........ ........ ........| ok p=1
Q42:	|........ ........ ........ ........| ok p=1
Q43:	|........ ........ ........ ........| ok p=1
Q44:	|........ ........ ........ ........| ok p=1
Q45:	|........ ........ ........ ........| ok p=1
Q46:	|0....... ........ ........ ........| ok p=1
Q47:	|1....... ........ ........ ........| ok p=0.53125
Q48:	|+....... ........ ........ ........| ok p=1
Q49:	|-....... ........ ........ ........| ok p=1
Q50:	|-....... ........ ........ ........| ok p=1
Q51:	|-....... ........ ........ ........| ok p=1
Q52:	|-....... ........ ........ ........| ok p=1
Q53:	|+....... ........ ........ ........| ok p=0.524414
Q54:	|+....... ........ ......+. ........|
Saving 640000 paths...cached.
Autobalance parameters: maxcond=27 (ab#:2)
Verified: 4005 bad out of 1073716
Estimating maxcond for upper bound 2560000 (=640000 * 4)...
t=54: 0%   10   20   30   40   50   60   70   80   90   100%
      |----|----|----|----|----|----|----|----|----|----|
e     ***************************************************
Found maxcond = 30
t=54: 0%   10   20   30   40   50   60   70   80   90   100%
      |----|----|----|----|----|----|----|----|----|----|
      ***************************************************
Q29:	|........ ........ ........ ........|
Q30:	|........ ........ ........ ........|
Q31:	|........ ........ ........ ........|
Q32:	|........ ........ ........ ........| ok p=1
Q33:	|........ ........ ........ ........| ok p=1
Q34:	|........ ........ ........ ........| ok p=1
Q35:	|........ ........ ........ ........| ok p=1
Q36:	|........ ........ ........ ........| ok p=1
Q37:	|........ ........ ........ ........| ok p=1
Q38:	|........ ........ ........ ........| ok p=1
Q39:	|........ ........ ........ ........| ok p=1
Q40:	|........ ........ ........ ........| ok p=1
Q41:	|........ ........ ........ ........| ok p=1
Q42:	|........ ........ ........ ........| ok p=1
Q43:	|........ ........ ........ ........| ok p=1
Q44:	|........ ........ ........ ........| ok p=1
Q45:	|........ ........ ........ ........| ok p=1
Q46:	|0....... ........ ........ ........| ok p=1
Q47:	|1....... ........ ........ ........| ok p=0.492188
Q48:	|+....... ........ ........ ........| ok p=1
Q49:	|-....... ........ ........ ........| ok p=1
Q50:	|-....... ........ ........ ........| ok p=1
Q51:	|-....... ........ ........ ........| ok p=1
Q52:	|-....... ........ ........ ........| ok p=1
Q53:	|-....... ........ ........ ........| ok p=1
Q54:	|+....... ........ ........ ........| ok p=0.487305
Q55:	|+....... ........ .+...... ........|
Saving 640000 paths...cached.
Autobalance parameters: maxcond=28 (ab#:2)
Verified: 4093 bad out of 1045284
Estimating maxcond for upper bound 2560000 (=640000 * 4)...
t=55: 0%   10   20   30   40   50   60   70   80   90   100%
      |----|----|----|----|----|----|----|----|----|----|
e     ***************************************************
Found maxcond = 31
t=55: 0%   10   20   30   40   50   60   70   80   90   100%
      |----|----|----|----|----|----|----|----|----|----|
      ***************************************************
Q29:	|........ ........ ........ ........|
Q30:	|........ ........ ........ ........|
Q31:	|........ ........ ........ ........|
Q32:	|........ ........ ........ ........| ok p=1
Q33:	|........ ........ ........ ........| ok p=1
Q34:	|........ ........ ........ ........| ok p=1
Q35:	|........ ........ ........ ........| ok p=1
Q36:	|........ ........ ........ ........| ok p=1
Q37:	|........ ........ ........ ........| ok p=1
Q38:	|........ ........ ........ ........| ok p=1
Q39:	|........ ........ ........ ........| ok p=1
Q40:	|........ ........ ........ ........| ok p=1
Q41:	|........ ........ ........ ........| ok p=1
Q42:	|........ ........ ........ ........| ok p=1
Q43:	|........ ........ ........ ........| ok p=1
Q44:	|........ ........ ........ ........| ok p=1
Q45:	|........ ........ ........ ........| ok p=1
Q46:	|0....... ........ ........ ........| ok p=1
Q47:	|1....... ........ ........ ........| ok p=0.489258
Q48:	|+....... ........ ........ ........| ok p=1
Q49:	|-....... ........ ........ ........| ok p=1
Q50:	|-....... ........ ........ ........| ok p=1
Q51:	|-....... ........ ........ ........| ok p=1
Q52:	|-....... ........ ........ ........| ok p=1
Q53:	|-....... ........ ........ ........| ok p=1
Q54:	|-....... ........ ........ ........| ok p=1
Q55:	|+....... ........ ........ ........| ok p=0.515625
Q56:	|+....... ...+.... ........ ........|
Saving 640000 paths...cached.
Autobalance parameters: maxcond=29 (ab#:2)
Verified: 394 bad out of 1074550
Estimating maxcond for upper bound 2560000 (=640000 * 4)...
t=56: 0%   10   20   30   40   50   60   70   80   90   100%
      |----|----|----|----|----|----|----|----|----|----|
e     ***************************************************
Found maxcond = 32
t=56: 0%   10   20   30   40   50   60   70   80   90   100%
      |----|----|----|----|----|----|----|----|----|----|
      ***************************************************
Q29:	|........ ........ ........ ........|
Q30:	|........ ........ ........ ........|
Q31:	|........ ........ ........ ........|
Q32:	|........ ........ ........ ........| ok p=1
Q33:	|........ ........ ........ ........| ok p=1
Q34:	|........ ........ ........ ........| ok p=1
Q35:	|........ ........ ........ ........| ok p=1
Q36:	|........ ........ ........ ........| ok p=1
Q37:	|........ ........ ........ ........| ok p=1
Q38:	|........ ........ ........ ........| ok p=1
Q39:	|........ ........ ........ ........| ok p=1
Q40:	|........ ........ ........ ........| ok p=1
Q41:	|........ ........ ........ ........| ok p=1
Q42:	|........ ........ ........ ........| ok p=1
Q43:	|........ ........ ........ ........| ok p=1
Q44:	|........ ........ ........ ........| ok p=1
Q45:	|........ ........ ........ ........| ok p=1
Q46:	|0....... ........ ........ ........| ok p=1
Q47:	|1....... ........ ........ ........| ok p=0.480469
Q48:	|+....... ........ ........ ........| ok p=1
Q49:	|-....... ........ ........ ........| ok p=1
Q50:	|-....... ........ ........ ........| ok p=1
Q51:	|-....... ........ ........ ........| ok p=1
Q52:	|-....... ........ ........ ........| ok p=1
Q53:	|-....... ........ ........ ........| ok p=1
Q54:	|-....... ........ ........ ........| ok p=1
Q55:	|-....... ........ ........ ........| ok p=1
Q56:	|+....... ........ ........ ........| ok p=0.472656
Q57:	|+....... ........ ........ ..+.....|
Saving 640000 paths...cached.
Autobalance parameters: maxcond=30 (ab#:2)
Verified: 3189 bad out of 1053774
Estimating maxcond for upper bound 2560000 (=640000 * 4)...
t=57: 0%   10   20   30   40   50   60   70   80   90   100%
      |----|----|----|----|----|----|----|----|----|----|
e     ***************************************************
Found maxcond = 33
t=57: 0%   10   20   30   40   50   60   70   80   90   100%
      |----|----|----|----|----|----|----|----|----|----|
      ***************************************************
Q29:	|........ ........ ........ ........|
Q30:	|........ ........ ........ ........|
Q31:	|........ ........ ........ ........|
Q32:	|........ ........ ........ ........| ok p=1
Q33:	|........ ........ ........ ........| ok p=1
Q34:	|........ ........ ........ ........| ok p=1
Q35:	|........ ........ ........ ........| ok p=1
Q36:	|........ ........ ........ ........| ok p=1
Q37:	|........ ........ ........ ........| ok p=1
Q38:	|........ ........ ........ ........| ok p=1
Q39:	|........ ........ ........ ........| ok p=1
Q40:	|........ ........ ........ ........| ok p=1
Q41:	|........ ........ ........ ........| ok p=1
Q42:	|........ ........ ........ ........| ok p=1
Q43:	|........ ........ ........ ........| ok p=1
Q44:	|........ ........ ........ ........| ok p=1
Q45:	|........ ........ ........ ........| ok p=1
Q46:	|0....... ........ ........ ........| ok p=1
Q47:	|1....... ........ ........ ........| ok p=0.516602
Q48:	|+....... ........ ........ ........| ok p=1
Q49:	|-....... ........ ........ ........| ok p=1
Q50:	|-....... ........ ........ ........| ok p=1
Q51:	|-....... ........ ........ ........| ok p=1
Q52:	|-....... ........ ........ ........| ok p=1
Q53:	|-....... ........ ........ ........| ok p=1
Q54:	|-....... ........ ........ ........| ok p=1
Q55:	|-....... ........ ........ ........| ok p=1
Q56:	|-....... ........ ........ ........| ok p=1
Q57:	|+....... ........ ........ ........| ok p=0.481445
Q58:	|+....... ........ ......+. ........|
Saving 640000 paths...cached.
Autobalance parameters: maxcond=31 (ab#:2)
Verified: 3845 bad out of 1096007
Estimating maxcond for upper bound 2560000 (=640000 * 4)...
t=58: 0%   10   20   30   40   50   60   70   80   90   100%
      |----|----|----|----|----|----|----|----|----|----|
e     ***************************************************
Found maxcond = 34
t=58: 0%   10   20   30   40   50   60   70   80   90   100%
      |----|----|----|----|----|----|----|----|----|----|
      ***************************************************
Q29:	|........ ........ ........ ........|
Q30:	|........ ........ ........ ........|
Q31:	|........ ........ ........ ........|
Q32:	|........ ........ ........ ........| ok p=1
Q33:	|........ ........ ........ ........| ok p=1
Q34:	|........ ........ ........ ........| ok p=1
Q35:	|........ ........ ........ ........| ok p=1
Q36:	|........ ........ ........ ........| ok p=1
Q37:	|........ ........ ........ ........| ok p=1
Q38:	|........ ........ ........ ........| ok p=1
Q39:	|........ ........ ........ ........| ok p=1
Q40:	|........ ........ ........ ........| ok p=1
Q41:	|........ ........ ........ ........| ok p=1
Q42:	|........ ........ ........ ........| ok p=1
Q43:	|........ ........ ........ ........| ok p=1
Q44:	|........ ........ ........ ........| ok p=1
Q45:	|........ ........ ........ ........| ok p=1
Q46:	|0....... ........ ........ ........| ok p=1
Q47:	|1....... ........ ........ ........| ok p=0.507812
Q48:	|+....... ........ ........ ........| ok p=1
Q49:	|-....... ........ ........ ........| ok p=1
Q50:	|-....... ........ ........ ........| ok p=1
Q51:	|-....... ........ ........ ........| ok p=1
Q52:	|-....... ........ ........ ........| ok p=1
Q53:	|-....... ........ ........ ........| ok p=1
Q54:	|-....... ........ ........ ........| ok p=1
Q55:	|-....... ........ ........ ........| ok p=1
Q56:	|-....... ........ ........ ........| ok p=1
Q57:	|-....... ........ ........ ........| ok p=1
Q58:	|+....... ........ ........ ........| ok p=0.52832
Q59:	|+....... ........ .+...... ........|
Saving 640000 paths...cached.
Autobalance parameters: maxcond=32 (ab#:2)
Verified: 4283 bad out of 1051648
Estimating maxcond for upper bound 2560000 (=640000 * 4)...
t=59: 0%   10   20   30   40   50   60   70   80   90   100%
      |----|----|----|----|----|----|----|----|----|----|
e     ***************************************************
Found maxcond = 35
t=59: 0%   10   20   30   40   50   60   70   80   90   100%
      |----|----|----|----|----|----|----|----|----|----|
      ***************************************************
Q29:	|........ ........ ........ ........|
Q30:	|........ ........ ........ ........|
Q31:	|........ ........ ........ ........|
Q32:	|........ ........ ........ ........| ok p=1
Q33:	|........ ........ ........ ........| ok p=1
Q34:	|........ ........ ........ ........| ok p=1
Q35:	|........ ........ ........ ........| ok p=1
Q36:	|........ ........ ........ ........| ok p=1
Q37:	|........ ........ ........ ........| ok p=1
Q38:	|........ ........ ........ ........| ok p=1
Q39:	|........ ........ ........ ........| ok p=1
Q40:	|........ ........ ........ ........| ok p=1
Q41:	|........ ........ ........ ........| ok p=1
Q42:	|........ ........ ........ ........| ok p=1
Q43:	|........ ........ ........ ........| ok p=1
Q44:	|........ ........ ........ ........| ok p=1
Q45:	|........ ........ ........ ........| ok p=1
Q46:	|0....... ........ ........ ........| ok p=1
Q47:	|1....... ........ ........ ........| ok p=0.495117
Q48:	|+....... ........ ........ ........| ok p=1
Q49:	|-....... ........ ........ ........| ok p=1
Q50:	|-....... ........ ........ ........| ok p=1
Q51:	|-....... ........ ........ ........| ok p=1
Q52:	|-....... ........ ........ ........| ok p=1
Q53:	|-....... ........ ........ ........| ok p=1
Q54:	|-....... ........ ........ ........| ok p=1
Q55:	|-....... ........ ........ ........| ok p=1
Q56:	|-....... ........ ........ ........| ok p=1
Q57:	|-....... ........ ........ ........| ok p=1
Q58:	|-....... ........ ........ ........| ok p=1
Q59:	|+....... ........ ........ ........| ok p=0.505859
Q60:	|+....... ...+.... ........ ........|
Saving 640000 paths...cached.
Autobalance parameters: maxcond=33 (ab#:2)
Verified: 450 bad out of 1077400
Estimating maxcond for upper bound 2560000 (=640000 * 4)...
t=60: 0%   10   20   30   40   50   60   70   80   90   100%
      |----|----|----|----|----|----|----|----|----|----|
e     ***************************************************
Found maxcond = 36
t=60: 0%   10   20   30   40   50   60   70   80   90   100%
      |----|----|----|----|----|----|----|----|----|----|
      ***************************************************
Q29:	|........ ........ ........ ........|
Q30:	|........ ........ ........ ........|
Q31:	|........ ........ ........ ........|
Q32:	|........ ........ ........ ........| ok p=1
Q33:	|........ ........ ........ ........| ok p=1
Q34:	|........ ........ ........ ........| ok p=1
Q35:	|........ ........ ........ ........| ok p=1
Q36:	|........ ........ ........ ........| ok p=1
Q37:	|........ ........ ........ ........| ok p=1
Q38:	|........ ........ ........ ........| ok p=1
Q39:	|........ ........ ........ ........| ok p=1
Q40:	|........ ........ ........ ........| ok p=1
Q41:	|........ ........ ........ ........| ok p=1
Q42:	|........ ........ ........ ........| ok p=1
Q43:	|........ ........ ........ ........| ok p=1
Q44:	|........ ........ ........ ........| ok p=1
Q45:	|........ ........ ........ ........| ok p=1
Q46:	|0....... ........ ........ ........| ok p=1
Q47:	|1....... ........ ........ ........| ok p=0.519531
Q48:	|+....... ........ ........ ........| ok p=1
Q49:	|-....... ........ ........ ........| ok p=1
Q50:	|-....... ........ ........ ........| ok p=1
Q51:	|-....... ........ ........ ........| ok p=1
Q52:	|-....... ........ ........ ........| ok p=1
Q53:	|-....... ........ ........ ........| ok p=1
Q54:	|-....... ........ ........ ........| ok p=1
Q55:	|-....... ........ ........ ........| ok p=1
Q56:	|-....... ........ ........ ........| ok p=1
Q57:	|-....... ........ ........ ........| ok p=1
Q58:	|-....... ........ ........ ........| ok p=1
Q59:	|-....... ........ ........ ........| ok p=1
Q60:	|+....... ........ ........ ........| ok p=0.510742
Q61:	|+....... ........ ........ ..+.....|
Saving 640000 paths...cached.
Autobalance parameters: maxcond=34 (ab#:2)
Verified: 3095 bad out of 1048363
Estimating maxcond for upper bound 2560000 (=640000 * 4)...
t=61: 0%   10   20   30   40   50   60   70   80   90   100%
      |----|----|----|----|----|----|----|----|----|----|
e     ***************************************************
Found maxcond = 37
t=61: 0%   10   20   30   40   50   60   70   80   90   100%
      |----|----|----|----|----|----|----|----|----|----|
      ***************************************************
Q29:	|........ ........ ........ ........|
Q30:	|........ ........ ........ ........|
Q31:	|........ ........ ........ ........|
Q32:	|........ ........ ........ ........| ok p=1
Q33:	|........ ........ ........ ........| ok p=1
Q34:	|........ ........ ........ ........| ok p=1
Q35:	|........ ........ ........ ........| ok p=1
Q36:	|........ ........ ........ ........| ok p=1
Q37:	|........ ........ ........ ........| ok p=1
Q38:	|........ ........ ........ ........| ok p=1
Q39:	|........ ........ ........ ........| ok p=1
Q40:	|........ ........ ........ ........| ok p=1
Q41:	|........ ........ ........ ........| ok p=1
Q42:	|........ ........ ........ ........| ok p=1
Q43:	|........ ........ ........ ........| ok p=1
Q44:	|........ ........ ........ ........| ok p=1
Q45:	|........ ........ ........ ........| ok p=1
Q46:	|0....... ........ ........ ........| ok p=1
Q47:	|1....... ........ ........ ........| ok p=0.508789
Q48:	|+....... ........ ........ ........| ok p=1
Q49:	|-....... ........ ........ ........| ok p=1
Q50:	|-....... ........ ........ ........| ok p=1
Q51:	|-....... ........ ........ ........| ok p=1
Q52:	|-....... ........ ........ ........| ok p=1
Q53:	|-....... ........ ........ ........| ok p=1
Q54:	|-....... ........ ........ ........| ok p=1
Q55:	|-....... ........ ........ ........| ok p=1
Q56:	|-....... ........ ........ ........| ok p=1
Q57:	|-....... ........ ........ ........| ok p=1
Q58:	|-....... ........ ........ ........| ok p=1
Q59:	|-....... ........ ........ ........| ok p=1
Q60:	|-....... ........ ........ ........| ok p=1
Q61:	|+....... ........ ........ ........| ok p=0.493164
Q62:	|+....... ........ ......+. ........|
Saving 640000 paths...cached.
Autobalance parameters: maxcond=35 (ab#:2)
Verified: 3991 bad out of 1093031
Estimating maxcond for upper bound 2560000 (=640000 * 4)...
t=62: 0%   10   20   30   40   50   60   70   80   90   100%
      |----|----|----|----|----|----|----|----|----|----|
e     ***************************************************
Found maxcond = 38
t=62: 0%   10   20   30   40   50   60   70   80   90   100%
      |----|----|----|----|----|----|----|----|----|----|
      ***************************************************
Q29:	|........ ........ ........ ........|
Q30:	|........ ........ ........ ........|
Q31:	|........ ........ ........ ........|
Q32:	|........ ........ ........ ........| ok p=1
Q33:	|........ ........ ........ ........| ok p=1
Q34:	|........ ........ ........ ........| ok p=1
Q35:	|........ ........ ........ ........| ok p=1
Q36:	|........ ........ ........ ........| ok p=1
Q37:	|........ ........ ........ ........| ok p=1
Q38:	|........ ........ ........ ........| ok p=1
Q39:	|........ ........ ........ ........| ok p=1
Q40:	|........ ........ ........ ........| ok p=1
Q41:	|........ ........ ........ ........| ok p=1
Q42:	|........ ........ ........ ........| ok p=1
Q43:	|........ ........ ........ ........| ok p=1
Q44:	|........ ........ ........ ........| ok p=1
Q45:	|........ ........ ........ ........| ok p=1
Q46:	|0....... ........ ........ ........| ok p=1
Q47:	|1....... ........ ........ ........| ok p=0.5
Q48:	|+....... ........ ........ ........| ok p=1
Q49:	|-....... ........ ........ ........| ok p=1
Q50:	|-....... ........ ........ ........| ok p=1
Q51:	|-....... ........ ........ ........| ok p=1
Q52:	|-....... ........ ........ ........| ok p=1
Q53:	|-....... ........ ........ ........| ok p=1
Q54:	|-....... ........ ........ ........| ok p=1
Q55:	|-....... ........ ........ ........| ok p=1
Q56:	|-....... ........ ........ ........| ok p=1
Q57:	|-....... ........ ........ ........| ok p=1
Q58:	|-....... ........ ........ ........| ok p=1
Q59:	|-....... ........ ........ ........| ok p=1
Q60:	|-....... ........ ........ ........| ok p=1
Q61:	|-....... ........ ........ ........| ok p=1
Q62:	|+....... ........ ........ ........| ok p=0.510742
Q63:	|+....... +....... .+...... ........|
Saving 640000 paths...done. (2.76192s)
Autobalance parameters: maxcond=36 (ab#:2)
Verified: 4088 bad out of 1051460
Runtime: 11.0351
Warning: no OS randomness!
Extend MD5 differential paths forward
Copyright (C) 2009 Marc Stevens
http://homepages.cwi.nl/~stevens/

delta_m[2] = [!8!]
Loading upper_1_640000/paths62_0of1...done: 640000 (work:640000). (2.75899s)
Estimating maxcond for upper bound 32 (=16 * 2)...
t=63: 0%   10   20   30   40   50   60   70   80   90   100%
      |----|----|----|----|----|----|----|----|----|----|
e     ***************************************************
Found maxcond = 22
t=63: 0%   10   20   30   40   50   60   70   80   90   100%
      |----|----|----|----|----|----|----|----|----|----|
      ***************************************************
Q29:	|........ ........ ........ ........|
Q30:	|........ ........ ........ ........|
Q31:	|........ ........ ........ ........|
Q32:	|........ ........ ........ ........| ok p=1
Q33:	|........ ........ ........ ........| ok p=1
Q34:	|........ ........ ........ ........| ok p=1
Q35:	|........ ........ ........ ........| ok p=1
Q36:	|........ ........ ........ ........| ok p=1
Q37:	|........ ........ ........ ........| ok p=1
Q38:	|........ ........ ........ ........| ok p=1
Q39:	|........ ........ ........ ........| ok p=1
Q40:	|........ ........ ........ ........| ok p=1
Q41:	|........ ........ ........ ........| ok p=1
Q42:	|........ ........ ........ ........| ok p=1
Q43:	|........ ........ ........ ........| ok p=1
Q44:	|........ ........ ........ ........| ok p=1
Q45:	|........ ........ ........ ........| ok p=1
Q46:	|0....... ........ ........ ........| ok p=1
Q47:	|1....... ........ ........ ........| ok p=0.5
Q48:	|-....... ........ ........ ........| ok p=1
Q49:	|+....... ........ ........ ........| ok p=1
Q50:	|+....... ........ ........ ........| ok p=1
Q51:	|+....... ........ ........ ........| ok p=1
Q52:	|+....... ........ ........ ........| ok p=1
Q53:	|+....... ........ ........ ........| ok p=1
Q54:	|+....... ........ ........ ........| ok p=1
Q55:	|+....... ........ ........ ........| ok p=1
Q56:	|+....... ........ ........ ........| ok p=1
Q57:	|+....... ........ ........ ........| ok p=1
Q58:	|+....... ........ ........ ........| ok p=1
Q59:	|+....... ........ ........ ........| ok p=1
Q60:	|+....... ........ ........ ........| ok p=1
Q61:	|+....... 0....... ........ ........| ok p=1
Q62:	|+....... ........ ........ ........| ok p=0.99707
Q63:	|+....... +....... ........ ........| ok p=1
Q64:	|+....... +....... ........ ........|
Saving 16 paths...done. (0.000298977s)
Autobalance parameters: maxcond=20 (ab#:2)
Verified: 0 bad out of 40
Runtime: 3.62891
Warning: no OS randomness!
Extend MD5 differential paths backward
Copyright (C) 2009 Marc Stevens
http://homepages.cwi.nl/~stevens/

delta_m[2] = [!8!]
Loading upper_1_640000/paths63_0of1.bin.gz...done: 16. (0.000144005s)
Estimating maxcond for upper bound 2560000 (=640000 * 4)...
t=31: 0%   10   20   30   40   50   60   70   80   90   100%
      |----|----|----|----|----|----|----|----|----|----|
e     ***************************************************
Found maxcond = 2176
t=31: 0%   10   20   30   40   50   60   70   80   90   100%
      |----|----|----|----|----|----|----|----|----|----|
      ***************************************************
Q28:	|........ ........ ........ ........|
Q29:	|........ ........ ........ ........|
Q30:	|........ ........ ........ ........|
Q31:	|........ ........ ........ ........| ok p=1
Q32:	|........ ........ ........ ........| ok p=1
Q33:	|........ ........ ........ ........| ok p=1
Q34:	|........ ........ ........ ........| ok p=1
Q35:	|........ ........ ........ ........| ok p=1
Q36:	|........ ........ ........ ........| ok p=1
Q37:	|........ ........ ........ ........| ok p=1
Q38:	|........ ........ ........ ........| ok p=1
Q39:	|........ ........ ........ ........| ok p=1
Q40:	|........ ........ ........ ........| ok p=1
Q41:	|........ ........ ........ ........| ok p=1
Q42:	|........ ........ ........ ........| ok p=1
Q43:	|........ ........ ........ ........| ok p=1
Q44:	|........ ........ ........ ........| ok p=1
Q45:	|........ ........ ........ ........| ok p=1
Q46:	|0....... ........ ........ ........| ok p=1
Q47:	|1....... ........ ........ ........| ok p=0.527344
Q48:	|+....... ........ ........ ........| ok p=1
Q49:	|+....... ........ ........ ........| ok p=1
Q50:	|-....... ........ ........ ........| ok p=1
Q51:	|+....... ........ ........ ........| ok p=1
Q52:	|-....... ........ ........ ........| ok p=1
Q53:	|+....... ........ ........ ........| ok p=1
Q54:	|-....... ........ ........ ........| ok p=1
Q55:	|+....... ........ ........ ........| ok p=1
Q56:	|-....... ........ ........ ........| ok p=1
Q57:	|+....... ........ ........ ........| ok p=1
Q58:	|-....... ........ ........ ........| ok p=1
Q59:	|+....... ........ ........ ........| ok p=1
Q60:	|-....... ........ ........ ........| ok p=1
Q61:	|+....... 0....... ........ ........| ok p=1
Q62:	|-....... ........ ........ ........| ok p=1
Q63:	|+....... +....... ........ ........| ok p=1
Q64:	|+....... +....... ........ ........|
Saving 16 paths...done. (1.90735e-06s)
Autobalance parameters: maxcond=2176
Verified: 0 bad out of 16
Estimating maxcond for upper bound 2560000 (=640000 * 4)...
t=30: 0%   10   20   30   40   50   60   70   80   90   100%
      |----|----|----|----|----|----|----|----|----|----|
e     ***************************************************
Found maxcond = 2176
t=30: 0%   10   20   30   40   50   60   70   80   90   100%
      |----|----|----|----|----|----|----|----|----|----|
      ***************************************************
Q27:	|........ ........ ........ ........|
Q28:	|........ ........ ........ ........|
Q29:	|........ ........ ........ ........|
Q30:	|........ ........ ........ ........| ok p=1
Q31:	|........ ........ ........ ........| ok p=1
Q32:	|........ ........ ........ ........| ok p=1
Q33:	|........ ........ ........ ........| ok p=1
Q34:	|........ ........ ........ ........| ok p=1
Q35:	|........ ........ ........ ........| ok p=1
Q36:	|........ ........ ........ ........| ok p=1
Q37:	|........ ........ ........ ........| ok p=1
Q38:	|........ ........ ........ ........| ok p=1
Q39:	|........ ........ ........ ........| ok p=1
Q40:	|........ ........ ........ ........| ok p=1
Q41:	|........ ........ ........ ........| ok p=1
Q42:	|........ ........ ........ ........| ok p=1
Q43:	|........ ........ ........ ........| ok p=1
Q44:	|........ ........ ........ ........| ok p=1
Q45:	|........ ........ ........ ........| ok p=1
Q46:	|0....... ........ ........ ........| ok p=1
Q47:	|1....... ........ ........ ........| ok p=0.460938
Q48:	|+....... ........ ........ ........| ok p=1
Q49:	|-....... ........ ........ ........| ok p=1
Q50:	|-....... ........ ........ ........| ok p=1
Q51:	|-....... ........ ........ ........| ok p=1
Q52:	|-....... ........ ........ ........| ok p=1
Q53:	|-....... ........ ........ ........| ok p=1
Q54:	|-....... ........ ........ ........| ok p=1
Q55:	|-....... ........ ........ ........| ok p=1
Q56:	|-....... ........ ........ ........| ok p=1
Q57:	|-....... ........ ........ ........| ok p=1
Q58:	|-....... ........ ........ ........| ok p=1
Q59:	|-....... ........ ........ ........| ok p=1
Q60:	|-....... ........ ........ ........| ok p=1
Q61:	|-....... 0....... ........ ........| ok p=1
Q62:	|-....... ........ ........ ........| ok p=0.998047
Q63:	|-....... +....... ........ ........| ok p=1
Q64:	|+....... +....... ........ ........|
Saving 16 paths...done. (0s)
Autobalance parameters: maxcond=2176
Verified: 0 bad out of 16
Estimating maxcond for upper bound 2560000 (=640000 * 4)...
t=29: 0%   10   20   30   40   50   60   70   80   90   100%
      |----|----|----|----|----|----|----|----|----|----|
e     ***************************************************
Found maxcond = 2176
t=29: 0%   10   20   30   40   50   60   70   80   90   100%
      |----|----|----|----|----|----|----|----|----|----|
      ***************************************************
Q26:	|........ ........ .......- ........|
Q27:	|........ ........ ........ ........|
Q28:	|........ ........ ........ ........|
Q29:	|........ ........ ........ ........| ok p=1
Q30:	|........ ........ ........ ........| ok p=1
Q31:	|........ ........ ........ ........| ok p=1
Q32:	|........ ........ ........ ........| ok p=1
Q33:	|........ ........ ........ ........| ok p=1
Q34:	|........ ........ ........ ........| ok p=1
Q35:	|........ ........ ........ ........| ok p=1
Q36:	|........ ........ ........ ........| ok p=1
Q37:	|........ ........ ........ ........| ok p=1
Q38:	|........ ........ ........ ........| ok p=1
Q39:	|........ ........ ........ ........| ok p=1
Q40:	|........ ........ ........ ........| ok p=1
Q41:	|........ ........ ........ ........| ok p=1
Q42:	|........ ........ ........ ........| ok p=1
Q43:	|........ ........ ........ ........| ok p=1
Q44:	|........ ........ ........ ........| ok p=1
Q45:	|........ ........ ........ ........| ok p=1
Q46:	|0....... ........ ........ ........| ok p=1
Q47:	|1....... ........ ........ ........| ok p=0.486328
Q48:	|+....... ........ ........ ........| ok p=1
Q49:	|+....... ........ ........ ........| ok p=1
Q50:	|-....... ........ ........ ........| ok p=1
Q51:	|+....... ........ ........ ........| ok p=1
Q52:	|-....... ........ ........ ........| ok p=1
Q53:	|+....... ........ ........ ........| ok p=1
Q54:	|-....... ........ ........ ........| ok p=1
Q55:	|+....... ........ ........ ........| ok p=1
Q56:	|-....... ........ ........ ........| ok p=1
Q57:	|+....... ........ ........ ........| ok p=1
Q58:	|-....... ........ ........ ........| ok p=1
Q59:	|+....... ........ ........ ........| ok p=1
Q60:	|-....... ........ ........ ........| ok p=1
Q61:	|+....... 0....... ........ ........| ok p=1
Q62:	|-....... ........ ........ ........| ok p=1
Q63:	|+....... +....... ........ ........| ok p=1
Q64:	|+....... +....... ........ ........|
Saving 16 paths...done. (1.19209e-06s)
Autobalance parameters: maxcond=2176
Verified: 0 bad out of 16
Estimating maxcond for upper bound 2560000 (=640000 * 4)...
t=28: 0%   10   20   30   40   50   60   70   80   90   100%
      |----|----|----|----|----|----|----|----|----|----|
e     ***************************************************
Found maxcond = 2176
t=28: 0%   10   20   30   40   50   60   70   80   90   100%
      |----|----|----|----|----|----|----|----|----|----|
      ***************************************************
Q25:	|........ ........ ........ ........|
Q26:	|........ ........ .......- ........|
Q27:	|........ ........ ........ ........|
Q28:	|........ ........ .......^ ........| ok p=1
Q29:	|........ ........ ........ ........| ok p=1
Q30:	|........ ........ ........ ........| ok p=1
Q31:	|........ ........ ........ ........| ok p=1
Q32:	|........ ........ ........ ........| ok p=1
Q33:	|........ ........ ........ ........| ok p=1
Q34:	|........ ........ ........ ........| ok p=1
Q35:	|........ ........ ........ ........| ok p=1
Q36:	|........ ........ ........ ........| ok p=1
Q37:	|........ ........ ........ ........| ok p=1
Q38:	|........ ........ ........ ........| ok p=1
Q39:	|........ ........ ........ ........| ok p=1
Q40:	|........ ........ ........ ........| ok p=1
Q41:	|........ ........ ........ ........| ok p=1
Q42:	|........ ........ ........ ........| ok p=1
Q43:	|........ ........ ........ ........| ok p=1
Q44:	|........ ........ ........ ........| ok p=1
Q45:	|........ ........ ........ ........| ok p=1
Q46:	|0....... ........ ........ ........| ok p=1
Q47:	|1....... ........ ........ ........| ok p=0.508789
Q48:	|-....... ........ ........ ........| ok p=1
Q49:	|+....... ........ ........ ........| ok p=1
Q50:	|+....... ........ ........ ........| ok p=1
Q51:	|+....... ........ ........ ........| ok p=1
Q52:	|+....... ........ ........ ........| ok p=1
Q53:	|+....... ........ ........ ........| ok p=1
Q54:	|+....... ........ ........ ........| ok p=1
Q55:	|+....... ........ ........ ........| ok p=1
Q56:	|+....... ........ ........ ........| ok p=1
Q57:	|+....... ........ ........ ........| ok p=1
Q58:	|+....... ........ ........ ........| ok p=1
Q59:	|+....... ........ ........ ........| ok p=1
Q60:	|+....... ........ ........ ........| ok p=1
Q61:	|+....... 0....... ........ ........| ok p=1
Q62:	|+....... ........ ........ ........| ok p=0.993164
Q63:	|+....... +....... ........ ........| ok p=1
Q64:	|+....... +....... ........ ........|
Saving 157440 paths...done. (9.53674e-07s)
Autobalance parameters: maxcond=2176
Verified: 0 bad out of 157440
Estimating maxcond for upper bound 2560000 (=640000 * 4)...
t=27: 0%   10   20   30   40   50   60   70   80   90   100%
      |----|----|----|----|----|----|----|----|----|----|
e     ***************************************************
Found maxcond = 47
t=27: 0%   10   20   30   40   50   60   70   80   90   100%
      |----|----|----|----|----|----|----|----|----|----|
      ***************************************************
Q24:	|........ ........ ........ ........|
Q25:	|........ ........ .......1 ........|
Q26:	|........ ........ .......- ........|
Q27:	|........ ........ ........ ........| ok p=1
Q28:	|........ ........ .......^ ........| ok p=1
Q29:	|........ ........ ........ ........| ok p=1
Q30:	|........ ........ ........ ........| ok p=1
Q31:	|........ ........ ........ ........| ok p=1
Q32:	|........ ........ ........ ........| ok p=1
Q33:	|........ ........ ........ ........| ok p=1
Q34:	|........ ........ ........ ........| ok p=1
Q35:	|........ ........ ........ ........| ok p=1
Q36:	|........ ........ ........ ........| ok p=1
Q37:	|........ ........ ........ ........| ok p=1
Q38:	|........ ........ ........ ........| ok p=1
Q39:	|........ ........ ........ ........| ok p=1
Q40:	|........ ........ ........ ........| ok p=1
Q41:	|........ ........ ........ ........| ok p=1
Q42:	|........ ........ ........ ........| ok p=1
Q43:	|........ ........ ........ ........| ok p=1
Q44:	|........ ........ ........ ........| ok p=1
Q45:	|........ ........ ........ ........| ok p=1
Q46:	|0....... ........ ........ ........| ok p=1
Q47:	|1....... ........ ........ ........| ok p=0.483398
Q48:	|+....... ........ ........ ........| ok p=1
Q49:	|+....... ........ ........ ........| ok p=1
Q50:	|-....... ........ ........ ........| ok p=1
Q51:	|+....... ........ ........ ........| ok p=1
Q52:	|-....... ........ ........ ........| ok p=1
Q53:	|+....... ........ ........ ........| ok p=1
Q54:	|-....... ........ ........ ........| ok p=1
Q55:	|+....... ........ ........ ........| ok p=1
Q56:	|-....... ........ ........ ........| ok p=1
Q57:	|+....... ........ ........ ........| ok p=1
Q58:	|-....... ........ ........ ........| ok p=1
Q59:	|+....... ........ ........ ........| ok p=1
Q60:	|-....... ........ ........ ........| ok p=1
Q61:	|+....... 0....... ........ ........| ok p=1
Q62:	|-....... ........ ........ ........| ok p=1
Q63:	|+....... +....... ........ ........| ok p=1
Q64:	|+....... +....... ........ ........|
Saving 640000 paths...done. (1.19209e-06s)
Autobalance parameters: maxcond=44
Verified: 0 bad out of 1237462
Estimating maxcond for upper bound 2560000 (=640000 * 4)...
t=26: 0%   10   20   30   40   50   60   70   80   90   100%
      |----|----|----|----|----|----|----|----|----|----|
e     ***************************************************
Found maxcond = 45
t=26: 0%   10   20   30   40   50   60   70   80   90   100%
      |----|----|----|----|----|----|----|----|----|----|
      ***************************************************
Q23:	|.....+.. ........ ........ ........|
Q24:	|........ ........ .......+ ........|
Q25:	|........ ........ .......0 ........|
Q26:	|........ ........ .......- ........| ok p=0.978516
Q27:	|........ ........ ........ ........| ok p=1
Q28:	|........ ........ .......^ ........| ok p=1
Q29:	|........ ........ ........ ........| ok p=1
Q30:	|........ ........ ........ ........| ok p=1
Q31:	|........ ........ ........ ........| ok p=1
Q32:	|........ ........ ........ ........| ok p=1
Q33:	|........ ........ ........ ........| ok p=1
Q34:	|........ ........ ........ ........| ok p=1
Q35:	|........ ........ ........ ........| ok p=1
Q36:	|........ ........ ........ ........| ok p=1
Q37:	|........ ........ ........ ........| ok p=1
Q38:	|........ ........ ........ ........| ok p=1
Q39:	|........ ........ ........ ........| ok p=1
Q40:	|........ ........ ........ ........| ok p=1
Q41:	|........ ........ ........ ........| ok p=1
Q42:	|........ ........ ........ ........| ok p=1
Q43:	|........ ........ ........ ........| ok p=1
Q44:	|........ ........ ........ ........| ok p=1
Q45:	|........ ........ ........ ........| ok p=1
Q46:	|0....... ........ ........ ........| ok p=1
Q47:	|1....... ........ ........ ........| ok p=0.507812
Q48:	|+....... ........ ........ ........| ok p=1
Q49:	|+....... ........ ........ ........| ok p=1
Q50:	|-....... ........ ........ ........| ok p=1
Q51:	|+....... ........ ........ ........| ok p=1
Q52:	|-....... ........ ........ ........| ok p=1
Q53:	|+....... ........ ........ ........| ok p=1
Q54:	|-....... ........ ........ ........| ok p=1
Q55:	|+....... ........ ........ ........| ok p=1
Q56:	|-....... ........ ........ ........| ok p=1
Q57:	|+....... ........ ........ ........| ok p=1
Q58:	|-....... ........ ........ ........| ok p=1
Q59:	|+....... ........ ........ ........| ok p=1
Q60:	|-....... ........ ........ ........| ok p=1
Q61:	|+....... 0....... ........ ........| ok p=1
Q62:	|-....... ........ ........ ........| ok p=1
Q63:	|+....... +....... ........ ........| ok p=1
Q64:	|+....... +....... ........ ........|
Saving 640000 paths...done. (1.90735e-06s)
Autobalance parameters: maxcond=42
Verified: 0 bad out of 1215088
Estimating maxcond for upper bound 2560000 (=640000 * 4)...
t=25: 0%   10   20   30   40   50   60   70   80   90   100%
      |----|----|----|----|----|----|----|----|----|----|
e     ***************************************************
Found maxcond = 44
t=25: 0%   10   20   30   40   50   60   70   80   90   100%
      |----|----|----|----|----|----|----|----|----|----|
      ***************************************************
Q22:	|+....... ........ ........ .......-|
Q23:	|.....+.. ........ ........ ........|
Q24:	|........ ........ .......0 ........|
Q25:	|.....^.. ........ .......1 ........| ok p=0.506836
Q26:	|........ ........ .......- ........| ok p=0.985352
Q27:	|........ ........ ........ ........| ok p=1
Q28:	|........ ........ .......^ ........| ok p=1
Q29:	|........ ........ ........ ........| ok p=1
Q30:	|........ ........ ........ ........| ok p=1
Q31:	|........ ........ ........ ........| ok p=1
Q32:	|........ ........ ........ ........| ok p=1
Q33:	|........ ........ ........ ........| ok p=1
Q34:	|........ ........ ........ ........| ok p=1
Q35:	|........ ........ ........ ........| ok p=1
Q36:	|........ ........ ........ ........| ok p=1
Q37:	|........ ........ ........ ........| ok p=1
Q38:	|........ ........ ........ ........| ok p=1
Q39:	|........ ........ ........ ........| ok p=1
Q40:	|........ ........ ........ ........| ok p=1
Q41:	|........ ........ ........ ........| ok p=1
Q42:	|........ ........ ........ ........| ok p=1
Q43:	|........ ........ ........ ........| ok p=1
Q44:	|........ ........ ........ ........| ok p=1
Q45:	|........ ........ ........ ........| ok p=1
Q46:	|0....... ........ ........ ........| ok p=1
Q47:	|1....... ........ ........ ........| ok p=0.521484
Q48:	|+....... ........ ........ ........| ok p=1
Q49:	|-....... ........ ........ ........| ok p=1
Q50:	|-....... ........ ........ ........| ok p=1
Q51:	|-....... ........ ........ ........| ok p=1
Q52:	|-....... ........ ........ ........| ok p=1
Q53:	|-....... ........ ........ ........| ok p=1
Q54:	|-....... ........ ........ ........| ok p=1
Q55:	|-....... ........ ........ ........| ok p=1
Q56:	|-....... ........ ........ ........| ok p=1
Q57:	|-....... ........ ........ ........| ok p=1
Q58:	|-....... ........ ........ ........| ok p=1
Q59:	|-....... ........ ........ ........| ok p=1
Q60:	|-....... ........ ........ ........| ok p=1
Q61:	|-....... 0....... ........ ........| ok p=1
Q62:	|-....... ........ ........ ........| ok p=0.999023
Q63:	|-....... +....... ........ ........| ok p=1
Q64:	|+....... +....... ........ ........|
Saving 640000 paths...done. (1.19209e-06s)
Autobalance parameters: maxcond=42
Verified: 0 bad out of 1172176
Estimating maxcond for upper bound 2560000 (=640000 * 4)...
t=24: 0%   10   20   30   40   50   60   70   80   90   100%
      |----|----|----|----|----|----|----|----|----|----|
e     ***************************************************
Found maxcond = 44
t=24: 0%   10   20   30   40   50   60   70   80   90   100%
      |----|----|----|----|----|----|----|----|----|----|
      ***************************************************
Q21:	|........ ........ ........ ........|
Q22:	|+....1.. ........ ........ ........|
Q23:	|.....+.. ........ ........ ........|
Q24:	|^....... ........ .......0 ........| ok p=1
Q25:	|.....^.. ........ .......1 ........| ok p=0.512695
Q26:	|........ ........ .......- ........| ok p=0.977539
Q27:	|........ ........ ........ ........| ok p=1
Q28:	|........ ........ .......^ ........| ok p=1
Q29:	|........ ........ ........ ........| ok p=1
Q30:	|........ ........ ........ ........| ok p=1
Q31:	|........ ........ ........ ........| ok p=1
Q32:	|........ ........ ........ ........| ok p=1
Q33:	|........ ........ ........ ........| ok p=1
Q34:	|........ ........ ........ ........| ok p=1
Q35:	|........ ........ ........ ........| ok p=1
Q36:	|........ ........ ........ ........| ok p=1
Q37:	|........ ........ ........ ........| ok p=1
Q38:	|........ ........ ........ ........| ok p=1
Q39:	|........ ........ ........ ........| ok p=1
Q40:	|........ ........ ........ ........| ok p=1
Q41:	|........ ........ ........ ........| ok p=1
Q42:	|........ ........ ........ ........| ok p=1
Q43:	|........ ........ ........ ........| ok p=1
Q44:	|........ ........ ........ ........| ok p=1
Q45:	|........ ........ ........ ........| ok p=1
Q46:	|0....... ........ ........ ........| ok p=1
Q47:	|1....... ........ ........ ........| ok p=0.515625
Q48:	|+....... ........ ........ ........| ok p=1
Q49:	|-....... ........ ........ ........| ok p=1
Q50:	|-....... ........ ........ ........| ok p=1
Q51:	|-....... ........ ........ ........| ok p=1
Q52:	|-....... ........ ........ ........| ok p=1
Q53:	|-....... ........ ........ ........| ok p=1
Q54:	|-....... ........ ........ ........| ok p=1
Q55:	|-....... ........ ........ ........| ok p=1
Q56:	|-....... ........ ........ ........| ok p=1
Q57:	|-....... ........ ........ ........| ok p=1
Q58:	|-....... ........ ........ ........| ok p=1
Q59:	|-....... ........ ........ ........| ok p=1
Q60:	|-....... ........ ........ ........| ok p=1
Q61:	|-....... 0....... ........ ........| ok p=1
Q62:	|-....... ........ ........ ........| ok p=0.996094
Q63:	|-....... +....... ........ ........| ok p=1
Q64:	|+....... +....... ........ ........|
Saving 640000 paths...done. (9.53674e-07s)
Autobalance parameters: maxcond=42
Verified: 0 bad out of 1137099
Estimating maxcond for upper bound 2560000 (=640000 * 4)...
t=23: 0%   10   20   30   40   50   60   70   80   90   100%
      |----|----|----|----|----|----|----|----|----|----|
e     ***************************************************
Found maxcond = 45
t=23: 0%   10   20   30   40   50   60   70   80   90   100%
      |----|----|----|----|----|----|----|----|----|----|
      ***************************************************
Q20:	|........ ........ ........ .-......|
Q21:	|1....-.. ........ ........ ........|
Q22:	|+....0.. ........ ........ ........|
Q23:	|.....+.. ........ ........ ........| ok p=0.961914
Q24:	|^....... ........ .......0 ........| ok p=1
Q25:	|.....^.. ........ .......1 ........| ok p=0.521484
Q26:	|........ ........ .......- ........| ok p=0.988281
Q27:	|........ ........ ........ ........| ok p=1
Q28:	|........ ........ .......^ ........| ok p=1
Q29:	|........ ........ ........ ........| ok p=1
Q30:	|........ ........ ........ ........| ok p=1
Q31:	|........ ........ ........ ........| ok p=1
Q32:	|........ ........ ........ ........| ok p=1
Q33:	|........ ........ ........ ........| ok p=1
Q34:	|........ ........ ........ ........| ok p=1
Q35:	|........ ........ ........ ........| ok p=1
Q36:	|........ ........ ........ ........| ok p=1
Q37:	|........ ........ ........ ........| ok p=1
Q38:	|........ ........ ........ ........| ok p=1
Q39:	|........ ........ ........ ........| ok p=1
Q40:	|........ ........ ........ ........| ok p=1
Q41:	|........ ........ ........ ........| ok p=1
Q42:	|........ ........ ........ ........| ok p=1
Q43:	|........ ........ ........ ........| ok p=1
Q44:	|........ ........ ........ ........| ok p=1
Q45:	|........ ........ ........ ........| ok p=1
Q46:	|0....... ........ ........ ........| ok p=1
Q47:	|1....... ........ ........ ........| ok p=0.503906
Q48:	|+....... ........ ........ ........| ok p=1
Q49:	|-....... ........ ........ ........| ok p=1
Q50:	|-....... ........ ........ ........| ok p=1
Q51:	|-....... ........ ........ ........| ok p=1
Q52:	|-....... ........ ........ ........| ok p=1
Q53:	|-....... ........ ........ ........| ok p=1
Q54:	|-....... ........ ........ ........| ok p=1
Q55:	|-....... ........ ........ ........| ok p=1
Q56:	|-....... ........ ........ ........| ok p=1
Q57:	|-....... ........ ........ ........| ok p=1
Q58:	|-....... ........ ........ ........| ok p=1
Q59:	|-....... ........ ........ ........| ok p=1
Q60:	|-....... ........ ........ ........| ok p=1
Q61:	|-....... 0....... ........ ........| ok p=1
Q62:	|-....... ........ ........ ........| ok p=0.996094
Q63:	|-....... +....... ........ ........| ok p=1
Q64:	|+....... +....... ........ ........|
Saving 640000 paths...done. (9.53674e-07s)
Autobalance parameters: maxcond=43
Verified: 0 bad out of 1104427
Estimating maxcond for upper bound 2560000 (=640000 * 4)...
t=22: 0%   10   20   30   40   50   60   70   80   90   100%
      |----|----|----|----|----|----|----|----|----|----|
e     ***************************************************
Found maxcond = 46
t=22: 0%   10   20   30   40   50   60   70   80   90   100%
      |----|----|----|----|----|----|----|----|----|----|
      ***************************************************
Q19:	|+....... ......-. ...+.... ........|
Q20:	|........ ........ ........ .-......|
Q21:	|-....0.. ........ ........ ........|
Q22:	|-....1.. ........ ........ .^......| ok p=0.503906
Q23:	|0....+.. ........ ........ ........| ok p=1
Q24:	|1....... ........ .......0 ........| ok p=1
Q25:	|.....^.. ........ .......1 ........| ok p=0.489258
Q26:	|........ ........ .......- ........| ok p=0.977539
Q27:	|........ ........ ........ ........| ok p=1
Q28:	|........ ........ .......^ ........| ok p=1
Q29:	|........ ........ ........ ........| ok p=1
Q30:	|........ ........ ........ ........| ok p=1
Q31:	|........ ........ ........ ........| ok p=1
Q32:	|........ ........ ........ ........| ok p=1
Q33:	|........ ........ ........ ........| ok p=1
Q34:	|........ ........ ........ ........| ok p=1
Q35:	|........ ........ ........ ........| ok p=1
Q36:	|........ ........ ........ ........| ok p=1
Q37:	|........ ........ ........ ........| ok p=1
Q38:	|........ ........ ........ ........| ok p=1
Q39:	|........ ........ ........ ........| ok p=1
Q40:	|........ ........ ........ ........| ok p=1
Q41:	|........ ........ ........ ........| ok p=1
Q42:	|........ ........ ........ ........| ok p=1
Q43:	|........ ........ ........ ........| ok p=1
Q44:	|........ ........ ........ ........| ok p=1
Q45:	|........ ........ ........ ........| ok p=1
Q46:	|0....... ........ ........ ........| ok p=1
Q47:	|1....... ........ ........ ........| ok p=0.49707
Q48:	|-....... ........ ........ ........| ok p=1
Q49:	|+....... ........ ........ ........| ok p=1
Q50:	|+....... ........ ........ ........| ok p=1
Q51:	|+....... ........ ........ ........| ok p=1
Q52:	|+....... ........ ........ ........| ok p=1
Q53:	|+....... ........ ........ ........| ok p=1
Q54:	|+....... ........ ........ ........| ok p=1
Q55:	|+....... ........ ........ ........| ok p=1
Q56:	|+....... ........ ........ ........| ok p=1
Q57:	|+....... ........ ........ ........| ok p=1
Q58:	|+....... ........ ........ ........| ok p=1
Q59:	|+....... ........ ........ ........| ok p=1
Q60:	|+....... ........ ........ ........| ok p=1
Q61:	|+....... 0....... ........ ........| ok p=1
Q62:	|+....... ........ ........ ........| ok p=0.995117
Q63:	|+....... +....... ........ ........| ok p=1
Q64:	|+....... +....... ........ ........|
Saving 640000 paths...done. (1.19209e-06s)
Autobalance parameters: maxcond=44
Verified: 0 bad out of 1074152
Estimating maxcond for upper bound 2560000 (=640000 * 4)...
t=21: 0%   10   20   30   40   50   60   70   80   90   100%
      |----|----|----|----|----|----|----|----|----|----|
e     ***************************************************
Found maxcond = 48
t=21: 0%   10   20   30   40   50   60   70   80   90   100%
      |----|----|----|----|----|----|----|----|----|----|
      ***************************************************
Q18:	|........ .-...... ........ ........|
Q19:	|........ ......+. ...+.... .1......|
Q20:	|0....... ........ ........ .-......|
Q21:	|1....0.. ......^. ...^.... ........| ok p=0.52832
Q22:	|+....1.. ........ ........ .^......| ok p=0.49707
Q23:	|.....+.. ........ ........ ........| ok p=0.964844
Q24:	|^....... ........ .......0 ........| ok p=1
Q25:	|.....^.. ........ .......1 ........| ok p=0.487305
Q26:	|........ ........ .......- ........| ok p=0.980469
Q27:	|........ ........ ........ ........| ok p=1
Q28:	|........ ........ .......^ ........| ok p=1
Q29:	|........ ........ ........ ........| ok p=1
Q30:	|........ ........ ........ ........| ok p=1
Q31:	|........ ........ ........ ........| ok p=1
Q32:	|........ ........ ........ ........| ok p=1
Q33:	|........ ........ ........ ........| ok p=1
Q34:	|........ ........ ........ ........| ok p=1
Q35:	|........ ........ ........ ........| ok p=1
Q36:	|........ ........ ........ ........| ok p=1
Q37:	|........ ........ ........ ........| ok p=1
Q38:	|........ ........ ........ ........| ok p=1
Q39:	|........ ........ ........ ........| ok p=1
Q40:	|........ ........ ........ ........| ok p=1
Q41:	|........ ........ ........ ........| ok p=1
Q42:	|........ ........ ........ ........| ok p=1
Q43:	|........ ........ ........ ........| ok p=1
Q44:	|........ ........ ........ ........| ok p=1
Q45:	|........ ........ ........ ........| ok p=1
Q46:	|0....... ........ ........ ........| ok p=1
Q47:	|1....... ........ ........ ........| ok p=0.501953
Q48:	|-....... ........ ........ ........| ok p=1
Q49:	|+....... ........ ........ ........| ok p=1
Q50:	|+....... ........ ........ ........| ok p=1
Q51:	|+....... ........ ........ ........| ok p=1
Q52:	|+....... ........ ........ ........| ok p=1
Q53:	|+....... ........ ........ ........| ok p=1
Q54:	|+....... ........ ........ ........| ok p=1
Q55:	|+....... ........ ........ ........| ok p=1
Q56:	|+....... ........ ........ ........| ok p=1
Q57:	|+....... ........ ........ ........| ok p=1
Q58:	|+....... ........ ........ ........| ok p=1
Q59:	|+....... ........ ........ ........| ok p=1
Q60:	|+....... ........ ........ ........| ok p=1
Q61:	|+....... 0....... ........ ........| ok p=1
Q62:	|+....... ........ ........ ........| ok p=1
Q63:	|+....... +....... ........ ........| ok p=1
Q64:	|+....... +....... ........ ........|
Saving 640000 paths...done. (9.53674e-07s)
Autobalance parameters: maxcond=46
Verified: 0 bad out of 1035237
Estimating maxcond for upper bound 2560000 (=640000 * 4)...
t=20: 0%   10   20   30   40   50   60   70   80   90   100%
      |----|----|----|----|----|----|----|----|----|----|
e     ***************************************************
Found maxcond = 51
t=20: 0%   10   20   30   40   50   60   70   80   90   100%
      |----|----|----|----|----|----|----|----|----|----|
      ***************************************************
Q17:	|........ ........ ........ ......+.|
Q18:	|........ .+....1. ...1.... .+......|
Q19:	|........ ......+. ...+.... .0......|
Q20:	|0....... .^...... ........ .-......| ok p=1
Q21:	|1....0.. ......^. ...^.... ........| ok p=0.513672
Q22:	|-....1.. ........ ........ .^......| ok p=0.476562
Q23:	|.....+.. ........ ........ ........| ok p=0.967773
Q24:	|^....... ........ .......0 ........| ok p=1
Q25:	|.....^.. ........ .......1 ........| ok p=0.519531
Q26:	|........ ........ .......- ........| ok p=0.990234
Q27:	|........ ........ ........ ........| ok p=1
Q28:	|........ ........ .......^ ........| ok p=1
Q29:	|........ ........ ........ ........| ok p=1
Q30:	|........ ........ ........ ........| ok p=1
Q31:	|........ ........ ........ ........| ok p=1
Q32:	|........ ........ ........ ........| ok p=1
Q33:	|........ ........ ........ ........| ok p=1
Q34:	|........ ........ ........ ........| ok p=1
Q35:	|........ ........ ........ ........| ok p=1
Q36:	|........ ........ ........ ........| ok p=1
Q37:	|........ ........ ........ ........| ok p=1
Q38:	|........ ........ ........ ........| ok p=1
Q39:	|........ ........ ........ ........| ok p=1
Q40:	|........ ........ ........ ........| ok p=1
Q41:	|........ ........ ........ ........| ok p=1
Q42:	|........ ........ ........ ........| ok p=1
Q43:	|........ ........ ........ ........| ok p=1
Q44:	|........ ........ ........ ........| ok p=1
Q45:	|........ ........ ........ ........| ok p=1
Q46:	|0....... ........ ........ ........| ok p=1
Q47:	|1....... ........ ........ ........| ok p=0.498047
Q48:	|-....... ........ ........ ........| ok p=1
Q49:	|+....... ........ ........ ........| ok p=1
Q50:	|+....... ........ ........ ........| ok p=1
Q51:	|+....... ........ ........ ........| ok p=1
Q52:	|+....... ........ ........ ........| ok p=1
Q53:	|+....... ........ ........ ........| ok p=1
Q54:	|+....... ........ ........ ........| ok p=1
Q55:	|+....... ........ ........ ........| ok p=1
Q56:	|+....... ........ ........ ........| ok p=1
Q57:	|+....... ........ ........ ........| ok p=1
Q58:	|+....... ........ ........ ........| ok p=1
Q59:	|+....... ........ ........ ........| ok p=1
Q60:	|+....... ........ ........ ........| ok p=1
Q61:	|+....... 0....... ........ ........| ok p=1
Q62:	|+....... ........ ........ ........| ok p=0.995117
Q63:	|+....... +....... ........ ........| ok p=1
Q64:	|+....... +....... ........ ........|
Saving 640000 paths...done. (9.53674e-07s)
Autobalance parameters: maxcond=50
Verified: 0 bad out of 1036478
Estimating maxcond for upper bound 2560000 (=640000 * 4)...
t=19: 0%   10   20   30   40   50   60   70   80   90   100%
      |----|----|----|----|----|----|----|----|----|----|
e     ***************************************************
Found maxcond = 55
t=19: 0%   10   20   30   40   50   60   70   80   90   100%
      |----|----|----|----|----|----|----|----|----|----|
      ***************************************************
Q16:	|..+....- .....-.. ........ ........|
Q17:	|........ .1....+. ...0.... ......+.|
Q18:	|........ .+....0. ...1.... .0......|
Q19:	|........ ......-. ...+.... .1....^.| ok p=0.896484
Q20:	|0....... .^...... ........ .-......| ok p=1
Q21:	|1....0.. ......^. ...^.... ........| ok p=0.492188
Q22:	|+....1.. ........ ........ .^......| ok p=0.519531
Q23:	|.....+.. ........ ........ ........| ok p=0.967773
Q24:	|^....... ........ .......0 ........| ok p=1
Q25:	|.....^.. ........ .......1 ........| ok p=0.476562
Q26:	|........ ........ .......- ........| ok p=0.982422
Q27:	|........ ........ ........ ........| ok p=1
Q28:	|........ ........ .......^ ........| ok p=1
Q29:	|........ ........ ........ ........| ok p=1
Q30:	|........ ........ ........ ........| ok p=1
Q31:	|........ ........ ........ ........| ok p=1
Q32:	|........ ........ ........ ........| ok p=1
Q33:	|........ ........ ........ ........| ok p=1
Q34:	|........ ........ ........ ........| ok p=1
Q35:	|........ ........ ........ ........| ok p=1
Q36:	|........ ........ ........ ........| ok p=1
Q37:	|........ ........ ........ ........| ok p=1
Q38:	|........ ........ ........ ........| ok p=1
Q39:	|........ ........ ........ ........| ok p=1
Q40:	|........ ........ ........ ........| ok p=1
Q41:	|........ ........ ........ ........| ok p=1
Q42:	|........ ........ ........ ........| ok p=1
Q43:	|........ ........ ........ ........| ok p=1
Q44:	|........ ........ ........ ........| ok p=1
Q45:	|........ ........ ........ ........| ok p=1
Q46:	|0....... ........ ........ ........| ok p=1
Q47:	|1....... ........ ........ ........| ok p=0.49707
Q48:	|-....... ........ ........ ........| ok p=1
Q49:	|+....... ........ ........ ........| ok p=1
Q50:	|+....... ........ ........ ........| ok p=1
Q51:	|+....... ........ ........ ........| ok p=1
Q52:	|+....... ........ ........ ........| ok p=1
Q53:	|+....... ........ ........ ........| ok p=1
Q54:	|+....... ........ ........ ........| ok p=1
Q55:	|+....... ........ ........ ........| ok p=1
Q56:	|+....... ........ ........ ........| ok p=1
Q57:	|+....... ........ ........ ........| ok p=1
Q58:	|+....... ........ ........ ........| ok p=1
Q59:	|+....... ........ ........ ........| ok p=1
Q60:	|+....... ........ ........ ........| ok p=1
Q61:	|+....... 0....... ........ ........| ok p=1
Q62:	|+....... ........ ........ ........| ok p=0.996094
Q63:	|+....... +....... ........ ........| ok p=1
Q64:	|+....... +....... ........ ........|
Saving 640000 paths...done. (9.53674e-07s)
Autobalance parameters: maxcond=54
Verified: 0 bad out of 870531
Estimating maxcond for upper bound 2560000 (=640000 * 4)...
t=18: 0%   10   20   30   40   50   60   70   80   90   100%
      |----|----|----|----|----|----|----|----|----|----|
e     ***************************************************
Found maxcond = 62
t=18: 0%   10   20   30   40   50   60   70   80   90   100%
      |----|----|----|----|----|----|----|----|----|----|
      ***************************************************
Q15:	|.+...... ........ .......- ....-...|
Q16:	|..+....- .0....-. ........ ......1.|
Q17:	|........ .1....1. ...0.... ......+.|
Q18:	|..^....^ .+....1. ...1.... .0......| ok p=0.753906
Q19:	|........ ......-. ...+.... .1....^.| ok p=0.887695
Q20:	|0....... .^...... ........ .-......| ok p=1
Q21:	|1....0.. ......^. ...^.... ........| ok p=0.483398
Q22:	|+....1.. ........ ........ .^......| ok p=0.516602
Q23:	|.....+.. ........ ........ ........| ok p=0.96582
Q24:	|^....... ........ .......0 ........| ok p=1
Q25:	|.....^.. ........ .......1 ........| ok p=0.50293
Q26:	|........ ........ .......- ........| ok p=0.986328
Q27:	|........ ........ ........ ........| ok p=1
Q28:	|........ ........ .......^ ........| ok p=1
Q29:	|........ ........ ........ ........| ok p=1
Q30:	|........ ........ ........ ........| ok p=1
Q31:	|........ ........ ........ ........| ok p=1
Q32:	|........ ........ ........ ........| ok p=1
Q33:	|........ ........ ........ ........| ok p=1
Q34:	|........ ........ ........ ........| ok p=1
Q35:	|........ ........ ........ ........| ok p=1
Q36:	|........ ........ ........ ........| ok p=1
Q37:	|........ ........ ........ ........| ok p=1
Q38:	|........ ........ ........ ........| ok p=1
Q39:	|........ ........ ........ ........| ok p=1
Q40:	|........ ........ ........ ........| ok p=1
Q41:	|........ ........ ........ ........| ok p=1
Q42:	|........ ........ ........ ........| ok p=1
Q43:	|........ ........ ........ ........| ok p=1
Q44:	|........ ........ ........ ........| ok p=1
Q45:	|........ ........ ........ ........| ok p=1
Q46:	|0....... ........ ........ ........| ok p=1
Q47:	|1....... ........ ........ ........| ok p=0.514648
Q48:	|+....... ........ ........ ........| ok p=1
Q49:	|+....... ........ ........ ........| ok p=1
Q50:	|-....... ........ ........ ........| ok p=1
Q51:	|+....... ........ ........ ........| ok p=1
Q52:	|-....... ........ ........ ........| ok p=1
Q53:	|+....... ........ ........ ........| ok p=1
Q54:	|-....... ........ ........ ........| ok p=1
Q55:	|+....... ........ ........ ........| ok p=1
Q56:	|-....... ........ ........ ........| ok p=1
Q57:	|+....... ........ ........ ........| ok p=1
Q58:	|-....... ........ ........ ........| ok p=1
Q59:	|+....... ........ ........ ........| ok p=1
Q60:	|-....... ........ ........ ........| ok p=1
Q61:	|+....... 0....... ........ ........| ok p=1
Q62:	|-....... ........ ........ ........| ok p=1
Q63:	|+....... +....... ........ ........| ok p=1
Q64:	|+....... +....... ........ ........|
Saving 640000 paths...done. (9.53674e-07s)
Autobalance parameters: maxcond=61
Verified: 0 bad out of 743327
Estimating maxcond for upper bound 2560000 (=640000 * 4)...
t=17: 0%   10   20   30   40   50   60   70   80   90   100%
      |----|----|----|----|----|----|----|----|----|----|
e     ***************************************************
Found maxcond = 69
t=17: 0%   10   20   30   40   50   60   70   80   90   100%
      |----|----|----|----|----|----|----|----|----|----|
      ***************************************************
Q14:	|+......- .-...... ......-. ........|
Q15:	|..-....1 ......-. ........ ......-.|
Q16:	|+.+....- ......-. ........ ......0.|
Q17:	|+.1..... ......+. ...0.... ......+.| ok p=0.238281
Q18:	|1.0....^ ......-. ...1.... .0......| ok p=0.27832
Q19:	|-....... ......-. ...+.... .1....^.| ok p=0.875977
Q20:	|-....... ......1. ........ .-......| ok p=1
Q21:	|+....0.. ......0. ...^.... ........| ok p=1
Q22:	|+....1.. ........ ........ .^......| ok p=0.488281
Q23:	|1....+.. ........ ........ ........| ok p=1
Q24:	|0....... ........ .......0 ........| ok p=1
Q25:	|.....^.. ........ .......1 ........| ok p=0.494141
Q26:	|........ ........ .......- ........| ok p=0.993164
Q27:	|........ ........ ........ ........| ok p=1
Q28:	|........ ........ .......^ ........| ok p=1
Q29:	|........ ........ ........ ........| ok p=1
Q30:	|........ ........ ........ ........| ok p=1
Q31:	|........ ........ ........ ........| ok p=1
Q32:	|........ ........ ........ ........| ok p=1
Q33:	|........ ........ ........ ........| ok p=1
Q34:	|........ ........ ........ ........| ok p=1
Q35:	|........ ........ ........ ........| ok p=1
Q36:	|........ ........ ........ ........| ok p=1
Q37:	|........ ........ ........ ........| ok p=1
Q38:	|........ ........ ........ ........| ok p=1
Q39:	|........ ........ ........ ........| ok p=1
Q40:	|........ ........ ........ ........| ok p=1
Q41:	|........ ........ ........ ........| ok p=1
Q42:	|........ ........ ........ ........| ok p=1
Q43:	|........ ........ ........ ........| ok p=1
Q44:	|........ ........ ........ ........| ok p=1
Q45:	|........ ........ ........ ........| ok p=1
Q46:	|0....... ........ ........ ........| ok p=1
Q47:	|1....... ........ ........ ........| ok p=0.514648
Q48:	|-....... ........ ........ ........| ok p=1
Q49:	|-....... ........ ........ ........| ok p=1
Q50:	|+....... ........ ........ ........| ok p=1
Q51:	|-....... ........ ........ ........| ok p=1
Q52:	|+....... ........ ........ ........| ok p=1
Q53:	|-....... ........ ........ ........| ok p=1
Q54:	|+....... ........ ........ ........| ok p=1
Q55:	|-....... ........ ........ ........| ok p=1
Q56:	|+....... ........ ........ ........| ok p=1
Q57:	|-....... ........ ........ ........| ok p=1
Q58:	|+....... ........ ........ ........| ok p=1
Q59:	|-....... ........ ........ ........| ok p=1
Q60:	|+....... ........ ........ ........| ok p=1
Q61:	|-....... 0....... ........ ........| ok p=1
Q62:	|+....... ........ ........ ........| ok p=1
Q63:	|-....... +....... ........ ........| ok p=1
Q64:	|+....... +....... ........ ........|
Saving 640000 paths...done. (1.19209e-06s)
Autobalance parameters: maxcond=67
Verified: 5211 bad out of 1131233
Estimating maxcond for upper bound 2560000 (=640000 * 4)...
t=16: 0%   10   20   30   40   50   60   70   80   90   100%
      |----|----|----|----|----|----|----|----|----|----|
e     ***************************************************
Found maxcond = 74
t=16: 0%   10   20   30   40   50   60   70   80   90   100%
      |----|----|----|----|----|----|----|----|----|----|
      ***************************************************
Q13:	|.+.-.-.+ ....+... ..+..... ........|
Q14:	|.......- .....+.. ........ ....1...|
Q15:	|0.-....1 .....0.. ........ ....+.0.|
Q16:	|..-....- .....-.. ........ ......1.| ok p=0.506836
Q17:	|-.0..... ......0. ...0.... ....^.+.| ok p=0.998047
Q18:	|-.1....^ .....^1. ...1.... .0......| ok p=0.737305
Q19:	|+....... ......+. ...+.... .1....^.| ok p=0.87207
Q20:	|+....... ........ ........ .-......| ok p=1
Q21:	|+....0.. ......^. ...^.... ........| ok p=1
Q22:	|+....1.. ........ ........ .^......| ok p=0.490234
Q23:	|1....+.. ........ ........ ........| ok p=1
Q24:	|0....... ........ .......0 ........| ok p=1
Q25:	|.....^.. ........ .......1 ........| ok p=0.501953
Q26:	|........ ........ .......- ........| ok p=0.985352
Q27:	|........ ........ ........ ........| ok p=1
Q28:	|........ ........ .......^ ........| ok p=1
Q29:	|........ ........ ........ ........| ok p=1
Q30:	|........ ........ ........ ........| ok p=1
Q31:	|........ ........ ........ ........| ok p=1
Q32:	|........ ........ ........ ........| ok p=1
Q33:	|........ ........ ........ ........| ok p=1
Q34:	|........ ........ ........ ........| ok p=1
Q35:	|........ ........ ........ ........| ok p=1
Q36:	|........ ........ ........ ........| ok p=1
Q37:	|........ ........ ........ ........| ok p=1
Q38:	|........ ........ ........ ........| ok p=1
Q39:	|........ ........ ........ ........| ok p=1
Q40:	|........ ........ ........ ........| ok p=1
Q41:	|........ ........ ........ ........| ok p=1
Q42:	|........ ........ ........ ........| ok p=1
Q43:	|........ ........ ........ ........| ok p=1
Q44:	|........ ........ ........ ........| ok p=1
Q45:	|........ ........ ........ ........| ok p=1
Q46:	|0....... ........ ........ ........| ok p=1
Q47:	|1....... ........ ........ ........| ok p=0.515625
Q48:	|-....... ........ ........ ........| ok p=1
Q49:	|-....... ........ ........ ........| ok p=1
Q50:	|+....... ........ ........ ........| ok p=1
Q51:	|-....... ........ ........ ........| ok p=1
Q52:	|+....... ........ ........ ........| ok p=1
Q53:	|-....... ........ ........ ........| ok p=1
Q54:	|+....... ........ ........ ........| ok p=1
Q55:	|-....... ........ ........ ........| ok p=1
Q56:	|+....... ........ ........ ........| ok p=1
Q57:	|-....... ........ ........ ........| ok p=1
Q58:	|+....... ........ ........ ........| ok p=1
Q59:	|-....... ........ ........ ........| ok p=1
Q60:	|+....... ........ ........ ........| ok p=1
Q61:	|-....... 0....... ........ ........| ok p=1
Q62:	|+....... ........ ........ ........| ok p=1
Q63:	|-....... +....... ........ ........| ok p=1
Q64:	|+....... +....... ........ ........|
Saving 640000 paths...done. (4.11973s)
Autobalance parameters: maxcond=73
Verified: 232 bad out of 915766
Runtime: 23.6398
