Warning: no OS randomness!
MD5 differential path toolbox
Copyright (C) 2009 Marc Stevens
http://homepages.cwi.nl/~stevens/

delta_m[11] = [!16!]
Q-3:	|01000110 11101010 01101111 10010110|
Q-2:	|-1010-00 01010001 00000011 011-++++|
Q-1:	|-1110-00 11110011 11111001 010110-+|
Q0:	|+10110-- --++---1 -0001010 1110101-| ok p=0.204102
Q1:	|+-..+0++ 00+1010+ +0...--. .-....--| ok p=0.839844
Q2:	|.0..1.++ 11.1111+ +-0.^0+. .-....-.| ok p=1
Q3:	|01.^0.-+ ..1...-- 1+0.+1+. .01..0-0| ok p=1
Q4:	|..!-..-0 .0....0- 0+-.1.+. .+1..0-.| ok p=1
Q5:	|.!.0...- .0....1. +++.10.. .1-..+..| ok p=1
Q6:	|..01^.1- .+.....1 +.+..10. .00..+0.| ok p=1
Q7:	|!^0++..0 .-.....0 +0+1.-.. ..0.....| ok p=1
Q8:	|!--00..1 .+..!... .1-1.-.. .....0..| ok p=1
Q9:	|^0+11..+ .0...... 0-+-..0. .!......| ok p=1
Q10:	|.1++000- 0-01.0.. 000+.10. 110.00.^| ok p=1
Q11:	|.00+-10- 1-10.1^. 1++110+1 0111110+| ok p=1
Q12:	|^100+-+1 ++-+^+-0 +1-11+-0 +--0++11| ok p=1
Q13:	|----0+-- 0110-011 100++0+- -+1+0+-1| ok p=1
Q14:	|01010111 1011111+ 0.11-111 011-1100| ok p=1
Q15:	|1111-011 -..+1-.- -.00-.01 00-1.+10| ok p=0.818359
Q16:	|..1-..0. -..+.-.+ ..1.+.0. ..-0...+| ok p=0.742188
Q17:	|..1.^.1. 0..1.0.1 ^.+.1.1. ..+..^.0| ok p=0.864258
Q18:	|..+^..+. 0..-.0.1 ....1.+. ..+....0| ok p=0.692383
Q19:	|........ ...-.0.+ ..^.+... .01....-| ok p=1
Q20:	|.0^...^. ...001.. .0....^. .1-..0..| ok p=1
Q21:	|.1....0. ...11+.^ .1..^... .-0..1.^| ok p=0.667969
Q22:	|.-....1. ....+... .+...... ..1..+..| ok p=0.753906
Q23:	|......+. 0...1^.. ....0... .^......| ok p=0.983398
Q24:	|.^.0.... 1...0... .^..1... 0....^..| ok p=0.994141
Q25:	|......^. -....... ....-... 1.......| ok p=0.683594
Q26:	|..0+.... .......0 ........ -.......| ok p=0.985352
Q27:	|..1+.... ^......1 ....^... ........| ok p=0.935547
Q28:	|..+-.... .......+ ........ ^.......| ok p=0.929688
Q29:	|...0.... .......0 ........ ........| ok p=1
Q30:	|..^1.... .......- ........ ........| ok p=1
Q31:	|........ .......- ........ ........| ok p=0.936523
Q32:	|........ ........ ........ ........| ok p=1
Q33:	|........ .......! ........ ........| ok p=1
Q34:	|........ ........ ........ ........| ok p=1
Q35:	|........ ........ ........ ........| ok p=1
Q36:	|........ ........ ........ ........| ok p=1
Q37:	|........ ........ ........ ........| ok p=1
Q38:	|........ ........ ........ ........| ok p=1
Q39:	|........ ........ ........ ........| ok p=1
Q40:	|........ ........ ........ ........| ok p=1
Q41:	|........ ........ ........ ........| ok p=1
Q42:	|........ ........ ........ ........| ok p=1
Q43:	|........ ........ ........ ........| ok p=1
Q44:	|........ ........ ........ ........| ok p=1
Q45:	|........ ........ ........ ........| ok p=1
Q46:	|........ ........ ........ ........| ok p=1
Q47:	|........ ........ ........ ........| ok p=1
Q48:	|........ ........ ........ ........| ok p=1
Q49:	|........ ........ ........ ........| ok p=1
Q50:	|........ ........ ........ ........| ok p=1
Q51:	|........ ........ ........ ........| ok p=1
Q52:	|........ ........ ........ ........| ok p=1
Q53:	|........ ........ ........ ........| ok p=1
Q54:	|........ ........ ........ ........| ok p=1
Q55:	|........ ........ ........ ........| ok p=1
Q56:	|........ ........ ........ ........| ok p=1
Q57:	|........ ........ ........ ........| ok p=1
Q58:	|........ ........ ........ ........| ok p=1
Q59:	|........ ........ ........ ........| ok p=1
Q60:	|.....0.. ........ ........ ........| ok p=1
Q61:	|....10.. ........ ........ ........| ok p=0.975586
Q62:	|....1+.. ........ ........ ........| ok p=1
Q63:	|....+-.. ........ ........ ........| ok p=0.960938
Q64:	|.....+.. .......- -....... ........|
Starting...
20: Q5m5tunnel      = 3
20: Q4m5tunnel      = 1
20: Q14m6Q3m5tunnel = 0
21: Q10m10tunnel    = 2
21: Q9m10tunnel     = 1
22: Q8Q12m15tunnel  = 0
23: Q4m4tunnel      = 14
24: Q9m9tunnel      = 12
25: Q14Q3m14tunnel  = 0
.20: Q5m5tunnel      = 4
20: Q4m5tunnel      = 1
20: Q14m6Q3m5tunnel = 0
21: Q10m10tunnel    = 2
21: Q9m10tunnel     = 1
22: Q8Q12m15tunnel  = 0
23: Q4m4tunnel      = 13
24: Q9m9tunnel      = 12
25: Q14Q3m14tunnel  = 0
.20: Q5m5tunnel      = 3
20: Q4m5tunnel      = 1
20: Q14m6Q3m5tunnel = 0
21: Q10m10tunnel    = 2
21: Q9m10tunnel     = 1
22: Q8Q12m15tunnel  = 0
23: Q4m4tunnel      = 14
24: Q9m9tunnel      = 12
25: Q14Q3m14tunnel  = 0
.20: Q5m5tunnel      = 4
20: Q4m5tunnel      = 1
20: Q14m6Q3m5tunnel = 0
21: Q10m10tunnel    = 2
21: Q9m10tunnel     = 1
22: Q8Q12m15tunnel  = 0
23: Q4m4tunnel      = 13
24: Q9m9tunnel      = 12
25: Q14Q3m14tunnel  = 0
.20: Q5m5tunnel      = 3
20: Q4m5tunnel      = 1
20: Q14m6Q3m5tunnel = 0
21: Q10m10tunnel    = 2
21: Q9m10tunnel     = 1
22: Q8Q12m15tunnel  = 0
23: Q4m4tunnel      = 14
24: Q9m9tunnel      = 12
25: Q14Q3m14tunnel  = 0
.20: Q5m5tunnel      = 3
20: Q4m5tunnel      = 1
20: Q14m6Q3m5tunnel = 0
21: Q10m10tunnel    = 2
21: Q9m10tunnel     = 1
22: Q8Q12m15tunnel  = 0
23: Q4m4tunnel      = 14
24: Q9m9tunnel      = 12
25: Q14Q3m14tunnel  = 0
.1 0
2 0
4 0
8 0
16 0
32 0
64 0
128 0
256 0
Warning: no OS randomness!
MD5 differential path toolbox
Copyright (C) 2009 Marc Stevens
http://homepages.cwi.nl/~stevens/

delta_m[11] = [!16!]
Q-3:	|01000110 11101010 01101111 10010110|
Q-2:	|-1010-00 01010001 00000011 011-++++|
Q-1:	|-1110-00 11110011 11111001 010110-+|
Q0:	|+10110-- --++---1 -0001010 1110101-| ok p=0.203125
Q1:	|+-..+0++ 00+1010+ +0...--. .-....--| ok p=0.803711
Q2:	|.0..1.++ 11.1111+ +-0.^0+. .-....-.| ok p=1
Q3:	|01.^0.-+ ..1...-- 1+0.+1+. .01..0-0| ok p=1
Q4:	|..!-..-0 .0....0- 0+-.1.+. .+1..0-.| ok p=1
Q5:	|.!.0...- .0....1. +++.10.. .1-..+..| ok p=1
Q6:	|..01^.1- .+.....1 +.+..10. .00..+0.| ok p=1
Q7:	|!^0++..0 .-.....0 +0+1.-.. ..0.....| ok p=1
Q8:	|!--00..1 .+..!... .1-1.-.. .....0..| ok p=1
Q9:	|^0+11..+ .0...... 0-+-..0. .!......| ok p=1
Q10:	|.1++000- 0-01.0.. 000+.10. 110.00.^| ok p=1
Q11:	|.00+-10- 1-10.1^. 1++110+1 0111110+| ok p=1
Q12:	|^100+-+1 ++-+^+-0 +1-11+-0 +--0++11| ok p=1
Q13:	|----0+-- 0110-011 100++0+- -+1+0+-1| ok p=1
Q14:	|01010111 1011111+ 0.11-111 011-1100| ok p=1
Q15:	|1111-011 -..+1-.- -.00-.01 00-1.+10| ok p=0.823242
Q16:	|..1-..0. -..+.-.+ ..1.+.0. ..-0...+| ok p=0.743164
Q17:	|..1.^.1. 0..1.0.1 ^.+.1.1. ..+..^.0| ok p=0.847656
Q18:	|..+^..+. 0..-.0.1 ....1.+. ..+....0| ok p=0.701172
Q19:	|........ ...-.0.+ ..^.+... .01....-| ok p=1
Q20:	|.0^...^. ...001.. .0....^. .1-..0..| ok p=1
Q21:	|.1....0. ...11+.^ .1..^... .-0..1.^| ok p=0.669922
Q22:	|.-....1. ....+... .+...... ..1..+..| ok p=0.756836
Q23:	|......+. 0...1^.. ....0... .^......| ok p=0.980469
Q24:	|.^.0.... 1...0... .^..1... 0....^..| ok p=0.998047
Q25:	|......^. -....... ....-... 1.......| ok p=0.681641
Q26:	|..0+.... .......0 ........ -.......| ok p=0.980469
Q27:	|..1+.... ^......1 ....^... ........| ok p=0.947266
Q28:	|..+-.... .......+ ........ ^.......| ok p=0.932617
Q29:	|...0.... .......0 ........ ........| ok p=1
Q30:	|..^1.... .......- ........ ........| ok p=1
Q31:	|........ .......- ........ ........| ok p=0.933594
Q32:	|........ ........ ........ ........| ok p=1
Q33:	|........ .......! ........ ........| ok p=1
Q34:	|........ ........ ........ ........| ok p=1
Q35:	|........ ........ ........ ........| ok p=1
Q36:	|........ ........ ........ ........| ok p=1
Q37:	|........ ........ ........ ........| ok p=1
Q38:	|........ ........ ........ ........| ok p=1
Q39:	|........ ........ ........ ........| ok p=1
Q40:	|........ ........ ........ ........| ok p=1
Q41:	|........ ........ ........ ........| ok p=1
Q42:	|........ ........ ........ ........| ok p=1
Q43:	|........ ........ ........ ........| ok p=1
Q44:	|........ ........ ........ ........| ok p=1
Q45:	|........ ........ ........ ........| ok p=1
Q46:	|........ ........ ........ ........| ok p=1
Q47:	|........ ........ ........ ........| ok p=1
Q48:	|........ ........ ........ ........| ok p=1
Q49:	|........ ........ ........ ........| ok p=1
Q50:	|........ ........ ........ ........| ok p=1
Q51:	|........ ........ ........ ........| ok p=1
Q52:	|........ ........ ........ ........| ok p=1
Q53:	|........ ........ ........ ........| ok p=1
Q54:	|........ ........ ........ ........| ok p=1
Q55:	|........ ........ ........ ........| ok p=1
Q56:	|........ ........ ........ ........| ok p=1
Q57:	|........ ........ ........ ........| ok p=1
Q58:	|........ ........ ........ ........| ok p=1
Q59:	|........ ........ ........ ........| ok p=1
Q60:	|.....0.. ........ ........ ........| ok p=1
Q61:	|....10.. ........ ........ ........| ok p=0.966797
Q62:	|....1+.. ........ ........ ........| ok p=1
Q63:	|....+-.. ........ ........ ........| ok p=0.957031
Q64:	|.....+.. .......- -....... ........|
Starting...
20: Q5m5tunnel      = 5
20: Q4m5tunnel      = 1
20: Q14m6Q3m5tunnel = 0
21: Q10m10tunnel    = 2
21: Q9m10tunnel     = 1
22: Q8Q12m15tunnel  = 0
23: Q4m4tunnel      = 12
24: Q9m9tunnel      = 12
25: Q14Q3m14tunnel  = 0
.20: Q5m5tunnel      = 4
20: Q4m5tunnel      = 1
20: Q14m6Q3m5tunnel = 0
21: Q10m10tunnel    = 2
21: Q9m10tunnel     = 1
22: Q8Q12m15tunnel  = 0
23: Q4m4tunnel      = 13
24: Q9m9tunnel      = 12
25: Q14Q3m14tunnel  = 0
.20: Q5m5tunnel      = 4
20: Q4m5tunnel      = 1
20: Q14m6Q3m5tunnel = 0
21: Q10m10tunnel    = 2
21: Q9m10tunnel     = 1
22: Q8Q12m15tunnel  = 0
23: Q4m4tunnel      = 13
24: Q9m9tunnel      = 12
25: Q14Q3m14tunnel  = 0
.20: Q5m5tunnel      = 3
20: Q4m5tunnel      = 1
20: Q14m6Q3m5tunnel = 0
21: Q10m10tunnel    = 2
21: Q9m10tunnel     = 2
22: Q8Q12m15tunnel  = 0
23: Q4m4tunnel      = 14
24: Q9m9tunnel      = 11
25: Q14Q3m14tunnel  = 0
20: Q5m5tunnel      = 4
20: Q4m5tunnel      = 1
20: Q14m6Q3m5tunnel = 0
21: Q10m10tunnel    = 2
21: Q9m10tunnel     = 3
22: Q8Q12m15tunnel  = 0
23: Q4m4tunnel      = 13
24: Q9m9tunnel      = 10
25: Q14Q3m14tunnel  = 0
..20: Q5m5tunnel      = 4
20: Q4m5tunnel      = 1
20: Q14m6Q3m5tunnel = 0
21: Q10m10tunnel    = 2
21: Q9m10tunnel     = 3
22: Q8Q12m15tunnel  = 0
23: Q4m4tunnel      = 13
24: Q9m9tunnel      = 10
25: Q14Q3m14tunnel  = 0
.1 0
2 0
4 0
8 0
16 0
32 0
64 0
128 0
256 0
512 0
1024 0
2048 0
4096 0
8192 0
11401 1
16384 1
18079 2
32768 2
65536 2
131072 2
262144 2
405700 4
524288 4
Warning: no OS randomness!
MD5 differential path toolbox
Copyright (C) 2009 Marc Stevens
http://homepages.cwi.nl/~stevens/

delta_m[11] = [!16!]
Q-3:	|01000110 11101010 01101111 10010110|
Q-2:	|-1010-00 01010001 00000011 011-++++|
Q-1:	|-1110-00 11110011 11111001 010110-+|
Q0:	|+10110-- --++---1 -0001010 1110101-| ok p=0.172852
Q1:	|+-..+0++ 00+1010+ +0...--. .-....--| ok p=0.818359
Q2:	|.0..1.++ 11.1111+ +-0.^0+. .-....-.| ok p=1
Q3:	|01.^0.-+ ..1...-- 1+0.+1+. .01..0-0| ok p=1
Q4:	|..!-..-0 .0....0- 0+-.1.+. .+1..0-.| ok p=1
Q5:	|!..00..- .0....1. +++.10.. .1-..+..| ok p=1
Q6:	|.0.10.1- .+.....1 +0+..10. .00..+0.| ok p=1
Q7:	|!0.++..1 .-.....0 +0+0.-.. ..1.1...| ok p=1
Q8:	|!-.--..1 .+.!.... .-+0.-.. ....10..| ok p=1
Q9:	|^+.--..+ 00.0.... 0-.+.... ..!.+..0| ok p=0.99707
Q10:	|0+!0-.1+ 0-000... .11+.0.. 11.0-1.1| ok p=1
Q11:	|10.1+^01 ++1+0..0 .11+1... 0101-11+| ok p=1
Q12:	|01^+0--0 -----.^0 ^++11^^^ +-1-+-01| ok p=1
Q13:	|-++++11+ 0-+++.+- ----++-- 1-+-0-+1| ok p=1
Q14:	|10101110 0.010^1+ 0100-100 1.-+1000| ok p=1
Q15:	|1111-..0 -10+0-1- -000-011 .0-0.+10| ok p=0.803711
Q16:	|..1-..0. -..+.-.+ ..1.+.0. ..-1...+| ok p=0.754883
Q17:	|..1.^.1. 0..1.0.1 ^.+.1.1. ..+..^.0| ok p=0.876953
Q18:	|..+^..+. 0..-.0.1 ....1.+. ..+....0| ok p=0.731445
Q19:	|........ ...-.0.+ ..^.+... .01....-| ok p=0.99707
Q20:	|.0^...^. ...001.. .0....^. .1-..0..| ok p=1
Q21:	|.1....0. ...11+.^ .1..^... .-0..1.^| ok p=0.632812
Q22:	|.-....1. ....+... .+...... ..1..+..| ok p=0.743164
Q23:	|......+. 0...1^.. ....0... .^......| ok p=0.987305
Q24:	|.^.0.... 1...0... .^..1... 0....^..| ok p=0.994141
Q25:	|......^. -....... ....-... 1.......| ok p=0.678711
Q26:	|..0+.... .......0 ........ -.......| ok p=0.984375
Q27:	|..1+.... ^......1 ....^... ........| ok p=0.921875
Q28:	|..+-.... .......+ ........ ^.......| ok p=0.951172
Q29:	|...0.... .......0 ........ ........| ok p=1
Q30:	|..^1.... .......- ........ ........| ok p=1
Q31:	|........ .......- ........ ........| ok p=0.951172
Q32:	|........ ........ ........ ........| ok p=1
Q33:	|........ .......! ........ ........| ok p=1
Q34:	|........ ........ ........ ........| ok p=1
Q35:	|........ ........ ........ ........| ok p=1
Q36:	|........ ........ ........ ........| ok p=1
Q37:	|........ ........ ........ ........| ok p=1
Q38:	|........ ........ ........ ........| ok p=1
Q39:	|........ ........ ........ ........| ok p=1
Q40:	|........ ........ ........ ........| ok p=1
Q41:	|........ ........ ........ ........| ok p=1
Q42:	|........ ........ ........ ........| ok p=1
Q43:	|........ ........ ........ ........| ok p=1
Q44:	|........ ........ ........ ........| ok p=1
Q45:	|........ ........ ........ ........| ok p=1
Q46:	|........ ........ ........ ........| ok p=1
Q47:	|........ ........ ........ ........| ok p=1
Q48:	|........ ........ ........ ........| ok p=1
Q49:	|........ ........ ........ ........| ok p=1
Q50:	|........ ........ ........ ........| ok p=1
Q51:	|........ ........ ........ ........| ok p=1
Q52:	|........ ........ ........ ........| ok p=1
Q53:	|........ ........ ........ ........| ok p=1
Q54:	|........ ........ ........ ........| ok p=1
Q55:	|........ ........ ........ ........| ok p=1
Q56:	|........ ........ ........ ........| ok p=1
Q57:	|........ ........ ........ ........| ok p=1
Q58:	|........ ........ ........ ........| ok p=1
Q59:	|........ ........ ........ ........| ok p=1
Q60:	|.....0.. ........ ........ ........| ok p=1
Q61:	|....10.. ........ ........ ........| ok p=0.969727
Q62:	|....1+.. ........ ........ ........| ok p=1
Q63:	|....+-.. ........ ........ ........| ok p=0.959961
Q64:	|.....+.. .......- -....... ........|
Starting...
20: Q5m5tunnel      = 4
20: Q4m5tunnel      = 0
20: Q14m6Q3m5tunnel = 1
21: Q10m10tunnel    = 3
21: Q9m10tunnel     = 4
22: Q8Q12m15tunnel  = 0
23: Q4m4tunnel      = 13
24: Q9m9tunnel      = 9
25: Q14Q3m14tunnel  = 0
.20: Q5m5tunnel      = 3
20: Q4m5tunnel      = 0
20: Q14m6Q3m5tunnel = 1
21: Q10m10tunnel    = 3
21: Q9m10tunnel     = 4
22: Q8Q12m15tunnel  = 0
23: Q4m4tunnel      = 14
24: Q9m9tunnel      = 9
25: Q14Q3m14tunnel  = 0
.20: Q5m5tunnel      = 4
20: Q4m5tunnel      = 0
20: Q14m6Q3m5tunnel = 1
21: Q10m10tunnel    = 3
21: Q9m10tunnel     = 4
22: Q8Q12m15tunnel  = 0
23: Q4m4tunnel      = 13
24: Q9m9tunnel      = 9
25: Q14Q3m14tunnel  = 0
.20: Q5m5tunnel      = 3
20: Q4m5tunnel      = 0
20: Q14m6Q3m5tunnel = 1
21: Q10m10tunnel    = 3
21: Q9m10tunnel     = 4
22: Q8Q12m15tunnel  = 0
23: Q4m4tunnel      = 14
24: Q9m9tunnel      = 9
25: Q14Q3m14tunnel  = 0
.1 0
2 0
4 0
8 0
16 0
32 0
64 0
128 0
256 0
512 0
1024 0
2048 0
20: Q5m5tunnel      = 4
20: Q4m5tunnel      = 0
20: Q14m6Q3m5tunnel = 1
21: Q10m10tunnel    = 3
21: Q9m10tunnel     = 4
22: Q8Q12m15tunnel  = 0
23: Q4m4tunnel      = 13
24: Q9m9tunnel      = 9
25: Q14Q3m14tunnel  = 0
.4096 0
20: Q5m5tunnel      = 4
20: Q4m5tunnel      = 0
20: Q14m6Q3m5tunnel = 1
21: Q10m10tunnel    = 3
21: Q9m10tunnel     = 4
22: Q8Q12m15tunnel  = 0
23: Q4m4tunnel      = 13
24: Q9m9tunnel      = 9
25: Q14Q3m14tunnel  = 0
.8192 0
15287 1
16384 1
32768 1
45151 2
65536 2
126401 4
131072 4
262144 7
315985 8
524288 11
861550 16
Warning: no OS randomness!
MD5 differential path toolbox
Copyright (C) 2009 Marc Stevens
http://homepages.cwi.nl/~stevens/

delta_m[11] = [!16!]
Q-3:	|01000110 11101010 01101111 10010110|
Q-2:	|-1010-00 01010001 00000011 011-++++|
Q-1:	|-1110-00 11110011 11111001 010110-+|
Q0:	|+10110-- --++---1 -0001010 1110101-| ok p=0.180664
Q1:	|+-..+0++ 00+1010+ +0...--. .-....--| ok p=0.805664
Q2:	|.0..1.++ 11.1111+ +-0.^0+. .-....-.| ok p=1
Q3:	|01.^0.-+ ..1...-- 1+0.+1+. .01..0-0| ok p=1
Q4:	|..!-..-0 .0....0- 0+-.1.+. .+1..0-.| ok p=1
Q5:	|!..00..- .0....1. +++.10.. .1-..+..| ok p=1
Q6:	|.0.10.1- .+.....1 +0+..10. .00..+0.| ok p=1
Q7:	|!0.++..1 .-.....0 +0+0.-.. ..1.1...| ok p=1
Q8:	|!-.--..1 .+.!.... .-+0.-.. ....10..| ok p=1
Q9:	|^+.--..+ 00.0.... 0-.+.... ..!.+..0| ok p=0.99707
Q10:	|0+!0-.1+ 0-000... .11+.0.. 11.0-1.1| ok p=1
Q11:	|10.1+^01 ++1+0..0 .11+1... 0101-11+| ok p=1
Q12:	|01^+0--0 -----.^0 ^++11^^^ +-1-+-01| ok p=1
Q13:	|-++++11+ 0-+++.+- ----++-- 1-+-0-+1| ok p=1
Q14:	|10101110 0.010^1+ 0100-100 1.-+1000| ok p=1
Q15:	|1111-..0 -10+0-1- -000-011 .0-0.+10| ok p=0.831055
Q16:	|..1-..0. -..+.-.+ ..1.+.0. ..-1...+| ok p=0.740234
Q17:	|..1.^.1. 0..1.0.1 ^.+.1.1. ..+..^.0| ok p=0.875
Q18:	|..+^..+. 0..-.0.1 ....1.+. ..+....0| ok p=0.735352
Q19:	|........ ...-.0.+ ..^.+... .01....-| ok p=0.999023
Q20:	|.0^...^. ...001.. .0....^. .1-..0..| ok p=1
Q21:	|.1....0. ...11+.^ .1..^... .-0..1.^| ok p=0.631836
Q22:	|.-....1. ....+... .+...... ..1..+..| ok p=0.749023
Q23:	|......+. 0...1^.. ....0... .^......| ok p=0.990234
Q24:	|.^.0.... 1...0... .^..1... 0....^..| ok p=0.996094
Q25:	|......^. -....... ....-... 1.......| ok p=0.700195
Q26:	|..0+.... .......0 ........ -.......| ok p=0.988281
Q27:	|..1+.... ^......1 ....^... ........| ok p=0.926758
Q28:	|..+-.... .......+ ........ ^.......| ok p=0.935547
Q29:	|...0.... .......0 ........ ........| ok p=1
Q30:	|..^1.... .......- ........ ........| ok p=1
Q31:	|........ .......- ........ ........| ok p=0.933594
Q32:	|........ ........ ........ ........| ok p=1
Q33:	|........ .......! ........ ........| ok p=1
Q34:	|........ ........ ........ ........| ok p=1
Q35:	|........ ........ ........ ........| ok p=1
Q36:	|........ ........ ........ ........| ok p=1
Q37:	|........ ........ ........ ........| ok p=1
Q38:	|........ ........ ........ ........| ok p=1
Q39:	|........ ........ ........ ........| ok p=1
Q40:	|........ ........ ........ ........| ok p=1
Q41:	|........ ........ ........ ........| ok p=1
Q42:	|........ ........ ........ ........| ok p=1
Q43:	|........ ........ ........ ........| ok p=1
Q44:	|........ ........ ........ ........| ok p=1
Q45:	|........ ........ ........ ........| ok p=1
Q46:	|........ ........ ........ ........| ok p=1
Q47:	|........ ........ ........ ........| ok p=1
Q48:	|........ ........ ........ ........| ok p=1
Q49:	|........ ........ ........ ........| ok p=1
Q50:	|........ ........ ........ ........| ok p=1
Q51:	|........ ........ ........ ........| ok p=1
Q52:	|........ ........ ........ ........| ok p=1
Q53:	|........ ........ ........ ........| ok p=1
Q54:	|........ ........ ........ ........| ok p=1
Q55:	|........ ........ ........ ........| ok p=1
Q56:	|........ ........ ........ ........| ok p=1
Q57:	|........ ........ ........ ........| ok p=1
Q58:	|........ ........ ........ ........| ok p=1
Q59:	|........ ........ ........ ........| ok p=1
Q60:	|.....0.. ........ ........ ........| ok p=1
Q61:	|....10.. ........ ........ ........| ok p=0.966797
Q62:	|....1+.. ........ ........ ........| ok p=1
Q63:	|....+-.. ........ ........ ........| ok p=0.939453
Q64:	|.....+.. .......- -....... ........|
Starting...
20: Q5m5tunnel      = 3
20: Q4m5tunnel      = 1
20: Q14m6Q3m5tunnel = 1
21: Q10m10tunnel    = 1
21: Q9m10tunnel     = 1
22: Q8Q12m15tunnel  = 1
23: Q4m4tunnel      = 14
24: Q9m9tunnel      = 12
25: Q14Q3m14tunnel  = 0
20: Q5m5tunnel      = 3
20: Q4m5tunnel      = 0
20: Q14m6Q3m5tunnel = 1
21: Q10m10tunnel    = 3
21: Q9m10tunnel     = 4
22: Q8Q12m15tunnel  = 0
23: Q4m4tunnel      = 14
24: Q9m9tunnel      = 9
25: Q14Q3m14tunnel  = 0
.20: Q5m5tunnel      = 3
20: Q4m5tunnel      = 1
20: Q14m6Q3m5tunnel = 1
21: Q10m10tunnel    = 1
21: Q9m10tunnel     = 2
22: Q8Q12m15tunnel  = 1
23: Q4m4tunnel      = 14
24: Q9m9tunnel      = 11
25: Q14Q3m14tunnel  = 0
..20: Q5m5tunnel      = 4
20: Q4m5tunnel      = 0
20: Q14m6Q3m5tunnel = 1
21: Q10m10tunnel    = 3
21: Q9m10tunnel     = 4
22: Q8Q12m15tunnel  = 0
23: Q4m4tunnel      = 13
24: Q9m9tunnel      = 9
25: Q14Q3m14tunnel  = 0
.20: Q5m5tunnel      = 3
20: Q4m5tunnel      = 0
20: Q14m6Q3m5tunnel = 1
21: Q10m10tunnel    = 3
21: Q9m10tunnel     = 4
22: Q8Q12m15tunnel  = 0
23: Q4m4tunnel      = 14
24: Q9m9tunnel      = 9
25: Q14Q3m14tunnel  = 0
.20: Q5m5tunnel      = 4
20: Q4m5tunnel      = 1
20: Q14m6Q3m5tunnel = 1
21: Q10m10tunnel    = 2
21: Q9m10tunnel     = 3
22: Q8Q12m15tunnel  = 1
23: Q4m4tunnel      = 13
24: Q9m9tunnel      = 9
25: Q14Q3m14tunnel  = 0
.1 0
2 0
4 0
8 0
16 0
32 0
64 0
128 0
256 0
512 0
1024 0
2048 0
4096 0
8192 0
16384 0
32768 0
65536 0
131072 0
167810 1
182573 2
262144 3
304160 4
Warning: no OS randomness!
MD5 differential path toolbox
Copyright (C) 2009 Marc Stevens
http://homepages.cwi.nl/~stevens/

delta_m[11] = [!16!]
Q-3:	|01000110 11101010 01101111 10010110|
Q-2:	|-1010-00 01010001 00000011 011-++++|
Q-1:	|-1110-00 11110011 11111001 010110-+|
Q0:	|+10110-- --++---1 -0001010 1110101-| ok p=0.177734
Q1:	|+-..+0++ 00+1010+ +0...--. .-....--| ok p=0.824219
Q2:	|.0..1.++ 11.1111+ +-0.^0+. .-....-.| ok p=1
Q3:	|01.^0.-+ ..1...-- 1+0.+1+. .01..0-0| ok p=1
Q4:	|.0.-..-0 .0....0- 0+-.1.+. .+1..0-.| ok p=1
Q5:	|..!0...- .0....1. +++.10.. .1-..+..| ok p=1
Q6:	|.011^.1- .+.....1 +.+..10. .00..+0.| ok p=1
Q7:	|!01++..0 .-...... +0+1!-.. ..0.....| ok p=1
Q8:	|!--000.1 .+!..... ..-1.-.. .....0..| ok p=1
Q9:	|^+-110.+ .0...... 0.--.10. .......1| ok p=1
Q10:	|.+0-0+1- .-10.0.. 001+.000 0000.0.1| ok p=1
Q11:	|.1111+1- ^-00.111 11-00+-1 1111.1.+| ok p=1
Q12:	|^011+--1 ++-+^+00 +++001++ ---+1-.-| ok p=1
Q13:	|-+++0++- 0000--++ 101-+1+- -++000.+| ok p=1
Q14:	|010+1011 1011001+ 0100-..1 .0-1-0.+| ok p=1
Q15:	|111+.+10 +..+0-00 -.01-.00 10-.+..1| ok p=0.889648
Q16:	|..0-..1. -..+...1 ..1.+.0. ..1.1..+| ok p=1
Q17:	|..10.^1. 1..1.^.- ^.+.1.1. ..+.0..0| ok p=0.868164
Q18:	|..+0..+. 0..-...- ....1.+. ..+....0| ok p=0.711914
Q19:	|........ ...-.0.+ ..^.+... .0-....-| ok p=1
Q20:	|.0^...^. ...001.0 .0....^. .1-..0..| ok p=1
Q21:	|.1....0. ...11+.1 .1..^... .-0..1.^| ok p=0.62793
Q22:	|.-....1. ....+... .+...... ..0..+..| ok p=0.761719
Q23:	|......+. 0...1^.. ....0... .^......| ok p=0.985352
Q24:	|.^.0.... 1...0... .^..1... 0....^..| ok p=0.994141
Q25:	|......^. -....... ....-... 1.......| ok p=0.709961
Q26:	|..0+.... .......0 ........ -.......| ok p=0.982422
Q27:	|..1+.... ^......1 ....^... ........| ok p=0.939453
Q28:	|..+-.... .......+ ........ ^.......| ok p=0.924805
Q29:	|...0.... .......0 ........ ........| ok p=1
Q30:	|..^1.... .......- ........ ........| ok p=1
Q31:	|........ .......- ........ ........| ok p=0.9375
Q32:	|........ ........ ........ ........| ok p=1
Q33:	|........ .......! ........ ........| ok p=1
Q34:	|........ ........ ........ ........| ok p=1
Q35:	|........ ........ ........ ........| ok p=1
Q36:	|........ ........ ........ ........| ok p=1
Q37:	|........ ........ ........ ........| ok p=1
Q38:	|........ ........ ........ ........| ok p=1
Q39:	|........ ........ ........ ........| ok p=1
Q40:	|........ ........ ........ ........| ok p=1
Q41:	|........ ........ ........ ........| ok p=1
Q42:	|........ ........ ........ ........| ok p=1
Q43:	|........ ........ ........ ........| ok p=1
Q44:	|........ ........ ........ ........| ok p=1
Q45:	|........ ........ ........ ........| ok p=1
Q46:	|........ ........ ........ ........| ok p=1
Q47:	|........ ........ ........ ........| ok p=1
Q48:	|........ ........ ........ ........| ok p=1
Q49:	|........ ........ ........ ........| ok p=1
Q50:	|........ ........ ........ ........| ok p=1
Q51:	|........ ........ ........ ........| ok p=1
Q52:	|........ ........ ........ ........| ok p=1
Q53:	|........ ........ ........ ........| ok p=1
Q54:	|........ ........ ........ ........| ok p=1
Q55:	|........ ........ ........ ........| ok p=1
Q56:	|........ ........ ........ ........| ok p=1
Q57:	|........ ........ ........ ........| ok p=1
Q58:	|........ ........ ........ ........| ok p=1
Q59:	|........ ........ ........ ........| ok p=1
Q60:	|.....0.. ........ ........ ........| ok p=1
Q61:	|....10.. ........ ........ ........| ok p=0.97168
Q62:	|....1+.. ........ ........ ........| ok p=1
Q63:	|....+-.. ........ ........ ........| ok p=0.955078
Q64:	|.....+.. .......- -....... ........|
Starting...
20: Q5m5tunnel      = 3
20: Q4m5tunnel      = 0
20: Q14m6Q3m5tunnel = 1
21: Q10m10tunnel    = 3
21: Q9m10tunnel     = 4
22: Q8Q12m15tunnel  = 0
23: Q4m4tunnel      = 14
24: Q9m9tunnel      = 9
25: Q14Q3m14tunnel  = 0
.20: Q5m5tunnel      = 3
20: Q4m5tunnel      = 1
20: Q14m6Q3m5tunnel = 1
21: Q10m10tunnel    = 1
21: Q9m10tunnel     = 2
22: Q8Q12m15tunnel  = 1
23: Q4m4tunnel      = 14
24: Q9m9tunnel      = 13
25: Q14Q3m14tunnel  = 0
.20: Q5m5tunnel      = 3
20: Q4m5tunnel      = 0
20: Q14m6Q3m5tunnel = 1
21: Q10m10tunnel    = 3
21: Q9m10tunnel     = 3
22: Q8Q12m15tunnel  = 0
23: Q4m4tunnel      = 14
24: Q9m9tunnel      = 10
25: Q14Q3m14tunnel  = 0
.20: Q5m5tunnel      = 3
20: Q4m5tunnel      = 0
20: Q14m6Q3m5tunnel = 1
21: Q10m10tunnel    = 3
21: Q9m10tunnel     = 4
22: Q8Q12m15tunnel  = 0
23: Q4m4tunnel      = 14
24: Q9m9tunnel      = 9
25: Q14Q3m14tunnel  = 0
.20: Q5m5tunnel      = 3
20: Q4m5tunnel      = 1
20: Q14m6Q3m5tunnel = 1
21: Q10m10tunnel    = 1
21: Q9m10tunnel     = 2
22: Q8Q12m15tunnel  = 1
23: Q4m4tunnel      = 14
24: Q9m9tunnel      = 13
25: Q14Q3m14tunnel  = 0
20: Q5m5tunnel      = 4
20: Q4m5tunnel      = 1
20: Q14m6Q3m5tunnel = 1
21: Q10m10tunnel    = 1
21: Q9m10tunnel     = 1
22: Q8Q12m15tunnel  = 1
23: Q4m4tunnel      = 13
24: Q9m9tunnel      = 14
25: Q14Q3m14tunnel  = 0
..1 0
2 0
4 0
8 0
16 0
32 0
64 0
128 0
256 0
512 0
1024 0
2048 0
4096 0
8192 0
16384 0
32768 0
52660 1
65536 1
131072 1
262144 1
395228 2
458777 4
524288 5
811703 8
1048576 10
Block 1: workdir5/coll1_679392468
c0 eb 9f 0e e2 25 8f ed ac 95 fd 39 ec 71 bc 58 
3e 3f 89 02 86 9f b9 94 31 3d 76 17 1b 5b fe cf 
aa 87 75 d6 8b fe 93 d3 42 82 64 4a fb b4 3f 62 
34 53 93 4c bd c9 47 8e e6 a1 6b ef 94 5d 4b c5 
Block 2: workdir5/coll2_679392468
c0 eb 9f 0e e2 25 8f ed ac 95 fd 39 ec 71 bc 58 
3e 3f 89 02 86 9f b9 94 31 3d 76 17 1b 5b fe cf 
aa 87 75 d6 8b fe 93 d3 42 82 64 4a fb b4 40 62 
34 53 93 4c bd c9 47 8e e6 a1 6b ef 94 5d 4b c5 
Found collision!
