Warning: no OS randomness!
MD5 differential path toolbox
Copyright (C) 2009 Marc Stevens
http://homepages.cwi.nl/~stevens/

Loading workdir5/latest_bestpaths.bin.gz...done (loaded 2 paths).
Loading workdir5/upperpath.bin.gz...done (loaded 1 paths).
Using this partial path to overwrite all paths in workdir5/latest_bestpaths.bin.gz:
Q34:	|........ ........ ........ ........|
Q35:	|........ ........ ........ ........|
Q36:	|........ ........ ........ ........|
Q37:	|........ ........ ........ ........| ok p=1
Q38:	|........ ........ ........ ........| ok p=1
Q39:	|........ ........ ........ ........| ok p=1
Q40:	|........ ........ ........ ........| ok p=1
Q41:	|........ ........ ........ ........| ok p=1
Q42:	|........ ........ ........ ........| ok p=1
Q43:	|........ ........ ........ ........| ok p=1
Q44:	|........ ........ ........ ........| ok p=1
Q45:	|........ ........ ........ ........| ok p=1
Q46:	|........ ........ ........ ........| ok p=1
Q47:	|........ ........ ........ ........| ok p=1
Q48:	|........ ........ ........ ........| ok p=1
Q49:	|........ ........ ........ ........| ok p=1
Q50:	|........ ........ ........ ........| ok p=1
Q51:	|........ ........ ........ ........| ok p=1
Q52:	|........ ........ ........ ........| ok p=1
Q53:	|........ ........ ........ ........| ok p=1
Q54:	|........ ........ ........ ........| ok p=1
Q55:	|........ ........ ........ ........| ok p=1
Q56:	|........ ........ ........ ........| ok p=1
Q57:	|........ ........ ........ ........| ok p=1
Q58:	|........ ........ ........ ........| ok p=1
Q59:	|........ ........ ........ ........| ok p=1
Q60:	|.....0.. ........ ........ ........| ok p=1
Q61:	|....10.. ........ ........ ........| ok p=0.962891
Q62:	|....1+.. ........ ........ ........| ok p=1
Q63:	|....+-.. ........ ........ ........| ok p=0.950195
Q64:	|.....+.. .......- -....... ........|
Saving 2 paths to workdir5/collfindpaths.bin.gz...done.
Q-3:	|01000110 11101010 01101111 10010110|
Q-2:	|-1010-00 01010001 00000011 011-++++|
Q-1:	|-1110-00 11110011 11111001 010110-+|
Q0:	|+10110-- --++---1 -0001010 1110101-| ok p=0.178711
Q1:	|+-..+0++ 00+1010+ +0...--. .-....--| ok p=0.816406
Q2:	|.0..1.++ 11.1111+ +-0.^0+. .-....-.| ok p=1
Q3:	|01.^0.-+ ..1...-- 1+0.+1+. .01..0-0| ok p=1
Q4:	|..!-..-0 .0....0- 0+-.1.+. .+1..0-.| ok p=1
Q5:	|.!.0...- .0....1. +++.10.. .1-..+..| ok p=1
Q6:	|..01^.1- .+.....1 +.+..10. .00..+0.| ok p=1
Q7:	|!^0++..0 .-.....0 +0+1.-.. ..0.....| ok p=1
Q8:	|!--00..1 .+..!... .1-1.-.. .....0..| ok p=1
Q9:	|^0+11..+ .0...... 0-+-..0. .!......| ok p=1
Q10:	|.1++000- 0-01.0.. 000+.10. 110.00.^| ok p=1
Q11:	|.00+-10- 1-10.1^. 1++110+1 0111110+| ok p=1
Q12:	|^100+-+1 ++-+^+-0 +1-11+-0 +--0++11| ok p=1
Q13:	|----0+-- 0110-011 100++0+- -+1+0+-1| ok p=1
Q14:	|01010111 1011111+ 0.11-111 011-1100| ok p=1
Q15:	|1111-011 -..+1-.- -.00-.01 00-1.+10| ok p=0.810547
Q16:	|..1-..0. -..+.-.+ ..1.+.0. ..-0...+| ok p=0.777344
Q17:	|..1.^.1. 0..1.0.1 ^.+.1.1. ..+..^.0| ok p=0.884766
Q18:	|..+^..+. 0..-.0.1 ....1.+. ..+....0| ok p=0.708984
Q19:	|........ ...-.0.+ ..^.+... .01....-| ok p=0.998047
Q20:	|.0^...^. ...001.. .0....^. .1-..0..| ok p=1
Q21:	|.1....0. ...11+.^ .1..^... .-0..1.^| ok p=0.632812
Q22:	|.-....1. ....+... .+...... ..1..+..| ok p=0.75293
Q23:	|......+. 0...1^.. ....0... .^......| ok p=0.988281
Q24:	|.^.0.... 1...0... .^..1... 0....^..| ok p=1
Q25:	|......^. -....... ....-... 1.......| ok p=0.703125
Q26:	|..0+.... .......0 ........ -.......| ok p=0.980469
Q27:	|..1+.... ^......1 ....^... ........| ok p=0.933594
Q28:	|..+-.... .......+ ........ ^.......| ok p=0.932617
Q29:	|...0.... .......0 ........ ........| ok p=1
Q30:	|..^1.... .......- ........ ........| ok p=1
Q31:	|........ .......- ........ ........| ok p=0.926758
Q32:	|........ ........ ........ ........| ok p=1
Q33:	|........ .......! ........ ........| ok p=1
Q34:	|........ ........ ........ ........| ok p=1
Q35:	|........ ........ ........ ........| ok p=1
Q36:	|........ ........ ........ ........| ok p=1
Q37:	|........ ........ ........ ........| ok p=1
Q38:	|........ ........ ........ ........| ok p=1
Q39:	|........ ........ ........ ........| ok p=1
Q40:	|........ ........ ........ ........| ok p=1
Q41:	|........ ........ ........ ........| ok p=1
Q42:	|........ ........ ........ ........| ok p=1
Q43:	|........ ........ ........ ........| ok p=1
Q44:	|........ ........ ........ ........| ok p=1
Q45:	|........ ........ ........ ........| ok p=1
Q46:	|........ ........ ........ ........| ok p=1
Q47:	|........ ........ ........ ........| ok p=1
Q48:	|........ ........ ........ ........| ok p=1
Q49:	|........ ........ ........ ........| ok p=1
Q50:	|........ ........ ........ ........| ok p=1
Q51:	|........ ........ ........ ........| ok p=1
Q52:	|........ ........ ........ ........| ok p=1
Q53:	|........ ........ ........ ........| ok p=1
Q54:	|........ ........ ........ ........| ok p=1
Q55:	|........ ........ ........ ........| ok p=1
Q56:	|........ ........ ........ ........| ok p=1
Q57:	|........ ........ ........ ........| ok p=1
Q58:	|........ ........ ........ ........| ok p=1
Q59:	|........ ........ ........ ........| ok p=1
Q60:	|.....0.. ........ ........ ........| ok p=1
Q61:	|....10.. ........ ........ ........| ok p=0.967773
Q62:	|....1+.. ........ ........ ........| ok p=1
Q63:	|....+-.. ........ ........ ........| ok p=0.957031
Q64:	|.....+.. .......- -....... ........|
Warning: no OS randomness!
MD5 differential path toolbox
Copyright (C) 2009 Marc Stevens
http://homepages.cwi.nl/~stevens/

Loading workdir5/joint_bestpaths.bin.gz...done (loaded 16 paths).
Loading workdir5/upperpath.bin.gz...done (loaded 1 paths).
Using this partial path to overwrite all paths in workdir5/joint_bestpaths.bin.gz:
Q34:	|........ ........ ........ ........|
Q35:	|........ ........ ........ ........|
Q36:	|........ ........ ........ ........|
Q37:	|........ ........ ........ ........| ok p=1
Q38:	|........ ........ ........ ........| ok p=1
Q39:	|........ ........ ........ ........| ok p=1
Q40:	|........ ........ ........ ........| ok p=1
Q41:	|........ ........ ........ ........| ok p=1
Q42:	|........ ........ ........ ........| ok p=1
Q43:	|........ ........ ........ ........| ok p=1
Q44:	|........ ........ ........ ........| ok p=1
Q45:	|........ ........ ........ ........| ok p=1
Q46:	|........ ........ ........ ........| ok p=1
Q47:	|........ ........ ........ ........| ok p=1
Q48:	|........ ........ ........ ........| ok p=1
Q49:	|........ ........ ........ ........| ok p=1
Q50:	|........ ........ ........ ........| ok p=1
Q51:	|........ ........ ........ ........| ok p=1
Q52:	|........ ........ ........ ........| ok p=1
Q53:	|........ ........ ........ ........| ok p=1
Q54:	|........ ........ ........ ........| ok p=1
Q55:	|........ ........ ........ ........| ok p=1
Q56:	|........ ........ ........ ........| ok p=1
Q57:	|........ ........ ........ ........| ok p=1
Q58:	|........ ........ ........ ........| ok p=1
Q59:	|........ ........ ........ ........| ok p=1
Q60:	|.....0.. ........ ........ ........| ok p=1
Q61:	|....10.. ........ ........ ........| ok p=0.973633
Q62:	|....1+.. ........ ........ ........| ok p=1
Q63:	|....+-.. ........ ........ ........| ok p=0.955078
Q64:	|.....+.. .......- -....... ........|
Saving 16 paths to workdir5/collfindpaths.bin.gz...done.
Q-3:	|01000110 11101010 01101111 10010110|
Q-2:	|-1010-00 01010001 00000011 011-++++|
Q-1:	|-1110-00 11110011 11111001 010110-+|
Q0:	|+10110-- --++---1 -0001010 1110101-| ok p=0.194336
Q1:	|+-..+0++ 00+1010+ +0...--. .-....--| ok p=0.814453
Q2:	|.0..1.++ 11.1111+ +-0.^0+. .-....-.| ok p=1
Q3:	|01.^0.-+ ..1...-- 1+0.+1+. .01..0-0| ok p=1
Q4:	|..!-..-0 .0....0- 0+-.1.+. .+1..0-.| ok p=1
Q5:	|.!.0...- .0....1. +++.10.. .1-..+..| ok p=1
Q6:	|..01^.1- .+.....1 +.+..10. .00..+0.| ok p=1
Q7:	|!^0++..0 .-.....0 +0+1.-.. ..0.....| ok p=1
Q8:	|!--00..1 .+..!... .1-1.-.. .....0..| ok p=1
Q9:	|^0+11..+ .0...... 0-+-..0. .!......| ok p=1
Q10:	|.1++000- 0-01.0.. 000+.10. 110.00.^| ok p=1
Q11:	|.00+-10- 1-10.1^. 1++110+1 0111110+| ok p=1
Q12:	|^100+-+1 ++-+^+-0 +1-11+-0 +--0++11| ok p=1
Q13:	|----0+-- 0110-011 100++0+- -+1+0+-1| ok p=1
Q14:	|01010111 1011111+ 0.11-111 011-1100| ok p=1
Q15:	|1111-011 -..+1-.- -.00-.01 00-1.+10| ok p=0.81543
Q16:	|..1-..0. -..+.-.+ ..1.+.0. ..-0...+| ok p=0.756836
Q17:	|..1.^.1. 0..1.0.1 ^.+.1.1. ..+..^.0| ok p=0.873047
Q18:	|..+^..+. 0..-.0.1 ....1.+. ..+....0| ok p=0.700195
Q19:	|........ ...-.0.+ ..^.+... .01....-| ok p=0.999023
Q20:	|.0^...^. ...001.. .0....^. .1-..0..| ok p=1
Q21:	|.1....0. ...11+.^ .1..^... .-0..1.^| ok p=0.660156
Q22:	|.-....1. ....+... .+...... ..1..+..| ok p=0.761719
Q23:	|......+. 0...1^.. ....0... .^......| ok p=0.983398
Q24:	|.^.0.... 1...0... .^..1... 0....^..| ok p=0.998047
Q25:	|......^. -....... ....-... 1.......| ok p=0.689453
Q26:	|..0+.... .......0 ........ -.......| ok p=0.980469
Q27:	|..1+.... ^......1 ....^... ........| ok p=0.941406
Q28:	|..+-.... .......+ ........ ^.......| ok p=0.927734
Q29:	|...0.... .......0 ........ ........| ok p=1
Q30:	|..^1.... .......- ........ ........| ok p=1
Q31:	|........ .......- ........ ........| ok p=0.923828
Q32:	|........ ........ ........ ........| ok p=1
Q33:	|........ .......! ........ ........| ok p=1
Q34:	|........ ........ ........ ........| ok p=1
Q35:	|........ ........ ........ ........| ok p=1
Q36:	|........ ........ ........ ........| ok p=1
Q37:	|........ ........ ........ ........| ok p=1
Q38:	|........ ........ ........ ........| ok p=1
Q39:	|........ ........ ........ ........| ok p=1
Q40:	|........ ........ ........ ........| ok p=1
Q41:	|........ ........ ........ ........| ok p=1
Q42:	|........ ........ ........ ........| ok p=1
Q43:	|........ ........ ........ ........| ok p=1
Q44:	|........ ........ ........ ........| ok p=1
Q45:	|........ ........ ........ ........| ok p=1
Q46:	|........ ........ ........ ........| ok p=1
Q47:	|........ ........ ........ ........| ok p=1
Q48:	|........ ........ ........ ........| ok p=1
Q49:	|........ ........ ........ ........| ok p=1
Q50:	|........ ........ ........ ........| ok p=1
Q51:	|........ ........ ........ ........| ok p=1
Q52:	|........ ........ ........ ........| ok p=1
Q53:	|........ ........ ........ ........| ok p=1
Q54:	|........ ........ ........ ........| ok p=1
Q55:	|........ ........ ........ ........| ok p=1
Q56:	|........ ........ ........ ........| ok p=1
Q57:	|........ ........ ........ ........| ok p=1
Q58:	|........ ........ ........ ........| ok p=1
Q59:	|........ ........ ........ ........| ok p=1
Q60:	|.....0.. ........ ........ ........| ok p=1
Q61:	|....10.. ........ ........ ........| ok p=0.972656
Q62:	|....1+.. ........ ........ ........| ok p=1
Q63:	|....+-.. ........ ........ ........| ok p=0.943359
Q64:	|.....+.. .......- -....... ........|
Warning: no OS randomness!
MD5 differential path toolbox
Copyright (C) 2009 Marc Stevens
http://homepages.cwi.nl/~stevens/

Loading workdir5/joint_bestpaths.bin.gz...done (loaded 11 paths).
Loading workdir5/upperpath.bin.gz...done (loaded 1 paths).
Using this partial path to overwrite all paths in workdir5/joint_bestpaths.bin.gz:
Q34:	|........ ........ ........ ........|
Q35:	|........ ........ ........ ........|
Q36:	|........ ........ ........ ........|
Q37:	|........ ........ ........ ........| ok p=1
Q38:	|........ ........ ........ ........| ok p=1
Q39:	|........ ........ ........ ........| ok p=1
Q40:	|........ ........ ........ ........| ok p=1
Q41:	|........ ........ ........ ........| ok p=1
Q42:	|........ ........ ........ ........| ok p=1
Q43:	|........ ........ ........ ........| ok p=1
Q44:	|........ ........ ........ ........| ok p=1
Q45:	|........ ........ ........ ........| ok p=1
Q46:	|........ ........ ........ ........| ok p=1
Q47:	|........ ........ ........ ........| ok p=1
Q48:	|........ ........ ........ ........| ok p=1
Q49:	|........ ........ ........ ........| ok p=1
Q50:	|........ ........ ........ ........| ok p=1
Q51:	|........ ........ ........ ........| ok p=1
Q52:	|........ ........ ........ ........| ok p=1
Q53:	|........ ........ ........ ........| ok p=1
Q54:	|........ ........ ........ ........| ok p=1
Q55:	|........ ........ ........ ........| ok p=1
Q56:	|........ ........ ........ ........| ok p=1
Q57:	|........ ........ ........ ........| ok p=1
Q58:	|........ ........ ........ ........| ok p=1
Q59:	|........ ........ ........ ........| ok p=1
Q60:	|.....0.. ........ ........ ........| ok p=1
Q61:	|....10.. ........ ........ ........| ok p=0.96582
Q62:	|....1+.. ........ ........ ........| ok p=1
Q63:	|....+-.. ........ ........ ........| ok p=0.96582
Q64:	|.....+.. .......- -....... ........|
Saving 11 paths to workdir5/collfindpaths.bin.gz...done.
Q-3:	|01000110 11101010 01101111 10010110|
Q-2:	|-1010-00 01010001 00000011 011-++++|
Q-1:	|-1110-00 11110011 11111001 010110-+|
Q0:	|+10110-- --++---1 -0001010 1110101-| ok p=0.191406
Q1:	|+-..+0++ 00+1010+ +0...--. .-....--| ok p=0.804688
Q2:	|.0..1.++ 11.1111+ +-0.^0+. .-....-.| ok p=1
Q3:	|01.^0.-+ ..1...-- 1+0.+1+. .01..0-0| ok p=1
Q4:	|..!-..-0 .0....0- 0+-.1.+. .+1..0-.| ok p=1
Q5:	|!..00..- .0....1. +++.10.. .1-..+..| ok p=1
Q6:	|.0.10.1- .+.....1 +0+..10. .00..+0.| ok p=1
Q7:	|!0.++..1 .-.....0 +0+0.-.. ..1.1...| ok p=1
Q8:	|!-.--..1 .+.!.... .-+0.-.. ....10..| ok p=1
Q9:	|^+.--..+ 00.0.... 0-.+.... ..!.+..0| ok p=0.994141
Q10:	|0+!0-.1+ 0-000... .11+.0.. 11.0-1.1| ok p=1
Q11:	|10.1+^01 ++1+0..0 .11+1... 0101-11+| ok p=1
Q12:	|01^+0--0 -----.^0 ^++11^^^ +-1-+-01| ok p=1
Q13:	|-++++11+ 0-+++.+- ----++-- 1-+-0-+1| ok p=1
Q14:	|10101110 0.010^1+ 0100-100 1.-+1000| ok p=1
Q15:	|1111-..0 -10+0-1- -000-011 .0-0.+10| ok p=0.811523
Q16:	|..1-..0. -..+.-.+ ..1.+.0. ..-1...+| ok p=0.750977
Q17:	|..1.^.1. 0..1.0.1 ^.+.1.1. ..+..^.0| ok p=0.878906
Q18:	|..+^..+. 0..-.0.1 ....1.+. ..+....0| ok p=0.707031
Q19:	|........ ...-.0.+ ..^.+... .01....-| ok p=0.999023
Q20:	|.0^...^. ...001.. .0....^. .1-..0..| ok p=1
Q21:	|.1....0. ...11+.^ .1..^... .-0..1.^| ok p=0.674805
Q22:	|.-....1. ....+... .+...... ..1..+..| ok p=0.729492
Q23:	|......+. 0...1^.. ....0... .^......| ok p=0.982422
Q24:	|.^.0.... 1...0... .^..1... 0....^..| ok p=0.998047
Q25:	|......^. -....... ....-... 1.......| ok p=0.703125
Q26:	|..0+.... .......0 ........ -.......| ok p=0.982422
Q27:	|..1+.... ^......1 ....^... ........| ok p=0.936523
Q28:	|..+-.... .......+ ........ ^.......| ok p=0.944336
Q29:	|...0.... .......0 ........ ........| ok p=1
Q30:	|..^1.... .......- ........ ........| ok p=1
Q31:	|........ .......- ........ ........| ok p=0.93457
Q32:	|........ ........ ........ ........| ok p=1
Q33:	|........ .......! ........ ........| ok p=1
Q34:	|........ ........ ........ ........| ok p=1
Q35:	|........ ........ ........ ........| ok p=1
Q36:	|........ ........ ........ ........| ok p=1
Q37:	|........ ........ ........ ........| ok p=1
Q38:	|........ ........ ........ ........| ok p=1
Q39:	|........ ........ ........ ........| ok p=1
Q40:	|........ ........ ........ ........| ok p=1
Q41:	|........ ........ ........ ........| ok p=1
Q42:	|........ ........ ........ ........| ok p=1
Q43:	|........ ........ ........ ........| ok p=1
Q44:	|........ ........ ........ ........| ok p=1
Q45:	|........ ........ ........ ........| ok p=1
Q46:	|........ ........ ........ ........| ok p=1
Q47:	|........ ........ ........ ........| ok p=1
Q48:	|........ ........ ........ ........| ok p=1
Q49:	|........ ........ ........ ........| ok p=1
Q50:	|........ ........ ........ ........| ok p=1
Q51:	|........ ........ ........ ........| ok p=1
Q52:	|........ ........ ........ ........| ok p=1
Q53:	|........ ........ ........ ........| ok p=1
Q54:	|........ ........ ........ ........| ok p=1
Q55:	|........ ........ ........ ........| ok p=1
Q56:	|........ ........ ........ ........| ok p=1
Q57:	|........ ........ ........ ........| ok p=1
Q58:	|........ ........ ........ ........| ok p=1
Q59:	|........ ........ ........ ........| ok p=1
Q60:	|.....0.. ........ ........ ........| ok p=1
Q61:	|....10.. ........ ........ ........| ok p=0.966797
Q62:	|....1+.. ........ ........ ........| ok p=1
Q63:	|....+-.. ........ ........ ........| ok p=0.949219
Q64:	|.....+.. .......- -....... ........|
Warning: no OS randomness!
MD5 differential path toolbox
Copyright (C) 2009 Marc Stevens
http://homepages.cwi.nl/~stevens/

Loading workdir5/joint_bestpaths.bin.gz...done (loaded 19 paths).
Loading workdir5/upperpath.bin.gz...done (loaded 1 paths).
Using this partial path to overwrite all paths in workdir5/joint_bestpaths.bin.gz:
Q34:	|........ ........ ........ ........|
Q35:	|........ ........ ........ ........|
Q36:	|........ ........ ........ ........|
Q37:	|........ ........ ........ ........| ok p=1
Q38:	|........ ........ ........ ........| ok p=1
Q39:	|........ ........ ........ ........| ok p=1
Q40:	|........ ........ ........ ........| ok p=1
Q41:	|........ ........ ........ ........| ok p=1
Q42:	|........ ........ ........ ........| ok p=1
Q43:	|........ ........ ........ ........| ok p=1
Q44:	|........ ........ ........ ........| ok p=1
Q45:	|........ ........ ........ ........| ok p=1
Q46:	|........ ........ ........ ........| ok p=1
Q47:	|........ ........ ........ ........| ok p=1
Q48:	|........ ........ ........ ........| ok p=1
Q49:	|........ ........ ........ ........| ok p=1
Q50:	|........ ........ ........ ........| ok p=1
Q51:	|........ ........ ........ ........| ok p=1
Q52:	|........ ........ ........ ........| ok p=1
Q53:	|........ ........ ........ ........| ok p=1
Q54:	|........ ........ ........ ........| ok p=1
Q55:	|........ ........ ........ ........| ok p=1
Q56:	|........ ........ ........ ........| ok p=1
Q57:	|........ ........ ........ ........| ok p=1
Q58:	|........ ........ ........ ........| ok p=1
Q59:	|........ ........ ........ ........| ok p=1
Q60:	|.....0.. ........ ........ ........| ok p=1
Q61:	|....10.. ........ ........ ........| ok p=0.969727
Q62:	|....1+.. ........ ........ ........| ok p=1
Q63:	|....+-.. ........ ........ ........| ok p=0.949219
Q64:	|.....+.. .......- -....... ........|
Saving 19 paths to workdir5/collfindpaths.bin.gz...done.
Q-3:	|01000110 11101010 01101111 10010110|
Q-2:	|-1010-00 01010001 00000011 011-++++|
Q-1:	|-1110-00 11110011 11111001 010110-+|
Q0:	|+10110-- --++---1 -0001010 1110101-| ok p=0.179688
Q1:	|+-..+0++ 00+1010+ +0...--. .-....--| ok p=0.787109
Q2:	|.0..1.++ 11.1111+ +-0.^0+. .-....-.| ok p=1
Q3:	|01.^0.-+ ..1...-- 1+0.+1+. .01..0-0| ok p=1
Q4:	|..!-..-0 .0....0- 0+-.1.+. .+1..0-.| ok p=1
Q5:	|!..00..- .0....1. +++.10.. .1-..+..| ok p=1
Q6:	|.0.10.1- .+.....1 +0+..10. .00..+0.| ok p=1
Q7:	|!0.++..1 .-.....0 +0+0.-.. ..1.1...| ok p=1
Q8:	|!-.--..1 .+.!.... .-+0.-.. ....10..| ok p=1
Q9:	|^+.--..+ 00.0.... 0-.+.... ..!.+..0| ok p=0.998047
Q10:	|0+!0-.1+ 0-000... .11+.0.. 11.0-1.1| ok p=1
Q11:	|10.1+^01 ++1+0..0 .11+1... 0101-11+| ok p=1
Q12:	|01^+0--0 -----.^0 ^++11^^^ +-1-+-01| ok p=1
Q13:	|-++++11+ 0-+++.+- ----++-- 1-+-0-+1| ok p=1
Q14:	|10101110 0.010^1+ 0100-100 1.-+1000| ok p=1
Q15:	|1111-..0 -10+0-1- -000-011 .0-0.+10| ok p=0.842773
Q16:	|..1-..0. -..+.-.+ ..1.+.0. ..-1...+| ok p=0.744141
Q17:	|..1.^.1. 0..1.0.1 ^.+.1.1. ..+..^.0| ok p=0.876953
Q18:	|..+^..+. 0..-.0.1 ....1.+. ..+....0| ok p=0.701172
Q19:	|........ ...-.0.+ ..^.+... .01....-| ok p=1
Q20:	|.0^...^. ...001.. .0....^. .1-..0..| ok p=1
Q21:	|.1....0. ...11+.^ .1..^... .-0..1.^| ok p=0.633789
Q22:	|.-....1. ....+... .+...... ..1..+..| ok p=0.750977
Q23:	|......+. 0...1^.. ....0... .^......| ok p=0.986328
Q24:	|.^.0.... 1...0... .^..1... 0....^..| ok p=0.993164
Q25:	|......^. -....... ....-... 1.......| ok p=0.68457
Q26:	|..0+.... .......0 ........ -.......| ok p=0.982422
Q27:	|..1+.... ^......1 ....^... ........| ok p=0.929688
Q28:	|..+-.... .......+ ........ ^.......| ok p=0.93457
Q29:	|...0.... .......0 ........ ........| ok p=1
Q30:	|..^1.... .......- ........ ........| ok p=1
Q31:	|........ .......- ........ ........| ok p=0.946289
Q32:	|........ ........ ........ ........| ok p=1
Q33:	|........ .......! ........ ........| ok p=1
Q34:	|........ ........ ........ ........| ok p=1
Q35:	|........ ........ ........ ........| ok p=1
Q36:	|........ ........ ........ ........| ok p=1
Q37:	|........ ........ ........ ........| ok p=1
Q38:	|........ ........ ........ ........| ok p=1
Q39:	|........ ........ ........ ........| ok p=1
Q40:	|........ ........ ........ ........| ok p=1
Q41:	|........ ........ ........ ........| ok p=1
Q42:	|........ ........ ........ ........| ok p=1
Q43:	|........ ........ ........ ........| ok p=1
Q44:	|........ ........ ........ ........| ok p=1
Q45:	|........ ........ ........ ........| ok p=1
Q46:	|........ ........ ........ ........| ok p=1
Q47:	|........ ........ ........ ........| ok p=1
Q48:	|........ ........ ........ ........| ok p=1
Q49:	|........ ........ ........ ........| ok p=1
Q50:	|........ ........ ........ ........| ok p=1
Q51:	|........ ........ ........ ........| ok p=1
Q52:	|........ ........ ........ ........| ok p=1
Q53:	|........ ........ ........ ........| ok p=1
Q54:	|........ ........ ........ ........| ok p=1
Q55:	|........ ........ ........ ........| ok p=1
Q56:	|........ ........ ........ ........| ok p=1
Q57:	|........ ........ ........ ........| ok p=1
Q58:	|........ ........ ........ ........| ok p=1
Q59:	|........ ........ ........ ........| ok p=1
Q60:	|.....0.. ........ ........ ........| ok p=1
Q61:	|....10.. ........ ........ ........| ok p=0.972656
Q62:	|....1+.. ........ ........ ........| ok p=1
Q63:	|....+-.. ........ ........ ........| ok p=0.952148
Q64:	|.....+.. .......- -....... ........|
Warning: no OS randomness!
MD5 differential path toolbox
Copyright (C) 2009 Marc Stevens
http://homepages.cwi.nl/~stevens/

Loading workdir5/joint_bestpaths.bin.gz...done (loaded 16 paths).
Loading workdir5/upperpath.bin.gz...done (loaded 1 paths).
Using this partial path to overwrite all paths in workdir5/joint_bestpaths.bin.gz:
Q34:	|........ ........ ........ ........|
Q35:	|........ ........ ........ ........|
Q36:	|........ ........ ........ ........|
Q37:	|........ ........ ........ ........| ok p=1
Q38:	|........ ........ ........ ........| ok p=1
Q39:	|........ ........ ........ ........| ok p=1
Q40:	|........ ........ ........ ........| ok p=1
Q41:	|........ ........ ........ ........| ok p=1
Q42:	|........ ........ ........ ........| ok p=1
Q43:	|........ ........ ........ ........| ok p=1
Q44:	|........ ........ ........ ........| ok p=1
Q45:	|........ ........ ........ ........| ok p=1
Q46:	|........ ........ ........ ........| ok p=1
Q47:	|........ ........ ........ ........| ok p=1
Q48:	|........ ........ ........ ........| ok p=1
Q49:	|........ ........ ........ ........| ok p=1
Q50:	|........ ........ ........ ........| ok p=1
Q51:	|........ ........ ........ ........| ok p=1
Q52:	|........ ........ ........ ........| ok p=1
Q53:	|........ ........ ........ ........| ok p=1
Q54:	|........ ........ ........ ........| ok p=1
Q55:	|........ ........ ........ ........| ok p=1
Q56:	|........ ........ ........ ........| ok p=1
Q57:	|........ ........ ........ ........| ok p=1
Q58:	|........ ........ ........ ........| ok p=1
Q59:	|........ ........ ........ ........| ok p=1
Q60:	|.....0.. ........ ........ ........| ok p=1
Q61:	|....10.. ........ ........ ........| ok p=0.958984
Q62:	|....1+.. ........ ........ ........| ok p=1
Q63:	|....+-.. ........ ........ ........| ok p=0.947266
Q64:	|.....+.. .......- -....... ........|
Saving 16 paths to workdir5/collfindpaths.bin.gz...done.
Q-3:	|01000110 11101010 01101111 10010110|
Q-2:	|-1010-00 01010001 00000011 011-++++|
Q-1:	|-1110-00 11110011 11111001 010110-+|
Q0:	|+10110-- --++---1 -0001010 1110101-| ok p=0.194336
Q1:	|+-..+0++ 00+1010+ +0...--. .-....--| ok p=0.813477
Q2:	|.0..1.++ 11.1111+ +-0.^0+. .-....-.| ok p=1
Q3:	|01.^0.-+ ..1...-- 1+0.+1+. .01..0-0| ok p=1
Q4:	|.0.-..-0 .0....0- 0+-.1.+. .+1..0-.| ok p=1
Q5:	|..!0...- .0....1. +++.10.. .1-..+..| ok p=1
Q6:	|.011^.1- .+.....1 +.+..10. .00..+0.| ok p=1
Q7:	|!01++..0 .-...... +0+1!-.. ..0.....| ok p=1
Q8:	|!--000.1 .+!..... ..-1.-.. .....0..| ok p=1
Q9:	|^+-110.+ .0...... 0.--.10. .......1| ok p=1
Q10:	|.+0-0+1- .-10.0.. 001+.000 0000.0.1| ok p=1
Q11:	|.1111+1- ^-00.111 11-00+-1 1111.1.+| ok p=1
Q12:	|^011+--1 ++-+^+00 +++001++ ---+1-.-| ok p=1
Q13:	|-+++0++- 0000--++ 101-+1+- -++000.+| ok p=1
Q14:	|010+1011 1011001+ 0100-..1 .0-1-0.+| ok p=1
Q15:	|111+.+10 +..+0-00 -.01-.00 10-.+..1| ok p=0.879883
Q16:	|..0-..1. -..+...1 ..1.+.0. ..1.1..+| ok p=1
Q17:	|..10.^1. 1..1.^.- ^.+.1.1. ..+.0..0| ok p=0.899414
Q18:	|..+0..+. 0..-...- ....1.+. ..+....0| ok p=0.71875
Q19:	|........ ...-.0.+ ..^.+... .0-....-| ok p=0.998047
Q20:	|.0^...^. ...001.0 .0....^. .1-..0..| ok p=1
Q21:	|.1....0. ...11+.1 .1..^... .-0..1.^| ok p=0.609375
Q22:	|.-....1. ....+... .+...... ..0..+..| ok p=0.736328
Q23:	|......+. 0...1^.. ....0... .^......| ok p=0.981445
Q24:	|.^.0.... 1...0... .^..1... 0....^..| ok p=0.995117
Q25:	|......^. -....... ....-... 1.......| ok p=0.708008
Q26:	|..0+.... .......0 ........ -.......| ok p=0.977539
Q27:	|..1+.... ^......1 ....^... ........| ok p=0.926758
Q28:	|..+-.... .......+ ........ ^.......| ok p=0.917969
Q29:	|...0.... .......0 ........ ........| ok p=1
Q30:	|..^1.... .......- ........ ........| ok p=1
Q31:	|........ .......- ........ ........| ok p=0.927734
Q32:	|........ ........ ........ ........| ok p=1
Q33:	|........ .......! ........ ........| ok p=1
Q34:	|........ ........ ........ ........| ok p=1
Q35:	|........ ........ ........ ........| ok p=1
Q36:	|........ ........ ........ ........| ok p=1
Q37:	|........ ........ ........ ........| ok p=1
Q38:	|........ ........ ........ ........| ok p=1
Q39:	|........ ........ ........ ........| ok p=1
Q40:	|........ ........ ........ ........| ok p=1
Q41:	|........ ........ ........ ........| ok p=1
Q42:	|........ ........ ........ ........| ok p=1
Q43:	|........ ........ ........ ........| ok p=1
Q44:	|........ ........ ........ ........| ok p=1
Q45:	|........ ........ ........ ........| ok p=1
Q46:	|........ ........ ........ ........| ok p=1
Q47:	|........ ........ ........ ........| ok p=1
Q48:	|........ ........ ........ ........| ok p=1
Q49:	|........ ........ ........ ........| ok p=1
Q50:	|........ ........ ........ ........| ok p=1
Q51:	|........ ........ ........ ........| ok p=1
Q52:	|........ ........ ........ ........| ok p=1
Q53:	|........ ........ ........ ........| ok p=1
Q54:	|........ ........ ........ ........| ok p=1
Q55:	|........ ........ ........ ........| ok p=1
Q56:	|........ ........ ........ ........| ok p=1
Q57:	|........ ........ ........ ........| ok p=1
Q58:	|........ ........ ........ ........| ok p=1
Q59:	|........ ........ ........ ........| ok p=1
Q60:	|.....0.. ........ ........ ........| ok p=1
Q61:	|....10.. ........ ........ ........| ok p=0.976562
Q62:	|....1+.. ........ ........ ........| ok p=1
Q63:	|....+-.. ........ ........ ........| ok p=0.947266
Q64:	|.....+.. .......- -....... ........|
