Warning: no OS randomness!
Connect MD5 differential paths
Copyright (C) 2009 Marc Stevens
http://homepages.cwi.nl/~stevens/

delta_m[11] = [!16!]
Loading precompute/diff17/paths16_0of1_1000000.bin.gz...done: 1000000. (6.68954s)
Loading workdir5/paths11_0of1.bin.gz.done...done: 3000000. (8.7932s)
t=12: 0%   10   20   30   40   50   60   70   80   90   100%
      |----|----|----|----|----|----|----|----|----|----|
      *Q-3:	|01000110 11101010 01101111 10010110|
Q-2:	|-1010-00 01010001 00000011 011-++++|
Q-1:	|-1110-00 11110011 11111001 010110-+|
Q0:	|+10110-- --++---1 -0001010 1110101-| ok p=0.164062
Q1:	|+-..+0++ 00+1010+ +0...--. .-....--| ok p=0.833008
Q2:	|.0..1.++ 11.1111+ +-0.^0+. .-....-.| ok p=1
Q3:	|01.^0.-+ ..1...-- 1+0.+1+. .01..0-0| ok p=1
Q4:	|..!-..-0 .0....0- 0+-.1.+. .+1..0-.| ok p=1
Q5:	|.!.0...- .0....1. +++.10.. .1-..+..| ok p=1
Q6:	|..01^.1- .+.....1 +.+..10. .00..+0.| ok p=1
Q7:	|!^0++..0 .-.....0 +0+1.-.. ..0.....| ok p=1
Q8:	|!--00..1 .+..!... .1-1.-.. .....0..| ok p=1
Q9:	|^0+11..+ .0...... 0-+-..0. .!......| ok p=1
Q10:	|.1++000- 0-01.0.. 000+.10. 110.00.^| ok p=1
Q11:	|.00+-10- 1-10.1^. 1++110+1 0111110+| ok p=1
Q12:	|^100+-+1 ++-+^+-0 +1-11+-0 +--0++11| ok p=1
Q13:	|----0+-- 0110-011 100++0+- -+1+0+-1| ok p=1
Q14:	|01010111 1011111+ 0.11-111 011-1100| ok p=1
Q15:	|1111-011 -..+1-.- -.00-.01 00-1.+10| ok p=0.844727
Q16:	|..1-..0. -..+.-.+ ..1.+.0. ..-0...+| ok p=0.78125
Q17:	|..1.^.1. 0..1.0.1 ^.+.1.1. ..+..^.0| ok p=0.887695
Q18:	|..+^..+. 0..-.0.1 ....1.+. ..+....0| ok p=0.72168
Q19:	|........ ...-.0.+ ..^.+... .01....-| ok p=1
Q20:	|.0^...^. ...001.. .0....^. .1-..0..| ok p=1
Q21:	|.1....0. ...11+.^ .1..^... .-0..1.^| ok p=0.672852
Q22:	|.-....1. ....+... .+...... ..1..+..| ok p=0.751953
Q23:	|......+. 0...1^.. ....0... .^......| ok p=0.986328
Q24:	|.^.0.... 1...0... .^..1... 0....^..| ok p=0.998047
Q25:	|......^. -....... ....-... 1.......| ok p=0.697266
Q26:	|..0+.... .......0 ........ -.......| ok p=0.983398
Q27:	|..1+.... ^......1 ....^... ........| ok p=0.946289
Q28:	|..+-.... .......+ ........ ^.......| ok p=0.946289
Q29:	|...0.... .......0 ........ ........| ok p=1
Q30:	|..^1.... .......- ........ ........| ok p=1
Q31:	|........ .......- ........ ........| ok p=0.926758
Q32:	|........ ........ ........ ........| ok p=1
Q33:	|........ .......! ........ ........| ok p=1
Q34:	|........ ........ ........ ........| ok p=1
Q35:	|........ ........ ........ ........|
Best path: totcompl=-21 tottunnel=35, totcond=559, p=0.0157312
Best paths: 2
Best paths: 4
Best paths: 8
Best paths: 16
Q-3:	|01000110 11101010 01101111 10010110|
Q-2:	|-1010-00 01010001 00000011 011-++++|
Q-1:	|-1110-00 11110011 11111001 010110-+|
Q0:	|+10110-- --++---1 -0001010 1110101-| ok p=0.197266
Q1:	|+-..+0++ 00+1010+ +0...--. .-....--| ok p=0.823242
Q2:	|.0..1.++ 11.1111+ +-0.^0+. .-....-.| ok p=1
Q3:	|01.^0.-+ ..1...-- 1+0.+1+. .01..0-0| ok p=1
Q4:	|..!-..-0 .0....0- 0+-.1.+. .+1..0-.| ok p=1
Q5:	|!..00..- .0....1. +++.10.. .1-..+..| ok p=1
Q6:	|.0.10.1- .+.....1 +0+..10. .00..+0.| ok p=1
Q7:	|!0.++..1 .-.....0 +0+0.-.. ..1.1...| ok p=1
Q8:	|!-.--..1 .+.!.... .-+0.-.. ....10..| ok p=1
Q9:	|^+.--..+ 00.0.... 0-.+.... ..!.+..0| ok p=0.995117
Q10:	|0+!0-.1+ 0-000... .11+.0.. 11.0-1.1| ok p=1
Q11:	|10.1+^01 ++1+0..0 .11+1... 0101-11+| ok p=1
Q12:	|01^+0--0 -----.^0 ^++11^^^ +-1-+-01| ok p=1
Q13:	|-++++11+ 0-+++.+- ----++-- 1-+-0-+1| ok p=1
Q14:	|10101110 0.010^1+ 0100-100 1.-+1000| ok p=1
Q15:	|1111-..0 -10+0-1- -000-011 .0-0.+10| ok p=0.859375
Q16:	|..1-..0. -..+.-.+ ..1.+.0. ..-1...+| ok p=0.761719
Q17:	|..1.^.1. 0..1.0.1 ^.+.1.1. ..+..^.0| ok p=0.884766
Q18:	|..+^..+. 0..-.0.1 ....1.+. ..+....0| ok p=0.714844
Q19:	|........ ...-.0.+ ..^.+... .01....-| ok p=0.998047
Q20:	|.0^...^. ...001.. .0....^. .1-..0..| ok p=1
Q21:	|.1....0. ...11+.^ .1..^... .-0..1.^| ok p=0.663086
Q22:	|.-....1. ....+... .+...... ..1..+..| ok p=0.756836
Q23:	|......+. 0...1^.. ....0... .^......| ok p=0.980469
Q24:	|.^.0.... 1...0... .^..1... 0....^..| ok p=0.994141
Q25:	|......^. -....... ....-... 1.......| ok p=0.681641
Q26:	|..0+.... .......0 ........ -.......| ok p=0.982422
Q27:	|..1+.... ^......1 ....^... ........| ok p=0.950195
Q28:	|..+-.... .......+ ........ ^.......| ok p=0.93457
Q29:	|...0.... .......0 ........ ........| ok p=1
Q30:	|..^1.... .......- ........ ........| ok p=1
Q31:	|........ .......- ........ ........| ok p=0.933594
Q32:	|........ ........ ........ ........| ok p=1
Q33:	|........ .......! ........ ........| ok p=1
Q34:	|........ ........ ........ ........| ok p=1
Q35:	|........ ........ ........ ........|
Best path: totcompl=-19 tottunnel=37, totcond=555, p=0.0152478
Best paths: 2
Best paths: 4
Best paths: 8
Q-3:	|01000110 11101010 01101111 10010110|
Q-2:	|-1010-00 01010001 00000011 011-++++|
Q-1:	|-1110-00 11110011 11111001 010110-+|
Q0:	|+10110-- --++---1 -0001010 1110101-| ok p=0.199219
Q1:	|+-..+0++ 00+1010+ +0...--. .-....--| ok p=0.818359
Q2:	|.0..1.++ 11.1111+ +-0.^0+. .-....-.| ok p=1
Q3:	|01.^0.-+ ..1...-- 1+0.+1+. .01..0-0| ok p=1
Q4:	|.0.-..-0 .0....0- 0+-.1.+. .+1..0-.| ok p=1
Q5:	|..!0...- .0....1. +++.10.. .1-..+..| ok p=1
Q6:	|.011^.1- .+.....1 +.+..10. .00..+0.| ok p=1
Q7:	|!01++..0 .-...... +0+1!-.. ..0.....| ok p=1
Q8:	|!--000.1 .+!..... ..-1.-.. .....0..| ok p=1
Q9:	|^+-110.+ .0...... 0.--.10. .......1| ok p=1
Q10:	|.+0-0+1- .-10.0.. 001+.000 0000.0.1| ok p=1
Q11:	|.1111+1- ^-00.111 11-00+-1 1111.1.+| ok p=1
Q12:	|^011+--1 ++-+^+00 +++001++ ---+1-.-| ok p=1
Q13:	|-+++0++- 0000--++ 101-+1+- -++000.+| ok p=1
Q14:	|010+1011 1011001+ 0100-..1 .0-1-0.+| ok p=1
Q15:	|111+.+10 +..+0-00 -.01-.00 10-.+..1| ok p=0.865234
Q16:	|..0-..1. -..+...1 ..1.+.0. ..1.1..+| ok p=1
Q17:	|..10.^1. 1..1.^.- ^.+.1.1. ..+.0..0| ok p=0.876953
Q18:	|..+0..+. 0..-...- ....1.+. ..+....0| ok p=0.731445
Q19:	|........ ...-.0.+ ..^.+... .0-....-| ok p=1
Q20:	|.0^...^. ...001.0 .0....^. .1-..0..| ok p=1
Q21:	|.1....0. ...11+.1 .1..^... .-0..1.^| ok p=0.65918
Q22:	|.-....1. ....+... .+...... ..0..+..| ok p=0.741211
Q23:	|......+. 0...1^.. ....0... .^......| ok p=0.983398
Q24:	|.^.0.... 1...0... .^..1... 0....^..| ok p=0.999023
Q25:	|......^. -....... ....-... 1.......| ok p=0.706055
Q26:	|..0+.... .......0 ........ -.......| ok p=0.988281
Q27:	|..1+.... ^......1 ....^... ........| ok p=0.922852
Q28:	|..+-.... .......+ ........ ^.......| ok p=0.932617
Q29:	|...0.... .......0 ........ ........| ok p=1
Q30:	|..^1.... .......- ........ ........| ok p=1
Q31:	|........ .......- ........ ........| ok p=0.939453
Q32:	|........ ........ ........ ........| ok p=1
Q33:	|........ .......! ........ ........| ok p=1
Q34:	|........ ........ ........ ........| ok p=1
Q35:	|........ ........ ........ ........|
Best path: totcompl=-17 tottunnel=39, totcond=553, p=0.0208586
Best paths: 2
