Warning: no OS randomness!
Extend MD5 differential paths forward
Copyright (C) 2009 Marc Stevens
http://homepages.cwi.nl/~stevens/

delta_m[11] = [!16!]
Loading workdir5/lowerpath.bin.gz...done: 1. (6.29425e-05s)
Estimating maxcond for upper bound 1500000 (=750000 * 2)...
t=1:  0%   10   20   30   40   50   60   70   80   90   100%
      |----|----|----|----|----|----|----|----|----|----|
e     ***************************************************
Found maxcond = 2176
t=1:  0%   10   20   30   40   50   60   70   80   90   100%
      |----|----|----|----|----|----|----|----|----|----|
      ***************************************************
Q-3:	|01000110 11101010 01101111 10010110|
Q-2:	|-1010-00 01010001 00000011 011-++++|
Q-1:	|-1110-00 11110011 11111001 010110-+|
Q0:	|+10110-- --++---1 -0001010 1110101-| ok p=0.264648
Q1:	|1+..+1++ 00+000+. -...-.+. .-....--| ok p=0.769531
Q2:	|.+.-.-.- .+.....+ .+..+.+. .....-.+|
Saving 58752 paths...cached.
Autobalance parameters: maxcond=2176 (ab#:0)
Verified: 0 bad out of 58752
Estimating maxcond for upper bound 3000000 (=1500000 * 2)...
t=2:  0%   10   20   30   40   50   60   70   80   90   100%
      |----|----|----|----|----|----|----|----|----|----|
e     ***************************************************
Found maxcond = 167
t=2:  0%   10   20   30   40   50   60   70   80   90   100%
      |----|----|----|----|----|----|----|----|----|----|
      ***************************************************
Q-3:	|01000110 11101010 01101111 10010110|
Q-2:	|-1010-00 01010001 00000011 011-++++|
Q-1:	|-1110-00 11110011 11111001 010110-+|
Q0:	|+10110-- --++---1 -0001010 1110101-| ok p=0.273438
Q1:	|1+..+0++ 00+10+-1 -0..-.+. .-....--| ok p=1
Q2:	|1+..+.++ 1+.111.+ .+..+.+. .-....-.| ok p=0.444336
Q3:	|.+...-.- .+....-. .+....+. -......+|
Saving 785152 paths...cached.
Autobalance parameters: maxcond=167 (ab#:0)
Verified: 61824 bad out of 846976
Estimating maxcond for upper bound 6000000 (=3000000 * 2)...
t=3:  0%   10   20   30   40   50   60   70   80   90   100%
      |----|----|----|----|----|----|----|----|----|----|
e     ***************************************************
Found maxcond = 181
t=3:  0%   10   20   30   40   50   60   70   80   90   100%
      |----|----|----|----|----|----|----|----|----|----|
      ***************************************************
Q-3:	|01000110 11101010 01101111 10010110|
Q-2:	|-1010-00 01010001 00000011 011-++++|
Q-1:	|-1110-00 11110011 11111001 010110-+|
Q0:	|+10110-- --++---1 -0001010 1110101-| ok p=0.365234
Q1:	|--..+0++ 00+1000+ +1...--. .-....--| ok p=0.351562
Q2:	|--..0.++ 11.0000+ +-...0+. .-....-1| ok p=0.256836
Q3:	|.-..1..- ..1...-. .+...--. .......+| ok p=0.636719
Q4:	|.-.-..-. .+.-..-. ...+.+.- .-.-...+|
Saving 2967111 paths...cached.
Autobalance parameters: maxcond=181 (ab#:0)
Verified: 225099 bad out of 3192210
Estimating maxcond for upper bound 6000000 (=3000000 * 2)...
t=4:  0%   10   20   30   40   50   60   70   80   90   100%
      |----|----|----|----|----|----|----|----|----|----|
e     ***************************************************
Found maxcond = 195
t=4:  0%   10   20   30   40   50   60   70   80   90   100%
      |----|----|----|----|----|----|----|----|----|----|
      ***************************************************
Q-3:	|01000110 11101010 01101111 10010110|
Q-2:	|-1010-00 01010001 00000011 011-++++|
Q-1:	|-1110-00 11110011 11111001 010110-+|
Q0:	|+10110-- --++---1 -0001010 1110101-| ok p=0.200195
Q1:	|+-..+1++ 00+1010+ +0...--. .-....--| ok p=0.34375
Q2:	|.0..0.++ 11.0000+ +-...0+. .1....-.| ok p=1
Q3:	|01..0.-. +.0..-.+ 1+...--. .+....+0| ok p=0.963867
Q4:	|......-1 -....0.. --...-0. .0....+.| ok p=0.59082
Q5:	|.-.+...- .-...-.- ..+.-.+. +.+.+...|
Saving 2899648 paths...cached.
Autobalance parameters: maxcond=195 (ab#:0)
Verified: 115236 bad out of 3014884
Estimating maxcond for upper bound 6000000 (=3000000 * 2)...
t=5:  0%   10   20   30   40   50   60   70   80   90   100%
      |----|----|----|----|----|----|----|----|----|----|
e     **************************************************Found maxcond = 210
t=5:  0%   10   20   30   40   50   60   70   80   90   100%
      |----|----|----|----|----|----|----|----|----|----|
      **************************************************Q-3:	|01000110 11101010 01101111 10010110|
Q-2:	|-1010-00 01010001 00000011 011-++++|
Q-1:	|-1110-00 11110011 11111001 010110-+|
Q0:	|+10110-- --++---1 -0001010 1110101-| ok p=0.191406
Q1:	|+-..+1++ 00+1010+ +0...--. .-....--| ok p=0.332031
Q2:	|.0..0.++ 10.1111+ +-V..0+. .0....-.| ok p=1
Q3:	|01.V1.-+ ..0.V.-- .+..V--. .-V..V-0| ok p=0.955078
Q4:	|......-1 ......-- 0+-..--. .0....-.| ok p=0.641602
Q5:	|...+...- ....-... ..0.-... .--..+..| ok p=0.892578
Q6:	|....-..- .-..-... .-..-... .-.-.+..|
Saving 2326477 paths...cached.
Autobalance parameters: maxcond=210 (ab#:0)
Verified: 8996 bad out of 2335473
Estimating maxcond for upper bound 6000000 (=3000000 * 2)...
t=6:  0%   10   20   30   40   50   60   70   80   90   100%
      |----|----|----|----|----|----|----|----|----|----|
e     **************************************************Found maxcond = 224
t=6:  0%   10   20   30   40   50   60   70   80   90   100%
      |----|----|----|----|----|----|----|----|----|----|
      **************************************************Q-3:	|01000110 11101010 01101111 10010110|
Q-2:	|-1010-00 01010001 00000011 011-++++|
Q-1:	|-1110-00 11110011 11111001 010110-+|
Q0:	|+10110-- --++---1 -0001010 1110101-| ok p=0.204102
Q1:	|+-..+1++ 00+1010+ +0...--. .-....--| ok p=0.347656
Q2:	|.0..0.++ 1001111+ +-.0.0+. .0....-.| ok p=1
Q3:	|11..0.-+ ..1...-- .+.1.--. .-V..0-0| ok p=0.489258
Q4:	|......-. ..-...1- 01.+.1+. .1...1-.| ok p=0.662109
Q5:	|......-0 ..0...+. .-.+.10. .--..+..| ok p=0.985352
Q6:	|......+. ..1...-1 .-.+..1. .-0..+1.| ok p=0.553711
Q7:	|+.+.-.-. -...-.+. .-..+.+. .-...+.-|
Saving 3000000 paths...cached.
Autobalance parameters: maxcond=223 (ab#:1)
Verified: 544 bad out of 3109850
Estimating maxcond for upper bound 6000000 (=3000000 * 2)...
t=7:  0%   10   20   30   40   50   60   70   80   90   100%
      |----|----|----|----|----|----|----|----|----|----|
e     ***************************************************
Found maxcond = 237
t=7:  0%   10   20   30   40   50   60   70   80   90   100%
      |----|----|----|----|----|----|----|----|----|----|
      ***************************************************
Q-3:	|01000110 11101010 01101111 10010110|
Q-2:	|-1010-00 01010001 00000011 011-++++|
Q-1:	|-1110-00 11110011 11111001 010110-+|
Q0:	|+10110-- --++---1 -0001010 1110101-| ok p=0.196289
Q1:	|+-..+1++ 00+1010+ +0...--. .-....--| ok p=0.342773
Q2:	|.0..0.++ 1001111+ +-.0.0+. .0....-.| ok p=1
Q3:	|11..0.1- ..1...-- .+.1.--. .-V...-0| ok p=0.547852
Q4:	|....V.-1 ..-...-+ 01.+.1+. .0....-0| ok p=0.717773
Q5:	|......0- ..0...+1 .0.-.01. .--...++| ok p=0.97168
Q6:	|....+.10 ..1...+0 .-.-..0. .-0...++| ok p=0.950195
Q7:	|....0..- ........ .-.-..-. .-1.....| ok p=0.93457
Q8:	|...-...- .+.....- ..+.+.-. ...-...+|
Saving 3000000 paths...cached.
Autobalance parameters: maxcond=236 (ab#:1)
Verified: 32 bad out of 3385387
Estimating maxcond for upper bound 6000000 (=3000000 * 2)...
t=8:  0%   10   20   30   40   50   60   70   80   90   100%
      |----|----|----|----|----|----|----|----|----|----|
e     ***************************************************
Found maxcond = 249
t=8:  0%   10   20   30   40   50   60   70   80   90   100%
      |----|----|----|----|----|----|----|----|----|----|
      ***************************************************
Q-3:	|01000110 11101010 01101111 10010110|
Q-2:	|-1010-00 01010001 00000011 011-++++|
Q-1:	|-1110-00 11110011 11111001 010110-+|
Q0:	|+10110-- --++---1 -0001010 1110101-| ok p=0.178711
Q1:	|+-..+1++ 00+1010+ +0..V--. .-....--| ok p=0.742188
Q2:	|.0..1.++ 10.1111+ +-V..0+. .0....-.| ok p=1
Q3:	|01.V0.0- ..1...-- 1+..+1+. .-V..1-0| ok p=0.938477
Q4:	|......-1 .V....-+ +--.1.+. .0...0-.| ok p=0.663086
Q5:	|...+..0- .1.....+ 011.0.0. .--..+..| ok p=0.921875
Q6:	|...0..-0 .-....0. +01...1. .-0..+0.| ok p=0.90332
Q7:	|...+..+- .-.....0 +.....-. .-1..-..| ok p=0.907227
Q8:	|...0..1+ .+...... ......-. ..-..+..| ok p=0.598633
Q9:	|+.-...+. ........ -.+..... ...-.-..|
Saving 3000000 paths...cached.
Autobalance parameters: maxcond=248 (ab#:1)
Verified: 4652 bad out of 3569759
Estimating maxcond for upper bound 6000000 (=3000000 * 2)...
t=9:  0%   10   20   30   40   50   60   70   80   90   100%
      |----|----|----|----|----|----|----|----|----|----|
e     ***************************************************
Found maxcond = 261
t=9:  0%   10   20   30   40   50   60   70   80   90   100%
      |----|----|----|----|----|----|----|----|----|----|
      ***************************************************
Q-3:	|01000110 11101010 01101111 10010110|
Q-2:	|-1010-00 01010001 00000011 011-++++|
Q-1:	|-1110-00 11110011 11111001 010110-+|
Q0:	|+10110-- --++---1 -0001010 1110101-| ok p=0.168945
Q1:	|+-..+0++ 00+1010+ +0..V--. .-....--| ok p=0.824219
Q2:	|.0.V1.++ 11.1111+ +-V..0+. .-....-.| ok p=1
Q3:	|01..0.-+ ..1...-- 1+0.+1+. .0V..V-0| ok p=0.935547
Q4:	|...-..-0 .V....0- 0+-.1.+. .+...0-.| ok p=0.609375
Q5:	|...0.V.- ......1. +++.0.0. .1-..+..| ok p=1
Q6:	|...1V110 V-.....1 +.+...1. .01..+0.| ok p=0.925781
Q7:	|...+.+.1 .0...... +0+V..-. ..0.....| ok p=0.919922
Q8:	|...+++.+ -0...... ..+...-. .....1..| ok p=0.886719
Q9:	|....0-.+ 0+...... 1..+.... ........| ok p=0.87793
Q10:	|....+..+ ..+..... .+.+...+ .+...-..|
Saving 2008585 paths...cached.
Autobalance parameters: maxcond=261 (ab#:0)
Verified: 17408 bad out of 2025993
Estimating maxcond for upper bound 6000000 (=3000000 * 2)...
t=10: 0%   10   20   30   40   50   60   70   80   90   100%
      |----|----|----|----|----|----|----|----|----|----|
e     ***************************************************
Found maxcond = 273
t=10: 0%   10   20   30   40   50   60   70   80   90   100%
      |----|----|----|----|----|----|----|----|----|----|
      ***************************************************
Q-3:	|01000110 11101010 01101111 10010110|
Q-2:	|-1010-00 01010001 00000011 011-++++|
Q-1:	|-1110-00 11110011 11111001 010110-+|
Q0:	|+10110-- --++---1 -0001010 1110101-| ok p=0.169922
Q1:	|+-..+0++ 00+1010+ +0..V--. .-....--| ok p=0.816406
Q2:	|.0.V1.++ 11.1111+ +-V..0+. .-....-.| ok p=1
Q3:	|01..0.-+ ..1...-- 1+0.+1+. .0V..V-0| ok p=0.942383
Q4:	|...-..-0 .V....0- 0+-.1.+. .+...0-.| ok p=0.636719
Q5:	|...0V..- .0....1. +++.10.. .1-..+..| ok p=1
Q6:	|.V.10.1- .+.....1 +.+..10. .00..+0.| ok p=0.708008
Q7:	|.0.++..1 .-...... +0+1.-.. ..1.V...| ok p=0.594727
Q8:	|.-.--V.1 .+...... ..-0.-.. .....0..| ok p=0.491211
Q9:	|.+.--..+ .1...... 0.--.... ....+...| ok p=0.841797
Q10:	|.+...-.0 .-...... ...+.1.. ....0...| ok p=0.930664
Q11:	|.+.-.+.. .-...... ...+.... -......+|
Saving 1740252 paths...cached.
Autobalance parameters: maxcond=273 (ab#:0)
Verified: 141436 bad out of 1881688
Estimating maxcond for upper bound 6000000 (=3000000 * 2)...
t=11: 0%   10   20   30   40   50   60   70   80   90   100%
      |----|----|----|----|----|----|----|----|----|----|
e     ***************************************************
Found maxcond = 284
t=11: 0%   10   20   30   40   50   60   70   80   90   100%
      |----|----|----|----|----|----|----|----|----|----|
      ***************************************************
Q-3:	|01000110 11101010 01101111 10010110|
Q-2:	|-1010-00 01010001 00000011 011-++++|
Q-1:	|-1110-00 11110011 11111001 010110-+|
Q0:	|+10110-- --++---1 -0001010 1110101-| ok p=0.188477
Q1:	|+-..+1++ 00+1010+ +0...--. .-....--| ok p=0.316406
Q2:	|.0..0.++ 1001111+ +-.0.0+. .0....-.| ok p=1
Q3:	|11..0.-+ ..1...-- .+.1.--. .-V..0-0| ok p=0.544922
Q4:	|.....0-0 ..-...-+ 01.+.1+. .0...1-.| ok p=0.702148
Q5:	|V....1.- ..0...+1 .1.-.01. .--..+..| ok p=0.969727
Q6:	|...V.+01 V.1...+0 ..0-0.0. .-0..+1.| ok p=0.5
Q7:	|+..1.-.- 0.....-. ..1-1.V. .-1.....| ok p=0.474609
Q8:	|0..-.-.0 -.....-. ..+1+.0. .....1..| ok p=0.458984
Q9:	|+..-.-.1 +.....+. ..--+.+. .1...V..| ok p=0.999023
Q10:	|+..-.-.. +.....-. ..1++.+. ........| ok p=0.475586
Q11:	|........ ......-. ..1--... .....-..| ok p=0.319336
Q12:	|+....... ...+.+.. ..-.+... .-..+...|
Saving 3000000 paths...done. (6.51014s)
Autobalance parameters: maxcond=283 (ab#:1)
Verified: 34496 bad out of 3988436
Runtime: 59.4725
