Warning: no OS randomness!
MD5 differential path toolbox
Copyright (C) 2009 Marc Stevens
http://homepages.cwi.nl/~stevens/

Loading workdir5/latest_bestpaths.bin.gz...done (loaded 16 paths).
Saving 16 paths to workdir5/joint_bestpaths.bin.gz...done.
Warning: no OS randomness!
MD5 differential path toolbox
Copyright (C) 2009 Marc Stevens
http://homepages.cwi.nl/~stevens/

Loading workdir5/latest_bestpaths.bin.gz...done (loaded 4 paths).
Loading workdir5/bestpaths_t37_c555.bin.gz...done (loaded 1 paths).
Loading workdir5/bestpaths_t37_c556.bin.gz...done (loaded 4 paths).
Loading workdir5/bestpaths_t37_c557.bin.gz...done (loaded 2 paths).
Saving 11 paths to workdir5/joint_bestpaths.bin.gz...done.
Warning: no OS randomness!
MD5 differential path toolbox
Copyright (C) 2009 Marc Stevens
http://homepages.cwi.nl/~stevens/

Loading workdir5/latest_bestpaths.bin.gz...done (loaded 8 paths).
Loading workdir5/bestpaths_t37_c555.bin.gz...done (loaded 1 paths).
Loading workdir5/bestpaths_t37_c556.bin.gz...done (loaded 8 paths).
Loading workdir5/bestpaths_t37_c557.bin.gz...done (loaded 2 paths).
Saving 19 paths to workdir5/joint_bestpaths.bin.gz...done.
Warning: no OS randomness!
MD5 differential path toolbox
Copyright (C) 2009 Marc Stevens
http://homepages.cwi.nl/~stevens/

Loading workdir5/latest_bestpaths.bin.gz...done (loaded 2 paths).
Loading workdir5/bestpaths_t37_c555.bin.gz...done (loaded 1 paths).
Loading workdir5/bestpaths_t37_c556.bin.gz...done (loaded 8 paths).
Loading workdir5/bestpaths_t37_c557.bin.gz...done (loaded 2 paths).
Loading workdir5/bestpaths_t39_c550.bin.gz...done (loaded 2 paths).
Loading workdir5/bestpaths_t39_c553.bin.gz...done (loaded 1 paths).
Saving 16 paths to workdir5/joint_bestpaths.bin.gz...done.
