Warning: no OS randomness!
MD5 differential path toolbox
Copyright (C) 2009 Marc Stevens
http://homepages.cwi.nl/~stevens/

IHV1   = {1189769110,1540328171,4109629786,3562079088}
IHV1   = 966fea46eb8acf5b5af9f3f4700351d4

IHV2   = {1189769110,3627092714,1895037273,1347486575}
IHV2   = 966fea46ea0a31d859f9f3706f035150

dIHV   = {0,2086764543,2080374783,2080374783}
NC0: delta c = delta d = [!0,31!]
NC0: delta b           = [!0,21,-23,31!]
NC1: delta c = delta d = [!26!]
NC1: delta b           = [!15,-17,26!]
NC0: prob=-9.18933
NC1: prob=-6.25755
delta m_11 = [!16!]
Q-3:	|01000110 11101010 01101111 10010110|
Q-2:	|-1010-00 01010001 00000011 011-++++|
Q-1:	|-1110-00 11110011 11111001 010110-+|
Q0:	|+10110-- --++---1 -0001010 1110101-| ok p=0.30957
Q1:	|.+.+.-.- ..+...+. -...-.+. .-...-.+|
Saved lower diff. path to 'workdir5/lowerpath.bin.gz'.

Q34:	|........ ........ ........ ........|
Q35:	|........ ........ ........ ........|
Q36:	|........ ........ ........ ........|
Q37:	|........ ........ ........ ........| ok p=1
Q38:	|........ ........ ........ ........| ok p=1
Q39:	|........ ........ ........ ........| ok p=1
Q40:	|........ ........ ........ ........| ok p=1
Q41:	|........ ........ ........ ........| ok p=1
Q42:	|........ ........ ........ ........| ok p=1
Q43:	|........ ........ ........ ........| ok p=1
Q44:	|........ ........ ........ ........| ok p=1
Q45:	|........ ........ ........ ........| ok p=1
Q46:	|........ ........ ........ ........| ok p=1
Q47:	|........ ........ ........ ........| ok p=1
Q48:	|........ ........ ........ ........| ok p=1
Q49:	|........ ........ ........ ........| ok p=1
Q50:	|........ ........ ........ ........| ok p=1
Q51:	|........ ........ ........ ........| ok p=1
Q52:	|........ ........ ........ ........| ok p=1
Q53:	|........ ........ ........ ........| ok p=1
Q54:	|........ ........ ........ ........| ok p=1
Q55:	|........ ........ ........ ........| ok p=1
Q56:	|........ ........ ........ ........| ok p=1
Q57:	|........ ........ ........ ........| ok p=1
Q58:	|........ ........ ........ ........| ok p=1
Q59:	|........ ........ ........ ........| ok p=1
Q60:	|.....0.. ........ ........ ........| ok p=1
Q61:	|....10.. ........ ........ ........| ok p=0.977539
Q62:	|....1+.. ........ ........ ........| ok p=1
Q63:	|....+-.. ........ ........ ........| ok p=0.948242
Q64:	|.....+.. .......- -....... ........|
Saved upper diff. path to 'workdir5/upperpath.bin.gz'.
Saved 'md5diffpathforward.cfg'.
Saved 'md5diffpathbackward.cfg'.
Saved 'md5diffpathconnect.cfg'.
Saved 'md5diffpathhelper.cfg'.
