Warning: no OS randomness!
MD5 differential path toolbox
Copyright (C) 2009 Marc Stevens
http://homepages.cwi.nl/~stevens/

Loading workdir3/latest_bestpaths.bin.gz...done (loaded 2 paths).
Loading workdir3/upperpath.bin.gz...done (loaded 1 paths).
Using this partial path to overwrite all paths in workdir3/latest_bestpaths.bin.gz:
Q34:	|........ ........ ........ ........|
Q35:	|........ ........ ........ ........|
Q36:	|........ ........ ........ ........|
Q37:	|........ ........ ........ ........| ok p=1
Q38:	|........ ........ ........ ........| ok p=1
Q39:	|........ ........ ........ ........| ok p=1
Q40:	|........ ........ ........ ........| ok p=1
Q41:	|........ ........ ........ ........| ok p=1
Q42:	|........ ........ ........ ........| ok p=1
Q43:	|........ ........ ........ ........| ok p=1
Q44:	|........ ........ ........ ........| ok p=1
Q45:	|........ ........ ........ ........| ok p=1
Q46:	|........ ........ ........ ........| ok p=1
Q47:	|........ ........ ........ ........| ok p=1
Q48:	|........ ........ ........ ........| ok p=1
Q49:	|........ ........ ........ ........| ok p=1
Q50:	|........ ........ ........ ........| ok p=1
Q51:	|........ ........ ........ ........| ok p=1
Q52:	|........ ........ ........ ........| ok p=1
Q53:	|........ ........ ........ ........| ok p=1
Q54:	|........ ........ ........ ........| ok p=1
Q55:	|........ ........ ........ ........| ok p=1
Q56:	|........ ........ ........ ........| ok p=1
Q57:	|........ ........ ........ ........| ok p=1
Q58:	|........ ........ ........ ........| ok p=1
Q59:	|........ ........ ........ ........| ok p=1
Q60:	|........ ........ ...0.... ........| ok p=1
Q61:	|........ ........ ..10.... ........| ok p=1
Q62:	|........ ........ ..0+.... ........| ok p=1
Q63:	|........ ........ ..+-.... ........| ok p=1
Q64:	|........ ........ ...+.... ......+.|
Saving 2 paths to workdir3/collfindpaths.bin.gz...done.
Q-3:	|00001100 10101110 10000010 11100001|
Q-2:	|-1000-+- --110100 000-0110 0110111-|
Q-1:	|+1011-01 +-000001 11-+1011 0100111-|
Q0:	|-01-++10 +1+001+- 0+0++101 11010-+-| ok p=0.675781
Q1:	|0-.0++.. .+0..+0+ .+1++0.. -1.-.++0| ok p=1
Q2:	|1011.-.. 1+1..-01 11..-+.. --.0.+-0| ok p=1
Q3:	|+10.0+.. .+...-1- .010++.. .-.+.01+| ok p=1
Q4:	|+0-..1.. .....-01 .+1.0+.. 1+.11-00| ok p=1
Q5:	|+1+..1.. .0...++1 .0-.+00. .+.-.+.0| ok p=1
Q6:	|1.0..... .....--. .1+1001. .1^1.-0-| ok p=1
Q7:	|0.-..... .....-0! ..-1+... .+++.00+| ok p=1
Q8:	|.!0..... .....-0. ..0--... .010.0+1| ok p=1
Q9:	|1^1...^. ^....1.. ..0+1... .+1+^0+0| ok p=1
Q10:	|0++0.1-. +.000100 .00-0.1. 0+.+^.0+| ok p=1
Q11:	|11+0.111 1^111+11 ^10-001^ 1+01+11+| ok p=1
Q12:	|01++^++0 0-+-+--+ ++--11-+ +-1001++| ok p=1
Q13:	|-+-----+ +0-+1+10 00++---1 01--+-0-| ok p=1
Q14:	|11-11001 ++100+00 1+1000+0 00100+10| ok p=1
Q15:	|00-10110 -10+.1.. 01-0100. .+111--0| ok p=0.816406
Q16:	|1.+.0... -1...+.. 1-..0.-. .+.-.0..| ok p=0.455078
Q17:	|-.1.1... 1..^.0.. 1.^.1... .1.0.0^.| ok p=0.364258
Q18:	|..1.+... +....0.. +^..+.^. .-.1.1..| ok p=0.71875
Q19:	|^.+....0 +....-.. ........ .-.0.+..| ok p=0.658203
Q20:	|....^..0 -..0...0 ^...^... .001...0| ok p=0.391602
Q21:	|..^....- 1..1.^.1 ....0... .11+.^.1| ok p=0.957031
Q22:	|........ 1..+...- ....1... ..+....+| ok p=0.896484
Q23:	|..0....^ ........ ....+.0. ..1^....| ok p=0.996094
Q24:	|..1...0. ...^...^ .0....1. ..0....^| ok p=0.866211
Q25:	|..-...1. ........ ....^.-. ........| ok p=0.867188
Q26:	|......-. ........ 0+...... .....0..| ok p=0.986328
Q27:	|..^..... ........ 1+....^. .....1..| ok p=1
Q28:	|......^. ........ +-...... .....+..| ok p=0.833008
Q29:	|........ ........ .0...... .....0..| ok p=0.994141
Q30:	|........ ........ ^1...... .....-..| ok p=1
Q31:	|........ ........ ........ .....-..| ok p=1
Q32:	|........ ........ ........ ........| ok p=1
Q33:	|........ ........ ........ .....!..| ok p=1
Q34:	|........ ........ ........ ........| ok p=1
Q35:	|........ ........ ........ ........| ok p=1
Q36:	|........ ........ ........ ........| ok p=1
Q37:	|........ ........ ........ ........| ok p=1
Q38:	|........ ........ ........ ........| ok p=1
Q39:	|........ ........ ........ ........| ok p=1
Q40:	|........ ........ ........ ........| ok p=1
Q41:	|........ ........ ........ ........| ok p=1
Q42:	|........ ........ ........ ........| ok p=1
Q43:	|........ ........ ........ ........| ok p=1
Q44:	|........ ........ ........ ........| ok p=1
Q45:	|........ ........ ........ ........| ok p=1
Q46:	|........ ........ ........ ........| ok p=1
Q47:	|........ ........ ........ ........| ok p=1
Q48:	|........ ........ ........ ........| ok p=1
Q49:	|........ ........ ........ ........| ok p=1
Q50:	|........ ........ ........ ........| ok p=1
Q51:	|........ ........ ........ ........| ok p=1
Q52:	|........ ........ ........ ........| ok p=1
Q53:	|........ ........ ........ ........| ok p=1
Q54:	|........ ........ ........ ........| ok p=1
Q55:	|........ ........ ........ ........| ok p=1
Q56:	|........ ........ ........ ........| ok p=1
Q57:	|........ ........ ........ ........| ok p=1
Q58:	|........ ........ ........ ........| ok p=1
Q59:	|........ ........ ........ ........| ok p=1
Q60:	|........ ........ ...0.... ........| ok p=1
Q61:	|........ ........ ..10.... ........| ok p=1
Q62:	|........ ........ ..0+.... ........| ok p=1
Q63:	|........ ........ ..+-.... ........| ok p=1
Q64:	|........ ........ ...+.... ......+.|
Warning: no OS randomness!
MD5 differential path toolbox
Copyright (C) 2009 Marc Stevens
http://homepages.cwi.nl/~stevens/

Loading workdir3/joint_bestpaths.bin.gz...done (loaded 1 paths).
Loading workdir3/upperpath.bin.gz...done (loaded 1 paths).
Using this partial path to overwrite all paths in workdir3/joint_bestpaths.bin.gz:
Q34:	|........ ........ ........ ........|
Q35:	|........ ........ ........ ........|
Q36:	|........ ........ ........ ........|
Q37:	|........ ........ ........ ........| ok p=1
Q38:	|........ ........ ........ ........| ok p=1
Q39:	|........ ........ ........ ........| ok p=1
Q40:	|........ ........ ........ ........| ok p=1
Q41:	|........ ........ ........ ........| ok p=1
Q42:	|........ ........ ........ ........| ok p=1
Q43:	|........ ........ ........ ........| ok p=1
Q44:	|........ ........ ........ ........| ok p=1
Q45:	|........ ........ ........ ........| ok p=1
Q46:	|........ ........ ........ ........| ok p=1
Q47:	|........ ........ ........ ........| ok p=1
Q48:	|........ ........ ........ ........| ok p=1
Q49:	|........ ........ ........ ........| ok p=1
Q50:	|........ ........ ........ ........| ok p=1
Q51:	|........ ........ ........ ........| ok p=1
Q52:	|........ ........ ........ ........| ok p=1
Q53:	|........ ........ ........ ........| ok p=1
Q54:	|........ ........ ........ ........| ok p=1
Q55:	|........ ........ ........ ........| ok p=1
Q56:	|........ ........ ........ ........| ok p=1
Q57:	|........ ........ ........ ........| ok p=1
Q58:	|........ ........ ........ ........| ok p=1
Q59:	|........ ........ ........ ........| ok p=1
Q60:	|........ ........ ...0.... ........| ok p=1
Q61:	|........ ........ ..10.... ........| ok p=1
Q62:	|........ ........ ..0+.... ........| ok p=1
Q63:	|........ ........ ..+-.... ........| ok p=1
Q64:	|........ ........ ...+.... ......+.|
Saving 1 paths to workdir3/collfindpaths.bin.gz...done.
Q-3:	|00001100 10101110 10000010 11100001|
Q-2:	|-1000-+- --110100 000-0110 0110111-|
Q-1:	|+1011-01 +-000001 11-+1011 0100111-|
Q0:	|-01-++10 +1+001+- 0+0++101 11010-+-| ok p=0.657227
Q1:	|0-.0++.. .+0..+0+ .+1++0.. -1.-.++0| ok p=1
Q2:	|1011.-.. 1+1..-01 .1..-+.. --.0.+-0| ok p=1
Q3:	|+10.0+.. .+...-1- ^010++.. .-.+.01+| ok p=1
Q4:	|+0-..1.. .....-01 .+1.0+.. 1+.11-00| ok p=1
Q5:	|+1+..1.. .0...++1 .0-.+00. .+.-.+.0| ok p=1
Q6:	|1.0..... .....--. .1+^001. .1^1.-.-| ok p=1
Q7:	|0.-..... ....1-0! ..-+-... .+++.0.+| ok p=1
Q8:	|.!1..... ....0-00 ..-1+... .001.+.0| ok p=1
Q9:	|101..... ....-..0 ...1+... .-00.+.1| ok p=1
Q10:	|00-100.. ^01^00.- 1^1.-.0. 0-01.+0.| ok p=1
Q11:	|1-0010^^ +11--.^+ 0-0^-.11 1-1-^+1.| ok p=1
Q12:	|-+-+-+++ 1++1+0+- -1+++.-0 +1+1+++.| ok p=1
Q13:	|------10 -0-++101 0-011.++ +++101+.| ok p=1
Q14:	|.1-1.000 +-101+10 0+110.01 .1.00+1.| ok p=1
Q15:	|01-011.. -010+0.. .0-0..-1 1+1-.--.| ok p=1
Q16:	|1.+.0... 00..+1.. 1-..0.-. .+...0..| ok p=0.373047
Q17:	|+.1.1... +...01.. 1.^.1.0. .1.^.0^.| ok p=0.341797
Q18:	|..1.+... +...10.. +^..+.1. .-...1..| ok p=0.726562
Q19:	|^.+....0 -....-.. ........ .-.0.+..| ok p=0.642578
Q20:	|....^..1 -..0...0 ^...^... .001...0| ok p=0.383789
Q21:	|..^....- 0..1.^.1 ....0... .11+.^.1| ok p=0.955078
Q22:	|........ 0..+...- ....1... ..+....+| ok p=0.905273
Q23:	|..0....^ ........ ....+.0. ..1^....| ok p=0.99707
Q24:	|..1...0. ...^...^ .0....1. ..0....^| ok p=0.862305
Q25:	|..-...1. ........ ....^.-. ........| ok p=0.892578
Q26:	|......-. ........ 0+...... .....0..| ok p=0.985352
Q27:	|..^..... ........ 1+....^. .....1..| ok p=1
Q28:	|......^. ........ +-...... .....+..| ok p=0.853516
Q29:	|........ ........ .0...... .....0..| ok p=0.992188
Q30:	|........ ........ ^1...... .....-..| ok p=1
Q31:	|........ ........ ........ .....-..| ok p=1
Q32:	|........ ........ ........ ........| ok p=1
Q33:	|........ ........ ........ .....!..| ok p=1
Q34:	|........ ........ ........ ........| ok p=1
Q35:	|........ ........ ........ ........| ok p=1
Q36:	|........ ........ ........ ........| ok p=1
Q37:	|........ ........ ........ ........| ok p=1
Q38:	|........ ........ ........ ........| ok p=1
Q39:	|........ ........ ........ ........| ok p=1
Q40:	|........ ........ ........ ........| ok p=1
Q41:	|........ ........ ........ ........| ok p=1
Q42:	|........ ........ ........ ........| ok p=1
Q43:	|........ ........ ........ ........| ok p=1
Q44:	|........ ........ ........ ........| ok p=1
Q45:	|........ ........ ........ ........| ok p=1
Q46:	|........ ........ ........ ........| ok p=1
Q47:	|........ ........ ........ ........| ok p=1
Q48:	|........ ........ ........ ........| ok p=1
Q49:	|........ ........ ........ ........| ok p=1
Q50:	|........ ........ ........ ........| ok p=1
Q51:	|........ ........ ........ ........| ok p=1
Q52:	|........ ........ ........ ........| ok p=1
Q53:	|........ ........ ........ ........| ok p=1
Q54:	|........ ........ ........ ........| ok p=1
Q55:	|........ ........ ........ ........| ok p=1
Q56:	|........ ........ ........ ........| ok p=1
Q57:	|........ ........ ........ ........| ok p=1
Q58:	|........ ........ ........ ........| ok p=1
Q59:	|........ ........ ........ ........| ok p=1
Q60:	|........ ........ ...0.... ........| ok p=1
Q61:	|........ ........ ..10.... ........| ok p=1
Q62:	|........ ........ ..0+.... ........| ok p=1
Q63:	|........ ........ ..+-.... ........| ok p=1
Q64:	|........ ........ ...+.... ......+.|
Warning: no OS randomness!
MD5 differential path toolbox
Copyright (C) 2009 Marc Stevens
http://homepages.cwi.nl/~stevens/

Loading workdir3/joint_bestpaths.bin.gz...done (loaded 2 paths).
Loading workdir3/upperpath.bin.gz...done (loaded 1 paths).
Using this partial path to overwrite all paths in workdir3/joint_bestpaths.bin.gz:
Q34:	|........ ........ ........ ........|
Q35:	|........ ........ ........ ........|
Q36:	|........ ........ ........ ........|
Q37:	|........ ........ ........ ........| ok p=1
Q38:	|........ ........ ........ ........| ok p=1
Q39:	|........ ........ ........ ........| ok p=1
Q40:	|........ ........ ........ ........| ok p=1
Q41:	|........ ........ ........ ........| ok p=1
Q42:	|........ ........ ........ ........| ok p=1
Q43:	|........ ........ ........ ........| ok p=1
Q44:	|........ ........ ........ ........| ok p=1
Q45:	|........ ........ ........ ........| ok p=1
Q46:	|........ ........ ........ ........| ok p=1
Q47:	|........ ........ ........ ........| ok p=1
Q48:	|........ ........ ........ ........| ok p=1
Q49:	|........ ........ ........ ........| ok p=1
Q50:	|........ ........ ........ ........| ok p=1
Q51:	|........ ........ ........ ........| ok p=1
Q52:	|........ ........ ........ ........| ok p=1
Q53:	|........ ........ ........ ........| ok p=1
Q54:	|........ ........ ........ ........| ok p=1
Q55:	|........ ........ ........ ........| ok p=1
Q56:	|........ ........ ........ ........| ok p=1
Q57:	|........ ........ ........ ........| ok p=1
Q58:	|........ ........ ........ ........| ok p=1
Q59:	|........ ........ ........ ........| ok p=1
Q60:	|........ ........ ...0.... ........| ok p=1
Q61:	|........ ........ ..10.... ........| ok p=1
Q62:	|........ ........ ..0+.... ........| ok p=1
Q63:	|........ ........ ..+-.... ........| ok p=1
Q64:	|........ ........ ...+.... ......+.|
Saving 2 paths to workdir3/collfindpaths.bin.gz...done.
Q-3:	|00001100 10101110 10000010 11100001|
Q-2:	|-1000-+- --110100 000-0110 0110111-|
Q-1:	|+1011-01 +-000001 11-+1011 0100111-|
Q0:	|-01-++10 +1+001+- 0+0++101 11010-+-| ok p=0.648438
Q1:	|0-.0++.. .+0..+0+ .+1++0.. -1.-.++0| ok p=1
Q2:	|1011.-.. 1+1..-01 .1..-+.. --.0.+-0| ok p=1
Q3:	|+10.0+.. .+...-1- ^010++.. .-.+.01+| ok p=1
Q4:	|+0-..1.. .....-01 .+1.0+.. 1+.11-00| ok p=1
Q5:	|+1+..1.. .0...++1 .0-.+00. .+.-.+.0| ok p=1
Q6:	|1.0..... .....--. .1+^001. .1^1.-.-| ok p=1
Q7:	|0.-..... ....1-0! ..-+-... .+++.0.+| ok p=1
Q8:	|.!1..... ....0-00 ..-1+... .001.+.0| ok p=1
Q9:	|101..... ....-..0 ...1+... .-00.+.1| ok p=1
Q10:	|00-100.. ^01^00.- 1^1.-.0. 0-01.+0.| ok p=1
Q11:	|1-0010^^ +11--.^+ 0-0^-.11 1-1-^+1.| ok p=1
Q12:	|-+-+-+++ 1++1+0+- -1+++.-0 +1+1+++.| ok p=1
Q13:	|------10 -0-++101 0-011.++ +++101+.| ok p=1
Q14:	|.1-1.000 +-101+10 0+110.01 .1.00+1.| ok p=1
Q15:	|01-011.. -010+0.. .0-0..-1 1+1-.--.| ok p=1
Q16:	|1.+.0... 00..+1.. 1-..0.-. .+...0..| ok p=0.362305
Q17:	|+.1.1... +...01.. 1.^.1.0. .1.^.0^.| ok p=0.386719
Q18:	|..1.+... +...10.. +^..+.1. .-...1..| ok p=0.761719
Q19:	|^.+....0 -....-.. ........ .-.0.+..| ok p=0.658203
Q20:	|....^..1 -..0...0 ^...^... .001...0| ok p=0.382812
Q21:	|..^....- 0..1.^.1 ....0... .11+.^.1| ok p=0.964844
Q22:	|........ 0..+...- ....1... ..+....+| ok p=0.90332
Q23:	|..0....^ ........ ....+.0. ..1^....| ok p=0.99707
Q24:	|..1...0. ...^...^ .0....1. ..0....^| ok p=0.839844
Q25:	|..-...1. ........ ....^.-. ........| ok p=0.873047
Q26:	|......-. ........ 0+...... .....0..| ok p=0.982422
Q27:	|..^..... ........ 1+....^. .....1..| ok p=1
Q28:	|......^. ........ +-...... .....+..| ok p=0.844727
Q29:	|........ ........ .0...... .....0..| ok p=0.99707
Q30:	|........ ........ ^1...... .....-..| ok p=1
Q31:	|........ ........ ........ .....-..| ok p=1
Q32:	|........ ........ ........ ........| ok p=1
Q33:	|........ ........ ........ .....!..| ok p=1
Q34:	|........ ........ ........ ........| ok p=1
Q35:	|........ ........ ........ ........| ok p=1
Q36:	|........ ........ ........ ........| ok p=1
Q37:	|........ ........ ........ ........| ok p=1
Q38:	|........ ........ ........ ........| ok p=1
Q39:	|........ ........ ........ ........| ok p=1
Q40:	|........ ........ ........ ........| ok p=1
Q41:	|........ ........ ........ ........| ok p=1
Q42:	|........ ........ ........ ........| ok p=1
Q43:	|........ ........ ........ ........| ok p=1
Q44:	|........ ........ ........ ........| ok p=1
Q45:	|........ ........ ........ ........| ok p=1
Q46:	|........ ........ ........ ........| ok p=1
Q47:	|........ ........ ........ ........| ok p=1
Q48:	|........ ........ ........ ........| ok p=1
Q49:	|........ ........ ........ ........| ok p=1
Q50:	|........ ........ ........ ........| ok p=1
Q51:	|........ ........ ........ ........| ok p=1
Q52:	|........ ........ ........ ........| ok p=1
Q53:	|........ ........ ........ ........| ok p=1
Q54:	|........ ........ ........ ........| ok p=1
Q55:	|........ ........ ........ ........| ok p=1
Q56:	|........ ........ ........ ........| ok p=1
Q57:	|........ ........ ........ ........| ok p=1
Q58:	|........ ........ ........ ........| ok p=1
Q59:	|........ ........ ........ ........| ok p=1
Q60:	|........ ........ ...0.... ........| ok p=1
Q61:	|........ ........ ..10.... ........| ok p=1
Q62:	|........ ........ ..0+.... ........| ok p=1
Q63:	|........ ........ ..+-.... ........| ok p=1
Q64:	|........ ........ ...+.... ......+.|
