Warning: no OS randomness!
MD5 differential path toolbox
Copyright (C) 2009 Marc Stevens
http://homepages.cwi.nl/~stevens/

delta_m[11] = [!2!]
Q-3:	|00001100 10101110 10000010 11100001|
Q-2:	|-1000-+- --110100 000-0110 0110111-|
Q-1:	|+1011-01 +-000001 11-+1011 0100111-|
Q0:	|-01-++10 +1+001+- 0+0++101 11010-+-| ok p=0.663086
Q1:	|0-.0++.. .+0..+0+ .+1++0.. -1.-.++0| ok p=1
Q2:	|1011.-.. 1+1..-01 11..-+.. --.0.+-0| ok p=1
Q3:	|+10.0+.. .+...-1- .010++.. .-.+.01+| ok p=1
Q4:	|+0-..1.. .....-01 .+1.0+.. 1+.11-00| ok p=1
Q5:	|+1+..1.. .0...++1 .0-.+00. .+.-.+.0| ok p=1
Q6:	|1.0..... .....--. .1+1001. .1^1.-0-| ok p=1
Q7:	|0.-..... .....-0! ..-1+... .+++.00+| ok p=1
Q8:	|.!0..... .....-0. ..0--... .010.0+1| ok p=1
Q9:	|1^1...^. ^....1.. ..0+1... .+1+^0+0| ok p=1
Q10:	|0++0.1-. +.000100 .00-0.1. 0+.+^.0+| ok p=1
Q11:	|11+0.111 1^111+11 ^10-001^ 1+01+11+| ok p=1
Q12:	|01++^++0 0-+-+--+ ++--11-+ +-1001++| ok p=1
Q13:	|-+-----+ +0-+1+10 00++---1 01--+-0-| ok p=1
Q14:	|11-11001 ++100+00 1+1000+0 00100+10| ok p=1
Q15:	|00-10110 -10+.1.. 01-0100. .+111--0| ok p=0.828125
Q16:	|1.+.0... -1...+.. 1-..0.-. .+.-.0..| ok p=0.495117
Q17:	|-.1.1... 1..^.0.. 1.^.1... .1.0.0^.| ok p=0.370117
Q18:	|..1.+... +....0.. +^..+.^. .-.1.1..| ok p=0.726562
Q19:	|^.+....0 +....-.. ........ .-.0.+..| ok p=0.62793
Q20:	|....^..0 -..0...0 ^...^... .001...0| ok p=0.353516
Q21:	|..^....- 1..1.^.1 ....0... .11+.^.1| ok p=0.967773
Q22:	|........ 1..+...- ....1... ..+....+| ok p=0.919922
Q23:	|..0....^ ........ ....+.0. ..1^....| ok p=0.999023
Q24:	|..1...0. ...^...^ .0....1. ..0....^| ok p=0.87207
Q25:	|..-...1. ........ ....^.-. ........| ok p=0.894531
Q26:	|......-. ........ 0+...... .....0..| ok p=0.983398
Q27:	|..^..... ........ 1+....^. .....1..| ok p=1
Q28:	|......^. ........ +-...... .....+..| ok p=0.851562
Q29:	|........ ........ .0...... .....0..| ok p=0.99707
Q30:	|........ ........ ^1...... .....-..| ok p=1
Q31:	|........ ........ ........ .....-..| ok p=1
Q32:	|........ ........ ........ ........| ok p=1
Q33:	|........ ........ ........ .....!..| ok p=1
Q34:	|........ ........ ........ ........| ok p=1
Q35:	|........ ........ ........ ........| ok p=1
Q36:	|........ ........ ........ ........| ok p=1
Q37:	|........ ........ ........ ........| ok p=1
Q38:	|........ ........ ........ ........| ok p=1
Q39:	|........ ........ ........ ........| ok p=1
Q40:	|........ ........ ........ ........| ok p=1
Q41:	|........ ........ ........ ........| ok p=1
Q42:	|........ ........ ........ ........| ok p=1
Q43:	|........ ........ ........ ........| ok p=1
Q44:	|........ ........ ........ ........| ok p=1
Q45:	|........ ........ ........ ........| ok p=1
Q46:	|........ ........ ........ ........| ok p=1
Q47:	|........ ........ ........ ........| ok p=1
Q48:	|........ ........ ........ ........| ok p=1
Q49:	|........ ........ ........ ........| ok p=1
Q50:	|........ ........ ........ ........| ok p=1
Q51:	|........ ........ ........ ........| ok p=1
Q52:	|........ ........ ........ ........| ok p=1
Q53:	|........ ........ ........ ........| ok p=1
Q54:	|........ ........ ........ ........| ok p=1
Q55:	|........ ........ ........ ........| ok p=1
Q56:	|........ ........ ........ ........| ok p=1
Q57:	|........ ........ ........ ........| ok p=1
Q58:	|........ ........ ........ ........| ok p=1
Q59:	|........ ........ ........ ........| ok p=1
Q60:	|........ ........ ...0.... ........| ok p=1
Q61:	|........ ........ ..10.... ........| ok p=1
Q62:	|........ ........ ..0+.... ........| ok p=1
Q63:	|........ ........ ..+-.... ........| ok p=1
Q64:	|........ ........ ...+.... ......+.|
Starting...
20: Q5m5tunnel      = 3
20: Q4m5tunnel      = 1
20: Q14m6Q3m5tunnel = 0
21: Q10m10tunnel    = 2
21: Q9m10tunnel     = 5
22: Q8Q12m15tunnel  = 0
23: Q4m4tunnel      = 13
24: Q9m9tunnel      = 9
25: Q14Q3m14tunnel  = 0
.20: Q5m5tunnel      = 3
20: Q4m5tunnel      = 1
20: Q14m6Q3m5tunnel = 0
21: Q10m10tunnel    = 2
21: Q9m10tunnel     = 5
22: Q8Q12m15tunnel  = 0
23: Q4m4tunnel      = 13
24: Q9m9tunnel      = 9
25: Q14Q3m14tunnel  = 0
.20: Q5m5tunnel      = 3
20: Q4m5tunnel      = 1
20: Q14m6Q3m5tunnel = 0
21: Q10m10tunnel    = 2
21: Q9m10tunnel     = 5
22: Q8Q12m15tunnel  = 0
23: Q4m4tunnel      = 13
24: Q9m9tunnel      = 9
25: Q14Q3m14tunnel  = 0
.20: Q5m5tunnel      = 3
20: Q4m5tunnel      = 1
20: Q14m6Q3m5tunnel = 0
21: Q10m10tunnel    = 2
21: Q9m10tunnel     = 5
22: Q8Q12m15tunnel  = 0
23: Q4m4tunnel      = 13
24: Q9m9tunnel      = 9
25: Q14Q3m14tunnel  = 0
.20: Q5m5tunnel      = 3
20: Q4m5tunnel      = 1
20: Q14m6Q3m5tunnel = 0
21: Q10m10tunnel    = 2
21: Q9m10tunnel     = 5
22: Q8Q12m15tunnel  = 0
23: Q4m4tunnel      = 13
24: Q9m9tunnel      = 9
25: Q14Q3m14tunnel  = 0
.20: Q5m5tunnel      = 3
20: Q4m5tunnel      = 1
20: Q14m6Q3m5tunnel = 0
21: Q10m10tunnel    = 2
21: Q9m10tunnel     = 5
22: Q8Q12m15tunnel  = 0
23: Q4m4tunnel      = 13
24: Q9m9tunnel      = 9
25: Q14Q3m14tunnel  = 0
.1 0
2 0
4 0
8 0
16 0
32 0
64 0
128 0
256 0
512 0
1024 0
2048 0
Warning: no OS randomness!
MD5 differential path toolbox
Copyright (C) 2009 Marc Stevens
http://homepages.cwi.nl/~stevens/

delta_m[11] = [!2!]
Q-3:	|00001100 10101110 10000010 11100001|
Q-2:	|-1000-+- --110100 000-0110 0110111-|
Q-1:	|+1011-01 +-000001 11-+1011 0100111-|
Q0:	|-01-++10 +1+001+- 0+0++101 11010-+-| ok p=0.65332
Q1:	|0-.0++.. .+0..+0+ .+1++0.. -1.-.++0| ok p=1
Q2:	|1011.-.. 1+1..-01 .1..-+.. --.0.+-0| ok p=1
Q3:	|+10.0+.. .+...-1- ^010++.. .-.+.01+| ok p=1
Q4:	|+0-..1.. .....-01 .+1.0+.. 1+.11-00| ok p=1
Q5:	|+1+..1.. .0...++1 .0-.+00. .+.-.+.0| ok p=1
Q6:	|1.0..... .....--. .1+^001. .1^1.-.-| ok p=1
Q7:	|0.-..... ....1-0! ..-+-... .+++.0.+| ok p=1
Q8:	|.!1..... ....0-00 ..-1+... .001.+.0| ok p=1
Q9:	|101..... ....-..0 ...1+... .-00.+.1| ok p=1
Q10:	|00-100.. ^01^00.- 1^1.-.0. 0-01.+0.| ok p=1
Q11:	|1-0010^^ +11--.^+ 0-0^-.11 1-1-^+1.| ok p=1
Q12:	|-+-+-+++ 1++1+0+- -1+++.-0 +1+1+++.| ok p=1
Q13:	|------10 -0-++101 0-011.++ +++101+.| ok p=1
Q14:	|.1-1.000 +-101+10 0+110.01 .1.00+1.| ok p=1
Q15:	|01-011.. -010+0.. .0-0..-1 1+1-.--.| ok p=1
Q16:	|1.+.0... 00..+1.. 1-..0.-. .+...0..| ok p=0.400391
Q17:	|+.1.1... +...01.. 1.^.1.0. .1.^.0^.| ok p=0.358398
Q18:	|..1.+... +...10.. +^..+.1. .-...1..| ok p=0.71582
Q19:	|^.+....0 -....-.. ........ .-.0.+..| ok p=0.65918
Q20:	|....^..1 -..0...0 ^...^... .001...0| ok p=0.382812
Q21:	|..^....- 0..1.^.1 ....0... .11+.^.1| ok p=0.960938
Q22:	|........ 0..+...- ....1... ..+....+| ok p=0.912109
Q23:	|..0....^ ........ ....+.0. ..1^....| ok p=0.995117
Q24:	|..1...0. ...^...^ .0....1. ..0....^| ok p=0.849609
Q25:	|..-...1. ........ ....^.-. ........| ok p=0.892578
Q26:	|......-. ........ 0+...... .....0..| ok p=0.980469
Q27:	|..^..... ........ 1+....^. .....1..| ok p=1
Q28:	|......^. ........ +-...... .....+..| ok p=0.849609
Q29:	|........ ........ .0...... .....0..| ok p=0.996094
Q30:	|........ ........ ^1...... .....-..| ok p=1
Q31:	|........ ........ ........ .....-..| ok p=1
Q32:	|........ ........ ........ ........| ok p=1
Q33:	|........ ........ ........ .....!..| ok p=1
Q34:	|........ ........ ........ ........| ok p=1
Q35:	|........ ........ ........ ........| ok p=1
Q36:	|........ ........ ........ ........| ok p=1
Q37:	|........ ........ ........ ........| ok p=1
Q38:	|........ ........ ........ ........| ok p=1
Q39:	|........ ........ ........ ........| ok p=1
Q40:	|........ ........ ........ ........| ok p=1
Q41:	|........ ........ ........ ........| ok p=1
Q42:	|........ ........ ........ ........| ok p=1
Q43:	|........ ........ ........ ........| ok p=1
Q44:	|........ ........ ........ ........| ok p=1
Q45:	|........ ........ ........ ........| ok p=1
Q46:	|........ ........ ........ ........| ok p=1
Q47:	|........ ........ ........ ........| ok p=1
Q48:	|........ ........ ........ ........| ok p=1
Q49:	|........ ........ ........ ........| ok p=1
Q50:	|........ ........ ........ ........| ok p=1
Q51:	|........ ........ ........ ........| ok p=1
Q52:	|........ ........ ........ ........| ok p=1
Q53:	|........ ........ ........ ........| ok p=1
Q54:	|........ ........ ........ ........| ok p=1
Q55:	|........ ........ ........ ........| ok p=1
Q56:	|........ ........ ........ ........| ok p=1
Q57:	|........ ........ ........ ........| ok p=1
Q58:	|........ ........ ........ ........| ok p=1
Q59:	|........ ........ ........ ........| ok p=1
Q60:	|........ ........ ...0.... ........| ok p=1
Q61:	|........ ........ ..10.... ........| ok p=1
Q62:	|........ ........ ..0+.... ........| ok p=1
Q63:	|........ ........ ..+-.... ........| ok p=1
Q64:	|........ ........ ...+.... ......+.|
Starting...
20: Q5m5tunnel      = 3
20: Q4m5tunnel      = 2
20: Q14m6Q3m5tunnel = 2
21: Q10m10tunnel    = 1
21: Q9m10tunnel     = 6
22: Q8Q12m15tunnel  = 1
23: Q4m4tunnel      = 12
24: Q9m9tunnel      = 7
25: Q14Q3m14tunnel  = 0
.20: Q5m5tunnel      = 3
20: Q4m5tunnel      = 2
20: Q14m6Q3m5tunnel = 2
21: Q10m10tunnel    = 1
21: Q9m10tunnel     = 6
22: Q8Q12m15tunnel  = 1
23: Q4m4tunnel      = 12
24: Q9m9tunnel      = 7
25: Q14Q3m14tunnel  = 0
.20: Q5m5tunnel      = 3
20: Q4m5tunnel      = 2
20: Q14m6Q3m5tunnel = 2
21: Q10m10tunnel    = 1
21: Q9m10tunnel     = 6
22: Q8Q12m15tunnel  = 1
23: Q4m4tunnel      = 12
24: Q9m9tunnel      = 7
25: Q14Q3m14tunnel  = 0
.20: Q5m5tunnel      = 3
20: Q4m5tunnel      = 2
20: Q14m6Q3m5tunnel = 2
21: Q10m10tunnel    = 1
21: Q9m10tunnel     = 6
22: Q8Q12m15tunnel  = 1
23: Q4m4tunnel      = 12
24: Q9m9tunnel      = 7
25: Q14Q3m14tunnel  = 0
20: Q5m5tunnel      = 3
20: Q4m5tunnel      = 2
20: Q14m6Q3m5tunnel = 2
21: Q10m10tunnel    = 1
21: Q9m10tunnel     = 6
22: Q8Q12m15tunnel  = 1
23: Q4m4tunnel      = 12
24: Q9m9tunnel      = 7
25: Q14Q3m14tunnel  = 0
.20: Q5m5tunnel      = 3
20: Q4m5tunnel      = 2
20: Q14m6Q3m5tunnel = 2
21: Q10m10tunnel    = 1
21: Q9m10tunnel     = 6
22: Q8Q12m15tunnel  = 1
23: Q4m4tunnel      = 12
24: Q9m9tunnel      = 7
25: Q14Q3m14tunnel  = 0
..1 0
2 0
4 0
8 0
16 0
32 0
64 0
128 0
256 0
512 0
1024 0
2048 0
4096 0
8192 0
10079 1
16384 1
32768 1
65536 1
131072 1
Warning: no OS randomness!
MD5 differential path toolbox
Copyright (C) 2009 Marc Stevens
http://homepages.cwi.nl/~stevens/

delta_m[11] = [!2!]
Q-3:	|00001100 10101110 10000010 11100001|
Q-2:	|-1000-+- --110100 000-0110 0110111-|
Q-1:	|+1011-01 +-000001 11-+1011 0100111-|
Q0:	|-01-++10 +1+001+- 0+0++101 11010-+-| ok p=0.657227
Q1:	|0-.0++.. .+0..+0+ .+1++0.. -1.-.++0| ok p=1
Q2:	|1011.-.. 1+1..-01 .1..-+.. --.0.+-0| ok p=1
Q3:	|+10.0+.. .+...-1- ^010++.. .-.+.01+| ok p=1
Q4:	|+0-..1.. .....-01 .+1.0+.. 1+.11-00| ok p=1
Q5:	|+1+..1.. .0...++1 .0-.+00. .+.-.+.0| ok p=1
Q6:	|1.0..... .....--. .1+^001. .1^1.-.-| ok p=1
Q7:	|0.-..... ....1-0! ..-+-... .+++.0.+| ok p=1
Q8:	|.!1..... ....0-00 ..-1+... .001.+.0| ok p=0.999023
Q9:	|101..... ....-..0 ...1+... .-00.+.1| ok p=1
Q10:	|00-100.. ^01^00.- 1^1.-.0. 0-01.+0.| ok p=1
Q11:	|1-0010^^ +11--.^+ 0-0^-.11 1-1-^+1.| ok p=1
Q12:	|-+-+-+++ 1++1+0+- -1+++.-0 +1+1+++.| ok p=1
Q13:	|------10 -0-++101 0-011.++ +++101+.| ok p=1
Q14:	|.1-1.000 +-101+10 0+110.01 .1.00+1.| ok p=1
Q15:	|01-011.. -010+0.. .0-0..-1 1+1-.--.| ok p=1
Q16:	|1.+.0... 00..+1.. 1-..0.-. .+...0..| ok p=0.365234
Q17:	|+.1.1... +...01.. 1.^.1.0. .1.^.0^.| ok p=0.400391
Q18:	|..1.+... +...10.. +^..+.1. .-...1..| ok p=0.744141
Q19:	|^.+....0 -....-.. ........ .-.0.+..| ok p=0.666992
Q20:	|....^..1 -..0...0 ^...^... .001...0| ok p=0.367188
Q21:	|..^....- 0..1.^.1 ....0... .11+.^.1| ok p=0.960938
Q22:	|........ 0..+...- ....1... ..+....+| ok p=0.899414
Q23:	|..0....^ ........ ....+.0. ..1^....| ok p=0.996094
Q24:	|..1...0. ...^...^ .0....1. ..0....^| ok p=0.852539
Q25:	|..-...1. ........ ....^.-. ........| ok p=0.891602
Q26:	|......-. ........ 0+...... .....0..| ok p=0.983398
Q27:	|..^..... ........ 1+....^. .....1..| ok p=1
Q28:	|......^. ........ +-...... .....+..| ok p=0.844727
Q29:	|........ ........ .0...... .....0..| ok p=0.993164
Q30:	|........ ........ ^1...... .....-..| ok p=1
Q31:	|........ ........ ........ .....-..| ok p=1
Q32:	|........ ........ ........ ........| ok p=1
Q33:	|........ ........ ........ .....!..| ok p=1
Q34:	|........ ........ ........ ........| ok p=1
Q35:	|........ ........ ........ ........| ok p=1
Q36:	|........ ........ ........ ........| ok p=1
Q37:	|........ ........ ........ ........| ok p=1
Q38:	|........ ........ ........ ........| ok p=1
Q39:	|........ ........ ........ ........| ok p=1
Q40:	|........ ........ ........ ........| ok p=1
Q41:	|........ ........ ........ ........| ok p=1
Q42:	|........ ........ ........ ........| ok p=1
Q43:	|........ ........ ........ ........| ok p=1
Q44:	|........ ........ ........ ........| ok p=1
Q45:	|........ ........ ........ ........| ok p=1
Q46:	|........ ........ ........ ........| ok p=1
Q47:	|........ ........ ........ ........| ok p=1
Q48:	|........ ........ ........ ........| ok p=1
Q49:	|........ ........ ........ ........| ok p=1
Q50:	|........ ........ ........ ........| ok p=1
Q51:	|........ ........ ........ ........| ok p=1
Q52:	|........ ........ ........ ........| ok p=1
Q53:	|........ ........ ........ ........| ok p=1
Q54:	|........ ........ ........ ........| ok p=1
Q55:	|........ ........ ........ ........| ok p=1
Q56:	|........ ........ ........ ........| ok p=1
Q57:	|........ ........ ........ ........| ok p=1
Q58:	|........ ........ ........ ........| ok p=1
Q59:	|........ ........ ........ ........| ok p=1
Q60:	|........ ........ ...0.... ........| ok p=1
Q61:	|........ ........ ..10.... ........| ok p=1
Q62:	|........ ........ ..0+.... ........| ok p=1
Q63:	|........ ........ ..+-.... ........| ok p=1
Q64:	|........ ........ ...+.... ......+.|
Starting...
20: Q5m5tunnel      = 3
20: Q4m5tunnel      = 2
20: Q14m6Q3m5tunnel = 2
21: Q10m10tunnel    = 1
21: Q9m10tunnel     = 6
22: Q8Q12m15tunnel  = 1
23: Q4m4tunnel      = 12
24: Q9m9tunnel      = 7
25: Q14Q3m14tunnel  = 0
.20: Q5m5tunnel      = 3
20: Q4m5tunnel      = 2
20: Q14m6Q3m5tunnel = 2
21: Q10m10tunnel    = 1
21: Q9m10tunnel     = 6
22: Q8Q12m15tunnel  = 1
23: Q4m4tunnel      = 12
24: Q9m9tunnel      = 7
25: Q14Q3m14tunnel  = 0
20: Q5m5tunnel      = 3
20: Q4m5tunnel      = 2
20: Q14m6Q3m5tunnel = 2
21: Q10m10tunnel    = 1
21: Q9m10tunnel     = 6
22: Q8Q12m15tunnel  = 1
23: Q4m4tunnel      = 12
24: Q9m9tunnel      = 7
25: Q14Q3m14tunnel  = 0
..20: Q5m5tunnel      = 3
20: Q4m5tunnel      = 2
20: Q14m6Q3m5tunnel = 2
21: Q10m10tunnel    = 1
21: Q9m10tunnel     = 6
22: Q8Q12m15tunnel  = 1
23: Q4m4tunnel      = 12
24: Q9m9tunnel      = 7
25: Q14Q3m14tunnel  = 0
.20: Q5m5tunnel      = 3
20: Q4m5tunnel      = 2
20: Q14m6Q3m5tunnel = 2
21: Q10m10tunnel    = 1
21: Q9m10tunnel     = 6
22: Q8Q12m15tunnel  = 1
23: Q4m4tunnel      = 12
24: Q9m9tunnel      = 7
25: Q14Q3m14tunnel  = 0
20: Q5m5tunnel      = 3
20: Q4m5tunnel      = 2
20: Q14m6Q3m5tunnel = 2
21: Q10m10tunnel    = 1
21: Q9m10tunnel     = 6
22: Q8Q12m15tunnel  = 1
23: Q4m4tunnel      = 12
24: Q9m9tunnel      = 7
25: Q14Q3m14tunnel  = 0
..1 0
2 0
4 0
8 0
16 0
32 0
64 0
128 0
256 0
512 0
1024 0
2048 0
4096 0
8192 0
16384 0
32768 0
65536 0
73073 1
82459 2
123371 4
131072 4
262144 5
479308 8
524288 8
1048576 12
Block 1: workdir3/coll1_14565389
6e 4c 11 fd a6 c0 2a b3 a9 e8 49 69 d5 f5 12 d3 
70 3c 5a 6d 06 7e 41 17 81 2e 56 0b 57 7f e9 19 
80 84 35 04 44 09 2f 5b 72 d5 50 96 c5 14 35 21 
6e a5 1c d3 67 69 bf bf 82 04 51 d0 b1 8c b4 30 
Block 2: workdir3/coll2_14565389
6e 4c 11 fd a6 c0 2a b3 a9 e8 49 69 d5 f5 12 d3 
70 3c 5a 6d 06 7e 41 17 81 2e 56 0b 57 7f e9 19 
80 84 35 04 44 09 2f 5b 72 d5 50 96 c9 14 35 21 
6e a5 1c d3 67 69 bf bf 82 04 51 d0 b1 8c b4 30 
Found collision!
