Warning: no OS randomness!
Connect MD5 differential paths
Copyright (C) 2009 Marc Stevens
http://homepages.cwi.nl/~stevens/

delta_m[11] = [!2!]
Loading precompute/diff3/paths16_0of1_1000000.bin.gz...done: 1000000. (6.84604s)
Loading workdir3/paths11_0of1.bin.gz.done...done: 2338921. (6.41458s)
t=12: 0%   10   20   30   40   50   60   70   80   90   100%
      |----|----|----|----|----|----|----|----|----|----|
      *Q-3:	|00001100 10101110 10000010 11100001|
Q-2:	|-1000-+- --110100 000-0110 0110111-|
Q-1:	|+1011-01 +-000001 11-+1011 0100111-|
Q0:	|-01-++10 +1+001+- 0+0++101 11010-+-| ok p=0.666016
Q1:	|0-.0++.. .+0..+0+ .+1++0.. -1.-.++0| ok p=1
Q2:	|1011.-.. 1+1..-01 11..-+.. --.0.+-0| ok p=1
Q3:	|+10.0+.. .+...-1- .010++.. .-.+.01+| ok p=1
Q4:	|+0-..1.. .....-01 .+1.0+.. 1+.11-00| ok p=1
Q5:	|+1+..1.. .0...++1 .0-.+00. .+.-.+.0| ok p=1
Q6:	|1.0..... .....--. .1+1001. .1^1.-0-| ok p=1
Q7:	|0.-..... .....-0! ..-1+... .+++.00+| ok p=1
Q8:	|.!0..... .....-0. ..0--... .010.0+1| ok p=1
Q9:	|1^1...^. ^....1.. ..0+1... .+1+^0+0| ok p=1
Q10:	|0++0.1-. +.000100 .00-0.1. 0+.+^.0+| ok p=1
Q11:	|11+0.111 1^111+11 ^10-001^ 1+01+11+| ok p=1
Q12:	|01++^++0 0-+-+--+ ++--11-+ +-1001++| ok p=1
Q13:	|-+-----+ +0-+1+10 00++---1 01--+-0-| ok p=1
Q14:	|11-11001 ++100+00 1+1000+0 00100+10| ok p=1
Q15:	|00-10110 -10+.1.. 01-0100. .+111--0| ok p=0.84082
Q16:	|1.+.0... -1...+.. 1-..0.-. .+.-.0..| ok p=0.453125
Q17:	|-.1.1... 1..^.0.. 1.^.1... .1.0.0^.| ok p=0.34668
Q18:	|..1.+... +....0.. +^..+.^. .-.1.1..| ok p=0.709961
Q19:	|^.+....0 +....-.. ........ .-.0.+..| ok p=0.601562
Q20:	|....^..0 -..0...0 ^...^... .001...0| ok p=0.376953
Q21:	|..^....- 1..1.^.1 ....0... .11+.^.1| ok p=0.967773
Q22:	|........ 1..+...- ....1... ..+....+| ok p=0.90918
Q23:	|..0....^ ........ ....+.0. ..1^....| ok p=0.99707
Q24:	|..1...0. ...^...^ .0....1. ..0....^| ok p=0.852539
Q25:	|..-...1. ........ ....^.-. ........| ok p=0.870117
Q26:	|......-. ........ 0+...... .....0..| ok p=0.975586
Q27:	|..^..... ........ 1+....^. .....1..| ok p=1
Q28:	|......^. ........ +-...... .....+..| ok p=0.836914
Q29:	|........ ........ .0...... .....0..| ok p=0.992188
Q30:	|........ ........ ^1...... .....-..| ok p=1
Q31:	|........ ........ ........ .....-..| ok p=1
Q32:	|........ ........ ........ ........| ok p=1
Q33:	|........ ........ ........ .....!..| ok p=1
Q34:	|........ ........ ........ ........| ok p=1
Q35:	|........ ........ ........ ........|
Best path: totcompl=-21 tottunnel=35, totcond=573, p=0.00817176
Best paths: 2
Q-3:	|00001100 10101110 10000010 11100001|
Q-2:	|-1000-+- --110100 000-0110 0110111-|
Q-1:	|+1011-01 +-000001 11-+1011 0100111-|
Q0:	|-01-++10 +1+001+- 0+0++101 11010-+-| ok p=0.678711
Q1:	|0-.0++.. .+0..+0+ .+1++0.. -1.-.++0| ok p=1
Q2:	|1011.-.. 1+1..-01 .1..-+.. --.0.+-0| ok p=1
Q3:	|+10.0+.. .+...-1- ^010++.. .-.+.01+| ok p=1
Q4:	|+0-..1.. .....-01 .+1.0+.. 1+.11-00| ok p=1
Q5:	|+1+..1.. .0...++1 .0-.+00. .+.-.+.0| ok p=1
Q6:	|1.0..... .....--. .1+^001. .1^1.-.-| ok p=1
Q7:	|0.-..... ....1-0! ..-+-... .+++.0.+| ok p=1
Q8:	|.!1..... ....0-00 ..-1+... .001.+.0| ok p=1
Q9:	|101..... ....-..0 ...1+... .-00.+.1| ok p=1
Q10:	|00-100.. ^01^00.- 1^1.-.0. 0-01.+0.| ok p=1
Q11:	|1-0010^^ +11--.^+ 0-0^-.11 1-1-^+1.| ok p=1
Q12:	|-+-+-+++ 1++1+0+- -1+++.-0 +1+1+++.| ok p=1
Q13:	|------10 -0-++101 0-011.++ +++101+.| ok p=1
Q14:	|.1-1.000 +-101+10 0+110.01 .1.00+1.| ok p=1
Q15:	|01-011.. -010+0.. .0-0..-1 1+1-.--.| ok p=1
Q16:	|1.+.0... 00..+1.. 1-..0.-. .+...0..| ok p=0.384766
Q17:	|+.1.1... +...01.. 1.^.1.0. .1.^.0^.| ok p=0.374023
Q18:	|..1.+... +...10.. +^..+.1. .-...1..| ok p=0.724609
Q19:	|^.+....0 -....-.. ........ .-.0.+..| ok p=0.678711
Q20:	|....^..1 -..0...0 ^...^... .001...0| ok p=0.398438
Q21:	|..^....- 0..1.^.1 ....0... .11+.^.1| ok p=0.952148
Q22:	|........ 0..+...- ....1... ..+....+| ok p=0.907227
Q23:	|..0....^ ........ ....+.0. ..1^....| ok p=0.999023
Q24:	|..1...0. ...^...^ .0....1. ..0....^| ok p=0.883789
Q25:	|..-...1. ........ ....^.-. ........| ok p=0.882812
Q26:	|......-. ........ 0+...... .....0..| ok p=0.985352
Q27:	|..^..... ........ 1+....^. .....1..| ok p=1
Q28:	|......^. ........ +-...... .....+..| ok p=0.841797
Q29:	|........ ........ .0...... .....0..| ok p=0.992188
Q30:	|........ ........ ^1...... .....-..| ok p=1
Q31:	|........ ........ ........ .....-..| ok p=1
Q32:	|........ ........ ........ ........| ok p=1
Q33:	|........ ........ ........ .....!..| ok p=1
Q34:	|........ ........ ........ ........| ok p=1
Q35:	|........ ........ ........ ........|
Best path: totcompl=-20 tottunnel=36, totcond=554, p=0.00986234
Best paths: 2
