Warning: no OS randomness!
Extend MD5 differential paths forward
Copyright (C) 2009 Marc Stevens
http://homepages.cwi.nl/~stevens/

delta_m[11] = [!2!]
Loading workdir3/lowerpath.bin.gz...done: 1. (6.19888e-05s)
Estimating maxcond for upper bound 1500000 (=750000 * 2)...
t=1:  0%   10   20   30   40   50   60   70   80   90   100%
      |----|----|----|----|----|----|----|----|----|----|
e     ***************************************************
Found maxcond = 2176
t=1:  0%   10   20   30   40   50   60   70   80   90   100%
      |----|----|----|----|----|----|----|----|----|----|
      ***************************************************
Q-3:	|00001100 10101110 10000010 11100001|
Q-2:	|-1000-+- --110100 000-0110 0110111-|
Q-1:	|+1011-01 +-000001 11-+1011 0100111-|
Q0:	|-01-++10 +1+001+- 0+0++101 11010-+-| ok p=0.879883
Q1:	|++.0++.. .+0..+0+ .++.-... -...-0-.| ok p=0.624023
Q2:	|.....-.- .-....-. ..-..-.- .+....+.|
Saving 8136 paths...cached.
Autobalance parameters: maxcond=2176 (ab#:0)
Verified: 216 bad out of 8352
Estimating maxcond for upper bound 3000000 (=1500000 * 2)...
t=2:  0%   10   20   30   40   50   60   70   80   90   100%
      |----|----|----|----|----|----|----|----|----|----|
e     ***************************************************
Found maxcond = 166
t=2:  0%   10   20   30   40   50   60   70   80   90   100%
      |----|----|----|----|----|----|----|----|----|----|
      ***************************************************
Q-3:	|00001100 10101110 10000010 11100001|
Q-2:	|-1000-+- --110100 000-0110 0110111-|
Q-1:	|+1011-01 +-000001 11-+1011 0100111-|
Q0:	|-01-++10 +1+001+- 0+0++101 11010-+-| ok p=0.610352
Q1:	|0-.0++.. .+1..+0+ .+1++1.. -1.-.++.| ok p=0.726562
Q2:	|10.1.-.. 1+1..-11 .....-.. --.0.+.1| ok p=0.394531
Q3:	|+..+.-.. .+...-.+ ...+.-.. .-.+...-|
Saving 1024000 paths...cached.
Autobalance parameters: maxcond=166 (ab#:0)
Verified: 18432 bad out of 1042432
Estimating maxcond for upper bound 6000000 (=3000000 * 2)...
t=3:  0%   10   20   30   40   50   60   70   80   90   100%
      |----|----|----|----|----|----|----|----|----|----|
e     ***************************************************
Found maxcond = 182
t=3:  0%   10   20   30   40   50   60   70   80   90   100%
      |----|----|----|----|----|----|----|----|----|----|
      ***************************************************
Q-3:	|00001100 10101110 10000010 11100001|
Q-2:	|-1000-+- --110100 000-0110 0110111-|
Q-1:	|+1011-01 +-000001 11-+1011 0100111-|
Q0:	|-01-++10 +1+001+- 0+0++101 11010-+-| ok p=0.749023
Q1:	|1-.0++.. .+1..+1+ .+1++1.. -1.-.++0| ok p=0.202148
Q2:	|10.+++.. 1+0..-00 ...1.-.. --.1.+.0| ok p=0.40332
Q3:	|.-.-.-.. ..+..-.+ .1.-1-.. .0.+..1-| ok p=0.481445
Q4:	|+..+.-.. .+.....- ..+..-.. +.-..+.+|
Saving 711168 paths...cached.
Autobalance parameters: maxcond=182 (ab#:0)
Verified: 188544 bad out of 899712
Estimating maxcond for upper bound 6000000 (=3000000 * 2)...
t=4:  0%   10   20   30   40   50   60   70   80   90   100%
      |----|----|----|----|----|----|----|----|----|----|
e     ***************************************************
Found maxcond = 200
t=4:  0%   10   20   30   40   50   60   70   80   90   100%
      |----|----|----|----|----|----|----|----|----|----|
      ***************************************************
Q-3:	|00001100 10101110 10000010 11100001|
Q-2:	|-1000-+- --110100 000-0110 0110111-|
Q-1:	|+1011-01 +-000001 11-+1011 0100111-|
Q0:	|-01-++10 +1+001+- 0+0++101 11010-+-| ok p=0.628906
Q1:	|0-.0++.. .+1..+0+ .+1++0.. -1.-.++0| ok p=0.816406
Q2:	|10.1.-.. 1+1..-00 .0.0.-.. --.0.+.1| ok p=0.454102
Q3:	|+1.+1+.. .+...-.+ .0.+1-.. .-.+.01-| ok p=0.723633
Q4:	|+..-.1.. .+.....0 .+.0.+.. 1+.-.+.0| ok p=0.633789
Q5:	|.-.-...+ ..-.+.+. ..-....- ..+..+..|
Saving 3000000 paths...cached.
Autobalance parameters: maxcond=199 (ab#:1)
Verified: 12672 bad out of 3367360
Estimating maxcond for upper bound 6000000 (=3000000 * 2)...
t=5:  0%   10   20   30   40   50   60   70   80   90   100%
      |----|----|----|----|----|----|----|----|----|----|
e     ***************************************************
Found maxcond = 217
t=5:  0%   10   20   30   40   50   60   70   80   90   100%
      |----|----|----|----|----|----|----|----|----|----|
      ***************************************************
Q-3:	|00001100 10101110 10000010 11100001|
Q-2:	|-1000-+- --110100 000-0110 0110111-|
Q-1:	|+1011-01 +-000001 11-+1011 0100111-|
Q0:	|-01-++10 +1+001+- 0+0++101 11010-+-| ok p=0.760742
Q1:	|1-.0++.. .+1..+0+ .+1++1.. -1.-.++0| ok p=0.567383
Q2:	|10.0.-.. 1+0..-11 ..V0.-.. --.1.+.1| ok p=0.762695
Q3:	|+1.+0-.. ..+..1.- V1.-0-.. 10.+.01-| ok p=0.651367
Q4:	|-..-.-.. .10..0.1 ..+1.-.. -0.-.-.-| ok p=0.740234
Q5:	|+..+.-.. ..+....+ +.01.... +..+.0.-| ok p=0.722656
Q6:	|.+.+.-.. -..+..-. .-.-.... ...+.+.-|
Saving 1350378 paths...cached.
Autobalance parameters: maxcond=217 (ab#:0)
Verified: 18282 bad out of 1368660
Estimating maxcond for upper bound 6000000 (=3000000 * 2)...
t=6:  0%   10   20   30   40   50   60   70   80   90   100%
      |----|----|----|----|----|----|----|----|----|----|
e     **************************************************Found maxcond = 231
t=6:  0%   10   20   30   40   50   60   70   80   90   100%
      |----|----|----|----|----|----|----|----|----|----|
      **************************************************Q-3:	|00001100 10101110 10000010 11100001|
Q-2:	|-1000-+- --110100 000-0110 0110111-|
Q-1:	|+1011-01 +-000001 11-+1011 0100111-|
Q0:	|-01-++10 +1+001+- 0+0++101 11010-+-| ok p=0.754883
Q1:	|1-.0++.. .+1..+0+ .+1++0.. -1.-.++0| ok p=1
Q2:	|00.1.-.. 1+0..-00 .1..0-.. --.0.+.0| ok p=1
Q3:	|-1.+1+.. 0+.V.-.1 .0.1++.. 000+.01-| ok p=0.902344
Q4:	|+..-.1.. +......- .+..1+.. +11-.+.+| ok p=0.688477
Q5:	|+..-.0.. +1.+.0.- .-..1... -.-1.+.+| ok p=0.526367
Q6:	|...-.... +..0.... .+...1.. -.0-....| ok p=0.874023
Q7:	|....+... +...+... .+..+..+ ..-.+.-.|
Saving 1512876 paths...cached.
Autobalance parameters: maxcond=231 (ab#:0)
Verified: 51098 bad out of 1563974
Estimating maxcond for upper bound 6000000 (=3000000 * 2)...
t=7:  0%   10   20   30   40   50   60   70   80   90   100%
      |----|----|----|----|----|----|----|----|----|----|
e     **************************************************Found maxcond = 243
t=7:  0%   10   20   30   40   50   60   70   80   90   100%
      |----|----|----|----|----|----|----|----|----|----|
      **************************************************Q-3:	|00001100 10101110 10000010 11100001|
Q-2:	|-1000-+- --110100 000-0110 0110111-|
Q-1:	|+1011-01 +-000001 11-+1011 0100111-|
Q0:	|-01-++10 +1+001+- 0+0++101 11010-+-| ok p=0.668945
Q1:	|0-.0++.. .+0..+0+ .+1++0.. -1.-.++0| ok p=1
Q2:	|1011.-.. 1+1..-01 .1..-+.. --.0.+-0| ok p=0.748047
Q3:	|+10.0+.. .+...-V- .0V0++.. .-.+.11+| ok p=0.953125
Q4:	|-.-..0.. .....-.1 .+..0+.. 1+.0.-11| ok p=0.219727
Q5:	|-.+..0.. .1...++1 .0-.1... V1.-.0.1| ok p=0.505859
Q6:	|..+..... .....10- .11.10.. .0.-.+.-| ok p=0.769531
Q7:	|1....... .....--- ..1.+... +..-.0.+| ok p=0.438477
Q8:	|...+.-.- ..-.-..+ ....+... ......+.|
Saving 1602629 paths...cached.
Autobalance parameters: maxcond=243 (ab#:0)
Verified: 2326 bad out of 1604955
Estimating maxcond for upper bound 6000000 (=3000000 * 2)...
t=8:  0%   10   20   30   40   50   60   70   80   90   100%
      |----|----|----|----|----|----|----|----|----|----|
e     ***************************************************
Found maxcond = 255
t=8:  0%   10   20   30   40   50   60   70   80   90   100%
      |----|----|----|----|----|----|----|----|----|----|
      ***************************************************
Q-3:	|00001100 10101110 10000010 11100001|
Q-2:	|-1000-+- --110100 000-0110 0110111-|
Q-1:	|+1011-01 +-000001 11-+1011 0100111-|
Q0:	|-01-++10 +1+001+- 0+0++101 11010-+-| ok p=0.663086
Q1:	|0-.0++.. .+0..+0+ .+1++0.. -1.-.++0| ok p=1
Q2:	|1011.-.. 1+1..-01 .1..-+.. --.0.+-0| ok p=0.741211
Q3:	|+10.0+.. .+...-V- .0V0++.. .-.+.11+| ok p=0.979492
Q4:	|-.-..1.. .....-11 .+1.0+.. 1+.1.-11| ok p=0.370117
Q5:	|-.+..1.. 10...++1 .-+.+... .1.-.+.0| ok p=0.508789
Q6:	|..+....V 0....1-. .1-.-0.. .-.1.-.-| ok p=0.869141
Q7:	|0....... -....0+. .0-.0... .+.1.-.+| ok p=0.992188
Q8:	|..1....- -.....+. ....1... .+.....1| ok p=0.460938
Q9:	|.-....+. -.-.+.-. ....-... +..+....|
Saving 2658534 paths...cached.
Autobalance parameters: maxcond=255 (ab#:0)
Verified: 224 bad out of 2658758
Estimating maxcond for upper bound 6000000 (=3000000 * 2)...
t=9:  0%   10   20   30   40   50   60   70   80   90   100%
      |----|----|----|----|----|----|----|----|----|----|
e     **************************************************Found maxcond = 266
t=9:  0%   10   20   30   40   50   60   70   80   90   100%
      |----|----|----|----|----|----|----|----|----|----|
      **************************************************Q-3:	|00001100 10101110 10000010 11100001|
Q-2:	|-1000-+- --110100 000-0110 0110111-|
Q-1:	|+1011-01 +-000001 11-+1011 0100111-|
Q0:	|-01-++10 +1+001+- 0+0++101 11010-+-| ok p=0.65918
Q1:	|0-.0++.. .+0..+0+ .+1++0.. -1.-.++0| ok p=1
Q2:	|1011.-.. 1+1..-01 .1..-+.. --.0.+-0| ok p=0.731445
Q3:	|+10.0+.. .+...-V- .0V0++.. .-.+.11+| ok p=0.967773
Q4:	|-.-..0.. .....-01 .+1.0+.. 1+V1.-11| ok p=0.517578
Q5:	|-.+..0.. .1...++1 .-+.+... .10-.1.0| ok p=0.481445
Q6:	|..+..... .....1-. .1-.-0.. .0-+.+.-| ok p=0.860352
Q7:	|0.....V. ..V..+-. .0-.1... .+++.1.+| ok p=1
Q8:	|..1..... .....+-. ..-.0... .+++.1.0| ok p=0.989258
Q9:	|......+. ..-...+. ........ .-.....1| ok p=0.856445
Q10:	|......-. -.-.+... .+.-..+. .-......|
Saving 2823578 paths...cached.
Autobalance parameters: maxcond=266 (ab#:0)
Verified: 351532 bad out of 3175110
Estimating maxcond for upper bound 6000000 (=3000000 * 2)...
t=10: 0%   10   20   30   40   50   60   70   80   90   100%
      |----|----|----|----|----|----|----|----|----|----|
e     **************************************************Found maxcond = 279
t=10: 0%   10   20   30   40   50   60   70   80   90   100%
      |----|----|----|----|----|----|----|----|----|----|
      **************************************************Q-3:	|00001100 10101110 10000010 11100001|
Q-2:	|-1000-+- --110100 000-0110 0110111-|
Q-1:	|+1011-01 +-000001 11-+1011 0100111-|
Q0:	|-01-++10 +1+001+- 0+0++101 11010-+-| ok p=0.651367
Q1:	|0-.0++.. .+0..+0+ .+1++0.. -1.-.++0| ok p=1
Q2:	|1011.-.. 1+1..-01 .1..-+.. --.0.+-0| ok p=0.737305
Q3:	|+10.0+.. .+...-1- .0V0++.. .-.+.01+| ok p=0.819336
Q4:	|+.-..1.. .....-01 .+1.0+.. 1+.1.-00| ok p=0.435547
Q5:	|+.+..1.. .0...++1 .0-V+... .+V-.+.0| ok p=0.18457
Q6:	|..0..... .....--. .1+.00.. .1.1.-.-| ok p=0.770508
Q7:	|0.-..... ....1-0. ..-+-... .+++.0.+| ok p=0.880859
Q8:	|..1..... ....0-0. ..-1+... .101.+.0| ok p=1
Q9:	|..1..... ....-... ..+1+... .-11.+.1| ok p=0.873047
Q10:	|..-..... ....-1.. ..+.-... .-...+..| ok p=0.762695
Q11:	|.-.....+ ..-...+. ..-.-... .-.-.-..|
Saving 3000000 paths...cached.
Autobalance parameters: maxcond=278 (ab#:1)
Verified: 7235 bad out of 3474026
Estimating maxcond for upper bound 6000000 (=3000000 * 2)...
t=11: 0%   10   20   30   40   50   60   70   80   90   100%
      |----|----|----|----|----|----|----|----|----|----|
e     ***************************************************
Found maxcond = 291
t=11: 0%   10   20   30   40   50   60   70   80   90   100%
      |----|----|----|----|----|----|----|----|----|----|
      ***************************************************
Q-3:	|00001100 10101110 10000010 11100001|
Q-2:	|-1000-+- --110100 000-0110 0110111-|
Q-1:	|+1011-01 +-000001 11-+1011 0100111-|
Q0:	|-01-++10 +1+001+- 0+0++101 11010-+-| ok p=0.649414
Q1:	|0-.0++.. .+0..+0+ .+1++0.. -1.-.++0| ok p=1
Q2:	|1011.-.. 1+1..-01 .1..-+.. --.0.+-0| ok p=0.763672
Q3:	|+10.0+.. .+...-V- .0V0++.. .-.+.11+| ok p=0.962891
Q4:	|-.-..0.. .....-01 .+1.0+.. 1+V1.-11| ok p=0.503906
Q5:	|-.+..0.. .1...++1 .-+.+... .10-.1.0| ok p=0.500977
Q6:	|..+..... .....1-. .1-.-0.. .0-+.+.-| ok p=0.862305
Q7:	|0.....V. .....+-. .0-.1... .+++.1.+| ok p=1
Q8:	|..1...0. V...1+-. .-+.0.V. .+++.1.0| ok p=0.988281
Q9:	|......+. 0...0.+. .11...1. .-.....0| ok p=0.850586
Q10:	|......-. -...+01. .+0...+. .-10....| ok p=0.993164
Q11:	|......-. +...+.+. .+....+. .-......| ok p=0.949219
Q12:	|...+.-.. -...+.+. .+...+.+ .-..-...|
Saving 2338921 paths...done. (5.00413s)
Autobalance parameters: maxcond=291 (ab#:0)
Verified: 7798 bad out of 2346719
Runtime: 61.0546
