Warning: no OS randomness!
MD5 differential path toolbox
Copyright (C) 2009 Marc Stevens
http://homepages.cwi.nl/~stevens/

IHV1   = {212763361,2990867925,1564601167,3321108079}
IHV1   = e182ae0cd50545b24feb415d6f16f4c5

IHV2   = {212763361,786849234,3649166158,1110705774}
IHV2   = e182ae0cd25de62e4edb81d96e063442

dIHV   = {0,2090948605,2084564991,2084564991}
NC0: delta c = delta d = [!0,31!]
NC0: delta b           = [!0,21,-23,31!]
NC1: delta c = delta d = [!12!]
NC1: delta b           = [!1,12!]
NC2: delta c = delta d = [!-22!]
NC2: delta b           = [!-11,13,-22!]
NC3: delta c = delta d = [!26!]
NC3: delta b           = [!15,-17,26!]
NC0: prob=-9.18422
NC1: prob=-5.84
NC2: prob=-6.16717
NC3: prob=-6.26266
delta m_11 = [!2!]
Q-3:	|00001100 10101110 10000010 11100001|
Q-2:	|-1000-+- --110100 000-0110 0110111-|
Q-1:	|+1011-01 +-000001 11-+1011 0100111-|
Q0:	|-01-++10 +1+001+- 0+0++101 11010-+-| ok p=0.700195
Q1:	|.-.+.-.. .+..+.-. -.-.-... -...-.-.|
Saved lower diff. path to 'workdir3/lowerpath.bin.gz'.

Q34:	|........ ........ ........ ........|
Q35:	|........ ........ ........ ........|
Q36:	|........ ........ ........ ........|
Q37:	|........ ........ ........ ........| ok p=1
Q38:	|........ ........ ........ ........| ok p=1
Q39:	|........ ........ ........ ........| ok p=1
Q40:	|........ ........ ........ ........| ok p=1
Q41:	|........ ........ ........ ........| ok p=1
Q42:	|........ ........ ........ ........| ok p=1
Q43:	|........ ........ ........ ........| ok p=1
Q44:	|........ ........ ........ ........| ok p=1
Q45:	|........ ........ ........ ........| ok p=1
Q46:	|........ ........ ........ ........| ok p=1
Q47:	|........ ........ ........ ........| ok p=1
Q48:	|........ ........ ........ ........| ok p=1
Q49:	|........ ........ ........ ........| ok p=1
Q50:	|........ ........ ........ ........| ok p=1
Q51:	|........ ........ ........ ........| ok p=1
Q52:	|........ ........ ........ ........| ok p=1
Q53:	|........ ........ ........ ........| ok p=1
Q54:	|........ ........ ........ ........| ok p=1
Q55:	|........ ........ ........ ........| ok p=1
Q56:	|........ ........ ........ ........| ok p=1
Q57:	|........ ........ ........ ........| ok p=1
Q58:	|........ ........ ........ ........| ok p=1
Q59:	|........ ........ ........ ........| ok p=1
Q60:	|........ ........ ...0.... ........| ok p=1
Q61:	|........ ........ ..10.... ........| ok p=1
Q62:	|........ ........ ..0+.... ........| ok p=1
Q63:	|........ ........ ..+-.... ........| ok p=1
Q64:	|........ ........ ...+.... ......+.|
Saved upper diff. path to 'workdir3/upperpath.bin.gz'.
Saved 'md5diffpathforward.cfg'.
Saved 'md5diffpathbackward.cfg'.
Saved 'md5diffpathconnect.cfg'.
Saved 'md5diffpathhelper.cfg'.
