16:23:08 
16:23:38 
16:24:08 
16:24:44 PhysMem: 23G used (3155M wired, 8906M compressor), 86M unused.
16:25:07 PhysMem: 23G used (3575M wired, 8987M compressor), 106M unused.
16:25:37 PhysMem: 23G used (3383M wired, 9134M compressor), 156M unused.
16:26:08 PhysMem: 23G used (3330M wired, 9118M compressor), 88M unused.
16:26:38 PhysMem: 23G used (3545M wired, 9112M compressor), 87M unused.
16:27:03
PhysMem: 23G used (3349M wired, 9239M compressor), 65M unused.
16:27:34
PhysMem: 23G used (3557M wired, 9161M compressor), 67M unused.
16:28:05
PhysMem: 23G used (3464M wired, 9287M compressor), 64M unused.
16:28:35
PhysMem: 23G used (3568M wired, 9123M compressor), 77M unused.
16:29:06
PhysMem: 23G used (3598M wired, 8981M compressor), 142M unused.
16:29:37
PhysMem: 23G used (3460M wired, 9094M compressor), 99M unused.
16:30:07
PhysMem: 23G used (3599M wired, 9291M compressor), 93M unused.
16:30:38
PhysMem: 23G used (3630M wired, 9383M compressor), 74M unused.
16:31:08
PhysMem: 23G used (3545M wired, 9415M compressor), 63M unused.
16:31:39
PhysMem: 23G used (3510M wired, 9229M compressor), 104M unused.
16:32:09
PhysMem: 23G used (3746M wired, 9407M compressor), 87M unused.
16:32:40
PhysMem: 23G used (3309M wired, 9517M compressor), 78M unused.
Mon Mar 23 17:37:41 CET 2026
PhysMem: 23G used (3353M wired, 8634M compressor), 103M unused.
Mon Mar 23 17:38:12 CET 2026
PhysMem: 23G used (3301M wired, 8563M compressor), 63M unused.
Mon Mar 23 17:38:42 CET 2026
PhysMem: 23G used (3630M wired, 8554M compressor), 65M unused.
Mon Mar 23 17:39:13 CET 2026
PhysMem: 23G used (3586M wired, 8577M compressor), 66M unused.
Mon Mar 23 17:39:43 CET 2026
PhysMem: 23G used (3370M wired, 8570M compressor), 65M unused.
Mon Mar 23 17:40:14 CET 2026
PhysMem: 23G used (3317M wired, 8562M compressor), 65M unused.
Mon Mar 23 17:40:44 CET 2026
PhysMem: 23G used (3313M wired, 8526M compressor), 74M unused.
Mon Mar 23 17:41:14 CET 2026
PhysMem: 23G used (3274M wired, 8516M compressor), 102M unused.
Mon Mar 23 17:41:45 CET 2026
PhysMem: 23G used (3308M wired, 8510M compressor), 75M unused.
Mon Mar 23 17:42:15 CET 2026
PhysMem: 23G used (3302M wired, 8509M compressor), 94M unused.
Mon Mar 23 17:42:46 CET 2026
PhysMem: 23G used (3307M wired, 8505M compressor), 77M unused.
Mon Mar 23 17:43:16 CET 2026
PhysMem: 23G used (3285M wired, 8475M compressor), 67M unused.
Mon Mar 23 17:43:46 CET 2026
PhysMem: 23G used (3105M wired, 8498M compressor), 211M unused.
Mon Mar 23 17:44:17 CET 2026
PhysMem: 23G used (3106M wired, 8496M compressor), 118M unused.
Mon Mar 23 17:44:47 CET 2026
PhysMem: 23G used (3259M wired, 8593M compressor), 76M unused.
Mon Mar 23 17:45:18 CET 2026
PhysMem: 23G used (3276M wired, 8594M compressor), 96M unused.
Mon Mar 23 17:45:48 CET 2026
PhysMem: 23G used (3301M wired, 8592M compressor), 152M unused.
Mon Mar 23 17:46:19 CET 2026
PhysMem: 23G used (3285M wired, 8586M compressor), 66M unused.
Mon Mar 23 17:46:49 CET 2026
PhysMem: 23G used (3596M wired, 8579M compressor), 72M unused.
Mon Mar 23 17:47:19 CET 2026
PhysMem: 23G used (3608M wired, 8595M compressor), 73M unused.
Mon Mar 23 17:47:50 CET 2026
PhysMem: 23G used (3575M wired, 8619M compressor), 87M unused.
Mon Mar 23 17:48:20 CET 2026
PhysMem: 23G used (3412M wired, 8602M compressor), 109M unused.
Mon Mar 23 17:48:51 CET 2026
PhysMem: 23G used (4175M wired, 8817M compressor), 92M unused.
Mon Mar 23 17:49:21 CET 2026
PhysMem: 23G used (3584M wired, 9098M compressor), 84M unused.
Mon Mar 23 17:49:51 CET 2026
PhysMem: 23G used (3549M wired, 9277M compressor), 70M unused.
Mon Mar 23 17:50:22 CET 2026
PhysMem: 23G used (3597M wired, 9370M compressor), 69M unused.
Mon Mar 23 17:50:52 CET 2026
PhysMem: 23G used (3640M wired, 9359M compressor), 73M unused.
Mon Mar 23 17:51:23 CET 2026
PhysMem: 23G used (3627M wired, 9180M compressor), 85M unused.
Mon Mar 23 17:51:53 CET 2026
PhysMem: 23G used (3670M wired, 9228M compressor), 78M unused.
Mon Mar 23 17:52:24 CET 2026
PhysMem: 23G used (3751M wired, 9208M compressor), 192M unused.
Mon Mar 23 17:52:54 CET 2026
PhysMem: 23G used (3431M wired, 9081M compressor), 201M unused.
Mon Mar 23 17:53:24 CET 2026
PhysMem: 23G used (3447M wired, 9117M compressor), 112M unused.
Mon Mar 23 17:53:55 CET 2026
PhysMem: 23G used (3627M wired, 9091M compressor), 75M unused.
Mon Mar 23 17:54:25 CET 2026
PhysMem: 23G used (3324M wired, 9062M compressor), 143M unused.
Mon Mar 23 17:54:56 CET 2026
PhysMem: 23G used (3343M wired, 9013M compressor), 62M unused.
Mon Mar 23 17:55:26 CET 2026
PhysMem: 23G used (3514M wired, 9140M compressor), 99M unused.
Mon Mar 23 17:55:57 CET 2026
PhysMem: 23G used (3415M wired, 9176M compressor), 163M unused.
Mon Mar 23 17:56:27 CET 2026
PhysMem: 23G used (3357M wired, 9172M compressor), 272M unused.
Mon Mar 23 17:56:57 CET 2026
PhysMem: 23G used (3392M wired, 9189M compressor), 73M unused.
Mon Mar 23 17:57:28 CET 2026
PhysMem: 23G used (3364M wired, 9168M compressor), 74M unused.
Mon Mar 23 17:57:58 CET 2026
PhysMem: 23G used (3603M wired, 9158M compressor), 69M unused.
Mon Mar 23 17:58:29 CET 2026
PhysMem: 23G used (3376M wired, 9239M compressor), 205M unused.
Mon Mar 23 17:58:59 CET 2026
PhysMem: 23G used (3456M wired, 9326M compressor), 175M unused.
Mon Mar 23 17:59:30 CET 2026
PhysMem: 23G used (3303M wired, 9317M compressor), 190M unused.
Mon Mar 23 18:00:00 CET 2026
PhysMem: 23G used (3464M wired, 9341M compressor), 75M unused.
Mon Mar 23 18:00:31 CET 2026
PhysMem: 23G used (3400M wired, 9338M compressor), 70M unused.
Mon Mar 23 18:01:01 CET 2026
PhysMem: 23G used (3440M wired, 9455M compressor), 60M unused.
Mon Mar 23 18:01:31 CET 2026
PhysMem: 23G used (3437M wired, 9450M compressor), 175M unused.
Mon Mar 23 18:02:02 CET 2026
PhysMem: 23G used (3316M wired, 9512M compressor), 166M unused.
Mon Mar 23 18:02:32 CET 2026
PhysMem: 23G used (3314M wired, 9340M compressor), 89M unused.
Mon Mar 23 18:03:03 CET 2026
PhysMem: 23G used (3454M wired, 9367M compressor), 73M unused.
Mon Mar 23 18:03:33 CET 2026
PhysMem: 23G used (3502M wired, 9328M compressor), 72M unused.
Mon Mar 23 18:04:04 CET 2026
PhysMem: 23G used (3442M wired, 9345M compressor), 71M unused.
Mon Mar 23 18:04:34 CET 2026
PhysMem: 23G used (3478M wired, 9353M compressor), 59M unused.
Mon Mar 23 18:05:04 CET 2026
PhysMem: 23G used (3437M wired, 9374M compressor), 60M unused.
Mon Mar 23 18:05:35 CET 2026
PhysMem: 23G used (3283M wired, 9461M compressor), 88M unused.
Mon Mar 23 18:06:05 CET 2026
PhysMem: 23G used (3126M wired, 9677M compressor), 240M unused.
Mon Mar 23 18:06:36 CET 2026
PhysMem: 23G used (3380M wired, 9802M compressor), 154M unused.
Mon Mar 23 18:07:06 CET 2026
PhysMem: 23G used (3291M wired, 9781M compressor), 118M unused.
Mon Mar 23 18:07:36 CET 2026
PhysMem: 23G used (3285M wired, 9723M compressor), 85M unused.
Mon Mar 23 18:08:07 CET 2026
PhysMem: 23G used (3433M wired, 9688M compressor), 80M unused.
Mon Mar 23 18:08:37 CET 2026
PhysMem: 23G used (3478M wired, 9550M compressor), 75M unused.
Mon Mar 23 18:09:08 CET 2026
PhysMem: 23G used (3111M wired, 9567M compressor), 121M unused.
Mon Mar 23 18:09:38 CET 2026
PhysMem: 23G used (3180M wired, 9503M compressor), 101M unused.
Mon Mar 23 18:10:09 CET 2026
PhysMem: 23G used (3177M wired, 9493M compressor), 149M unused.
Mon Mar 23 18:10:39 CET 2026
PhysMem: 23G used (3543M wired, 9475M compressor), 88M unused.
Mon Mar 23 18:11:09 CET 2026
PhysMem: 23G used (3209M wired, 9460M compressor), 101M unused.
Mon Mar 23 18:11:40 CET 2026
PhysMem: 23G used (3180M wired, 9272M compressor), 102M unused.
Mon Mar 23 18:12:10 CET 2026
PhysMem: 23G used (3211M wired, 9470M compressor), 152M unused.
Mon Mar 23 18:12:41 CET 2026
PhysMem: 23G used (3153M wired, 9554M compressor), 153M unused.
Mon Mar 23 18:13:11 CET 2026
PhysMem: 23G used (3321M wired, 9595M compressor), 167M unused.
Mon Mar 23 18:13:42 CET 2026
PhysMem: 23G used (3230M wired, 9538M compressor), 113M unused.
Mon Mar 23 18:14:12 CET 2026
PhysMem: 23G used (3535M wired, 9658M compressor), 72M unused.
Mon Mar 23 18:14:42 CET 2026
PhysMem: 23G used (3365M wired, 9750M compressor), 66M unused.
Mon Mar 23 18:15:13 CET 2026
PhysMem: 23G used (4021M wired, 9778M compressor), 72M unused.
Mon Mar 23 18:15:43 CET 2026
PhysMem: 23G used (3326M wired, 9780M compressor), 62M unused.
Mon Mar 23 18:16:14 CET 2026
PhysMem: 23G used (3846M wired, 9665M compressor), 69M unused.
Mon Mar 23 18:16:44 CET 2026
PhysMem: 23G used (3110M wired, 9846M compressor), 226M unused.
Mon Mar 23 18:17:15 CET 2026
PhysMem: 23G used (4023M wired, 9788M compressor), 105M unused.
