Warning: no OS randomness!
MD5 differential path toolbox
Copyright (C) 2009 Marc Stevens
http://homepages.cwi.nl/~stevens/

Loading workdir6/latest_bestpaths.bin.gz...done (loaded 2 paths).
Loading workdir6/upperpath.bin.gz...done (loaded 1 paths).
Using this partial path to overwrite all paths in workdir6/latest_bestpaths.bin.gz:
Q34:	|........ ........ ........ ........|
Q35:	|........ ........ ........ ........|
Q36:	|........ ........ ........ ........|
Q37:	|........ ........ ........ ........| ok p=1
Q38:	|........ ........ ........ ........| ok p=1
Q39:	|........ ........ ........ ........| ok p=1
Q40:	|........ ........ ........ ........| ok p=1
Q41:	|........ ........ ........ ........| ok p=1
Q42:	|........ ........ ........ ........| ok p=1
Q43:	|........ ........ ........ ........| ok p=1
Q44:	|........ ........ ........ ........| ok p=1
Q45:	|........ ........ ........ ........| ok p=1
Q46:	|........ ........ ........ ........| ok p=1
Q47:	|........ ........ ........ ........| ok p=1
Q48:	|........ ........ ........ ........| ok p=1
Q49:	|........ ........ ........ ........| ok p=1
Q50:	|........ ........ ........ ........| ok p=1
Q51:	|........ ........ ........ ........| ok p=1
Q52:	|........ ........ ........ ........| ok p=1
Q53:	|........ ........ ........ ........| ok p=1
Q54:	|........ ........ ........ ........| ok p=1
Q55:	|........ ........ ........ ........| ok p=1
Q56:	|........ ........ ........ ........| ok p=1
Q57:	|........ ........ ........ ........| ok p=1
Q58:	|........ ........ ........ ........| ok p=1
Q59:	|........ ........ ........ ........| ok p=1
Q60:	|0....... ........ ........ .......0| ok p=1
Q61:	|1....... ........ ........ ......10| ok p=0.500977
Q62:	|+....... ........ ........ ......1+| ok p=1
Q63:	|+....... ........ ........ ......+-| ok p=0.995117
Q64:	|+....... -.+..... ........ .......+|
Saving 2 paths to workdir6/collfindpaths.bin.gz...done.
Q-3:	|00010010 01001010 00010001 10001000|
Q-2:	|-1100101 10101111 11111001 110110-+|
Q-1:	|+1000011 11101010 01000101 1100-+++|
Q0:	|+110010+ -1-00101 00000100 1111011-| ok p=1
Q1:	|+.1....+ -.-..0.. ...1.+.. -0..111-| ok p=1
Q2:	|+00..... +.-..0.. ...-.+.. -0.....-| ok p=1
Q3:	|-0-0...1 +.-..-.! ...-.+.. +-.....-| ok p=1
Q4:	|--01.... 1.-!.+.. ..0..+.. 1+1..0..| ok p=1
Q5:	|1--..... 1.-..01. ..11.+.. -10..1.0| ok p=1
Q6:	|1++^.... -.-..-1. ..-0!... -1...+1.| ok p=1
Q7:	|01+-.... 0.-0.1+! ..+0.00. .....+1.| ok p=1
Q8:	|.010.... 1.11.1+. ^.+-..0. 0.....-.| ok p=1
Q9:	|1-+1.... ..0..+.. -..+1.+. .1.^.0-1| ok p=1
Q10:	|0-101101 0.00.-0. 1.1+0.-1 .1.-0.+0| ok p=1
Q11:	|10111010 1^101011 0..-00-1 .-.01.0+| ok p=1
Q12:	|++++++++ -+-+0100 0^^1-10- ^+.--10+| ok p=1
Q13:	|+-1-+--- -0-+..-+ +++-+--+ ++^000-+| ok p=1
Q14:	|0000.001 .011..0- 10001+1- 01-00.10| ok p=1
Q15:	|10-01001 0.--.01- 11111-01 1+1...1+| ok p=0.536133
Q16:	|.0.-..+. ..1..1.+ .0...0.1 .+0..0-.| ok p=1
Q17:	|.1^...0. ..0^.-.- .1...+.. .0...1.^| ok p=0.74707
Q18:	|.+.^..-. ..1....+ .-...+.. .1-..+^.| ok p=0.662109
Q19:	|......-. 0.+..^.+ ....0-.. ..-.....| ok p=0.927734
Q20:	|.^....00 1...0..1 .^..1-.. 0.1.0^..| ok p=1
Q21:	|.0....11 -.^.1..1 ....-0.. 1.0.1...| ok p=0.732422
Q22:	|.1.....+ ....+... .....0.. +...-...| ok p=0.828125
Q23:	|.+.0.... ^......0 ....^... ........| ok p=0.739258
Q24:	|...1...^ ....^..1 ...0.... ^...^.0.| ok p=0.859375
Q25:	|.^.-.... .......- ...1.... ........| ok p=0.93457
Q26:	|........ ..0..... ...-.... .....0+.| ok p=0.75293
Q27:	|...^.... ..1....^ ........ .....1+.| ok p=1
Q28:	|........ ..+..... ...^.... .....+-.| ok p=0.967773
Q29:	|........ ..0..... ........ ......0.| ok p=1
Q30:	|........ ..-..... ........ .....^1.| ok p=1
Q31:	|........ ..-..... ........ ........| ok p=0.999023
Q32:	|........ ........ ........ ........| ok p=1
Q33:	|........ ..!..... ........ ........| ok p=1
Q34:	|........ ........ ........ ........| ok p=1
Q35:	|........ ........ ........ ........| ok p=1
Q36:	|........ ........ ........ ........| ok p=1
Q37:	|........ ........ ........ ........| ok p=1
Q38:	|........ ........ ........ ........| ok p=1
Q39:	|........ ........ ........ ........| ok p=1
Q40:	|........ ........ ........ ........| ok p=1
Q41:	|........ ........ ........ ........| ok p=1
Q42:	|........ ........ ........ ........| ok p=1
Q43:	|........ ........ ........ ........| ok p=1
Q44:	|........ ........ ........ ........| ok p=1
Q45:	|........ ........ ........ ........| ok p=1
Q46:	|........ ........ ........ ........| ok p=1
Q47:	|........ ........ ........ ........| ok p=1
Q48:	|........ ........ ........ ........| ok p=1
Q49:	|........ ........ ........ ........| ok p=1
Q50:	|........ ........ ........ ........| ok p=1
Q51:	|........ ........ ........ ........| ok p=1
Q52:	|........ ........ ........ ........| ok p=1
Q53:	|........ ........ ........ ........| ok p=1
Q54:	|........ ........ ........ ........| ok p=1
Q55:	|........ ........ ........ ........| ok p=1
Q56:	|........ ........ ........ ........| ok p=1
Q57:	|........ ........ ........ ........| ok p=1
Q58:	|........ ........ ........ ........| ok p=1
Q59:	|........ ........ ........ ........| ok p=1
Q60:	|0....... ........ ........ .......0| ok p=1
Q61:	|1....... ........ ........ ......10| ok p=0.486328
Q62:	|+....... ........ ........ ......1+| ok p=1
Q63:	|+....... ........ ........ ......+-| ok p=0.995117
Q64:	|+....... -.+..... ........ .......+|
Warning: no OS randomness!
MD5 differential path toolbox
Copyright (C) 2009 Marc Stevens
http://homepages.cwi.nl/~stevens/

Loading workdir6/joint_bestpaths.bin.gz...done (loaded 12 paths).
Loading workdir6/upperpath.bin.gz...done (loaded 1 paths).
Using this partial path to overwrite all paths in workdir6/joint_bestpaths.bin.gz:
Q34:	|........ ........ ........ ........|
Q35:	|........ ........ ........ ........|
Q36:	|........ ........ ........ ........|
Q37:	|........ ........ ........ ........| ok p=1
Q38:	|........ ........ ........ ........| ok p=1
Q39:	|........ ........ ........ ........| ok p=1
Q40:	|........ ........ ........ ........| ok p=1
Q41:	|........ ........ ........ ........| ok p=1
Q42:	|........ ........ ........ ........| ok p=1
Q43:	|........ ........ ........ ........| ok p=1
Q44:	|........ ........ ........ ........| ok p=1
Q45:	|........ ........ ........ ........| ok p=1
Q46:	|........ ........ ........ ........| ok p=1
Q47:	|........ ........ ........ ........| ok p=1
Q48:	|........ ........ ........ ........| ok p=1
Q49:	|........ ........ ........ ........| ok p=1
Q50:	|........ ........ ........ ........| ok p=1
Q51:	|........ ........ ........ ........| ok p=1
Q52:	|........ ........ ........ ........| ok p=1
Q53:	|........ ........ ........ ........| ok p=1
Q54:	|........ ........ ........ ........| ok p=1
Q55:	|........ ........ ........ ........| ok p=1
Q56:	|........ ........ ........ ........| ok p=1
Q57:	|........ ........ ........ ........| ok p=1
Q58:	|........ ........ ........ ........| ok p=1
Q59:	|........ ........ ........ ........| ok p=1
Q60:	|0....... ........ ........ .......0| ok p=1
Q61:	|1....... ........ ........ ......10| ok p=0.494141
Q62:	|+....... ........ ........ ......1+| ok p=1
Q63:	|+....... ........ ........ ......+-| ok p=0.99707
Q64:	|+....... -.+..... ........ .......+|
Saving 12 paths to workdir6/collfindpaths.bin.gz...done.
Q-3:	|00010010 01001010 00010001 10001000|
Q-2:	|-1100101 10101111 11111001 110110-+|
Q-1:	|+1000011 11101010 01000101 1100-+++|
Q0:	|+110010+ -1-00101 00000100 1111011-| ok p=1
Q1:	|+.1....+ -.-..0.. ...1.+.. -0..111-| ok p=1
Q2:	|+00..... +.-..0.. ...-.+.. -0.....-| ok p=1
Q3:	|-0-0...1 +.-..-.! ...-.+.. +-.....-| ok p=1
Q4:	|--01.... 1.-.!+.. ..1..+.. 1+1..0..| ok p=1
Q5:	|1--0.... 1.-..00. ..11.+.. -10..1.0| ok p=1
Q6:	|1++1.... -.-..-0. ..-1!... -1...+0.| ok p=1
Q7:	|0+1+.... 0.-..1+. !.+1.00. .....+0.| ok p=1
Q8:	|.+01.... 0..^^1-. ..+-..0. 10...0-.| ok p=1
Q9:	|!0-1.... ..0.^.01 ..--.0+. .1...++.| ok p=1
Q10:	|.-10010. 0..0-.11 1.0+.1-1 .1..1--.| ok p=1
Q11:	|!+-0111. 0.00000+ .^0-00-1 .-0111-0| ok p=1
Q12:	|.0+-+++^ +.0+-11+ ^^1-1+0+ ^+10-1+1| ok p=1
Q13:	|.+--++++ -.-1+++0 +++.-11- -+++++++| ok p=1
Q14:	|.01+..10 1.+1011- 100101+0 1.110010| ok p=1
Q15:	|.00-01+1 -.-+101- 011.1-0+ 0011011+| ok p=0.759766
Q16:	|.0.-..+. ..1..1.+ .0...00. ..+..1-.| ok p=0.880859
Q17:	|.1.0..1. ^.-^.-.1 .1...+.^ ..-..1.^| ok p=0.56543
Q18:	|.+.1..-. ..-....1 .-...+.. ..1..+^.| ok p=0.658203
Q19:	|......-. 0.+..^.+ ....0-.. ..-.....| ok p=0.919922
Q20:	|.^....00 1.0.0..0 .^..1-.. 0...0^..| ok p=1
Q21:	|.0....11 -.1.1..1 ....-0.. 1.^.1...| ok p=0.787109
Q22:	|.1.....+ ....+... .....0.. +...-...| ok p=0.832031
Q23:	|.+.0.... ^......0 ....^... ........| ok p=0.737305
Q24:	|...1...^ ....^..1 ...0.... ^...^.0.| ok p=0.875977
Q25:	|.^.-.... .......- ...1.... ........| ok p=0.94043
Q26:	|........ ..0..... ...-.... .....0+.| ok p=0.729492
Q27:	|...^.... ..1....^ ........ .....1+.| ok p=0.998047
Q28:	|........ ..+..... ...^.... .....+-.| ok p=0.972656
Q29:	|........ ..0..... ........ ......0.| ok p=1
Q30:	|........ ..-..... ........ .....^1.| ok p=1
Q31:	|........ ..-..... ........ ........| ok p=1
Q32:	|........ ........ ........ ........| ok p=1
Q33:	|........ ..!..... ........ ........| ok p=1
Q34:	|........ ........ ........ ........| ok p=1
Q35:	|........ ........ ........ ........| ok p=1
Q36:	|........ ........ ........ ........| ok p=1
Q37:	|........ ........ ........ ........| ok p=1
Q38:	|........ ........ ........ ........| ok p=1
Q39:	|........ ........ ........ ........| ok p=1
Q40:	|........ ........ ........ ........| ok p=1
Q41:	|........ ........ ........ ........| ok p=1
Q42:	|........ ........ ........ ........| ok p=1
Q43:	|........ ........ ........ ........| ok p=1
Q44:	|........ ........ ........ ........| ok p=1
Q45:	|........ ........ ........ ........| ok p=1
Q46:	|........ ........ ........ ........| ok p=1
Q47:	|........ ........ ........ ........| ok p=1
Q48:	|........ ........ ........ ........| ok p=1
Q49:	|........ ........ ........ ........| ok p=1
Q50:	|........ ........ ........ ........| ok p=1
Q51:	|........ ........ ........ ........| ok p=1
Q52:	|........ ........ ........ ........| ok p=1
Q53:	|........ ........ ........ ........| ok p=1
Q54:	|........ ........ ........ ........| ok p=1
Q55:	|........ ........ ........ ........| ok p=1
Q56:	|........ ........ ........ ........| ok p=1
Q57:	|........ ........ ........ ........| ok p=1
Q58:	|........ ........ ........ ........| ok p=1
Q59:	|........ ........ ........ ........| ok p=1
Q60:	|0....... ........ ........ .......0| ok p=1
Q61:	|1....... ........ ........ ......10| ok p=0.519531
Q62:	|+....... ........ ........ ......1+| ok p=1
Q63:	|+....... ........ ........ ......+-| ok p=0.999023
Q64:	|+....... -.+..... ........ .......+|
Warning: no OS randomness!
MD5 differential path toolbox
Copyright (C) 2009 Marc Stevens
http://homepages.cwi.nl/~stevens/

Loading workdir6/joint_bestpaths.bin.gz...done (loaded 16 paths).
Loading workdir6/upperpath.bin.gz...done (loaded 1 paths).
Using this partial path to overwrite all paths in workdir6/joint_bestpaths.bin.gz:
Q34:	|........ ........ ........ ........|
Q35:	|........ ........ ........ ........|
Q36:	|........ ........ ........ ........|
Q37:	|........ ........ ........ ........| ok p=1
Q38:	|........ ........ ........ ........| ok p=1
Q39:	|........ ........ ........ ........| ok p=1
Q40:	|........ ........ ........ ........| ok p=1
Q41:	|........ ........ ........ ........| ok p=1
Q42:	|........ ........ ........ ........| ok p=1
Q43:	|........ ........ ........ ........| ok p=1
Q44:	|........ ........ ........ ........| ok p=1
Q45:	|........ ........ ........ ........| ok p=1
Q46:	|........ ........ ........ ........| ok p=1
Q47:	|........ ........ ........ ........| ok p=1
Q48:	|........ ........ ........ ........| ok p=1
Q49:	|........ ........ ........ ........| ok p=1
Q50:	|........ ........ ........ ........| ok p=1
Q51:	|........ ........ ........ ........| ok p=1
Q52:	|........ ........ ........ ........| ok p=1
Q53:	|........ ........ ........ ........| ok p=1
Q54:	|........ ........ ........ ........| ok p=1
Q55:	|........ ........ ........ ........| ok p=1
Q56:	|........ ........ ........ ........| ok p=1
Q57:	|........ ........ ........ ........| ok p=1
Q58:	|........ ........ ........ ........| ok p=1
Q59:	|........ ........ ........ ........| ok p=1
Q60:	|0....... ........ ........ .......0| ok p=1
Q61:	|1....... ........ ........ ......10| ok p=0.500977
Q62:	|+....... ........ ........ ......1+| ok p=1
Q63:	|+....... ........ ........ ......+-| ok p=0.99707
Q64:	|+....... -.+..... ........ .......+|
Saving 16 paths to workdir6/collfindpaths.bin.gz...done.
Q-3:	|00010010 01001010 00010001 10001000|
Q-2:	|-1100101 10101111 11111001 110110-+|
Q-1:	|+1000011 11101010 01000101 1100-+++|
Q0:	|+110010+ -1-00101 00000100 1111011-| ok p=1
Q1:	|+.1....+ -.-..0.. ...1.+.. -0..111-| ok p=1
Q2:	|+00..... +.-..0.. ...-.+.. -0.....-| ok p=1
Q3:	|-0-0...1 +.-..-.! ...-.+.. +-.....-| ok p=1
Q4:	|--01.... 1.-.!+.. ..1..+.. 1+1..0..| ok p=1
Q5:	|1--0.... 1.-..00. ..11.+.. -10..1.0| ok p=1
Q6:	|1++1.... -.-..-0. ..-1!... -1...+0.| ok p=1
Q7:	|0+1+.... 0.-..1+. !.+1.00. .....+0.| ok p=1
Q8:	|.+01.... 0..^^1-. ..+-..0. 10...0-.| ok p=1
Q9:	|!0-1.... ..0.^.01 ..--.0+. .1...++.| ok p=1
Q10:	|.-10010. 0..0-.11 1.0+.1-1 .1..1--.| ok p=1
Q11:	|!+-0111. 0.00000+ .^0-00-1 .-0111-0| ok p=1
Q12:	|.0+-+++^ +.0+-11+ ^^1-1+0+ ^+10-1+1| ok p=1
Q13:	|.+--++++ -.-1+++0 +++.-11- -+++++++| ok p=1
Q14:	|.01+..10 1.+1011- 100101+0 1.110010| ok p=1
Q15:	|.00-01+1 -.-+101- 011.1-0+ 0011011+| ok p=0.740234
Q16:	|.0.-..+. ..1..1.+ .0...00. ..+..1-.| ok p=0.889648
Q17:	|.1.0..1. ^.-^.-.1 .1...+.^ ..-..1.^| ok p=0.556641
Q18:	|.+.1..-. ..-....1 .-...+.. ..1..+^.| ok p=0.632812
Q19:	|......-. 0.+..^.+ ....0-.. ..-.....| ok p=0.915039
Q20:	|.^....00 1.0.0..0 .^..1-.. 0...0^..| ok p=1
Q21:	|.0....11 -.1.1..1 ....-0.. 1.^.1...| ok p=0.767578
Q22:	|.1.....+ ....+... .....0.. +...-...| ok p=0.810547
Q23:	|.+.0.... ^......0 ....^... ........| ok p=0.751953
Q24:	|...1...^ ....^..1 ...0.... ^...^.0.| ok p=0.889648
Q25:	|.^.-.... .......- ...1.... ........| ok p=0.925781
Q26:	|........ ..0..... ...-.... .....0+.| ok p=0.760742
Q27:	|...^.... ..1....^ ........ .....1+.| ok p=1
Q28:	|........ ..+..... ...^.... .....+-.| ok p=0.972656
Q29:	|........ ..0..... ........ ......0.| ok p=1
Q30:	|........ ..-..... ........ .....^1.| ok p=1
Q31:	|........ ..-..... ........ ........| ok p=1
Q32:	|........ ........ ........ ........| ok p=1
Q33:	|........ ..!..... ........ ........| ok p=1
Q34:	|........ ........ ........ ........| ok p=1
Q35:	|........ ........ ........ ........| ok p=1
Q36:	|........ ........ ........ ........| ok p=1
Q37:	|........ ........ ........ ........| ok p=1
Q38:	|........ ........ ........ ........| ok p=1
Q39:	|........ ........ ........ ........| ok p=1
Q40:	|........ ........ ........ ........| ok p=1
Q41:	|........ ........ ........ ........| ok p=1
Q42:	|........ ........ ........ ........| ok p=1
Q43:	|........ ........ ........ ........| ok p=1
Q44:	|........ ........ ........ ........| ok p=1
Q45:	|........ ........ ........ ........| ok p=1
Q46:	|........ ........ ........ ........| ok p=1
Q47:	|........ ........ ........ ........| ok p=1
Q48:	|........ ........ ........ ........| ok p=1
Q49:	|........ ........ ........ ........| ok p=1
Q50:	|........ ........ ........ ........| ok p=1
Q51:	|........ ........ ........ ........| ok p=1
Q52:	|........ ........ ........ ........| ok p=1
Q53:	|........ ........ ........ ........| ok p=1
Q54:	|........ ........ ........ ........| ok p=1
Q55:	|........ ........ ........ ........| ok p=1
Q56:	|........ ........ ........ ........| ok p=1
Q57:	|........ ........ ........ ........| ok p=1
Q58:	|........ ........ ........ ........| ok p=1
Q59:	|........ ........ ........ ........| ok p=1
Q60:	|0....... ........ ........ .......0| ok p=1
Q61:	|1....... ........ ........ ......10| ok p=0.486328
Q62:	|+....... ........ ........ ......1+| ok p=1
Q63:	|+....... ........ ........ ......+-| ok p=0.998047
Q64:	|+....... -.+..... ........ .......+|
Warning: no OS randomness!
MD5 differential path toolbox
Copyright (C) 2009 Marc Stevens
http://homepages.cwi.nl/~stevens/

Loading workdir6/joint_bestpaths.bin.gz...done (loaded 14 paths).
Loading workdir6/upperpath.bin.gz...done (loaded 1 paths).
Using this partial path to overwrite all paths in workdir6/joint_bestpaths.bin.gz:
Q34:	|........ ........ ........ ........|
Q35:	|........ ........ ........ ........|
Q36:	|........ ........ ........ ........|
Q37:	|........ ........ ........ ........| ok p=1
Q38:	|........ ........ ........ ........| ok p=1
Q39:	|........ ........ ........ ........| ok p=1
Q40:	|........ ........ ........ ........| ok p=1
Q41:	|........ ........ ........ ........| ok p=1
Q42:	|........ ........ ........ ........| ok p=1
Q43:	|........ ........ ........ ........| ok p=1
Q44:	|........ ........ ........ ........| ok p=1
Q45:	|........ ........ ........ ........| ok p=1
Q46:	|........ ........ ........ ........| ok p=1
Q47:	|........ ........ ........ ........| ok p=1
Q48:	|........ ........ ........ ........| ok p=1
Q49:	|........ ........ ........ ........| ok p=1
Q50:	|........ ........ ........ ........| ok p=1
Q51:	|........ ........ ........ ........| ok p=1
Q52:	|........ ........ ........ ........| ok p=1
Q53:	|........ ........ ........ ........| ok p=1
Q54:	|........ ........ ........ ........| ok p=1
Q55:	|........ ........ ........ ........| ok p=1
Q56:	|........ ........ ........ ........| ok p=1
Q57:	|........ ........ ........ ........| ok p=1
Q58:	|........ ........ ........ ........| ok p=1
Q59:	|........ ........ ........ ........| ok p=1
Q60:	|0....... ........ ........ .......0| ok p=1
Q61:	|1....... ........ ........ ......10| ok p=0.521484
Q62:	|+....... ........ ........ ......1+| ok p=1
Q63:	|+....... ........ ........ ......+-| ok p=0.998047
Q64:	|+....... -.+..... ........ .......+|
Saving 14 paths to workdir6/collfindpaths.bin.gz...done.
Q-3:	|00010010 01001010 00010001 10001000|
Q-2:	|-1100101 10101111 11111001 110110-+|
Q-1:	|+1000011 11101010 01000101 1100-+++|
Q0:	|+110010+ -1-00101 00000100 1111011-| ok p=1
Q1:	|+.1....+ -.-..0.. ...1.+.. -0..111-| ok p=1
Q2:	|+00..... +.-..0.. ...-.+.. -0.....-| ok p=1
Q3:	|-0-0...1 +.-..-.! ...-.+.. +-.....-| ok p=1
Q4:	|--01.... 1.-!.+.. ..0..+.. 1+1..0..| ok p=1
Q5:	|1--..... 1.-..01. ..11.+.. -10..1.0| ok p=1
Q6:	|1++^.... -.-..-1. ..-1!... -1...+1.| ok p=1
Q7:	|01+-.... 0.-..0+! ..+1.0.^ .....+0.| ok p=1
Q8:	|.000.... 1.1^^1+. ..+-.0.+ 1..0..-.| ok p=1
Q9:	|..-1.... ..0..+.. ..--1+.0 ..1011-.| ok p=1
Q10:	|.1001010 1....-0. 10101-01 0.1-01+.| ok p=1
Q11:	|11-11000 110..010 01+11-10 10-----0| ok p=1
Q12:	|0+--+++- +00..101 +--+-.-- +1---0-1| ok p=1
Q13:	|---1-+++ +--1..-+ ++1++000 0+-1.0--| ok p=1
Q14:	|00.+1.10 01+0..1- .11.11+0 10010.+-| ok p=1
Q15:	|100-01+1 -1--.00- 10.01-1. +01...0+| ok p=0.864258
Q16:	|.0.-..+. ..0..1.+ .0...01. ..+..1-0| ok p=0.869141
Q17:	|.1.0..1. ^.0^.-.1 .1...+.. ^.-..1.1| ok p=0.549805
Q18:	|.+.1..-. ..1....1 .-...+.. ..1..+^.| ok p=0.668945
Q19:	|......-. 0.+..^.+ ....0-.. ..-.....| ok p=0.916016
Q20:	|.^....00 1...0..0 .^..1-.. 0...0^..| ok p=1
Q21:	|.0....11 -.^.1..1 ....-0.. 1.^.1...| ok p=0.770508
Q22:	|.1.....+ ....+... .....0.. +...-...| ok p=0.811523
Q23:	|.+.0.... ^......0 ....^... ........| ok p=0.766602
Q24:	|...1...^ ....^..1 ...0.... ^...^.0.| ok p=0.858398
Q25:	|.^.-.... .......- ...1.... ........| ok p=0.950195
Q26:	|........ ..0..... ...-.... .....0+.| ok p=0.763672
Q27:	|...^.... ..1....^ ........ .....1+.| ok p=1
Q28:	|........ ..+..... ...^.... .....+-.| ok p=0.96875
Q29:	|........ ..0..... ........ ......0.| ok p=1
Q30:	|........ ..-..... ........ .....^1.| ok p=1
Q31:	|........ ..-..... ........ ........| ok p=0.999023
Q32:	|........ ........ ........ ........| ok p=1
Q33:	|........ ..!..... ........ ........| ok p=1
Q34:	|........ ........ ........ ........| ok p=1
Q35:	|........ ........ ........ ........| ok p=1
Q36:	|........ ........ ........ ........| ok p=1
Q37:	|........ ........ ........ ........| ok p=1
Q38:	|........ ........ ........ ........| ok p=1
Q39:	|........ ........ ........ ........| ok p=1
Q40:	|........ ........ ........ ........| ok p=1
Q41:	|........ ........ ........ ........| ok p=1
Q42:	|........ ........ ........ ........| ok p=1
Q43:	|........ ........ ........ ........| ok p=1
Q44:	|........ ........ ........ ........| ok p=1
Q45:	|........ ........ ........ ........| ok p=1
Q46:	|........ ........ ........ ........| ok p=1
Q47:	|........ ........ ........ ........| ok p=1
Q48:	|........ ........ ........ ........| ok p=1
Q49:	|........ ........ ........ ........| ok p=1
Q50:	|........ ........ ........ ........| ok p=1
Q51:	|........ ........ ........ ........| ok p=1
Q52:	|........ ........ ........ ........| ok p=1
Q53:	|........ ........ ........ ........| ok p=1
Q54:	|........ ........ ........ ........| ok p=1
Q55:	|........ ........ ........ ........| ok p=1
Q56:	|........ ........ ........ ........| ok p=1
Q57:	|........ ........ ........ ........| ok p=1
Q58:	|........ ........ ........ ........| ok p=1
Q59:	|........ ........ ........ ........| ok p=1
Q60:	|0....... ........ ........ .......0| ok p=1
Q61:	|1....... ........ ........ ......10| ok p=0.505859
Q62:	|+....... ........ ........ ......1+| ok p=1
Q63:	|+....... ........ ........ ......+-| ok p=0.99707
Q64:	|+....... -.+..... ........ .......+|
Warning: no OS randomness!
MD5 differential path toolbox
Copyright (C) 2009 Marc Stevens
http://homepages.cwi.nl/~stevens/

Loading workdir6/joint_bestpaths.bin.gz...done (loaded 26 paths).
Loading workdir6/upperpath.bin.gz...done (loaded 1 paths).
Using this partial path to overwrite all paths in workdir6/joint_bestpaths.bin.gz:
Q34:	|........ ........ ........ ........|
Q35:	|........ ........ ........ ........|
Q36:	|........ ........ ........ ........|
Q37:	|........ ........ ........ ........| ok p=1
Q38:	|........ ........ ........ ........| ok p=1
Q39:	|........ ........ ........ ........| ok p=1
Q40:	|........ ........ ........ ........| ok p=1
Q41:	|........ ........ ........ ........| ok p=1
Q42:	|........ ........ ........ ........| ok p=1
Q43:	|........ ........ ........ ........| ok p=1
Q44:	|........ ........ ........ ........| ok p=1
Q45:	|........ ........ ........ ........| ok p=1
Q46:	|........ ........ ........ ........| ok p=1
Q47:	|........ ........ ........ ........| ok p=1
Q48:	|........ ........ ........ ........| ok p=1
Q49:	|........ ........ ........ ........| ok p=1
Q50:	|........ ........ ........ ........| ok p=1
Q51:	|........ ........ ........ ........| ok p=1
Q52:	|........ ........ ........ ........| ok p=1
Q53:	|........ ........ ........ ........| ok p=1
Q54:	|........ ........ ........ ........| ok p=1
Q55:	|........ ........ ........ ........| ok p=1
Q56:	|........ ........ ........ ........| ok p=1
Q57:	|........ ........ ........ ........| ok p=1
Q58:	|........ ........ ........ ........| ok p=1
Q59:	|........ ........ ........ ........| ok p=1
Q60:	|0....... ........ ........ .......0| ok p=1
Q61:	|1....... ........ ........ ......10| ok p=0.47168
Q62:	|+....... ........ ........ ......1+| ok p=1
Q63:	|+....... ........ ........ ......+-| ok p=0.999023
Q64:	|+....... -.+..... ........ .......+|
Saving 26 paths to workdir6/collfindpaths.bin.gz...done.
Q-3:	|00010010 01001010 00010001 10001000|
Q-2:	|-1100101 10101111 11111001 110110-+|
Q-1:	|+1000011 11101010 01000101 1100-+++|
Q0:	|+110010+ -1-00101 00000100 1111011-| ok p=1
Q1:	|+.1....+ -.-..0.. ...1.+.. -0..111-| ok p=1
Q2:	|+00..... +.-..0.. ...-.+.. -0.....-| ok p=1
Q3:	|-0-0...1 +.-..-.! ...-.+.. +-.....-| ok p=1
Q4:	|--01.... 1.-!.+.. ..0..+.. 1+1..0..| ok p=1
Q5:	|1--..... 1.-..01. ..11.+.. -10..1.0| ok p=1
Q6:	|1++^.... -.-..-1. ..-1!... -1...+1.| ok p=1
Q7:	|01+-.... 0.-000+. !.+1.0.^ .....+0.| ok p=1
Q8:	|.000.... 1.1..1+. ..+-.0.+ 1..0..-.| ok p=1
Q9:	|..-1.... ..0..+.. ..--1+.0 ..1011-.| ok p=1
Q10:	|.100101. 1....-0. 10101-01 0.1-01+.| ok p=1
Q11:	|11-11000 100..010 01+11-10 10-----0| ok p=1
Q12:	|0+--+++1 -10..101 +--+-.-- +1---0-1| ok p=1
Q13:	|---1-+++ +--1..-+ ++1++000 0+-1.0--| ok p=1
Q14:	|11.+1.10 01+0..1- .11.11+0 10010.+-| ok p=1
Q15:	|100-01+1 -1--.00- 10.01-1. +01...0+| ok p=0.861328
Q16:	|.0.-..+. ..0..1.+ .0...01. ..+..1-0| ok p=0.866211
Q17:	|.1.0..1. ^.0^.-.1 .1...+.. ^.-..1.1| ok p=0.549805
Q18:	|.+.1..-. ..1....1 .-...+.. ..1..+^.| ok p=0.651367
Q19:	|......-. 0.+..^.+ ....0-.. ..-.....| ok p=0.904297
Q20:	|.^....00 1...0..0 .^..1-.. 0...0^..| ok p=1
Q21:	|.0....11 -.^.1..1 ....-0.. 1.^.1...| ok p=0.785156
Q22:	|.1.....+ ....+... .....0.. +...-...| ok p=0.817383
Q23:	|.+.0.... ^......0 ....^... ........| ok p=0.742188
Q24:	|...1...^ ....^..1 ...0.... ^...^.0.| ok p=0.881836
Q25:	|.^.-.... .......- ...1.... ........| ok p=0.933594
Q26:	|........ ..0..... ...-.... .....0+.| ok p=0.767578
Q27:	|...^.... ..1....^ ........ .....1+.| ok p=0.999023
Q28:	|........ ..+..... ...^.... .....+-.| ok p=0.97168
Q29:	|........ ..0..... ........ ......0.| ok p=1
Q30:	|........ ..-..... ........ .....^1.| ok p=1
Q31:	|........ ..-..... ........ ........| ok p=0.999023
Q32:	|........ ........ ........ ........| ok p=1
Q33:	|........ ..!..... ........ ........| ok p=1
Q34:	|........ ........ ........ ........| ok p=1
Q35:	|........ ........ ........ ........| ok p=1
Q36:	|........ ........ ........ ........| ok p=1
Q37:	|........ ........ ........ ........| ok p=1
Q38:	|........ ........ ........ ........| ok p=1
Q39:	|........ ........ ........ ........| ok p=1
Q40:	|........ ........ ........ ........| ok p=1
Q41:	|........ ........ ........ ........| ok p=1
Q42:	|........ ........ ........ ........| ok p=1
Q43:	|........ ........ ........ ........| ok p=1
Q44:	|........ ........ ........ ........| ok p=1
Q45:	|........ ........ ........ ........| ok p=1
Q46:	|........ ........ ........ ........| ok p=1
Q47:	|........ ........ ........ ........| ok p=1
Q48:	|........ ........ ........ ........| ok p=1
Q49:	|........ ........ ........ ........| ok p=1
Q50:	|........ ........ ........ ........| ok p=1
Q51:	|........ ........ ........ ........| ok p=1
Q52:	|........ ........ ........ ........| ok p=1
Q53:	|........ ........ ........ ........| ok p=1
Q54:	|........ ........ ........ ........| ok p=1
Q55:	|........ ........ ........ ........| ok p=1
Q56:	|........ ........ ........ ........| ok p=1
Q57:	|........ ........ ........ ........| ok p=1
Q58:	|........ ........ ........ ........| ok p=1
Q59:	|........ ........ ........ ........| ok p=1
Q60:	|0....... ........ ........ .......0| ok p=1
Q61:	|1....... ........ ........ ......10| ok p=0.480469
Q62:	|+....... ........ ........ ......1+| ok p=1
Q63:	|+....... ........ ........ ......+-| ok p=0.996094
Q64:	|+....... -.+..... ........ .......+|
Warning: no OS randomness!
MD5 differential path toolbox
Copyright (C) 2009 Marc Stevens
http://homepages.cwi.nl/~stevens/

Loading workdir6/joint_bestpaths.bin.gz...done (loaded 29 paths).
Loading workdir6/upperpath.bin.gz...done (loaded 1 paths).
Using this partial path to overwrite all paths in workdir6/joint_bestpaths.bin.gz:
Q34:	|........ ........ ........ ........|
Q35:	|........ ........ ........ ........|
Q36:	|........ ........ ........ ........|
Q37:	|........ ........ ........ ........| ok p=1
Q38:	|........ ........ ........ ........| ok p=1
Q39:	|........ ........ ........ ........| ok p=1
Q40:	|........ ........ ........ ........| ok p=1
Q41:	|........ ........ ........ ........| ok p=1
Q42:	|........ ........ ........ ........| ok p=1
Q43:	|........ ........ ........ ........| ok p=1
Q44:	|........ ........ ........ ........| ok p=1
Q45:	|........ ........ ........ ........| ok p=1
Q46:	|........ ........ ........ ........| ok p=1
Q47:	|........ ........ ........ ........| ok p=1
Q48:	|........ ........ ........ ........| ok p=1
Q49:	|........ ........ ........ ........| ok p=1
Q50:	|........ ........ ........ ........| ok p=1
Q51:	|........ ........ ........ ........| ok p=1
Q52:	|........ ........ ........ ........| ok p=1
Q53:	|........ ........ ........ ........| ok p=1
Q54:	|........ ........ ........ ........| ok p=1
Q55:	|........ ........ ........ ........| ok p=1
Q56:	|........ ........ ........ ........| ok p=1
Q57:	|........ ........ ........ ........| ok p=1
Q58:	|........ ........ ........ ........| ok p=1
Q59:	|........ ........ ........ ........| ok p=1
Q60:	|0....... ........ ........ .......0| ok p=1
Q61:	|1....... ........ ........ ......10| ok p=0.520508
Q62:	|+....... ........ ........ ......1+| ok p=1
Q63:	|+....... ........ ........ ......+-| ok p=1
Q64:	|+....... -.+..... ........ .......+|
Saving 29 paths to workdir6/collfindpaths.bin.gz...done.
Q-3:	|00010010 01001010 00010001 10001000|
Q-2:	|-1100101 10101111 11111001 110110-+|
Q-1:	|+1000011 11101010 01000101 1100-+++|
Q0:	|+110010+ -1-00101 00000100 1111011-| ok p=1
Q1:	|+.1....+ -.-..0.. ...1.+.. -0..111-| ok p=1
Q2:	|+00..... +.-..0.. ...-.+.. -0.....-| ok p=1
Q3:	|-0-0...1 +.-..-.! ...-.+.. +-.....-| ok p=1
Q4:	|--01.... 1.-!.+.. ..0..+.. 1+1..0..| ok p=1
Q5:	|1--..... 1.-..01. ..11.+.. -10..1.0| ok p=1
Q6:	|1++^.... -.-..-1. ..-1!... -1...+1.| ok p=1
Q7:	|01+-.... 0.-000+. !.+1.0.^ .....+0.| ok p=1
Q8:	|.000.... 1.1..1+. ..+-.0.+ 1..0..-.| ok p=1
Q9:	|..-1.... ..0..+.. ..--1+.0 ..1011-.| ok p=1
Q10:	|.100101. 1....-0. 10101-01 0.1-01+.| ok p=1
Q11:	|11-11000 100..010 01+11-10 10-----0| ok p=1
Q12:	|0+--+++1 -10..101 +--+-.-- +1---0-1| ok p=1
Q13:	|---1-+++ +--1..-+ ++1++000 0+-1.0--| ok p=1
Q14:	|11.+1.10 01+0..1- .11.11+0 10010.+-| ok p=1
Q15:	|100-01+1 -1--.00- 10.01-1. +01...0+| ok p=0.850586
Q16:	|.0.-..+. ..0..1.+ .0...01. ..+..1-0| ok p=0.869141
Q17:	|.1.0..1. ^.0^.-.1 .1...+.. ^.-..1.1| ok p=0.573242
Q18:	|.+.1..-. ..1....1 .-...+.. ..1..+^.| ok p=0.666016
Q19:	|......-. 0.+..^.+ ....0-.. ..-.....| ok p=0.912109
Q20:	|.^....00 1...0..0 .^..1-.. 0...0^..| ok p=1
Q21:	|.0....11 -.^.1..1 ....-0.. 1.^.1...| ok p=0.771484
Q22:	|.1.....+ ....+... .....0.. +...-...| ok p=0.803711
Q23:	|.+.0.... ^......0 ....^... ........| ok p=0.762695
Q24:	|...1...^ ....^..1 ...0.... ^...^.0.| ok p=0.875
Q25:	|.^.-.... .......- ...1.... ........| ok p=0.94043
Q26:	|........ ..0..... ...-.... .....0+.| ok p=0.745117
Q27:	|...^.... ..1....^ ........ .....1+.| ok p=1
Q28:	|........ ..+..... ...^.... .....+-.| ok p=0.973633
Q29:	|........ ..0..... ........ ......0.| ok p=1
Q30:	|........ ..-..... ........ .....^1.| ok p=1
Q31:	|........ ..-..... ........ ........| ok p=1
Q32:	|........ ........ ........ ........| ok p=1
Q33:	|........ ..!..... ........ ........| ok p=1
Q34:	|........ ........ ........ ........| ok p=1
Q35:	|........ ........ ........ ........| ok p=1
Q36:	|........ ........ ........ ........| ok p=1
Q37:	|........ ........ ........ ........| ok p=1
Q38:	|........ ........ ........ ........| ok p=1
Q39:	|........ ........ ........ ........| ok p=1
Q40:	|........ ........ ........ ........| ok p=1
Q41:	|........ ........ ........ ........| ok p=1
Q42:	|........ ........ ........ ........| ok p=1
Q43:	|........ ........ ........ ........| ok p=1
Q44:	|........ ........ ........ ........| ok p=1
Q45:	|........ ........ ........ ........| ok p=1
Q46:	|........ ........ ........ ........| ok p=1
Q47:	|........ ........ ........ ........| ok p=1
Q48:	|........ ........ ........ ........| ok p=1
Q49:	|........ ........ ........ ........| ok p=1
Q50:	|........ ........ ........ ........| ok p=1
Q51:	|........ ........ ........ ........| ok p=1
Q52:	|........ ........ ........ ........| ok p=1
Q53:	|........ ........ ........ ........| ok p=1
Q54:	|........ ........ ........ ........| ok p=1
Q55:	|........ ........ ........ ........| ok p=1
Q56:	|........ ........ ........ ........| ok p=1
Q57:	|........ ........ ........ ........| ok p=1
Q58:	|........ ........ ........ ........| ok p=1
Q59:	|........ ........ ........ ........| ok p=1
Q60:	|0....... ........ ........ .......0| ok p=1
Q61:	|1....... ........ ........ ......10| ok p=0.505859
Q62:	|+....... ........ ........ ......1+| ok p=1
Q63:	|+....... ........ ........ ......+-| ok p=0.999023
Q64:	|+....... -.+..... ........ .......+|
Warning: no OS randomness!
MD5 differential path toolbox
Copyright (C) 2009 Marc Stevens
http://homepages.cwi.nl/~stevens/

Loading workdir6/joint_bestpaths.bin.gz...done (loaded 47 paths).
Loading workdir6/upperpath.bin.gz...done (loaded 1 paths).
Using this partial path to overwrite all paths in workdir6/joint_bestpaths.bin.gz:
Q34:	|........ ........ ........ ........|
Q35:	|........ ........ ........ ........|
Q36:	|........ ........ ........ ........|
Q37:	|........ ........ ........ ........| ok p=1
Q38:	|........ ........ ........ ........| ok p=1
Q39:	|........ ........ ........ ........| ok p=1
Q40:	|........ ........ ........ ........| ok p=1
Q41:	|........ ........ ........ ........| ok p=1
Q42:	|........ ........ ........ ........| ok p=1
Q43:	|........ ........ ........ ........| ok p=1
Q44:	|........ ........ ........ ........| ok p=1
Q45:	|........ ........ ........ ........| ok p=1
Q46:	|........ ........ ........ ........| ok p=1
Q47:	|........ ........ ........ ........| ok p=1
Q48:	|........ ........ ........ ........| ok p=1
Q49:	|........ ........ ........ ........| ok p=1
Q50:	|........ ........ ........ ........| ok p=1
Q51:	|........ ........ ........ ........| ok p=1
Q52:	|........ ........ ........ ........| ok p=1
Q53:	|........ ........ ........ ........| ok p=1
Q54:	|........ ........ ........ ........| ok p=1
Q55:	|........ ........ ........ ........| ok p=1
Q56:	|........ ........ ........ ........| ok p=1
Q57:	|........ ........ ........ ........| ok p=1
Q58:	|........ ........ ........ ........| ok p=1
Q59:	|........ ........ ........ ........| ok p=1
Q60:	|0....... ........ ........ .......0| ok p=1
Q61:	|1....... ........ ........ ......10| ok p=0.481445
Q62:	|+....... ........ ........ ......1+| ok p=1
Q63:	|+....... ........ ........ ......+-| ok p=0.994141
Q64:	|+....... -.+..... ........ .......+|
Saving 47 paths to workdir6/collfindpaths.bin.gz...done.
Q-3:	|00010010 01001010 00010001 10001000|
Q-2:	|-1100101 10101111 11111001 110110-+|
Q-1:	|+1000011 11101010 01000101 1100-+++|
Q0:	|+110010+ -1-00101 00000100 1111011-| ok p=1
Q1:	|+.1....+ -.-..0.. ...1.+.. -0..111-| ok p=1
Q2:	|+00..... +.-..0.. ...-.+.. -0.....-| ok p=1
Q3:	|-0-0...1 +.-..-.! ...-.+.. +-.....-| ok p=1
Q4:	|--01.... 1.-!.+.. ..0..+.. 1+1..0..| ok p=1
Q5:	|1--..... 1.-..01. ..11.+.. -10..1.0| ok p=1
Q6:	|1++^.... -.-..-1. ..-1!... -1...+1.| ok p=1
Q7:	|01+-.... 0.-000+. !.+1.0.^ .....+0.| ok p=1
Q8:	|.000.... 1.1..1+. ..+-.0.+ 1..0..-.| ok p=1
Q9:	|..-1.... ..0..+.. ..--1+.0 ..1011-.| ok p=1
Q10:	|.100101. 1....-0. 10101-01 0.1-01+.| ok p=1
Q11:	|11-11000 100..010 01+11-10 10-----0| ok p=1
Q12:	|0+--+++1 -10..101 +--+-.-- +1---0-1| ok p=1
Q13:	|---1-+++ +--1..-+ ++1++000 0+-1.0--| ok p=1
Q14:	|11.+1.10 01+0..1- .11.11+0 10010.+-| ok p=1
Q15:	|100-01+1 -1--.00- 10.01-1. +01...0+| ok p=0.862305
Q16:	|.0.-..+. ..0..1.+ .0...01. ..+..1-0| ok p=0.896484
Q17:	|.1.0..1. ^.0^.-.1 .1...+.. ^.-..1.1| ok p=0.560547
Q18:	|.+.1..-. ..1....1 .-...+.. ..1..+^.| ok p=0.629883
Q19:	|......-. 0.+..^.+ ....0-.. ..-.....| ok p=0.916992
Q20:	|.^....00 1...0..0 .^..1-.. 0...0^..| ok p=1
Q21:	|.0....11 -.^.1..1 ....-0.. 1.^.1...| ok p=0.789062
Q22:	|.1.....+ ....+... .....0.. +...-...| ok p=0.795898
Q23:	|.+.0.... ^......0 ....^... ........| ok p=0.753906
Q24:	|...1...^ ....^..1 ...0.... ^...^.0.| ok p=0.87207
Q25:	|.^.-.... .......- ...1.... ........| ok p=0.930664
Q26:	|........ ..0..... ...-.... .....0+.| ok p=0.754883
Q27:	|...^.... ..1....^ ........ .....1+.| ok p=0.999023
Q28:	|........ ..+..... ...^.... .....+-.| ok p=0.973633
Q29:	|........ ..0..... ........ ......0.| ok p=1
Q30:	|........ ..-..... ........ .....^1.| ok p=1
Q31:	|........ ..-..... ........ ........| ok p=1
Q32:	|........ ........ ........ ........| ok p=1
Q33:	|........ ..!..... ........ ........| ok p=1
Q34:	|........ ........ ........ ........| ok p=1
Q35:	|........ ........ ........ ........| ok p=1
Q36:	|........ ........ ........ ........| ok p=1
Q37:	|........ ........ ........ ........| ok p=1
Q38:	|........ ........ ........ ........| ok p=1
Q39:	|........ ........ ........ ........| ok p=1
Q40:	|........ ........ ........ ........| ok p=1
Q41:	|........ ........ ........ ........| ok p=1
Q42:	|........ ........ ........ ........| ok p=1
Q43:	|........ ........ ........ ........| ok p=1
Q44:	|........ ........ ........ ........| ok p=1
Q45:	|........ ........ ........ ........| ok p=1
Q46:	|........ ........ ........ ........| ok p=1
Q47:	|........ ........ ........ ........| ok p=1
Q48:	|........ ........ ........ ........| ok p=1
Q49:	|........ ........ ........ ........| ok p=1
Q50:	|........ ........ ........ ........| ok p=1
Q51:	|........ ........ ........ ........| ok p=1
Q52:	|........ ........ ........ ........| ok p=1
Q53:	|........ ........ ........ ........| ok p=1
Q54:	|........ ........ ........ ........| ok p=1
Q55:	|........ ........ ........ ........| ok p=1
Q56:	|........ ........ ........ ........| ok p=1
Q57:	|........ ........ ........ ........| ok p=1
Q58:	|........ ........ ........ ........| ok p=1
Q59:	|........ ........ ........ ........| ok p=1
Q60:	|0....... ........ ........ .......0| ok p=1
Q61:	|1....... ........ ........ ......10| ok p=0.501953
Q62:	|+....... ........ ........ ......1+| ok p=1
Q63:	|+....... ........ ........ ......+-| ok p=0.992188
Q64:	|+....... -.+..... ........ .......+|
Warning: no OS randomness!
MD5 differential path toolbox
Copyright (C) 2009 Marc Stevens
http://homepages.cwi.nl/~stevens/

Loading workdir6/joint_bestpaths.bin.gz...done (loaded 63 paths).
Loading workdir6/upperpath.bin.gz...done (loaded 1 paths).
Using this partial path to overwrite all paths in workdir6/joint_bestpaths.bin.gz:
Q34:	|........ ........ ........ ........|
Q35:	|........ ........ ........ ........|
Q36:	|........ ........ ........ ........|
Q37:	|........ ........ ........ ........| ok p=1
Q38:	|........ ........ ........ ........| ok p=1
Q39:	|........ ........ ........ ........| ok p=1
Q40:	|........ ........ ........ ........| ok p=1
Q41:	|........ ........ ........ ........| ok p=1
Q42:	|........ ........ ........ ........| ok p=1
Q43:	|........ ........ ........ ........| ok p=1
Q44:	|........ ........ ........ ........| ok p=1
Q45:	|........ ........ ........ ........| ok p=1
Q46:	|........ ........ ........ ........| ok p=1
Q47:	|........ ........ ........ ........| ok p=1
Q48:	|........ ........ ........ ........| ok p=1
Q49:	|........ ........ ........ ........| ok p=1
Q50:	|........ ........ ........ ........| ok p=1
Q51:	|........ ........ ........ ........| ok p=1
Q52:	|........ ........ ........ ........| ok p=1
Q53:	|........ ........ ........ ........| ok p=1
Q54:	|........ ........ ........ ........| ok p=1
Q55:	|........ ........ ........ ........| ok p=1
Q56:	|........ ........ ........ ........| ok p=1
Q57:	|........ ........ ........ ........| ok p=1
Q58:	|........ ........ ........ ........| ok p=1
Q59:	|........ ........ ........ ........| ok p=1
Q60:	|0....... ........ ........ .......0| ok p=1
Q61:	|1....... ........ ........ ......10| ok p=0.514648
Q62:	|+....... ........ ........ ......1+| ok p=1
Q63:	|+....... ........ ........ ......+-| ok p=0.999023
Q64:	|+....... -.+..... ........ .......+|
Saving 63 paths to workdir6/collfindpaths.bin.gz...done.
Q-3:	|00010010 01001010 00010001 10001000|
Q-2:	|-1100101 10101111 11111001 110110-+|
Q-1:	|+1000011 11101010 01000101 1100-+++|
Q0:	|+110010+ -1-00101 00000100 1111011-| ok p=1
Q1:	|+.1....+ -.-..0.. ...1.+.. -0..111-| ok p=1
Q2:	|+00..... +.-..0.. ...-.+.. -0.....-| ok p=1
Q3:	|-0-0...1 +.-..-.! ...-.+.. +-.....-| ok p=1
Q4:	|--01.... 1.-!.+.. ..0..+.. 1+1..0..| ok p=1
Q5:	|1--..... 1.-..01. ..11.+.. -10..1.0| ok p=1
Q6:	|1++^.... -.-..-1. ..-1!... -1...+1.| ok p=1
Q7:	|01+-.... 0.-000+. !.+1.0.^ .....+0.| ok p=1
Q8:	|.000.... 1.1..1+. ..+-.0.+ 1..0..-.| ok p=1
Q9:	|..-1.... ..0..+.. ..--1+.0 ..1011-.| ok p=1
Q10:	|.100101. 1....-0. 10101-01 0.1-01+.| ok p=1
Q11:	|11-11000 100..010 01+11-10 10-----0| ok p=1
Q12:	|0+--+++1 -10..101 +--+-.-- +1---0-1| ok p=1
Q13:	|---1-+++ +--1..-+ ++1++000 0+-1.0--| ok p=1
Q14:	|11.+1.10 01+0..1- .11.11+0 10010.+-| ok p=1
Q15:	|100-01+1 -1--.00- 10.01-1. +01...0+| ok p=0.838867
Q16:	|.0.-..+. ..0..1.+ .0...01. ..+..1-0| ok p=0.87207
Q17:	|.1.0..1. ^.0^.-.1 .1...+.. ^.-..1.1| ok p=0.570312
Q18:	|.+.1..-. ..1....1 .-...+.. ..1..+^.| ok p=0.643555
Q19:	|......-. 0.+..^.+ ....0-.. ..-.....| ok p=0.924805
Q20:	|.^....00 1...0..0 .^..1-.. 0...0^..| ok p=1
Q21:	|.0....11 -.^.1..1 ....-0.. 1.^.1...| ok p=0.761719
Q22:	|.1.....+ ....+... .....0.. +...-...| ok p=0.798828
Q23:	|.+.0.... ^......0 ....^... ........| ok p=0.731445
Q24:	|...1...^ ....^..1 ...0.... ^...^.0.| ok p=0.887695
Q25:	|.^.-.... .......- ...1.... ........| ok p=0.913086
Q26:	|........ ..0..... ...-.... .....0+.| ok p=0.734375
Q27:	|...^.... ..1....^ ........ .....1+.| ok p=1
Q28:	|........ ..+..... ...^.... .....+-.| ok p=0.97168
Q29:	|........ ..0..... ........ ......0.| ok p=1
Q30:	|........ ..-..... ........ .....^1.| ok p=1
Q31:	|........ ..-..... ........ ........| ok p=1
Q32:	|........ ........ ........ ........| ok p=1
Q33:	|........ ..!..... ........ ........| ok p=1
Q34:	|........ ........ ........ ........| ok p=1
Q35:	|........ ........ ........ ........| ok p=1
Q36:	|........ ........ ........ ........| ok p=1
Q37:	|........ ........ ........ ........| ok p=1
Q38:	|........ ........ ........ ........| ok p=1
Q39:	|........ ........ ........ ........| ok p=1
Q40:	|........ ........ ........ ........| ok p=1
Q41:	|........ ........ ........ ........| ok p=1
Q42:	|........ ........ ........ ........| ok p=1
Q43:	|........ ........ ........ ........| ok p=1
Q44:	|........ ........ ........ ........| ok p=1
Q45:	|........ ........ ........ ........| ok p=1
Q46:	|........ ........ ........ ........| ok p=1
Q47:	|........ ........ ........ ........| ok p=1
Q48:	|........ ........ ........ ........| ok p=1
Q49:	|........ ........ ........ ........| ok p=1
Q50:	|........ ........ ........ ........| ok p=1
Q51:	|........ ........ ........ ........| ok p=1
Q52:	|........ ........ ........ ........| ok p=1
Q53:	|........ ........ ........ ........| ok p=1
Q54:	|........ ........ ........ ........| ok p=1
Q55:	|........ ........ ........ ........| ok p=1
Q56:	|........ ........ ........ ........| ok p=1
Q57:	|........ ........ ........ ........| ok p=1
Q58:	|........ ........ ........ ........| ok p=1
Q59:	|........ ........ ........ ........| ok p=1
Q60:	|0....... ........ ........ .......0| ok p=1
Q61:	|1....... ........ ........ ......10| ok p=0.513672
Q62:	|+....... ........ ........ ......1+| ok p=1
Q63:	|+....... ........ ........ ......+-| ok p=0.998047
Q64:	|+....... -.+..... ........ .......+|
