Warning: no OS randomness!
MD5 differential path toolbox
Copyright (C) 2009 Marc Stevens
http://homepages.cwi.nl/~stevens/

delta_m[11] = [!21!]
Q-3:	|00010010 01001010 00010001 10001000|
Q-2:	|-1100101 10101111 11111001 110110-+|
Q-1:	|+1000011 11101010 01000101 1100-+++|
Q0:	|+110010+ -1-00101 00000100 1111011-| ok p=1
Q1:	|+.1....+ -.-..0.. ...1.+.. -0..111-| ok p=1
Q2:	|+00..... +.-..0.. ...-.+.. -0.....-| ok p=1
Q3:	|-0-0...1 +.-..-.! ...-.+.. +-.....-| ok p=1
Q4:	|--01.... 1.-!.+.. ..0..+.. 1+1..0..| ok p=1
Q5:	|1--..... 1.-..01. ..11.+.. -10..1.0| ok p=1
Q6:	|1++^.... -.-..-1. ..-0!... -1...+1.| ok p=1
Q7:	|01+-.... 0.-0.1+! ..+0.00. .....+1.| ok p=1
Q8:	|.010.... 1.11.1+. ^.+-..0. 0.....-.| ok p=1
Q9:	|1-+1.... ..0..+.. -..+1.+. .1.^.0-1| ok p=1
Q10:	|0-101101 0.00.-0. 1.1+0.-1 .1.-0.+0| ok p=1
Q11:	|10111010 1^101011 0..-00-1 .-.01.0+| ok p=1
Q12:	|++++++++ -+-+0100 0^^1-10- ^+.--10+| ok p=1
Q13:	|+-1-+--- -0-+..-+ +++-+--+ ++^000-+| ok p=1
Q14:	|0000.001 .011..0- 10001+1- 01-00.10| ok p=1
Q15:	|10-01001 0.--.01- 11111-01 1+1...1+| ok p=0.545898
Q16:	|.0.-..+. ..1..1.+ .0...0.1 .+0..0-.| ok p=1
Q17:	|.1^...0. ..0^.-.- .1...+.. .0...1.^| ok p=0.762695
Q18:	|.+.^..-. ..1....+ .-...+.. .1-..+^.| ok p=0.628906
Q19:	|......-. 0.+..^.+ ....0-.. ..-.....| ok p=0.933594
Q20:	|.^....00 1...0..1 .^..1-.. 0.1.0^..| ok p=1
Q21:	|.0....11 -.^.1..1 ....-0.. 1.0.1...| ok p=0.731445
Q22:	|.1.....+ ....+... .....0.. +...-...| ok p=0.78418
Q23:	|.+.0.... ^......0 ....^... ........| ok p=0.762695
Q24:	|...1...^ ....^..1 ...0.... ^...^.0.| ok p=0.883789
Q25:	|.^.-.... .......- ...1.... ........| ok p=0.90625
Q26:	|........ ..0..... ...-.... .....0+.| ok p=0.746094
Q27:	|...^.... ..1....^ ........ .....1+.| ok p=1
Q28:	|........ ..+..... ...^.... .....+-.| ok p=0.963867
Q29:	|........ ..0..... ........ ......0.| ok p=1
Q30:	|........ ..-..... ........ .....^1.| ok p=1
Q31:	|........ ..-..... ........ ........| ok p=1
Q32:	|........ ........ ........ ........| ok p=1
Q33:	|........ ..!..... ........ ........| ok p=1
Q34:	|........ ........ ........ ........| ok p=1
Q35:	|........ ........ ........ ........| ok p=1
Q36:	|........ ........ ........ ........| ok p=1
Q37:	|........ ........ ........ ........| ok p=1
Q38:	|........ ........ ........ ........| ok p=1
Q39:	|........ ........ ........ ........| ok p=1
Q40:	|........ ........ ........ ........| ok p=1
Q41:	|........ ........ ........ ........| ok p=1
Q42:	|........ ........ ........ ........| ok p=1
Q43:	|........ ........ ........ ........| ok p=1
Q44:	|........ ........ ........ ........| ok p=1
Q45:	|........ ........ ........ ........| ok p=1
Q46:	|........ ........ ........ ........| ok p=1
Q47:	|........ ........ ........ ........| ok p=1
Q48:	|........ ........ ........ ........| ok p=1
Q49:	|........ ........ ........ ........| ok p=1
Q50:	|........ ........ ........ ........| ok p=1
Q51:	|........ ........ ........ ........| ok p=1
Q52:	|........ ........ ........ ........| ok p=1
Q53:	|........ ........ ........ ........| ok p=1
Q54:	|........ ........ ........ ........| ok p=1
Q55:	|........ ........ ........ ........| ok p=1
Q56:	|........ ........ ........ ........| ok p=1
Q57:	|........ ........ ........ ........| ok p=1
Q58:	|........ ........ ........ ........| ok p=1
Q59:	|........ ........ ........ ........| ok p=1
Q60:	|0....... ........ ........ .......0| ok p=1
Q61:	|1....... ........ ........ ......10| ok p=0.533203
Q62:	|+....... ........ ........ ......1+| ok p=1
Q63:	|+....... ........ ........ ......+-| ok p=0.99707
Q64:	|+....... -.+..... ........ .......+|
Starting...
20: Q5m5tunnel      = 1
20: Q4m5tunnel      = 1
20: Q14m6Q3m5tunnel = 1
21: Q10m10tunnel    = 2
21: Q9m10tunnel     = 4
22: Q8Q12m15tunnel  = 0
23: Q4m4tunnel      = 15
24: Q9m9tunnel      = 9
25: Q14Q3m14tunnel  = 1
.20: Q5m5tunnel      = 1
20: Q4m5tunnel      = 1
20: Q14m6Q3m5tunnel = 1
21: Q10m10tunnel    = 2
21: Q9m10tunnel     = 4
22: Q8Q12m15tunnel  = 0
23: Q4m4tunnel      = 15
24: Q9m9tunnel      = 9
25: Q14Q3m14tunnel  = 1
.20: Q5m5tunnel      = 1
20: Q4m5tunnel      = 1
20: Q14m6Q3m5tunnel = 1
21: Q10m10tunnel    = 2
21: Q9m10tunnel     = 4
22: Q8Q12m15tunnel  = 0
23: Q4m4tunnel      = 15
24: Q9m9tunnel      = 9
25: Q14Q3m14tunnel  = 1
20: Q5m5tunnel      = 1
20: Q4m5tunnel      = 1
20: Q14m6Q3m5tunnel = 1
21: Q10m10tunnel    = 2
21: Q9m10tunnel     = 4
22: Q8Q12m15tunnel  = 0
23: Q4m4tunnel      = 15
24: Q9m9tunnel      = 9
25: Q14Q3m14tunnel  = 1
..20: Q5m5tunnel      = 1
20: Q4m5tunnel      = 1
20: Q14m6Q3m5tunnel = 1
21: Q10m10tunnel    = 2
21: Q9m10tunnel     = 4
22: Q8Q12m15tunnel  = 0
23: Q4m4tunnel      = 15
24: Q9m9tunnel      = 9
25: Q14Q3m14tunnel  = 1
20: Q5m5tunnel      = 1
20: Q4m5tunnel      = 1
20: Q14m6Q3m5tunnel = 1
21: Q10m10tunnel    = 2
21: Q9m10tunnel     = 4
22: Q8Q12m15tunnel  = 0
23: Q4m4tunnel      = 15
24: Q9m9tunnel      = 9
25: Q14Q3m14tunnel  = 1
..1 0
2 0
4 0
8 0
16 0
32 0
64 0
128 0
256 0
512 0
1024 0
2048 0
4096 0
8192 0
16384 0
32768 0
65536 0
131072 0
209511 1
262144 1
524288 1
617903 2
975141 4
1048576 4
1355487 8
2070065 16
2097152 16
3231918 32
Warning: no OS randomness!
MD5 differential path toolbox
Copyright (C) 2009 Marc Stevens
http://homepages.cwi.nl/~stevens/

delta_m[11] = [!21!]
Q-3:	|00010010 01001010 00010001 10001000|
Q-2:	|-1100101 10101111 11111001 110110-+|
Q-1:	|+1000011 11101010 01000101 1100-+++|
Q0:	|+110010+ -1-00101 00000100 1111011-| ok p=1
Q1:	|+.1....+ -.-..0.. ...1.+.. -0..111-| ok p=1
Q2:	|+00..... +.-..0.. ...-.+.. -0.....-| ok p=1
Q3:	|-0-0...1 +.-..-.! ...-.+.. +-.....-| ok p=1
Q4:	|--01.... 1.-.!+.. ..1..+.. 1+1..0..| ok p=1
Q5:	|1--0.... 1.-..00. ..11.+.. -10..1.0| ok p=1
Q6:	|1++1.... -.-..-0. ..-1!... -1...+0.| ok p=1
Q7:	|0+1+.... 0.-..1+. !.+1.00. .....+0.| ok p=1
Q8:	|.+01.... 0..^^1-. ..+-..0. 10...0-.| ok p=1
Q9:	|!0-1.... ..0.^.01 ..--.0+. .1...++.| ok p=1
Q10:	|.-10010. 0..0-.11 1.0+.1-1 .1..1--.| ok p=1
Q11:	|!+-0111. 0.00000+ .^0-00-1 .-0111-0| ok p=1
Q12:	|.0+-+++^ +.0+-11+ ^^1-1+0+ ^+10-1+1| ok p=1
Q13:	|.+--++++ -.-1+++0 +++.-11- -+++++++| ok p=1
Q14:	|.01+..10 1.+1011- 100101+0 1.110010| ok p=1
Q15:	|.00-01+1 -.-+101- 011.1-0+ 0011011+| ok p=0.749023
Q16:	|.0.-..+. ..1..1.+ .0...00. ..+..1-.| ok p=0.857422
Q17:	|.1.0..1. ^.-^.-.1 .1...+.^ ..-..1.^| ok p=0.566406
Q18:	|.+.1..-. ..-....1 .-...+.. ..1..+^.| ok p=0.668945
Q19:	|......-. 0.+..^.+ ....0-.. ..-.....| ok p=0.917969
Q20:	|.^....00 1.0.0..0 .^..1-.. 0...0^..| ok p=1
Q21:	|.0....11 -.1.1..1 ....-0.. 1.^.1...| ok p=0.779297
Q22:	|.1.....+ ....+... .....0.. +...-...| ok p=0.810547
Q23:	|.+.0.... ^......0 ....^... ........| ok p=0.736328
Q24:	|...1...^ ....^..1 ...0.... ^...^.0.| ok p=0.87207
Q25:	|.^.-.... .......- ...1.... ........| ok p=0.930664
Q26:	|........ ..0..... ...-.... .....0+.| ok p=0.742188
Q27:	|...^.... ..1....^ ........ .....1+.| ok p=1
Q28:	|........ ..+..... ...^.... .....+-.| ok p=0.963867
Q29:	|........ ..0..... ........ ......0.| ok p=0.999023
Q30:	|........ ..-..... ........ .....^1.| ok p=1
Q31:	|........ ..-..... ........ ........| ok p=0.999023
Q32:	|........ ........ ........ ........| ok p=1
Q33:	|........ ..!..... ........ ........| ok p=1
Q34:	|........ ........ ........ ........| ok p=1
Q35:	|........ ........ ........ ........| ok p=1
Q36:	|........ ........ ........ ........| ok p=1
Q37:	|........ ........ ........ ........| ok p=1
Q38:	|........ ........ ........ ........| ok p=1
Q39:	|........ ........ ........ ........| ok p=1
Q40:	|........ ........ ........ ........| ok p=1
Q41:	|........ ........ ........ ........| ok p=1
Q42:	|........ ........ ........ ........| ok p=1
Q43:	|........ ........ ........ ........| ok p=1
Q44:	|........ ........ ........ ........| ok p=1
Q45:	|........ ........ ........ ........| ok p=1
Q46:	|........ ........ ........ ........| ok p=1
Q47:	|........ ........ ........ ........| ok p=1
Q48:	|........ ........ ........ ........| ok p=1
Q49:	|........ ........ ........ ........| ok p=1
Q50:	|........ ........ ........ ........| ok p=1
Q51:	|........ ........ ........ ........| ok p=1
Q52:	|........ ........ ........ ........| ok p=1
Q53:	|........ ........ ........ ........| ok p=1
Q54:	|........ ........ ........ ........| ok p=1
Q55:	|........ ........ ........ ........| ok p=1
Q56:	|........ ........ ........ ........| ok p=1
Q57:	|........ ........ ........ ........| ok p=1
Q58:	|........ ........ ........ ........| ok p=1
Q59:	|........ ........ ........ ........| ok p=1
Q60:	|0....... ........ ........ .......0| ok p=1
Q61:	|1....... ........ ........ ......10| ok p=0.507812
Q62:	|+....... ........ ........ ......1+| ok p=1
Q63:	|+....... ........ ........ ......+-| ok p=0.99707
Q64:	|+....... -.+..... ........ .......+|
Starting...
20: Q5m5tunnel      = 2
20: Q4m5tunnel      = 1
20: Q14m6Q3m5tunnel = 1
21: Q10m10tunnel    = 3
21: Q9m10tunnel     = 5
22: Q8Q12m15tunnel  = 1
23: Q4m4tunnel      = 13
24: Q9m9tunnel      = 6
25: Q14Q3m14tunnel  = 2
.20: Q5m5tunnel      = 1
20: Q4m5tunnel      = 1
20: Q14m6Q3m5tunnel = 0
21: Q10m10tunnel    = 2
21: Q9m10tunnel     = 4
22: Q8Q12m15tunnel  = 0
23: Q4m4tunnel      = 15
24: Q9m9tunnel      = 9
25: Q14Q3m14tunnel  = 1
.20: Q5m5tunnel      = 1
20: Q4m5tunnel      = 1
20: Q14m6Q3m5tunnel = 0
21: Q10m10tunnel    = 2
21: Q9m10tunnel     = 4
22: Q8Q12m15tunnel  = 0
23: Q4m4tunnel      = 15
24: Q9m9tunnel      = 9
25: Q14Q3m14tunnel  = 1
.20: Q5m5tunnel      = 1
20: Q4m5tunnel      = 1
20: Q14m6Q3m5tunnel = 1
21: Q10m10tunnel    = 2
21: Q9m10tunnel     = 4
22: Q8Q12m15tunnel  = 0
23: Q4m4tunnel      = 15
24: Q9m9tunnel      = 9
25: Q14Q3m14tunnel  = 1
20: Q5m5tunnel      = 1
20: Q4m5tunnel      = 1
20: Q14m6Q3m5tunnel = 1
21: Q10m10tunnel    = 2
21: Q9m10tunnel     = 4
22: Q8Q12m15tunnel  = 0
23: Q4m4tunnel      = 15
24: Q9m9tunnel      = 9
25: Q14Q3m14tunnel  = 1
..20: Q5m5tunnel      = 1
20: Q4m5tunnel      = 1
20: Q14m6Q3m5tunnel = 1
21: Q10m10tunnel    = 2
21: Q9m10tunnel     = 4
22: Q8Q12m15tunnel  = 0
23: Q4m4tunnel      = 15
24: Q9m9tunnel      = 9
25: Q14Q3m14tunnel  = 1
.1 0
2 0
4 0
8 0
16 0
32 0
64 0
128 0
256 0
512 0
1024 0
2048 0
4096 0
8192 0
16384 0
22169 1
32768 1
65536 1
131072 1
262144 1
342070 2
Warning: no OS randomness!
MD5 differential path toolbox
Copyright (C) 2009 Marc Stevens
http://homepages.cwi.nl/~stevens/

delta_m[11] = [!21!]
Q-3:	|00010010 01001010 00010001 10001000|
Q-2:	|-1100101 10101111 11111001 110110-+|
Q-1:	|+1000011 11101010 01000101 1100-+++|
Q0:	|+110010+ -1-00101 00000100 1111011-| ok p=1
Q1:	|+.1....+ -.-..0.. ...1.+.. -0..111-| ok p=1
Q2:	|+00..... +.-..0.. ...-.+.. -0.....-| ok p=1
Q3:	|-0-0...1 +.-..-.! ...-.+.. +-.....-| ok p=1
Q4:	|--01.... 1.-.!+.. ..1..+.. 1+1..0..| ok p=1
Q5:	|1--0.... 1.-..00. ..11.+.. -10..1.0| ok p=1
Q6:	|1++1.... -.-..-0. ..-1!... -1...+0.| ok p=1
Q7:	|0+1+.... 0.-..1+. !.+1.00. .....+0.| ok p=1
Q8:	|.+01.... 0..^^1-. ..+-..0. 10...0-.| ok p=1
Q9:	|!0-1.... ..0.^.01 ..--.0+. .1...++.| ok p=1
Q10:	|.-10010. 0..0-.11 1.0+.1-1 .1..1--.| ok p=1
Q11:	|!+-0111. 0.00000+ .^0-00-1 .-0111-0| ok p=1
Q12:	|.0+-+++^ +.0+-11+ ^^1-1+0+ ^+10-1+1| ok p=1
Q13:	|.+--++++ -.-1+++0 +++.-11- -+++++++| ok p=1
Q14:	|.01+..10 1.+1011- 100101+0 1.110010| ok p=1
Q15:	|.00-01+1 -.-+101- 011.1-0+ 0011011+| ok p=0.750977
Q16:	|.0.-..+. ..1..1.+ .0...00. ..+..1-.| ok p=0.859375
Q17:	|.1.0..1. ^.-^.-.1 .1...+.^ ..-..1.^| ok p=0.557617
Q18:	|.+.1..-. ..-....1 .-...+.. ..1..+^.| ok p=0.658203
Q19:	|......-. 0.+..^.+ ....0-.. ..-.....| ok p=0.919922
Q20:	|.^....00 1.0.0..0 .^..1-.. 0...0^..| ok p=1
Q21:	|.0....11 -.1.1..1 ....-0.. 1.^.1...| ok p=0.777344
Q22:	|.1.....+ ....+... .....0.. +...-...| ok p=0.821289
Q23:	|.+.0.... ^......0 ....^... ........| ok p=0.735352
Q24:	|...1...^ ....^..1 ...0.... ^...^.0.| ok p=0.865234
Q25:	|.^.-.... .......- ...1.... ........| ok p=0.94043
Q26:	|........ ..0..... ...-.... .....0+.| ok p=0.729492
Q27:	|...^.... ..1....^ ........ .....1+.| ok p=0.998047
Q28:	|........ ..+..... ...^.... .....+-.| ok p=0.958984
Q29:	|........ ..0..... ........ ......0.| ok p=1
Q30:	|........ ..-..... ........ .....^1.| ok p=1
Q31:	|........ ..-..... ........ ........| ok p=1
Q32:	|........ ........ ........ ........| ok p=1
Q33:	|........ ..!..... ........ ........| ok p=1
Q34:	|........ ........ ........ ........| ok p=1
Q35:	|........ ........ ........ ........| ok p=1
Q36:	|........ ........ ........ ........| ok p=1
Q37:	|........ ........ ........ ........| ok p=1
Q38:	|........ ........ ........ ........| ok p=1
Q39:	|........ ........ ........ ........| ok p=1
Q40:	|........ ........ ........ ........| ok p=1
Q41:	|........ ........ ........ ........| ok p=1
Q42:	|........ ........ ........ ........| ok p=1
Q43:	|........ ........ ........ ........| ok p=1
Q44:	|........ ........ ........ ........| ok p=1
Q45:	|........ ........ ........ ........| ok p=1
Q46:	|........ ........ ........ ........| ok p=1
Q47:	|........ ........ ........ ........| ok p=1
Q48:	|........ ........ ........ ........| ok p=1
Q49:	|........ ........ ........ ........| ok p=1
Q50:	|........ ........ ........ ........| ok p=1
Q51:	|........ ........ ........ ........| ok p=1
Q52:	|........ ........ ........ ........| ok p=1
Q53:	|........ ........ ........ ........| ok p=1
Q54:	|........ ........ ........ ........| ok p=1
Q55:	|........ ........ ........ ........| ok p=1
Q56:	|........ ........ ........ ........| ok p=1
Q57:	|........ ........ ........ ........| ok p=1
Q58:	|........ ........ ........ ........| ok p=1
Q59:	|........ ........ ........ ........| ok p=1
Q60:	|0....... ........ ........ .......0| ok p=1
Q61:	|1....... ........ ........ ......10| ok p=0.491211
Q62:	|+....... ........ ........ ......1+| ok p=1
Q63:	|+....... ........ ........ ......+-| ok p=0.994141
Q64:	|+....... -.+..... ........ .......+|
Starting...
20: Q5m5tunnel      = 2
20: Q4m5tunnel      = 1
20: Q14m6Q3m5tunnel = 1
21: Q10m10tunnel    = 4
21: Q9m10tunnel     = 5
22: Q8Q12m15tunnel  = 1
23: Q4m4tunnel      = 13
24: Q9m9tunnel      = 6
25: Q14Q3m14tunnel  = 2
.20: Q5m5tunnel      = 2
20: Q4m5tunnel      = 1
20: Q14m6Q3m5tunnel = 1
21: Q10m10tunnel    = 2
21: Q9m10tunnel     = 7
22: Q8Q12m15tunnel  = 1
23: Q4m4tunnel      = 13
24: Q9m9tunnel      = 6
25: Q14Q3m14tunnel  = 2
.20: Q5m5tunnel      = 1
20: Q4m5tunnel      = 1
20: Q14m6Q3m5tunnel = 1
21: Q10m10tunnel    = 2
21: Q9m10tunnel     = 4
22: Q8Q12m15tunnel  = 0
23: Q4m4tunnel      = 15
24: Q9m9tunnel      = 9
25: Q14Q3m14tunnel  = 1
.20: Q5m5tunnel      = 1
20: Q4m5tunnel      = 1
20: Q14m6Q3m5tunnel = 1
21: Q10m10tunnel    = 2
21: Q9m10tunnel     = 4
22: Q8Q12m15tunnel  = 0
23: Q4m4tunnel      = 15
24: Q9m9tunnel      = 9
25: Q14Q3m14tunnel  = 1
.20: Q5m5tunnel      = 2
20: Q4m5tunnel      = 1
20: Q14m6Q3m5tunnel = 1
21: Q10m10tunnel    = 2
21: Q9m10tunnel     = 7
22: Q8Q12m15tunnel  = 1
23: Q4m4tunnel      = 13
24: Q9m9tunnel      = 6
25: Q14Q3m14tunnel  = 2
.20: Q5m5tunnel      = 1
20: Q4m5tunnel      = 1
20: Q14m6Q3m5tunnel = 1
21: Q10m10tunnel    = 2
21: Q9m10tunnel     = 4
22: Q8Q12m15tunnel  = 0
23: Q4m4tunnel      = 15
24: Q9m9tunnel      = 9
25: Q14Q3m14tunnel  = 1
.1 0
2 0
4 0
8 0
16 0
32 0
64 0
128 0
256 0
512 0
1024 0
2048 0
4096 0
8192 0
16384 0
32768 0
38562 1
65536 1
73069 2
131072 2
262144 3
524288 3
584369 4
952961 8
1048576 9
2097152 15
2197860 16
Warning: no OS randomness!
MD5 differential path toolbox
Copyright (C) 2009 Marc Stevens
http://homepages.cwi.nl/~stevens/

delta_m[11] = [!21!]
Q-3:	|00010010 01001010 00010001 10001000|
Q-2:	|-1100101 10101111 11111001 110110-+|
Q-1:	|+1000011 11101010 01000101 1100-+++|
Q0:	|+110010+ -1-00101 00000100 1111011-| ok p=1
Q1:	|+.1....+ -.-..0.. ...1.+.. -0..111-| ok p=1
Q2:	|+00..... +.-..0.. ...-.+.. -0.....-| ok p=1
Q3:	|-0-0...1 +.-..-.! ...-.+.. +-.....-| ok p=1
Q4:	|--01.... 1.-!.+.. ..0..+.. 1+1..0..| ok p=1
Q5:	|1--..... 1.-..01. ..11.+.. -10..1.0| ok p=1
Q6:	|1++^.... -.-..-1. ..-1!... -1...+1.| ok p=1
Q7:	|01+-.... 0.-..0+! ..+1.0.^ .....+0.| ok p=1
Q8:	|.000.... 1.1^^1+. ..+-.0.+ 1..0..-.| ok p=1
Q9:	|..-1.... ..0..+.. ..--1+.0 ..1011-.| ok p=1
Q10:	|.1001010 1....-0. 10101-01 0.1-01+.| ok p=1
Q11:	|11-11000 110..010 01+11-10 10-----0| ok p=1
Q12:	|0+--+++- +00..101 +--+-.-- +1---0-1| ok p=1
Q13:	|---1-+++ +--1..-+ ++1++000 0+-1.0--| ok p=1
Q14:	|00.+1.10 01+0..1- .11.11+0 10010.+-| ok p=1
Q15:	|100-01+1 -1--.00- 10.01-1. +01...0+| ok p=0.833984
Q16:	|.0.-..+. ..0..1.+ .0...01. ..+..1-0| ok p=0.87207
Q17:	|.1.0..1. ^.0^.-.1 .1...+.. ^.-..1.1| ok p=0.583008
Q18:	|.+.1..-. ..1....1 .-...+.. ..1..+^.| ok p=0.635742
Q19:	|......-. 0.+..^.+ ....0-.. ..-.....| ok p=0.900391
Q20:	|.^....00 1...0..0 .^..1-.. 0...0^..| ok p=1
Q21:	|.0....11 -.^.1..1 ....-0.. 1.^.1...| ok p=0.763672
Q22:	|.1.....+ ....+... .....0.. +...-...| ok p=0.796875
Q23:	|.+.0.... ^......0 ....^... ........| ok p=0.734375
Q24:	|...1...^ ....^..1 ...0.... ^...^.0.| ok p=0.889648
Q25:	|.^.-.... .......- ...1.... ........| ok p=0.941406
Q26:	|........ ..0..... ...-.... .....0+.| ok p=0.740234
Q27:	|...^.... ..1....^ ........ .....1+.| ok p=1
Q28:	|........ ..+..... ...^.... .....+-.| ok p=0.966797
Q29:	|........ ..0..... ........ ......0.| ok p=0.999023
Q30:	|........ ..-..... ........ .....^1.| ok p=1
Q31:	|........ ..-..... ........ ........| ok p=1
Q32:	|........ ........ ........ ........| ok p=1
Q33:	|........ ..!..... ........ ........| ok p=1
Q34:	|........ ........ ........ ........| ok p=1
Q35:	|........ ........ ........ ........| ok p=1
Q36:	|........ ........ ........ ........| ok p=1
Q37:	|........ ........ ........ ........| ok p=1
Q38:	|........ ........ ........ ........| ok p=1
Q39:	|........ ........ ........ ........| ok p=1
Q40:	|........ ........ ........ ........| ok p=1
Q41:	|........ ........ ........ ........| ok p=1
Q42:	|........ ........ ........ ........| ok p=1
Q43:	|........ ........ ........ ........| ok p=1
Q44:	|........ ........ ........ ........| ok p=1
Q45:	|........ ........ ........ ........| ok p=1
Q46:	|........ ........ ........ ........| ok p=1
Q47:	|........ ........ ........ ........| ok p=1
Q48:	|........ ........ ........ ........| ok p=1
Q49:	|........ ........ ........ ........| ok p=1
Q50:	|........ ........ ........ ........| ok p=1
Q51:	|........ ........ ........ ........| ok p=1
Q52:	|........ ........ ........ ........| ok p=1
Q53:	|........ ........ ........ ........| ok p=1
Q54:	|........ ........ ........ ........| ok p=1
Q55:	|........ ........ ........ ........| ok p=1
Q56:	|........ ........ ........ ........| ok p=1
Q57:	|........ ........ ........ ........| ok p=1
Q58:	|........ ........ ........ ........| ok p=1
Q59:	|........ ........ ........ ........| ok p=1
Q60:	|0....... ........ ........ .......0| ok p=1
Q61:	|1....... ........ ........ ......10| ok p=0.511719
Q62:	|+....... ........ ........ ......1+| ok p=1
Q63:	|+....... ........ ........ ......+-| ok p=0.99707
Q64:	|+....... -.+..... ........ .......+|
Starting...
20: Q5m5tunnel      = 2
20: Q4m5tunnel      = 1
20: Q14m6Q3m5tunnel = 1
21: Q10m10tunnel    = 3
21: Q9m10tunnel     = 6
22: Q8Q12m15tunnel  = 1
23: Q4m4tunnel      = 13
24: Q9m9tunnel      = 6
25: Q14Q3m14tunnel  = 2
.20: Q5m5tunnel      = 1
20: Q4m5tunnel      = 1
20: Q14m6Q3m5tunnel = 1
21: Q10m10tunnel    = 2
21: Q9m10tunnel     = 4
22: Q8Q12m15tunnel  = 0
23: Q4m4tunnel      = 15
24: Q9m9tunnel      = 9
25: Q14Q3m14tunnel  = 1
.20: Q5m5tunnel      = 2
20: Q4m5tunnel      = 1
20: Q14m6Q3m5tunnel = 1
21: Q10m10tunnel    = 5
21: Q9m10tunnel     = 5
22: Q8Q12m15tunnel  = 1
23: Q4m4tunnel      = 14
24: Q9m9tunnel      = 5
25: Q14Q3m14tunnel  = 1
.20: Q5m5tunnel      = 1
20: Q4m5tunnel      = 2
20: Q14m6Q3m5tunnel = 2
21: Q10m10tunnel    = 4
21: Q9m10tunnel     = 3
22: Q8Q12m15tunnel  = 0
23: Q4m4tunnel      = 15
24: Q9m9tunnel      = 8
25: Q14Q3m14tunnel  = 1
20: Q5m5tunnel      = 2
20: Q4m5tunnel      = 1
20: Q14m6Q3m5tunnel = 1
21: Q10m10tunnel    = 2
21: Q9m10tunnel     = 7
22: Q8Q12m15tunnel  = 1
23: Q4m4tunnel      = 13
24: Q9m9tunnel      = 6
25: Q14Q3m14tunnel  = 2
..20: Q5m5tunnel      = 1
20: Q4m5tunnel      = 1
20: Q14m6Q3m5tunnel = 0
21: Q10m10tunnel    = 2
21: Q9m10tunnel     = 4
22: Q8Q12m15tunnel  = 0
23: Q4m4tunnel      = 15
24: Q9m9tunnel      = 9
25: Q14Q3m14tunnel  = 1
.1 0
2 0
4 0
8 0
16 0
32 0
64 0
128 0
256 0
512 0
1024 0
2048 0
4096 0
8192 0
16384 0
32768 0
52866 1
65536 1
86590 2
131072 2
262144 3
408712 4
Warning: no OS randomness!
MD5 differential path toolbox
Copyright (C) 2009 Marc Stevens
http://homepages.cwi.nl/~stevens/

delta_m[11] = [!21!]
Q-3:	|00010010 01001010 00010001 10001000|
Q-2:	|-1100101 10101111 11111001 110110-+|
Q-1:	|+1000011 11101010 01000101 1100-+++|
Q0:	|+110010+ -1-00101 00000100 1111011-| ok p=1
Q1:	|+.1....+ -.-..0.. ...1.+.. -0..111-| ok p=1
Q2:	|+00..... +.-..0.. ...-.+.. -0.....-| ok p=1
Q3:	|-0-0...1 +.-..-.! ...-.+.. +-.....-| ok p=1
Q4:	|--01.... 1.-!.+.. ..0..+.. 1+1..0..| ok p=1
Q5:	|1--..... 1.-..01. ..11.+.. -10..1.0| ok p=1
Q6:	|1++^.... -.-..-1. ..-1!... -1...+1.| ok p=1
Q7:	|01+-.... 0.-000+. !.+1.0.^ .....+0.| ok p=1
Q8:	|.000.... 1.1..1+. ..+-.0.+ 1..0..-.| ok p=1
Q9:	|..-1.... ..0..+.. ..--1+.0 ..1011-.| ok p=1
Q10:	|.100101. 1....-0. 10101-01 0.1-01+.| ok p=1
Q11:	|11-11000 100..010 01+11-10 10-----0| ok p=1
Q12:	|0+--+++1 -10..101 +--+-.-- +1---0-1| ok p=1
Q13:	|---1-+++ +--1..-+ ++1++000 0+-1.0--| ok p=1
Q14:	|11.+1.10 01+0..1- .11.11+0 10010.+-| ok p=1
Q15:	|100-01+1 -1--.00- 10.01-1. +01...0+| ok p=0.860352
Q16:	|.0.-..+. ..0..1.+ .0...01. ..+..1-0| ok p=0.873047
Q17:	|.1.0..1. ^.0^.-.1 .1...+.. ^.-..1.1| ok p=0.568359
Q18:	|.+.1..-. ..1....1 .-...+.. ..1..+^.| ok p=0.647461
Q19:	|......-. 0.+..^.+ ....0-.. ..-.....| ok p=0.921875
Q20:	|.^....00 1...0..0 .^..1-.. 0...0^..| ok p=1
Q21:	|.0....11 -.^.1..1 ....-0.. 1.^.1...| ok p=0.789062
Q22:	|.1.....+ ....+... .....0.. +...-...| ok p=0.813477
Q23:	|.+.0.... ^......0 ....^... ........| ok p=0.742188
Q24:	|...1...^ ....^..1 ...0.... ^...^.0.| ok p=0.870117
Q25:	|.^.-.... .......- ...1.... ........| ok p=0.927734
Q26:	|........ ..0..... ...-.... .....0+.| ok p=0.743164
Q27:	|...^.... ..1....^ ........ .....1+.| ok p=1
Q28:	|........ ..+..... ...^.... .....+-.| ok p=0.972656
Q29:	|........ ..0..... ........ ......0.| ok p=1
Q30:	|........ ..-..... ........ .....^1.| ok p=1
Q31:	|........ ..-..... ........ ........| ok p=1
Q32:	|........ ........ ........ ........| ok p=1
Q33:	|........ ..!..... ........ ........| ok p=1
Q34:	|........ ........ ........ ........| ok p=1
Q35:	|........ ........ ........ ........| ok p=1
Q36:	|........ ........ ........ ........| ok p=1
Q37:	|........ ........ ........ ........| ok p=1
Q38:	|........ ........ ........ ........| ok p=1
Q39:	|........ ........ ........ ........| ok p=1
Q40:	|........ ........ ........ ........| ok p=1
Q41:	|........ ........ ........ ........| ok p=1
Q42:	|........ ........ ........ ........| ok p=1
Q43:	|........ ........ ........ ........| ok p=1
Q44:	|........ ........ ........ ........| ok p=1
Q45:	|........ ........ ........ ........| ok p=1
Q46:	|........ ........ ........ ........| ok p=1
Q47:	|........ ........ ........ ........| ok p=1
Q48:	|........ ........ ........ ........| ok p=1
Q49:	|........ ........ ........ ........| ok p=1
Q50:	|........ ........ ........ ........| ok p=1
Q51:	|........ ........ ........ ........| ok p=1
Q52:	|........ ........ ........ ........| ok p=1
Q53:	|........ ........ ........ ........| ok p=1
Q54:	|........ ........ ........ ........| ok p=1
Q55:	|........ ........ ........ ........| ok p=1
Q56:	|........ ........ ........ ........| ok p=1
Q57:	|........ ........ ........ ........| ok p=1
Q58:	|........ ........ ........ ........| ok p=1
Q59:	|........ ........ ........ ........| ok p=1
Q60:	|0....... ........ ........ .......0| ok p=1
Q61:	|1....... ........ ........ ......10| ok p=0.512695
Q62:	|+....... ........ ........ ......1+| ok p=1
Q63:	|+....... ........ ........ ......+-| ok p=0.999023
Q64:	|+....... -.+..... ........ .......+|
Starting...
20: Q5m5tunnel      = 2
20: Q4m5tunnel      = 1
20: Q14m6Q3m5tunnel = 1
21: Q10m10tunnel    = 5
21: Q9m10tunnel     = 5
22: Q8Q12m15tunnel  = 1
23: Q4m4tunnel      = 14
24: Q9m9tunnel      = 5
25: Q14Q3m14tunnel  = 1
.20: Q5m5tunnel      = 2
20: Q4m5tunnel      = 1
20: Q14m6Q3m5tunnel = 1
21: Q10m10tunnel    = 5
21: Q9m10tunnel     = 5
22: Q8Q12m15tunnel  = 1
23: Q4m4tunnel      = 14
24: Q9m9tunnel      = 5
25: Q14Q3m14tunnel  = 1
20: Q5m5tunnel      = 1
20: Q4m5tunnel      = 2
20: Q14m6Q3m5tunnel = 2
21: Q10m10tunnel    = 5
21: Q9m10tunnel     = 3
22: Q8Q12m15tunnel  = 0
23: Q4m4tunnel      = 16
24: Q9m9tunnel      = 7
25: Q14Q3m14tunnel  = 0
.20: Q5m5tunnel      = 2
20: Q4m5tunnel      = 1
20: Q14m6Q3m5tunnel = 1
21: Q10m10tunnel    = 5
21: Q9m10tunnel     = 5
22: Q8Q12m15tunnel  = 1
23: Q4m4tunnel      = 14
24: Q9m9tunnel      = 5
25: Q14Q3m14tunnel  = 1
..20: Q5m5tunnel      = 2
20: Q4m5tunnel      = 1
20: Q14m6Q3m5tunnel = 1
21: Q10m10tunnel    = 3
21: Q9m10tunnel     = 6
22: Q8Q12m15tunnel  = 1
23: Q4m4tunnel      = 13
24: Q9m9tunnel      = 6
25: Q14Q3m14tunnel  = 2
.20: Q5m5tunnel      = 2
20: Q4m5tunnel      = 1
20: Q14m6Q3m5tunnel = 1
21: Q10m10tunnel    = 5
21: Q9m10tunnel     = 5
22: Q8Q12m15tunnel  = 1
23: Q4m4tunnel      = 14
24: Q9m9tunnel      = 5
25: Q14Q3m14tunnel  = 1
.1 0
2 0
4 0
8 0
16 0
32 0
64 0
128 0
256 0
512 0
1024 0
2048 0
4096 0
8192 0
16384 0
22608 1
32768 1
61479 2
65536 2
131072 2
227536 4
262144 7
481439 8
524288 11
1048576 14
1120036 16
2097152 29
2290939 32
4194304 57
4732541 64
8388608 109
Warning: no OS randomness!
MD5 differential path toolbox
Copyright (C) 2009 Marc Stevens
http://homepages.cwi.nl/~stevens/

delta_m[11] = [!21!]
Q-3:	|00010010 01001010 00010001 10001000|
Q-2:	|-1100101 10101111 11111001 110110-+|
Q-1:	|+1000011 11101010 01000101 1100-+++|
Q0:	|+110010+ -1-00101 00000100 1111011-| ok p=1
Q1:	|+.1....+ -.-..0.. ...1.+.. -0..111-| ok p=1
Q2:	|+00..... +.-..0.. ...-.+.. -0.....-| ok p=1
Q3:	|-0-0...1 +.-..-.! ...-.+.. +-.....-| ok p=1
Q4:	|--01.... 1.-!.+.. ..0..+.. 1+1..0..| ok p=1
Q5:	|1--..... 1.-..01. ..11.+.. -10..1.0| ok p=1
Q6:	|1++^.... -.-..-1. ..-1!... -1...+1.| ok p=1
Q7:	|01+-.... 0.-000+. !.+1.0.^ .....+0.| ok p=1
Q8:	|.000.... 1.1..1+. ..+-.0.+ 1..0..-.| ok p=1
Q9:	|..-1.... ..0..+.. ..--1+.0 ..1011-.| ok p=1
Q10:	|.100101. 1....-0. 10101-01 0.1-01+.| ok p=1
Q11:	|11-11000 100..010 01+11-10 10-----0| ok p=1
Q12:	|0+--+++1 -10..101 +--+-.-- +1---0-1| ok p=1
Q13:	|---1-+++ +--1..-+ ++1++000 0+-1.0--| ok p=1
Q14:	|11.+1.10 01+0..1- .11.11+0 10010.+-| ok p=1
Q15:	|100-01+1 -1--.00- 10.01-1. +01...0+| ok p=0.839844
Q16:	|.0.-..+. ..0..1.+ .0...01. ..+..1-0| ok p=0.87793
Q17:	|.1.0..1. ^.0^.-.1 .1...+.. ^.-..1.1| ok p=0.585938
Q18:	|.+.1..-. ..1....1 .-...+.. ..1..+^.| ok p=0.685547
Q19:	|......-. 0.+..^.+ ....0-.. ..-.....| ok p=0.912109
Q20:	|.^....00 1...0..0 .^..1-.. 0...0^..| ok p=1
Q21:	|.0....11 -.^.1..1 ....-0.. 1.^.1...| ok p=0.783203
Q22:	|.1.....+ ....+... .....0.. +...-...| ok p=0.817383
Q23:	|.+.0.... ^......0 ....^... ........| ok p=0.736328
Q24:	|...1...^ ....^..1 ...0.... ^...^.0.| ok p=0.875977
Q25:	|.^.-.... .......- ...1.... ........| ok p=0.943359
Q26:	|........ ..0..... ...-.... .....0+.| ok p=0.758789
Q27:	|...^.... ..1....^ ........ .....1+.| ok p=0.999023
Q28:	|........ ..+..... ...^.... .....+-.| ok p=0.976562
Q29:	|........ ..0..... ........ ......0.| ok p=1
Q30:	|........ ..-..... ........ .....^1.| ok p=1
Q31:	|........ ..-..... ........ ........| ok p=0.999023
Q32:	|........ ........ ........ ........| ok p=1
Q33:	|........ ..!..... ........ ........| ok p=1
Q34:	|........ ........ ........ ........| ok p=1
Q35:	|........ ........ ........ ........| ok p=1
Q36:	|........ ........ ........ ........| ok p=1
Q37:	|........ ........ ........ ........| ok p=1
Q38:	|........ ........ ........ ........| ok p=1
Q39:	|........ ........ ........ ........| ok p=1
Q40:	|........ ........ ........ ........| ok p=1
Q41:	|........ ........ ........ ........| ok p=1
Q42:	|........ ........ ........ ........| ok p=1
Q43:	|........ ........ ........ ........| ok p=1
Q44:	|........ ........ ........ ........| ok p=1
Q45:	|........ ........ ........ ........| ok p=1
Q46:	|........ ........ ........ ........| ok p=1
Q47:	|........ ........ ........ ........| ok p=1
Q48:	|........ ........ ........ ........| ok p=1
Q49:	|........ ........ ........ ........| ok p=1
Q50:	|........ ........ ........ ........| ok p=1
Q51:	|........ ........ ........ ........| ok p=1
Q52:	|........ ........ ........ ........| ok p=1
Q53:	|........ ........ ........ ........| ok p=1
Q54:	|........ ........ ........ ........| ok p=1
Q55:	|........ ........ ........ ........| ok p=1
Q56:	|........ ........ ........ ........| ok p=1
Q57:	|........ ........ ........ ........| ok p=1
Q58:	|........ ........ ........ ........| ok p=1
Q59:	|........ ........ ........ ........| ok p=1
Q60:	|0....... ........ ........ .......0| ok p=1
Q61:	|1....... ........ ........ ......10| ok p=0.518555
Q62:	|+....... ........ ........ ......1+| ok p=1
Q63:	|+....... ........ ........ ......+-| ok p=0.99707
Q64:	|+....... -.+..... ........ .......+|
Starting...
20: Q5m5tunnel      = 2
20: Q4m5tunnel      = 1
20: Q14m6Q3m5tunnel = 1
21: Q10m10tunnel    = 2
21: Q9m10tunnel     = 7
22: Q8Q12m15tunnel  = 1
23: Q4m4tunnel      = 13
24: Q9m9tunnel      = 6
25: Q14Q3m14tunnel  = 2
.20: Q5m5tunnel      = 1
20: Q4m5tunnel      = 2
20: Q14m6Q3m5tunnel = 3
21: Q10m10tunnel    = 3
21: Q9m10tunnel     = 3
22: Q8Q12m15tunnel  = 0
23: Q4m4tunnel      = 15
24: Q9m9tunnel      = 11
25: Q14Q3m14tunnel  = 1
.20: Q5m5tunnel      = 1
20: Q4m5tunnel      = 2
20: Q14m6Q3m5tunnel = 1
21: Q10m10tunnel    = 3
21: Q9m10tunnel     = 5
22: Q8Q12m15tunnel  = 1
23: Q4m4tunnel      = 16
24: Q9m9tunnel      = 7
25: Q14Q3m14tunnel  = 0
.20: Q5m5tunnel      = 1
20: Q4m5tunnel      = 2
20: Q14m6Q3m5tunnel = 2
21: Q10m10tunnel    = 5
21: Q9m10tunnel     = 3
22: Q8Q12m15tunnel  = 0
23: Q4m4tunnel      = 16
24: Q9m9tunnel      = 7
25: Q14Q3m14tunnel  = 0
.20: Q5m5tunnel      = 1
20: Q4m5tunnel      = 2
20: Q14m6Q3m5tunnel = 1
21: Q10m10tunnel    = 6
21: Q9m10tunnel     = 3
22: Q8Q12m15tunnel  = 0
23: Q4m4tunnel      = 16
24: Q9m9tunnel      = 7
25: Q14Q3m14tunnel  = 0
.20: Q5m5tunnel      = 1
20: Q4m5tunnel      = 2
20: Q14m6Q3m5tunnel = 1
21: Q10m10tunnel    = 6
21: Q9m10tunnel     = 3
22: Q8Q12m15tunnel  = 0
23: Q4m4tunnel      = 16
24: Q9m9tunnel      = 7
25: Q14Q3m14tunnel  = 0
.1 0
2 0
4 0
8 0
16 0
32 0
64 0
128 0
256 0
512 0
1024 0
2048 0
4096 0
8192 0
16384 0
32768 0
65536 0
79994 1
108082 2
131072 3
187239 4
262144 5
505155 8
524288 8
907343 16
1048576 17
Warning: no OS randomness!
MD5 differential path toolbox
Copyright (C) 2009 Marc Stevens
http://homepages.cwi.nl/~stevens/

delta_m[11] = [!21!]
Q-3:	|00010010 01001010 00010001 10001000|
Q-2:	|-1100101 10101111 11111001 110110-+|
Q-1:	|+1000011 11101010 01000101 1100-+++|
Q0:	|+110010+ -1-00101 00000100 1111011-| ok p=1
Q1:	|+.1....+ -.-..0.. ...1.+.. -0..111-| ok p=1
Q2:	|+00..... +.-..0.. ...-.+.. -0.....-| ok p=1
Q3:	|-0-0...1 +.-..-.! ...-.+.. +-.....-| ok p=1
Q4:	|--01.... 1.-!.+.. ..0..+.. 1+1..0..| ok p=1
Q5:	|1--..... 1.-..01. ..11.+.. -10..1.0| ok p=1
Q6:	|1++^.... -.-..-1. ..-1!... -1...+1.| ok p=1
Q7:	|01+-.... 0.-000+. !.+1.0.^ .....+0.| ok p=1
Q8:	|.000.... 1.1..1+. ..+-.0.+ 1..0..-.| ok p=1
Q9:	|..-1.... ..0..+.. ..--1+.0 ..1011-.| ok p=1
Q10:	|.100101. 1....-0. 10101-01 0.1-01+.| ok p=1
Q11:	|11-11000 100..010 01+11-10 10-----0| ok p=1
Q12:	|0+--+++1 -10..101 +--+-.-- +1---0-1| ok p=1
Q13:	|---1-+++ +--1..-+ ++1++000 0+-1.0--| ok p=1
Q14:	|11.+1.10 01+0..1- .11.11+0 10010.+-| ok p=1
Q15:	|100-01+1 -1--.00- 10.01-1. +01...0+| ok p=0.852539
Q16:	|.0.-..+. ..0..1.+ .0...01. ..+..1-0| ok p=0.87207
Q17:	|.1.0..1. ^.0^.-.1 .1...+.. ^.-..1.1| ok p=0.568359
Q18:	|.+.1..-. ..1....1 .-...+.. ..1..+^.| ok p=0.663086
Q19:	|......-. 0.+..^.+ ....0-.. ..-.....| ok p=0.928711
Q20:	|.^....00 1...0..0 .^..1-.. 0...0^..| ok p=1
Q21:	|.0....11 -.^.1..1 ....-0.. 1.^.1...| ok p=0.773438
Q22:	|.1.....+ ....+... .....0.. +...-...| ok p=0.831055
Q23:	|.+.0.... ^......0 ....^... ........| ok p=0.720703
Q24:	|...1...^ ....^..1 ...0.... ^...^.0.| ok p=0.886719
Q25:	|.^.-.... .......- ...1.... ........| ok p=0.941406
Q26:	|........ ..0..... ...-.... .....0+.| ok p=0.739258
Q27:	|...^.... ..1....^ ........ .....1+.| ok p=1
Q28:	|........ ..+..... ...^.... .....+-.| ok p=0.972656
Q29:	|........ ..0..... ........ ......0.| ok p=0.999023
Q30:	|........ ..-..... ........ .....^1.| ok p=1
Q31:	|........ ..-..... ........ ........| ok p=1
Q32:	|........ ........ ........ ........| ok p=1
Q33:	|........ ..!..... ........ ........| ok p=1
Q34:	|........ ........ ........ ........| ok p=1
Q35:	|........ ........ ........ ........| ok p=1
Q36:	|........ ........ ........ ........| ok p=1
Q37:	|........ ........ ........ ........| ok p=1
Q38:	|........ ........ ........ ........| ok p=1
Q39:	|........ ........ ........ ........| ok p=1
Q40:	|........ ........ ........ ........| ok p=1
Q41:	|........ ........ ........ ........| ok p=1
Q42:	|........ ........ ........ ........| ok p=1
Q43:	|........ ........ ........ ........| ok p=1
Q44:	|........ ........ ........ ........| ok p=1
Q45:	|........ ........ ........ ........| ok p=1
Q46:	|........ ........ ........ ........| ok p=1
Q47:	|........ ........ ........ ........| ok p=1
Q48:	|........ ........ ........ ........| ok p=1
Q49:	|........ ........ ........ ........| ok p=1
Q50:	|........ ........ ........ ........| ok p=1
Q51:	|........ ........ ........ ........| ok p=1
Q52:	|........ ........ ........ ........| ok p=1
Q53:	|........ ........ ........ ........| ok p=1
Q54:	|........ ........ ........ ........| ok p=1
Q55:	|........ ........ ........ ........| ok p=1
Q56:	|........ ........ ........ ........| ok p=1
Q57:	|........ ........ ........ ........| ok p=1
Q58:	|........ ........ ........ ........| ok p=1
Q59:	|........ ........ ........ ........| ok p=1
Q60:	|0....... ........ ........ .......0| ok p=1
Q61:	|1....... ........ ........ ......10| ok p=0.478516
Q62:	|+....... ........ ........ ......1+| ok p=1
Q63:	|+....... ........ ........ ......+-| ok p=0.999023
Q64:	|+....... -.+..... ........ .......+|
Starting...
20: Q5m5tunnel      = 2
20: Q4m5tunnel      = 1
20: Q14m6Q3m5tunnel = 1
21: Q10m10tunnel    = 3
21: Q9m10tunnel     = 6
22: Q8Q12m15tunnel  = 1
23: Q4m4tunnel      = 13
24: Q9m9tunnel      = 6
25: Q14Q3m14tunnel  = 2
.20: Q5m5tunnel      = 1
20: Q4m5tunnel      = 2
20: Q14m6Q3m5tunnel = 1
21: Q10m10tunnel    = 6
21: Q9m10tunnel     = 3
22: Q8Q12m15tunnel  = 0
23: Q4m4tunnel      = 16
24: Q9m9tunnel      = 7
25: Q14Q3m14tunnel  = 0
.20: Q5m5tunnel      = 1
20: Q4m5tunnel      = 1
20: Q14m6Q3m5tunnel = 1
21: Q10m10tunnel    = 2
21: Q9m10tunnel     = 4
22: Q8Q12m15tunnel  = 0
23: Q4m4tunnel      = 15
24: Q9m9tunnel      = 9
25: Q14Q3m14tunnel  = 1
.20: Q5m5tunnel      = 1
20: Q4m5tunnel      = 2
20: Q14m6Q3m5tunnel = 2
21: Q10m10tunnel    = 5
21: Q9m10tunnel     = 3
22: Q8Q12m15tunnel  = 1
23: Q4m4tunnel      = 16
24: Q9m9tunnel      = 7
25: Q14Q3m14tunnel  = 0
.20: Q5m5tunnel      = 2
20: Q4m5tunnel      = 1
20: Q14m6Q3m5tunnel = 1
21: Q10m10tunnel    = 2
21: Q9m10tunnel     = 7
22: Q8Q12m15tunnel  = 1
23: Q4m4tunnel      = 13
24: Q9m9tunnel      = 6
25: Q14Q3m14tunnel  = 2
.20: Q5m5tunnel      = 1
20: Q4m5tunnel      = 2
20: Q14m6Q3m5tunnel = 3
21: Q10m10tunnel    = 3
21: Q9m10tunnel     = 3
22: Q8Q12m15tunnel  = 0
23: Q4m4tunnel      = 15
24: Q9m9tunnel      = 11
25: Q14Q3m14tunnel  = 1
.1 0
2 0
4 0
8 0
16 0
32 0
64 0
128 0
256 0
512 0
1024 0
2048 0
4096 0
8192 0
16384 0
32768 0
65536 0
68412 1
131072 1
143139 2
244244 4
262144 5
309649 8
524288 10
Warning: no OS randomness!
MD5 differential path toolbox
Copyright (C) 2009 Marc Stevens
http://homepages.cwi.nl/~stevens/

delta_m[11] = [!21!]
Q-3:	|00010010 01001010 00010001 10001000|
Q-2:	|-1100101 10101111 11111001 110110-+|
Q-1:	|+1000011 11101010 01000101 1100-+++|
Q0:	|+110010+ -1-00101 00000100 1111011-| ok p=1
Q1:	|+.1....+ -.-..0.. ...1.+.. -0..111-| ok p=1
Q2:	|+00..... +.-..0.. ...-.+.. -0.....-| ok p=1
Q3:	|-0-0...1 +.-..-.! ...-.+.. +-.....-| ok p=1
Q4:	|--01.... 1.-!.+.. ..0..+.. 1+1..0..| ok p=1
Q5:	|1--..... 1.-..01. ..11.+.. -10..1.0| ok p=1
Q6:	|1++^.... -.-..-1. ..-1!... -1...+1.| ok p=1
Q7:	|01+-.... 0.-000+. !.+1.0.^ .....+0.| ok p=1
Q8:	|.000.... 1.1..1+. ..+-.0.+ 1..0..-.| ok p=1
Q9:	|..-1.... ..0..+.. ..--1+.0 ..1011-.| ok p=1
Q10:	|.100101. 1....-0. 10101-01 0.1-01+.| ok p=1
Q11:	|11-11000 100..010 01+11-10 10-----0| ok p=1
Q12:	|0+--+++1 -10..101 +--+-.-- +1---0-1| ok p=1
Q13:	|---1-+++ +--1..-+ ++1++000 0+-1.0--| ok p=1
Q14:	|11.+1.10 01+0..1- .11.11+0 10010.+-| ok p=1
Q15:	|100-01+1 -1--.00- 10.01-1. +01...0+| ok p=0.864258
Q16:	|.0.-..+. ..0..1.+ .0...01. ..+..1-0| ok p=0.862305
Q17:	|.1.0..1. ^.0^.-.1 .1...+.. ^.-..1.1| ok p=0.573242
Q18:	|.+.1..-. ..1....1 .-...+.. ..1..+^.| ok p=0.648438
Q19:	|......-. 0.+..^.+ ....0-.. ..-.....| ok p=0.915039
Q20:	|.^....00 1...0..0 .^..1-.. 0...0^..| ok p=1
Q21:	|.0....11 -.^.1..1 ....-0.. 1.^.1...| ok p=0.772461
Q22:	|.1.....+ ....+... .....0.. +...-...| ok p=0.817383
Q23:	|.+.0.... ^......0 ....^... ........| ok p=0.750977
Q24:	|...1...^ ....^..1 ...0.... ^...^.0.| ok p=0.878906
Q25:	|.^.-.... .......- ...1.... ........| ok p=0.931641
Q26:	|........ ..0..... ...-.... .....0+.| ok p=0.756836
Q27:	|...^.... ..1....^ ........ .....1+.| ok p=1
Q28:	|........ ..+..... ...^.... .....+-.| ok p=0.960938
Q29:	|........ ..0..... ........ ......0.| ok p=0.999023
Q30:	|........ ..-..... ........ .....^1.| ok p=1
Q31:	|........ ..-..... ........ ........| ok p=0.999023
Q32:	|........ ........ ........ ........| ok p=1
Q33:	|........ ..!..... ........ ........| ok p=1
Q34:	|........ ........ ........ ........| ok p=1
Q35:	|........ ........ ........ ........| ok p=1
Q36:	|........ ........ ........ ........| ok p=1
Q37:	|........ ........ ........ ........| ok p=1
Q38:	|........ ........ ........ ........| ok p=1
Q39:	|........ ........ ........ ........| ok p=1
Q40:	|........ ........ ........ ........| ok p=1
Q41:	|........ ........ ........ ........| ok p=1
Q42:	|........ ........ ........ ........| ok p=1
Q43:	|........ ........ ........ ........| ok p=1
Q44:	|........ ........ ........ ........| ok p=1
Q45:	|........ ........ ........ ........| ok p=1
Q46:	|........ ........ ........ ........| ok p=1
Q47:	|........ ........ ........ ........| ok p=1
Q48:	|........ ........ ........ ........| ok p=1
Q49:	|........ ........ ........ ........| ok p=1
Q50:	|........ ........ ........ ........| ok p=1
Q51:	|........ ........ ........ ........| ok p=1
Q52:	|........ ........ ........ ........| ok p=1
Q53:	|........ ........ ........ ........| ok p=1
Q54:	|........ ........ ........ ........| ok p=1
Q55:	|........ ........ ........ ........| ok p=1
Q56:	|........ ........ ........ ........| ok p=1
Q57:	|........ ........ ........ ........| ok p=1
Q58:	|........ ........ ........ ........| ok p=1
Q59:	|........ ........ ........ ........| ok p=1
Q60:	|0....... ........ ........ .......0| ok p=1
Q61:	|1....... ........ ........ ......10| ok p=0.498047
Q62:	|+....... ........ ........ ......1+| ok p=1
Q63:	|+....... ........ ........ ......+-| ok p=0.996094
Q64:	|+....... -.+..... ........ .......+|
Starting...
20: Q5m5tunnel      = 1
20: Q4m5tunnel      = 2
20: Q14m6Q3m5tunnel = 3
21: Q10m10tunnel    = 3
21: Q9m10tunnel     = 3
22: Q8Q12m15tunnel  = 0
23: Q4m4tunnel      = 16
24: Q9m9tunnel      = 11
25: Q14Q3m14tunnel  = 0
20: Q5m5tunnel      = 1
20: Q4m5tunnel      = 2
20: Q14m6Q3m5tunnel = 3
21: Q10m10tunnel    = 2
21: Q9m10tunnel     = 4
22: Q8Q12m15tunnel  = 1
23: Q4m4tunnel      = 15
24: Q9m9tunnel      = 10
25: Q14Q3m14tunnel  = 1
..20: Q5m5tunnel      = 1
20: Q4m5tunnel      = 2
20: Q14m6Q3m5tunnel = 2
21: Q10m10tunnel    = 6
21: Q9m10tunnel     = 3
22: Q8Q12m15tunnel  = 0
23: Q4m4tunnel      = 16
24: Q9m9tunnel      = 7
25: Q14Q3m14tunnel  = 0
20: Q5m5tunnel      = 1
20: Q4m5tunnel      = 1
20: Q14m6Q3m5tunnel = 1
21: Q10m10tunnel    = 2
21: Q9m10tunnel     = 4
22: Q8Q12m15tunnel  = 0
23: Q4m4tunnel      = 15
24: Q9m9tunnel      = 9
25: Q14Q3m14tunnel  = 1
20: Q5m5tunnel      = 1
20: Q4m5tunnel      = 1
20: Q14m6Q3m5tunnel = 0
21: Q10m10tunnel    = 2
21: Q9m10tunnel     = 4
22: Q8Q12m15tunnel  = 0
23: Q4m4tunnel      = 15
24: Q9m9tunnel      = 9
25: Q14Q3m14tunnel  = 1
...20: Q5m5tunnel      = 1
20: Q4m5tunnel      = 2
20: Q14m6Q3m5tunnel = 2
21: Q10m10tunnel    = 6
21: Q9m10tunnel     = 4
22: Q8Q12m15tunnel  = 1
23: Q4m4tunnel      = 15
24: Q9m9tunnel      = 6
25: Q14Q3m14tunnel  = 1
.1 0
2 0
4 0
8 0
16 0
32 0
64 0
128 0
256 0
512 0
1024 0
2048 0
4096 0
8192 0
16384 0
32768 0
65536 0
131072 0
154803 1
262144 1
524288 1
535341 2
900583 4
1048576 6
1155052 8
1783074 16
2097152 24
3051035 32
4194304 42
5807582 64
Block 1: workdir6/coll1_845841641
55 d4 7f c4 f8 f5 0e b9 4b 7c af c2 3f d2 79 52 
d9 bf a2 58 da da d3 7e 56 92 ff 2e 3f 03 1a a6 
29 af c0 08 bf 1f b4 5f 3d 68 3b ff 03 18 60 55 
d2 59 3c ca 8d bf 1f cd 1a fe eb 47 dd c6 a6 83 
Block 2: workdir6/coll2_845841641
55 d4 7f c4 f8 f5 0e b9 4b 7c af c2 3f d2 79 52 
d9 bf a2 58 da da d3 7e 56 92 ff 2e 3f 03 1a a6 
29 af c0 08 bf 1f b4 5f 3d 68 3b ff 03 18 80 55 
d2 59 3c ca 8d bf 1f cd 1a fe eb 47 dd c6 a6 83 
Found collision!
