Warning: no OS randomness!
Connect MD5 differential paths
Copyright (C) 2009 Marc Stevens
http://homepages.cwi.nl/~stevens/

delta_m[11] = [!21!]
Loading precompute/diff22/paths16_0of1_1000000.bin.gz...done: 1000000. (4.98375s)
Loading workdir6/paths11_0of1.bin.gz.done...done: 3000000. (8.1498s)
t=12: 0%   10   20   30   40   50   60   70   80   90   100%
      |----|----|----|----|----|----|----|----|----|----|
      *Q-3:	|00010010 01001010 00010001 10001000|
Q-2:	|-1100101 10101111 11111001 110110-+|
Q-1:	|+1000011 11101010 01000101 1100-+++|
Q0:	|+110010+ -1-00101 00000100 1111011-| ok p=1
Q1:	|+.1....+ -.-..0.. ...1.+.. -0..111-| ok p=1
Q2:	|+00..... +.-..0.. ...-.+.. -0.....-| ok p=1
Q3:	|-0-0...1 +.-..-.. !..-.+.. +-.....-| ok p=1
Q4:	|--01.... 1.-.!+.. ..0..+.. 1+1..0..| ok p=1
Q5:	|1--..... 1.-..01. ..11.+.. -10..1.0| ok p=1
Q6:	|1++^.... -.-..-1. ..-0!... -1...+1.| ok p=1
Q7:	|01+-.... 0.-0.1+. !.+0.00. .....+1.| ok p=1
Q8:	|.010.... 1.11.1+. ^.+-..0. 0.....-.| ok p=1
Q9:	|1-+1.... ..0..+.. -..+1.+. .1.^.0-1| ok p=1
Q10:	|0-101101 0.00.-0. 1.1+0.-1 .1.-0.+0| ok p=1
Q11:	|10111010 1^101011 0..-00-1 .-.0110+| ok p=1
Q12:	|-+++++++ -+-+0100 0^^1-10- ^+.--10+| ok p=1
Q13:	|--1-+--- -0-+..-+ +++-+--+ ++^00-++| ok p=1
Q14:	|10000001 .011..0- 10001+1- 01-00110| ok p=1
Q15:	|10-01001 0.--.01- 11111-01 1+1..11+| ok p=0.53125
Q16:	|.0.-..+. ..1..1.+ .0...0.1 .+0..0-.| ok p=1
Q17:	|.1^...0. ..0^.-.- .1...+.. .0...1.^| ok p=0.777344
Q18:	|.+.^..-. ..1....+ .-...+.. .1-..+^.| ok p=0.666992
Q19:	|......-. 0.+..^.+ ....0-.. ..-.....| ok p=0.936523
Q20:	|.^....00 1...0..1 .^..1-.. 0.1.0^..| ok p=1
Q21:	|.0....11 -.^.1..1 ....-0.. 1.0.1...| ok p=0.704102
Q22:	|.1.....+ ....+... .....0.. +...-...| ok p=0.811523
Q23:	|.+.0.... ^......0 ....^... ........| ok p=0.757812
Q24:	|...1...^ ....^..1 ...0.... ^...^.0.| ok p=0.887695
Q25:	|.^.-.... .......- ...1.... ........| ok p=0.94043
Q26:	|........ ..0..... ...-.... .....0+.| ok p=0.756836
Q27:	|...^.... ..1....^ ........ .....1+.| ok p=0.999023
Q28:	|........ ..+..... ...^.... .....+-.| ok p=0.960938
Q29:	|........ ..0..... ........ ......0.| ok p=0.999023
Q30:	|........ ..-..... ........ .....^1.| ok p=1
Q31:	|........ ..-..... ........ ........| ok p=0.999023
Q32:	|........ ........ ........ ........| ok p=1
Q33:	|........ ..!..... ........ ........| ok p=1
Q34:	|........ ........ ........ ........| ok p=1
Q35:	|........ ........ ........ ........|
Best path: totcompl=-19 tottunnel=36, totcond=538, p=0.0650075
Q-3:	|00010010 01001010 00010001 10001000|
Q-2:	|-1100101 10101111 11111001 110110-+|
Q-1:	|+1000011 11101010 01000101 1100-+++|
Q0:	|+110010+ -1-00101 00000100 1111011-| ok p=1
Q1:	|+.1....+ -.-..0.. ...1.+.. -0..111-| ok p=1
Q2:	|+00..... +.-..0.. ...-.+.. -0.....-| ok p=1
Q3:	|-0-0...1 +.-..-.. !..-.+.. +-.....-| ok p=1
Q4:	|--01.... 1.-!.+.. ..0..+.. 1+1..0..| ok p=1
Q5:	|1--..... 1.-..01. ..11.+.. -10..1.0| ok p=1
Q6:	|1++^.... -.-..-1. ..-0!... -1...+1.| ok p=1
Q7:	|01+-.... 0.-1.1+. !.+0.00. .....+1.| ok p=1
Q8:	|.010.... 1.00.1+. ^.+-..0. 0.....-.| ok p=1
Q9:	|1-+1.... ..0..+.. -..+1.+. .1.^.0-1| ok p=1
Q10:	|0-101101 0.00.-0. 1.1+0.-1 .1.-0.+0| ok p=1
Q11:	|10111010 1^101011 0..-00-1 .-.01.0+| ok p=1
Q12:	|-+++++++ -+-+0100 0^^1-10- ^+.--10+| ok p=1
Q13:	|--1-+--- -0-+..-+ +++-+--+ ++^000-+| ok p=1
Q14:	|10000001 .011..0- 10001+1- 01-00.10| ok p=1
Q15:	|10-01001 0.--.01- 11111-01 1+1...1+| ok p=0.533203
Q16:	|.0.-..+. ..1..1.+ .0...0.1 .+0..0-.| ok p=1
Q17:	|.1^...0. ..0^.-.- .1...+.. .0...1.^| ok p=0.742188
Q18:	|.+.^..-. ..1....+ .-...+.. .1-..+^.| ok p=0.679688
Q19:	|......-. 0.+..^.+ ....0-.. ..-.....| ok p=0.935547
Q20:	|.^....00 1...0..1 .^..1-.. 0.1.0^..| ok p=1
Q21:	|.0....11 -.^.1..1 ....-0.. 1.0.1...| ok p=0.707031
Q22:	|.1.....+ ....+... .....0.. +...-...| ok p=0.8125
Q23:	|.+.0.... ^......0 ....^... ........| ok p=0.757812
Q24:	|...1...^ ....^..1 ...0.... ^...^.0.| ok p=0.875977
Q25:	|.^.-.... .......- ...1.... ........| ok p=0.929688
Q26:	|........ ..0..... ...-.... .....0+.| ok p=0.722656
Q27:	|...^.... ..1....^ ........ .....1+.| ok p=0.999023
Q28:	|........ ..+..... ...^.... .....+-.| ok p=0.982422
Q29:	|........ ..0..... ........ ......0.| ok p=1
Q30:	|........ ..-..... ........ .....^1.| ok p=1
Q31:	|........ ..-..... ........ ........| ok p=1
Q32:	|........ ........ ........ ........| ok p=1
Q33:	|........ ..!..... ........ ........| ok p=1
Q34:	|........ ........ ........ ........| ok p=1
Q35:	|........ ........ ........ ........|
Best path: totcompl=-17 tottunnel=38, totcond=535, p=0.0586668
Best paths: 2
Q-3:	|00010010 01001010 00010001 10001000|
Q-2:	|-1100101 10101111 11111001 110110-+|
Q-1:	|+1000011 11101010 01000101 1100-+++|
Q0:	|+110010+ -1-00101 00000100 1111011-| ok p=1
Q1:	|+.1....+ -.-..0.. ...1.+.. -0..111-| ok p=1
Q2:	|+00..... +.-..0.. ...-.+.. -0.....-| ok p=1
Q3:	|-0-0...1 +.-..-.! ...-.+.. +-.....-| ok p=1
Q4:	|--01.... 1.-!.+.. ..0..+.. 1+1..0..| ok p=1
Q5:	|1--..... 1.-..01. ..11.+.. -10..1.0| ok p=1
Q6:	|1++^.... -.-..-1. ..-0!... -1...+1.| ok p=1
Q7:	|01+-.... 0.-0.1+! ..+0.00. .....+1.| ok p=1
Q8:	|.010.... 1.11.1+. ^.+-..0. 0.....-.| ok p=1
Q9:	|1-+1.... ..0..+.. -..+1.+. .1.^.0-1| ok p=1
Q10:	|0-101101 0.00.-0. 1.1+0.-1 .1.-0.+0| ok p=1
Q11:	|10111010 1^101011 0..-00-1 .-.01.0+| ok p=1
Q12:	|++++++++ -+-+0100 0^^1-10- ^+.--10+| ok p=1
Q13:	|+-1-+--- -0-+..-+ +++-+--+ ++^000-+| ok p=1
Q14:	|0000.001 .011..0- 10001+1- 01-00.10| ok p=1
Q15:	|10-01001 0.--.01- 11111-01 1+1...1+| ok p=0.568359
Q16:	|.0.-..+. ..1..1.+ .0...0.1 .+0..0-.| ok p=1
Q17:	|.1^...0. ..0^.-.- .1...+.. .0...1.^| ok p=0.730469
Q18:	|.+.^..-. ..1....+ .-...+.. .1-..+^.| ok p=0.675781
Q19:	|......-. 0.+..^.+ ....0-.. ..-.....| ok p=0.931641
Q20:	|.^....00 1...0..1 .^..1-.. 0.1.0^..| ok p=1
Q21:	|.0....11 -.^.1..1 ....-0.. 1.0.1...| ok p=0.716797
Q22:	|.1.....+ ....+... .....0.. +...-...| ok p=0.776367
Q23:	|.+.0.... ^......0 ....^... ........| ok p=0.749023
Q24:	|...1...^ ....^..1 ...0.... ^...^.0.| ok p=0.859375
Q25:	|.^.-.... .......- ...1.... ........| ok p=0.943359
Q26:	|........ ..0..... ...-.... .....0+.| ok p=0.748047
Q27:	|...^.... ..1....^ ........ .....1+.| ok p=0.999023
Q28:	|........ ..+..... ...^.... .....+-.| ok p=0.970703
Q29:	|........ ..0..... ........ ......0.| ok p=1
Q30:	|........ ..-..... ........ .....^1.| ok p=1
Q31:	|........ ..-..... ........ ........| ok p=1
Q32:	|........ ........ ........ ........| ok p=1
Q33:	|........ ..!..... ........ ........| ok p=1
Q34:	|........ ........ ........ ........| ok p=1
Q35:	|........ ........ ........ ........|
Best path: totcompl=-16 tottunnel=39, totcond=534, p=0.0573898
Best paths: 2
Best paths: 4
Q-3:	|00010010 01001010 00010001 10001000|
Q-2:	|-1100101 10101111 11111001 110110-+|
Q-1:	|+1000011 11101010 01000101 1100-+++|
Q0:	|+110010+ -1-00101 00000100 1111011-| ok p=1
Q1:	|+.1....+ -.-..0.. ...1.+.. -0..111-| ok p=1
Q2:	|+00..... +.-..0.. ...-.+.. -0.....-| ok p=1
Q3:	|-0-0...1 +.-..-.! ...-.+.. +-.....-| ok p=1
Q4:	|--01.... 1.-.!+.. ..1..+.. 1+1..0..| ok p=1
Q5:	|1--0.... 1.-..00. ..11.+.. -10..1.0| ok p=1
Q6:	|1++1.... -.-..-0. ..-1!... -1...+0.| ok p=1
Q7:	|0+1+.... 0.-..1+. !.+1.00. .....+0.| ok p=1
Q8:	|.+01.... 0..^^1-. ..+-..0. 10...0-.| ok p=1
Q9:	|!0-1.... ..0.^.01 ..--.0+. .1...++.| ok p=1
Q10:	|.-10010. 0..0-.11 1.0+.1-1 .1..1--.| ok p=1
Q11:	|!+-0111. 0.00000+ .^0-00-1 .-0111-0| ok p=1
Q12:	|.0+-+++^ +.0+-11+ ^^1-1+0+ ^+10-1+1| ok p=1
Q13:	|.+--++++ -.-1+++0 +++.-11- -+++++++| ok p=1
Q14:	|.01+..10 1.+1011- 100101+0 1.110010| ok p=1
Q15:	|.00-01+1 -.-+101- 011.1-0+ 0011011+| ok p=0.761719
Q16:	|.0.-..+. ..1..1.+ .0...00. ..+..1-.| ok p=0.871094
Q17:	|.1.0..1. ^.-^.-.1 .1...+.^ ..-..1.^| ok p=0.567383
Q18:	|.+.1..-. ..-....1 .-...+.. ..1..+^.| ok p=0.65332
Q19:	|......-. 0.+..^.+ ....0-.. ..-.....| ok p=0.910156
Q20:	|.^....00 1.0.0..0 .^..1-.. 0...0^..| ok p=1
Q21:	|.0....11 -.1.1..1 ....-0.. 1.^.1...| ok p=0.769531
Q22:	|.1.....+ ....+... .....0.. +...-...| ok p=0.787109
Q23:	|.+.0.... ^......0 ....^... ........| ok p=0.713867
Q24:	|...1...^ ....^..1 ...0.... ^...^.0.| ok p=0.885742
Q25:	|.^.-.... .......- ...1.... ........| ok p=0.932617
Q26:	|........ ..0..... ...-.... .....0+.| ok p=0.75293
Q27:	|...^.... ..1....^ ........ .....1+.| ok p=0.99707
Q28:	|........ ..+..... ...^.... .....+-.| ok p=0.96875
Q29:	|........ ..0..... ........ ......0.| ok p=1
Q30:	|........ ..-..... ........ .....^1.| ok p=1
Q31:	|........ ..-..... ........ ........| ok p=0.999023
Q32:	|........ ........ ........ ........| ok p=1
Q33:	|........ ..!..... ........ ........| ok p=1
Q34:	|........ ........ ........ ........| ok p=1
Q35:	|........ ........ ........ ........|
Best path: totcompl=-15 tottunnel=40, totcond=533, p=0.0580399
Best paths: 2
Best paths: 4
Q-3:	|00010010 01001010 00010001 10001000|
Q-2:	|-1100101 10101111 11111001 110110-+|
Q-1:	|+1000011 11101010 01000101 1100-+++|
Q0:	|+110010+ -1-00101 00000100 1111011-| ok p=1
Q1:	|+.1....+ -.-..0.. ...1.+.. -0..111-| ok p=1
Q2:	|+00..... +.-..0.. ...-.+.. -0.....-| ok p=1
Q3:	|-0-0...1 +.-..-.! ...-.+.. +-.....-| ok p=1
Q4:	|--01.... 1.-!.+.. ..0..+.. 1+1..0..| ok p=1
Q5:	|1--..... 1.-..01. ..11.+.. -10..1.0| ok p=1
Q6:	|1++^.... -.-..-1. ..-1!... -1...+1.| ok p=1
Q7:	|01+-.... 0.-..0+! ..+1.0.^ .....+0.| ok p=1
Q8:	|.000.... 1.1^^1+. ..+-.0.+ 1..0..-.| ok p=1
Q9:	|..-1.... ..0..+.. ..--1+.0 ..1011-.| ok p=1
Q10:	|.1001010 1....-0. 10101-01 0.1-01+.| ok p=1
Q11:	|11-11000 110..010 01+11-10 10-----0| ok p=1
Q12:	|0+--+++- +00..101 +--+-.-- +1---0-1| ok p=1
Q13:	|---1-+++ +--1..-+ ++1++000 0+-1.0--| ok p=1
Q14:	|00.+1.10 01+0..1- .11.11+0 10010.+-| ok p=1
Q15:	|100-01+1 -1--.00- 10.01-1. +01...0+| ok p=0.854492
Q16:	|.0.-..+. ..0..1.+ .0...01. ..+..1-0| ok p=0.880859
Q17:	|.1.0..1. ^.0^.-.1 .1...+.. ^.-..1.1| ok p=0.580078
Q18:	|.+.1..-. ..1....1 .-...+.. ..1..+^.| ok p=0.648438
Q19:	|......-. 0.+..^.+ ....0-.. ..-.....| ok p=0.915039
Q20:	|.^....00 1...0..0 .^..1-.. 0...0^..| ok p=1
Q21:	|.0....11 -.^.1..1 ....-0.. 1.^.1...| ok p=0.787109
Q22:	|.1.....+ ....+... .....0.. +...-...| ok p=0.807617
Q23:	|.+.0.... ^......0 ....^... ........| ok p=0.729492
Q24:	|...1...^ ....^..1 ...0.... ^...^.0.| ok p=0.858398
Q25:	|.^.-.... .......- ...1.... ........| ok p=0.935547
Q26:	|........ ..0..... ...-.... .....0+.| ok p=0.746094
Q27:	|...^.... ..1....^ ........ .....1+.| ok p=1
Q28:	|........ ..+..... ...^.... .....+-.| ok p=0.959961
Q29:	|........ ..0..... ........ ......0.| ok p=0.998047
Q30:	|........ ..-..... ........ .....^1.| ok p=1
Q31:	|........ ..-..... ........ ........| ok p=0.999023
Q32:	|........ ........ ........ ........| ok p=1
Q33:	|........ ..!..... ........ ........| ok p=1
Q34:	|........ ........ ........ ........| ok p=1
Q35:	|........ ........ ........ ........|
Best path: totcompl=-14 tottunnel=41, totcond=531, p=0.069704
Best paths: 2
Q-3:	|00010010 01001010 00010001 10001000|
Q-2:	|-1100101 10101111 11111001 110110-+|
Q-1:	|+1000011 11101010 01000101 1100-+++|
Q0:	|+110010+ -1-00101 00000100 1111011-| ok p=1
Q1:	|+.1....+ -.-..0.. ...1.+.. -0..111-| ok p=1
Q2:	|+00..... +.-..0.. ...-.+.. -0.....-| ok p=1
Q3:	|-0-0...1 +.-..-.. !..-.+.. +-.....-| ok p=1
Q4:	|--01.... 1.-.!+.. ..0..+.. 1+1..0..| ok p=1
Q5:	|1--..... 1.-..01. ..11.+.. -10..1.0| ok p=1
Q6:	|1++^.... -.-..-1. ..-1!... -1...+1.| ok p=1
Q7:	|01+-.... 0.-1.0+! ..+1.0.^ .....+0.| ok p=1
Q8:	|.000.... 1.00.1+. ..+-.0.+ 1..0..-.| ok p=1
Q9:	|..-1.... ..0..+.. ..--1+.0 ..1011-.| ok p=1
Q10:	|.100101. 1....-0. 10101-01 0.1-01+.| ok p=1
Q11:	|11-11000 100..010 01+11-10 10-----0| ok p=1
Q12:	|0+--+++1 -10..101 +--+-.-- +1---0-1| ok p=1
Q13:	|---1-+++ +--1..-+ ++1++000 0+-1.0--| ok p=1
Q14:	|00.+1.10 01+0..1- .11.11+0 10010.+-| ok p=1
Q15:	|100-01+1 -1--.00- 10.01-1. +01...0+| ok p=0.838867
Q16:	|.0.-..+. ..0..1.+ .0...01. ..+..1-0| ok p=0.864258
Q17:	|.1.0..1. ^.0^.-.1 .1...+.. ^.-..1.1| ok p=0.583984
Q18:	|.+.1..-. ..1....1 .-...+.. ..1..+^.| ok p=0.671875
Q19:	|......-. 0.+..^.+ ....0-.. ..-.....| ok p=0.905273
Q20:	|.^....00 1...0..0 .^..1-.. 0...0^..| ok p=1
Q21:	|.0....11 -.^.1..1 ....-0.. 1.^.1...| ok p=0.767578
Q22:	|.1.....+ ....+... .....0.. +...-...| ok p=0.803711
Q23:	|.+.0.... ^......0 ....^... ........| ok p=0.762695
Q24:	|...1...^ ....^..1 ...0.... ^...^.0.| ok p=0.876953
Q25:	|.^.-.... .......- ...1.... ........| ok p=0.946289
Q26:	|........ ..0..... ...-.... .....0+.| ok p=0.769531
Q27:	|...^.... ..1....^ ........ .....1+.| ok p=1
Q28:	|........ ..+..... ...^.... .....+-.| ok p=0.967773
Q29:	|........ ..0..... ........ ......0.| ok p=1
Q30:	|........ ..-..... ........ .....^1.| ok p=1
Q31:	|........ ..-..... ........ ........| ok p=1
Q32:	|........ ........ ........ ........| ok p=1
Q33:	|........ ..!..... ........ ........| ok p=1
Q34:	|........ ........ ........ ........| ok p=1
Q35:	|........ ........ ........ ........|
Best path: totcompl=-13 tottunnel=42, totcond=530, p=0.0701857
Best paths: 2
Best paths: 4
Q-3:	|00010010 01001010 00010001 10001000|
Q-2:	|-1100101 10101111 11111001 110110-+|
Q-1:	|+1000011 11101010 01000101 1100-+++|
Q0:	|+110010+ -1-00101 00000100 1111011-| ok p=1
Q1:	|+.1....+ -.-..0.. ...1.+.. -0..111-| ok p=1
Q2:	|+00..... +.-..0.. ...-.+.. -0.....-| ok p=1
Q3:	|-0-0...1 +.-..-.! ...-.+.. +-.....-| ok p=1
Q4:	|--01.... 1.-!.+.. ..0..+.. 1+1..0..| ok p=1
Q5:	|1--..... 1.-..01. ..11.+.. -10..1.0| ok p=1
Q6:	|1++^.... -.-..-1. ..-1!... -1...+1.| ok p=1
Q7:	|01+-.... 0.-1.0+. !.+1.0.^ .....+0.| ok p=1
Q8:	|.000.... 1.00.1+. ..+-.0.+ 1..0..-.| ok p=1
Q9:	|..-1.... ..0..+.. ..--1+.0 ..1011-.| ok p=1
Q10:	|.100101. 1....-0. 10101-01 0.1-01+.| ok p=1
Q11:	|01-11000 100..010 01+11-10 10-----0| ok p=1
Q12:	|1+--+++1 -10..101 +--+-.-- +1---0-1| ok p=1
Q13:	|---1-+++ +--1..-+ ++1++000 0+-1.0--| ok p=1
Q14:	|00.+1.10 01+0..1- .11.11+0 10010.+-| ok p=1
Q15:	|100-01+1 -1--.00- 10.01-1. +01...0+| ok p=0.84668
Q16:	|.0.-..+. ..0..1.+ .0...01. ..+..1-0| ok p=0.850586
Q17:	|.1.0..1. ^.0^.-.1 .1...+.. ^.-..1.1| ok p=0.579102
Q18:	|.+.1..-. ..1....1 .-...+.. ..1..+^.| ok p=0.649414
Q19:	|......-. 0.+..^.+ ....0-.. ..-.....| ok p=0.921875
Q20:	|.^....00 1...0..0 .^..1-.. 0...0^..| ok p=1
Q21:	|.0....11 -.^.1..1 ....-0.. 1.^.1...| ok p=0.776367
Q22:	|.1.....+ ....+... .....0.. +...-...| ok p=0.805664
Q23:	|.+.0.... ^......0 ....^... ........| ok p=0.74707
Q24:	|...1...^ ....^..1 ...0.... ^...^.0.| ok p=0.867188
Q25:	|.^.-.... .......- ...1.... ........| ok p=0.939453
Q26:	|........ ..0..... ...-.... .....0+.| ok p=0.759766
Q27:	|...^.... ..1....^ ........ .....1+.| ok p=1
Q28:	|........ ..+..... ...^.... .....+-.| ok p=0.972656
Q29:	|........ ..0..... ........ ......0.| ok p=0.999023
Q30:	|........ ..-..... ........ .....^1.| ok p=1
Q31:	|........ ..-..... ........ ........| ok p=1
Q32:	|........ ........ ........ ........| ok p=1
Q33:	|........ ..!..... ........ ........| ok p=1
Q34:	|........ ........ ........ ........| ok p=1
Q35:	|........ ........ ........ ........|
Best path: totcompl=-12 tottunnel=43, totcond=530, p=0.0715911
Best paths: 2
Q-3:	|00010010 01001010 00010001 10001000|
Q-2:	|-1100101 10101111 11111001 110110-+|
Q-1:	|+1000011 11101010 01000101 1100-+++|
Q0:	|+110010+ -1-00101 00000100 1111011-| ok p=1
Q1:	|+.1....+ -.-..0.. ...1.+.. -0..111-| ok p=1
Q2:	|+00..... +.-..0.. ...-.+.. -0.....-| ok p=1
Q3:	|-0-0...1 +.-..-.! ...-.+.. +-.....-| ok p=1
Q4:	|--01.... 1.-!.+.. ..0..+.. 1+1..0..| ok p=1
Q5:	|1--..... 1.-..01. ..11.+.. -10..1.0| ok p=1
Q6:	|1++^.... -.-..-1. ..-1!... -1...+1.| ok p=1
Q7:	|01+-.... 0.-000+. !.+1.0.^ .....+0.| ok p=1
Q8:	|.000.... 1.1..1+. ..+-.0.+ 1..0..-.| ok p=1
Q9:	|..-1.... ..0..+.. ..--1+.0 ..1011-.| ok p=1
Q10:	|.100101. 1....-0. 10101-01 0.1-01+.| ok p=1
Q11:	|11-11000 100..010 01+11-10 10-----0| ok p=1
Q12:	|0+--+++1 -10..101 +--+-.-- +1---0-1| ok p=1
Q13:	|---1-+++ +--1..-+ ++1++000 0+-1.0--| ok p=1
Q14:	|11.+1.10 01+0..1- .11.11+0 10010.+-| ok p=1
Q15:	|100-01+1 -1--.00- 10.01-1. +01...0+| ok p=0.87207
Q16:	|.0.-..+. ..0..1.+ .0...01. ..+..1-0| ok p=0.870117
Q17:	|.1.0..1. ^.0^.-.1 .1...+.. ^.-..1.1| ok p=0.569336
Q18:	|.+.1..-. ..1....1 .-...+.. ..1..+^.| ok p=0.664062
Q19:	|......-. 0.+..^.+ ....0-.. ..-.....| ok p=0.910156
Q20:	|.^....00 1...0..0 .^..1-.. 0...0^..| ok p=1
Q21:	|.0....11 -.^.1..1 ....-0.. 1.^.1...| ok p=0.761719
Q22:	|.1.....+ ....+... .....0.. +...-...| ok p=0.779297
Q23:	|.+.0.... ^......0 ....^... ........| ok p=0.765625
Q24:	|...1...^ ....^..1 ...0.... ^...^.0.| ok p=0.878906
Q25:	|.^.-.... .......- ...1.... ........| ok p=0.949219
Q26:	|........ ..0..... ...-.... .....0+.| ok p=0.751953
Q27:	|...^.... ..1....^ ........ .....1+.| ok p=0.999023
Q28:	|........ ..+..... ...^.... .....+-.| ok p=0.979492
Q29:	|........ ..0..... ........ ......0.| ok p=1
Q30:	|........ ..-..... ........ .....^1.| ok p=1
Q31:	|........ ..-..... ........ ........| ok p=1
Q32:	|........ ........ ........ ........| ok p=1
Q33:	|........ ..!..... ........ ........| ok p=1
Q34:	|........ ........ ........ ........| ok p=1
Q35:	|........ ........ ........ ........|
Best path: totcompl=-11 tottunnel=44, totcond=530, p=0.07324
Best paths: 2
Best paths: 4
Best paths: 8
Best paths: 16
**