Warning: no OS randomness!
Extend MD5 differential paths forward
Copyright (C) 2009 Marc Stevens
http://homepages.cwi.nl/~stevens/

delta_m[11] = [!21!]
Loading workdir6/lowerpath.bin.gz...done: 1. (6.07967e-05s)
Estimating maxcond for upper bound 1500000 (=750000 * 2)...
t=1:  0%   10   20   30   40   50   60   70   80   90   100%
      |----|----|----|----|----|----|----|----|----|----|
e     ***************************************************
Found maxcond = 2176
t=1:  0%   10   20   30   40   50   60   70   80   90   100%
      |----|----|----|----|----|----|----|----|----|----|
      ***************************************************
Q-3:	|00010010 01001010 00010001 10001000|
Q-2:	|-1100101 10101111 11111001 110110-+|
Q-1:	|+1000011 11101010 01000101 1100-+++|
Q0:	|+110010+ -1-00101 00000100 1111011-| ok p=1
Q1:	|+......0 +.-..... .....+.. -...111-| ok p=0.99707
Q2:	|+....... +.-..... ...-.+.. -...-..-|
Saving 1136 paths...cached.
Autobalance parameters: maxcond=2176 (ab#:0)
Verified: 0 bad out of 1136
Estimating maxcond for upper bound 3000000 (=1500000 * 2)...
t=2:  0%   10   20   30   40   50   60   70   80   90   100%
      |----|----|----|----|----|----|----|----|----|----|
e     ***************************************************
Found maxcond = 156
t=2:  0%   10   20   30   40   50   60   70   80   90   100%
      |----|----|----|----|----|----|----|----|----|----|
      ***************************************************
Q-3:	|00010010 01001010 00010001 10001000|
Q-2:	|-1100101 10101111 11111001 110110-+|
Q-1:	|+1000011 11101010 01000101 1100-+++|
Q0:	|+110010+ -1-00101 00000100 1111011-| ok p=1
Q1:	|-......+ -.-..... ...0.+.. -...111-| ok p=1
Q2:	|+....... +.-..... ...-.+.. -......-| ok p=0.492188
Q3:	|+....... +.-..-.- ...-.+.. .+.....-|
Saving 1500000 paths...cached.
Autobalance parameters: maxcond=155 (ab#:1)
Verified: 0 bad out of 1868682
Estimating maxcond for upper bound 6000000 (=3000000 * 2)...
t=3:  0%   10   20   30   40   50   60   70   80   90   100%
      |----|----|----|----|----|----|----|----|----|----|
e     ***************************************************
Found maxcond = 165
t=3:  0%   10   20   30   40   50   60   70   80   90   100%
      |----|----|----|----|----|----|----|----|----|----|
      ***************************************************
Q-3:	|00010010 01001010 00010001 10001000|
Q-2:	|-1100101 10101111 11111001 110110-+|
Q-1:	|+1000011 11101010 01000101 1100-+++|
Q0:	|+110010+ -1-00101 00000100 1111011-| ok p=1
Q1:	|+......+ -.-..V.. ...0.+.. -V..110-| ok p=1
Q2:	|+......+ -.-..... ...+.+.. -......-| ok p=0.99707
Q3:	|+....... +.-..-.. ...+.+.. .+.....-| ok p=0.716797
Q4:	|+.-..... ..-..-.. .+...+.. .+...+..|
Saving 3000000 paths...cached.
Autobalance parameters: maxcond=164 (ab#:1)
Verified: 7026 bad out of 3769847
Estimating maxcond for upper bound 6000000 (=3000000 * 2)...
t=4:  0%   10   20   30   40   50   60   70   80   90   100%
      |----|----|----|----|----|----|----|----|----|----|
e     ***************************************************
Found maxcond = 174
t=4:  0%   10   20   30   40   50   60   70   80   90   100%
      |----|----|----|----|----|----|----|----|----|----|
      ***************************************************
Q-3:	|00010010 01001010 00010001 10001000|
Q-2:	|-1100101 10101111 11111001 110110-+|
Q-1:	|+1000011 11101010 01000101 1100-+++|
Q0:	|+110010+ -1-00101 00000100 1111011-| ok p=1
Q1:	|+......+ --+..... ...0.+.. -...110-| ok p=1
Q2:	|-.V..... 0++..... ...+.+.. -.....--| ok p=0.995117
Q3:	|+......1 +0-..... ...+.+.. ......--| ok p=0.386719
Q4:	|+.-..... -10..... .....+.. 1.....+.| ok p=0.237305
Q5:	|+.+..... -..+.-.. .-....+. .+....+.|
Saving 3000000 paths...cached.
Autobalance parameters: maxcond=173 (ab#:1)
Verified: 968 bad out of 4047627
Estimating maxcond for upper bound 6000000 (=3000000 * 2)...
t=5:  0%   10   20   30   40   50   60   70   80   90   100%
      |----|----|----|----|----|----|----|----|----|----|
e     ***************************************************
Found maxcond = 185
t=5:  0%   10   20   30   40   50   60   70   80   90   100%
      |----|----|----|----|----|----|----|----|----|----|
      ***************************************************
Q-3:	|00010010 01001010 00010001 10001000|
Q-2:	|-1100101 10101111 11111001 110110-+|
Q-1:	|+1000011 11101010 01000101 1100-+++|
Q0:	|+110010+ -1-00101 00000100 1111011-| ok p=1
Q1:	|+.V....+ -.-..... ...1.+.. -V..110-| ok p=1
Q2:	|-....... +.-..... ..1+.+.. -1....-+| ok p=0.749023
Q3:	|-.+....1 +.-..V.. ..0+.+.. .+....0-| ok p=0.381836
Q4:	|-.0..... ........ ..+..+.. 1+....10| ok p=0.62793
Q5:	|..-..... 1.1..-.. ..-1.+.. .+.....1| ok p=0.862305
Q6:	|..-...+. -...-... ..-.-.-. .+..+.-.|
Saving 2375405 paths...cached.
Autobalance parameters: maxcond=185 (ab#:0)
Verified: 39837 bad out of 2415242
Estimating maxcond for upper bound 6000000 (=3000000 * 2)...
t=6:  0%   10   20   30   40   50   60   70   80   90   100%
      |----|----|----|----|----|----|----|----|----|----|
e     ***************************************************
Found maxcond = 198
t=6:  0%   10   20   30   40   50   60   70   80   90   100%
      |----|----|----|----|----|----|----|----|----|----|
      ***************************************************
Q-3:	|00010010 01001010 00010001 10001000|
Q-2:	|-1100101 10101111 11111001 110110-+|
Q-1:	|+1000011 11101010 01000101 1100-+++|
Q0:	|+110010+ -1-00101 00000100 1111011-| ok p=1
Q1:	|+.V....+ -.-..... ...1.+.. -V..110-| ok p=1
Q2:	|-......0 +.-..... ..1+.+.. -0....-+| ok p=1
Q3:	|+.+....+ -.-..V.. ..0+.+.. .+....1-| ok p=0.352539
Q4:	|+.0....1 -...V... ..+..+.. 1+....10| ok p=0.314453
Q5:	|..+....1 -.1..-.. ..01.+.. .......+| ok p=0.988281
Q6:	|1.+....+ ....-0.. ..-..+.. .1.....-| ok p=0.399414
Q7:	|+..+..+. -...-.-. -.-..+.. .-.....-|
Saving 1906930 paths...cached.
Autobalance parameters: maxcond=198 (ab#:0)
Verified: 8850 bad out of 1915780
Estimating maxcond for upper bound 6000000 (=3000000 * 2)...
t=7:  0%   10   20   30   40   50   60   70   80   90   100%
      |----|----|----|----|----|----|----|----|----|----|
e     ***************************************************
Found maxcond = 212
t=7:  0%   10   20   30   40   50   60   70   80   90   100%
      |----|----|----|----|----|----|----|----|----|----|
      ***************************************************
Q-3:	|00010010 01001010 00010001 10001000|
Q-2:	|-1100101 10101111 11111001 110110-+|
Q-1:	|+1000011 11101010 01000101 1100-+++|
Q0:	|+110010+ -1-00101 00000100 1111011-| ok p=1
Q1:	|+......+ -1-..V.. ..00.+.. -V..110-| ok p=1
Q2:	|-.V..... .++..1.. ..+-.+.. -1.....-| ok p=0.999023
Q3:	|-V.....1 0++..-.. ..0+.+.. 1+.....-| ok p=0.261719
Q4:	|-.-..... .1...-.. ..1+.-.. +-..V...| ok p=0.743164
Q5:	|0-0..... .10...V. ..-+.-.. --.....1| ok p=0.984375
Q6:	|+01..... .+...1.. ..-..-.. --..+...| ok p=0.243164
Q7:	|++...... .+....-. ..-1.-.. ....0...| ok p=0.459961
Q8:	|+.+..... ..+.+.-. ..-..-.- ....-.+.|
Saving 3000000 paths...cached.
Autobalance parameters: maxcond=211 (ab#:1)
Verified: 29742 bad out of 3273450
Estimating maxcond for upper bound 6000000 (=3000000 * 2)...
t=8:  0%   10   20   30   40   50   60   70   80   90   100%
      |----|----|----|----|----|----|----|----|----|----|
e     ***************************************************
Found maxcond = 225
t=8:  0%   10   20   30   40   50   60   70   80   90   100%
      |----|----|----|----|----|----|----|----|----|----|
      ***************************************************
Q-3:	|00010010 01001010 00010001 10001000|
Q-2:	|-1100101 10101111 11111001 110110-+|
Q-1:	|+1000011 11101010 01000101 1100-+++|
Q0:	|+110010+ -1-00101 00000100 1111011-| ok p=1
Q1:	|+.1....+ -.-..1.. ...1.+.. -V..111-| ok p=1
Q2:	|+V0..... +.-..0.. ...-.+.0 -1.....-| ok p=0.746094
Q3:	|+1-....1 +.-..-.. ...-.+.1 .+.....-| ok p=0.569336
Q4:	|.+0..... 0.-..+.. ....1+.+ 0+...V..| ok p=0.487305
Q5:	|0--..... 1.-..10. ...10+.0 .+...0.1| ok p=0.464844
Q6:	|.1-..... -.-..-1. .V..-..1 .+...+..| ok p=0.987305
Q7:	|.1-..... +.-..--. ....-0.. .-...-..| ok p=0.483398
Q8:	|.+...... +.-...+. .-..+... .+...-..| ok p=0.43457
Q9:	|..+...-. -.-..... ..-.+... +....-..|
Saving 3000000 paths...cached.
Autobalance parameters: maxcond=224 (ab#:1)
Verified: 25828 bad out of 3065258
Estimating maxcond for upper bound 6000000 (=3000000 * 2)...
t=9:  0%   10   20   30   40   50   60   70   80   90   100%
      |----|----|----|----|----|----|----|----|----|----|
e     ***************************************************
Found maxcond = 238
t=9:  0%   10   20   30   40   50   60   70   80   90   100%
      |----|----|----|----|----|----|----|----|----|----|
      ***************************************************
Q-3:	|00010010 01001010 00010001 10001000|
Q-2:	|-1100101 10101111 11111001 110110-+|
Q-1:	|+1000011 11101010 01000101 1100-+++|
Q0:	|+110010+ -1-00101 00000100 1111011-| ok p=1
Q1:	|+.1....+ -.-..V.. ...1.+.. -V..111-| ok p=1
Q2:	|+V0..... +.-..0.. ...-.+.. -0.....-| ok p=0.993164
Q3:	|-0-....1 +.-..-.. ...-.+.. +-.....-| ok p=0.359375
Q4:	|--0..... 1.-..+.. ...0.+.. 1+...0..| ok p=0.319336
Q5:	|.--V.... 1.-..0V. .V.1.+.. -1...1.1| ok p=0.374023
Q6:	|1++..... -.-..-1. ...-.... -1...+1.| ok p=0.756836
Q7:	|.0++.... 1.-..1+. .+.-.0.V .....+0.| ok p=0.745117
Q8:	|.0+0.... 1.-..1+. .1...... 1....++.| ok p=0.87793
Q9:	|...1.... .....-.. .-.1...+ .....++.| ok p=0.451172
Q10:	|..-....- ...-.+.. +.-.+..+ ....-.+.|
Saving 3000000 paths...cached.
Autobalance parameters: maxcond=237 (ab#:1)
Verified: 8449 bad out of 3206688
Estimating maxcond for upper bound 6000000 (=3000000 * 2)...
t=10: 0%   10   20   30   40   50   60   70   80   90   100%
      |----|----|----|----|----|----|----|----|----|----|
e     ***************************************************
Found maxcond = 250
t=10: 0%   10   20   30   40   50   60   70   80   90   100%
      |----|----|----|----|----|----|----|----|----|----|
      ***************************************************
Q-3:	|00010010 01001010 00010001 10001000|
Q-2:	|-1100101 10101111 11111001 110110-+|
Q-1:	|+1000011 11101010 01000101 1100-+++|
Q0:	|+110010+ -1-00101 00000100 1111011-| ok p=1
Q1:	|+......+ -1-..V.. ..00.+.. -V..110-| ok p=1
Q2:	|-.V..... .++..1.. ..+-.+.. -1.....-| ok p=1
Q3:	|-V.....1 0++..-.. ..0+.+.. 1+.....-| ok p=0.227539
Q4:	|-.-..... .0...-.. ..1+.-.. +-..V...| ok p=0.480469
Q5:	|1-0..... .10...1. ..-+.-.. --.....1| ok p=0.978516
Q6:	|+10..... .+...10. ..-..-.. --..+.V.| ok p=0.435547
Q7:	|0-0..... .+...1-. ..+1.-.. +...0.1.| ok p=0.875977
Q8:	|-+-..... .+.V.++. ..+..-.. 11..-.+.| ok p=0.501953
Q9:	|-+0..... .+...--. ........ 1...-.+.| ok p=0.735352
Q10:	|..1..... .-.-.0-. ..1..1.. ......+.| ok p=0.369141
Q11:	|.+..-... +.+....+ .......+ ....+.-.|
Saving 3000000 paths...cached.
Autobalance parameters: maxcond=249 (ab#:1)
Verified: 124581 bad out of 3534709
Estimating maxcond for upper bound 6000000 (=3000000 * 2)...
t=11: 0%   10   20   30   40   50   60   70   80   90   100%
      |----|----|----|----|----|----|----|----|----|----|
e     ***************************************************
Found maxcond = 262
t=11: 0%   10   20   30   40   50   60   70   80   90   100%
      |----|----|----|----|----|----|----|----|----|----|
      ***************************************************
Q-3:	|00010010 01001010 00010001 10001000|
Q-2:	|-1100101 10101111 11111001 110110-+|
Q-1:	|+1000011 11101010 01000101 1100-+++|
Q0:	|+110010+ -1-00101 00000100 1111011-| ok p=1
Q1:	|+.1....+ -.-..V.. ...1.+.. -V..111-| ok p=1
Q2:	|+V0..... +.-..0.. ...-.+.. -0.....-| ok p=0.990234
Q3:	|-0-....1 +.-..-.. ...-.+.. +-.....-| ok p=0.392578
Q4:	|--0..... 1.-..+.. ..0..+.. 1+...0..| ok p=0.345703
Q5:	|.--V.... 1.-..0V. ..11.+.. -1...1.0| ok p=0.37207
Q6:	|1++..... -.-..-1. ..-V.... -1...+V.| ok p=0.545898
Q7:	|.1+-.... 0.-..1+. ..+1.0V. .....+0.| ok p=0.500977
Q8:	|.010.... 1....1+. ..+-..0. 1..V..-.| ok p=1
Q9:	|.-+1.... ..0..+.. ..--..+. .V...1-.| ok p=0.436523
Q10:	|.-1..... .....-0. ..0-..-. ...-..+.| ok p=0.59082
Q11:	|..+..... .....0.. ..--..-. .-.0..+.| ok p=0.87793
Q12:	|..+..... -...-... ..-.-..- .+....+.|
Saving 3000000 paths...done. (6.26441s)
Autobalance parameters: maxcond=261 (ab#:1)
Verified: 66352 bad out of 3266470
Runtime: 41.9708
