Warning: no OS randomness!
MD5 differential path toolbox
Copyright (C) 2009 Marc Stevens
http://homepages.cwi.nl/~stevens/

Loading workdir6/latest_bestpaths.bin.gz...done (loaded 2 paths).
Loading workdir6/bestpaths_t38_c535.bin.gz...done (loaded 2 paths).
Loading workdir6/bestpaths_t39_c533.bin.gz...done (loaded 4 paths).
Loading workdir6/bestpaths_t39_c534.bin.gz...done (loaded 2 paths).
Loading workdir6/bestpaths_t40_c533.bin.gz...done (loaded 2 paths).
Saving 12 paths to workdir6/joint_bestpaths.bin.gz...done.
Warning: no OS randomness!
MD5 differential path toolbox
Copyright (C) 2009 Marc Stevens
http://homepages.cwi.nl/~stevens/

Loading workdir6/latest_bestpaths.bin.gz...done (loaded 4 paths).
Loading workdir6/bestpaths_t38_c535.bin.gz...done (loaded 2 paths).
Loading workdir6/bestpaths_t39_c533.bin.gz...done (loaded 4 paths).
Loading workdir6/bestpaths_t39_c534.bin.gz...done (loaded 2 paths).
Loading workdir6/bestpaths_t40_c533.bin.gz...done (loaded 4 paths).
Saving 16 paths to workdir6/joint_bestpaths.bin.gz...done.
Warning: no OS randomness!
MD5 differential path toolbox
Copyright (C) 2009 Marc Stevens
http://homepages.cwi.nl/~stevens/

Loading workdir6/latest_bestpaths.bin.gz...done (loaded 1 paths).
Loading workdir6/bestpaths_t38_c535.bin.gz...done (loaded 2 paths).
Loading workdir6/bestpaths_t39_c533.bin.gz...done (loaded 4 paths).
Loading workdir6/bestpaths_t39_c534.bin.gz...done (loaded 2 paths).
Loading workdir6/bestpaths_t40_c533.bin.gz...done (loaded 4 paths).
Loading workdir6/bestpaths_t41_c531.bin.gz...done (loaded 1 paths).
Saving 14 paths to workdir6/joint_bestpaths.bin.gz...done.
Warning: no OS randomness!
MD5 differential path toolbox
Copyright (C) 2009 Marc Stevens
http://homepages.cwi.nl/~stevens/

Loading workdir6/latest_bestpaths.bin.gz...done (loaded 1 paths).
Loading workdir6/bestpaths_t38_c535.bin.gz...done (loaded 2 paths).
Loading workdir6/bestpaths_t39_c533.bin.gz...done (loaded 4 paths).
Loading workdir6/bestpaths_t39_c534.bin.gz...done (loaded 2 paths).
Loading workdir6/bestpaths_t40_c533.bin.gz...done (loaded 4 paths).
Loading workdir6/bestpaths_t41_c531.bin.gz...done (loaded 1 paths).
Loading workdir6/bestpaths_t41_c535.bin.gz...done (loaded 2 paths).
Loading workdir6/bestpaths_t42_c529.bin.gz...done (loaded 4 paths).
Loading workdir6/bestpaths_t42_c530.bin.gz...done (loaded 1 paths).
Loading workdir6/bestpaths_t42_c531.bin.gz...done (loaded 2 paths).
Loading workdir6/bestpaths_t43_c530.bin.gz...done (loaded 2 paths).
Loading workdir6/bestpaths_t44_c530.bin.gz...done (loaded 1 paths).
Saving 26 paths to workdir6/joint_bestpaths.bin.gz...done.
Warning: no OS randomness!
MD5 differential path toolbox
Copyright (C) 2009 Marc Stevens
http://homepages.cwi.nl/~stevens/

Loading workdir6/latest_bestpaths.bin.gz...done (loaded 2 paths).
Loading workdir6/bestpaths_t38_c535.bin.gz...done (loaded 2 paths).
Loading workdir6/bestpaths_t39_c533.bin.gz...done (loaded 4 paths).
Loading workdir6/bestpaths_t39_c534.bin.gz...done (loaded 2 paths).
Loading workdir6/bestpaths_t40_c533.bin.gz...done (loaded 4 paths).
Loading workdir6/bestpaths_t41_c531.bin.gz...done (loaded 1 paths).
Loading workdir6/bestpaths_t41_c535.bin.gz...done (loaded 2 paths).
Loading workdir6/bestpaths_t42_c529.bin.gz...done (loaded 4 paths).
Loading workdir6/bestpaths_t42_c530.bin.gz...done (loaded 1 paths).
Loading workdir6/bestpaths_t42_c531.bin.gz...done (loaded 2 paths).
Loading workdir6/bestpaths_t43_c530.bin.gz...done (loaded 2 paths).
Loading workdir6/bestpaths_t44_c526.bin.gz...done (loaded 2 paths).
Loading workdir6/bestpaths_t44_c530.bin.gz...done (loaded 1 paths).
Saving 29 paths to workdir6/joint_bestpaths.bin.gz...done.
Warning: no OS randomness!
MD5 differential path toolbox
Copyright (C) 2009 Marc Stevens
http://homepages.cwi.nl/~stevens/

Loading workdir6/latest_bestpaths.bin.gz...done (loaded 8 paths).
Loading workdir6/bestpaths_t38_c535.bin.gz...done (loaded 2 paths).
Loading workdir6/bestpaths_t39_c533.bin.gz...done (loaded 4 paths).
Loading workdir6/bestpaths_t39_c534.bin.gz...done (loaded 2 paths).
Loading workdir6/bestpaths_t40_c533.bin.gz...done (loaded 4 paths).
Loading workdir6/bestpaths_t41_c531.bin.gz...done (loaded 1 paths).
Loading workdir6/bestpaths_t41_c535.bin.gz...done (loaded 2 paths).
Loading workdir6/bestpaths_t42_c529.bin.gz...done (loaded 4 paths).
Loading workdir6/bestpaths_t42_c530.bin.gz...done (loaded 1 paths).
Loading workdir6/bestpaths_t42_c531.bin.gz...done (loaded 2 paths).
Loading workdir6/bestpaths_t43_c530.bin.gz...done (loaded 2 paths).
Loading workdir6/bestpaths_t44_c526.bin.gz...done (loaded 2 paths).
Loading workdir6/bestpaths_t44_c527.bin.gz...done (loaded 8 paths).
Loading workdir6/bestpaths_t44_c529.bin.gz...done (loaded 4 paths).
Loading workdir6/bestpaths_t44_c530.bin.gz...done (loaded 1 paths).
Saving 47 paths to workdir6/joint_bestpaths.bin.gz...done.
Warning: no OS randomness!
MD5 differential path toolbox
Copyright (C) 2009 Marc Stevens
http://homepages.cwi.nl/~stevens/

Loading workdir6/latest_bestpaths.bin.gz...done (loaded 16 paths).
Loading workdir6/bestpaths_t38_c535.bin.gz...done (loaded 2 paths).
Loading workdir6/bestpaths_t39_c533.bin.gz...done (loaded 4 paths).
Loading workdir6/bestpaths_t39_c534.bin.gz...done (loaded 2 paths).
Loading workdir6/bestpaths_t40_c533.bin.gz...done (loaded 4 paths).
Loading workdir6/bestpaths_t41_c531.bin.gz...done (loaded 1 paths).
Loading workdir6/bestpaths_t41_c535.bin.gz...done (loaded 2 paths).
Loading workdir6/bestpaths_t42_c529.bin.gz...done (loaded 4 paths).
Loading workdir6/bestpaths_t42_c530.bin.gz...done (loaded 1 paths).
Loading workdir6/bestpaths_t42_c531.bin.gz...done (loaded 2 paths).
Loading workdir6/bestpaths_t43_c530.bin.gz...done (loaded 2 paths).
Loading workdir6/bestpaths_t44_c526.bin.gz...done (loaded 2 paths).
Loading workdir6/bestpaths_t44_c527.bin.gz...done (loaded 16 paths).
Loading workdir6/bestpaths_t44_c529.bin.gz...done (loaded 4 paths).
Loading workdir6/bestpaths_t44_c530.bin.gz...done (loaded 1 paths).
Saving 63 paths to workdir6/joint_bestpaths.bin.gz...done.
