Warning: no OS randomness!
MD5 differential path toolbox
Copyright (C) 2009 Marc Stevens
http://homepages.cwi.nl/~stevens/

IHV1   = {306844040,1692730615,1139426760,3853515226}
IHV1   = 88114a12f704e564c845ea43daf9afe5

IHV2   = {306844040,3846505718,3286910407,1706031577}
IHV2   = 88114a12f60445e5c745eac3d9f9af65

dIHV   = {0,2153775103,2147483647,2147483647}
NC0: delta c = delta d = [!0,31!]
NC0: delta b           = [!0,21,-23,31!]
NC0: prob=-9.16158
delta m_11 = [!21!]
Q-3:	|00010010 01001010 00010001 10001000|
Q-2:	|-1100101 10101111 11111001 110110-+|
Q-1:	|+1000011 11101010 01000101 1100-+++|
Q0:	|+110010+ -1-00101 00000100 1111011-| ok p=1
Q1:	|+....... +.-..... .....+.. -......-|
Saved lower diff. path to 'workdir6/lowerpath.bin.gz'.

Q34:	|........ ........ ........ ........|
Q35:	|........ ........ ........ ........|
Q36:	|........ ........ ........ ........|
Q37:	|........ ........ ........ ........| ok p=1
Q38:	|........ ........ ........ ........| ok p=1
Q39:	|........ ........ ........ ........| ok p=1
Q40:	|........ ........ ........ ........| ok p=1
Q41:	|........ ........ ........ ........| ok p=1
Q42:	|........ ........ ........ ........| ok p=1
Q43:	|........ ........ ........ ........| ok p=1
Q44:	|........ ........ ........ ........| ok p=1
Q45:	|........ ........ ........ ........| ok p=1
Q46:	|........ ........ ........ ........| ok p=1
Q47:	|........ ........ ........ ........| ok p=1
Q48:	|........ ........ ........ ........| ok p=1
Q49:	|........ ........ ........ ........| ok p=1
Q50:	|........ ........ ........ ........| ok p=1
Q51:	|........ ........ ........ ........| ok p=1
Q52:	|........ ........ ........ ........| ok p=1
Q53:	|........ ........ ........ ........| ok p=1
Q54:	|........ ........ ........ ........| ok p=1
Q55:	|........ ........ ........ ........| ok p=1
Q56:	|........ ........ ........ ........| ok p=1
Q57:	|........ ........ ........ ........| ok p=1
Q58:	|........ ........ ........ ........| ok p=1
Q59:	|........ ........ ........ ........| ok p=1
Q60:	|0....... ........ ........ .......0| ok p=1
Q61:	|1....... ........ ........ ......10| ok p=0.482422
Q62:	|+....... ........ ........ ......1+| ok p=1
Q63:	|+....... ........ ........ ......+-| ok p=0.999023
Q64:	|+....... -.+..... ........ .......+|
Saved upper diff. path to 'workdir6/upperpath.bin.gz'.
Saved 'md5diffpathforward.cfg'.
Saved 'md5diffpathbackward.cfg'.
Saved 'md5diffpathconnect.cfg'.
Saved 'md5diffpathhelper.cfg'.
