Warning: no OS randomness!
MD5 differential path toolbox
Copyright (C) 2009 Marc Stevens
http://homepages.cwi.nl/~stevens/

delta_m[2] = [!8!]
Q-3:	|01100111 01000101 00100011 00000001|
Q-2:	|00010000 00110010 01010100 01110110|
Q-1:	|10011000 10111010 11011100 11111110|
Q0:	|11101111 11001101 10101011 10001001| ok p=1
Q1:	|11010111 11011001 00011111 00100111| ok p=1
Q2:	|.....11. ........ ........ ........| ok p=1
Q3:	|.....+-. ........ ........ ........| ok p=1
Q4:	|....^+-. ........ ........ ..0.....| ok p=1
Q5:	|....+--. ........ ........ .^0.....| ok p=1
Q6:	|....0+-. ........ ....!... .+-.....| ok p=1
Q7:	|....+--. ........ ........ .0+...1.| ok p=1
Q8:	|....11+. ........ ........ .1+..11.| ok p=1
Q9:	|....10+. .....^.. ....0... ..+..0+.| ok p=1
Q10:	|...101+. ^0110+00 ...01.0. ..100+-.| ok p=1
Q11:	|.0.001+. +0000011 00.1+^1^ ^^0101+.| ok p=1
Q12:	|00.++-1^ 0------- 11^+0--- ------0.| ok p=1
Q13:	|0+1--++- -----1+- ---01000 010-+++.| ok p=1
Q14:	|-0010110 0....+0. 1110.000 011.11-.| ok p=1
Q15:	|10-1000+ 01111010 110..... ...01++.| ok p=0.879883
Q16:	|1.-....- .....-.. ........ ......0.| ok p=0.741211
Q17:	|-.0....0 ......0. ...0.... .....^+.| ok p=0.998047
Q18:	|-.1....1 .....^1. ...1.... .0......| ok p=0.755859
Q19:	|+....... ......+. ...+.... .1....^.| ok p=0.87207
Q20:	|+....... ........ ........ .-......| ok p=1
Q21:	|+....0.. ......^. ...^.... ........| ok p=1
Q22:	|+....1.. ........ ........ .^......| ok p=0.556641
Q23:	|1....+.. ........ ........ ........| ok p=1
Q24:	|0....... ........ .......0 ........| ok p=1
Q25:	|.....^.. ........ .......1 ........| ok p=0.483398
Q26:	|........ ........ .......- ........| ok p=0.987305
Q27:	|........ ........ ........ ........| ok p=1
Q28:	|........ ........ .......^ ........| ok p=1
Q29:	|........ ........ ........ ........| ok p=1
Q30:	|........ ........ ........ ........| ok p=1
Q31:	|........ ........ ........ ........| ok p=1
Q32:	|........ ........ ........ ........| ok p=1
Q33:	|........ ........ ........ ........| ok p=1
Q34:	|........ ........ ........ ........| ok p=1
Q35:	|........ ........ ........ ........| ok p=1
Q36:	|........ ........ ........ ........| ok p=1
Q37:	|........ ........ ........ ........| ok p=1
Q38:	|........ ........ ........ ........| ok p=1
Q39:	|........ ........ ........ ........| ok p=1
Q40:	|........ ........ ........ ........| ok p=1
Q41:	|........ ........ ........ ........| ok p=1
Q42:	|........ ........ ........ ........| ok p=1
Q43:	|........ ........ ........ ........| ok p=1
Q44:	|........ ........ ........ ........| ok p=1
Q45:	|........ ........ ........ ........| ok p=1
Q46:	|0....... ........ ........ ........| ok p=1
Q47:	|1....... ........ ........ ........| ok p=0.503906
Q48:	|+....... ........ ........ ........| ok p=1
Q49:	|-....... ........ ........ ........| ok p=1
Q50:	|-....... ........ ........ ........| ok p=1
Q51:	|-....... ........ ........ ........| ok p=1
Q52:	|-....... ........ ........ ........| ok p=1
Q53:	|-....... ........ ........ ........| ok p=1
Q54:	|-....... ........ ........ ........| ok p=1
Q55:	|-....... ........ ........ ........| ok p=1
Q56:	|-....... ........ ........ ........| ok p=1
Q57:	|-....... ........ ........ ........| ok p=1
Q58:	|-....... ........ ........ ........| ok p=1
Q59:	|-....... ........ ........ ........| ok p=1
Q60:	|-....... ........ ........ ........| ok p=1
Q61:	|-....... 0....... ........ ........| ok p=1
Q62:	|-....... ........ ........ ........| ok p=0.995117
Q63:	|-....... +....... ........ ........| ok p=1
Q64:	|+....... +....... ........ ........|
Starting...
20: Q5m5tunnel      = 0
20: Q4m5tunnel      = 0
20: Q14m6Q3m5tunnel = 4
21: Q10m10tunnel    = 3
21: Q9m10tunnel     = 4
22: Q8Q12m15tunnel  = 2
23: Q4m4tunnel      = 23
24: Q9m9tunnel      = 10
25: Q14Q3m14tunnel  = 4
.20: Q5m5tunnel      = 0
20: Q4m5tunnel      = 0
20: Q14m6Q3m5tunnel = 4
21: Q10m10tunnel    = 3
21: Q9m10tunnel     = 4
22: Q8Q12m15tunnel  = 2
23: Q4m4tunnel      = 23
24: Q9m9tunnel      = 10
25: Q14Q3m14tunnel  = 4
.1 0
2 0
4 0
8 0
16 0
32 0
64 0
128 0
256 0
512 0
1024 0
2048 0
4096 0
8192 0
20: Q5m5tunnel      = 0
20: Q4m5tunnel      = 0
20: Q14m6Q3m5tunnel = 4
21: Q10m10tunnel    = 3
21: Q9m10tunnel     = 4
22: Q8Q12m15tunnel  = 2
23: Q4m4tunnel      = 23
24: Q9m9tunnel      = 10
25: Q14Q3m14tunnel  = 4
.16384 0
21413 1
20: Q5m5tunnel      = 0
20: Q4m5tunnel      = 0
20: Q14m6Q3m5tunnel = 4
21: Q10m10tunnel    = 3
21: Q9m10tunnel     = 4
22: Q8Q12m15tunnel  = 2
23: Q4m4tunnel      = 23
24: Q9m9tunnel      = 10
25: Q14Q3m14tunnel  = 4
.32768 1
36156 2
20: Q5m5tunnel      = 0
20: Q4m5tunnel      = 0
20: Q14m6Q3m5tunnel = 4
21: Q10m10tunnel    = 3
21: Q9m10tunnel     = 4
22: Q8Q12m15tunnel  = 2
23: Q4m4tunnel      = 23
24: Q9m9tunnel      = 10
25: Q14Q3m14tunnel  = 4
.20: Q5m5tunnel      = 0
20: Q4m5tunnel      = 0
20: Q14m6Q3m5tunnel = 4
21: Q10m10tunnel    = 3
21: Q9m10tunnel     = 4
22: Q8Q12m15tunnel  = 2
23: Q4m4tunnel      = 23
24: Q9m9tunnel      = 10
25: Q14Q3m14tunnel  = 4
.20: Q5m5tunnel      = 0
20: Q4m5tunnel      = 0
20: Q14m6Q3m5tunnel = 4
21: Q10m10tunnel    = 3
21: Q9m10tunnel     = 4
22: Q8Q12m15tunnel  = 2
23: Q4m4tunnel      = 23
24: Q9m9tunnel      = 10
25: Q14Q3m14tunnel  = 4
.65536 3
20: Q5m5tunnel      = 0
20: Q4m5tunnel      = 0
20: Q14m6Q3m5tunnel = 4
21: Q10m10tunnel    = 3
21: Q9m10tunnel     = 4
22: Q8Q12m15tunnel  = 2
23: Q4m4tunnel      = 23
24: Q9m9tunnel      = 10
25: Q14Q3m14tunnel  = 4
.20: Q5m5tunnel      = 0
20: Q4m5tunnel      = 0
20: Q14m6Q3m5tunnel = 4
21: Q10m10tunnel    = 3
21: Q9m10tunnel     = 4
22: Q8Q12m15tunnel  = 2
23: Q4m4tunnel      = 23
24: Q9m9tunnel      = 10
25: Q14Q3m14tunnel  = 4
.76440 4
20: Q5m5tunnel      = 0
20: Q4m5tunnel      = 0
20: Q14m6Q3m5tunnel = 4
21: Q10m10tunnel    = 3
21: Q9m10tunnel     = 4
22: Q8Q12m15tunnel  = 2
23: Q4m4tunnel      = 23
24: Q9m9tunnel      = 10
25: Q14Q3m14tunnel  = 4
.20: Q5m5tunnel      = 0
20: Q4m5tunnel      = 0
20: Q14m6Q3m5tunnel = 4
21: Q10m10tunnel    = 3
21: Q9m10tunnel     = 4
22: Q8Q12m15tunnel  = 2
23: Q4m4tunnel      = 23
24: Q9m9tunnel      = 10
25: Q14Q3m14tunnel  = 4
.20: Q5m5tunnel      = 0
20: Q4m5tunnel      = 0
20: Q14m6Q3m5tunnel = 4
21: Q10m10tunnel    = 3
21: Q9m10tunnel     = 4
22: Q8Q12m15tunnel  = 2
23: Q4m4tunnel      = 23
24: Q9m9tunnel      = 10
25: Q14Q3m14tunnel  = 4
.Block 1: ./data/coll1_4077475447
70 72 65 66 b7 25 f3 63 cb 8c d6 24 a5 a8 b2 d9 
50 b0 8c 0d e8 f2 65 14 1e 76 ec e7 f4 c4 c3 5c 
58 d5 b4 ee b4 2c 18 ef 05 b3 5a 84 b4 2d 77 df 
07 e4 8c bc e4 6d ac 0a e1 29 70 73 ae 28 4f 05 
Block 2: ./data/coll2_4077475447
70 72 65 66 b7 25 f3 63 cb 8d d6 24 a5 a8 b2 d9 
50 b0 8c 0d e8 f2 65 14 1e 76 ec e7 f4 c4 c3 5c 
58 d5 b4 ee b4 2c 18 ef 05 b3 5a 84 b4 2d 77 df 
07 e4 8c bc e4 6d ac 0a e1 29 70 73 ae 28 4f 05 
Found collision!
