Warning: no OS randomness!
Connect MD5 differential paths
Copyright (C) 2009 Marc Stevens
http://homepages.cwi.nl/~stevens/

delta_m[2] = [!8!]
Loading upper_1_640000/paths16_0of1.bin.gz...Loading data/paths11_0of1.bin.gz...done: 160000. (0.416989s)
done: 640000. (5.03977s)
t=12: 0%   10   20   30   40   50   60   70   80   90   100%
      |----|----|----|----|----|----|----|----|----|----|
      *********Q-3:	|01100111 01000101 00100011 00000001|
Q-2:	|00010000 00110010 01010100 01110110|
Q-1:	|10011000 10111010 11011100 11111110|
Q0:	|11101111 11001101 10101011 10001001| ok p=1
Q1:	|11010111 11011001 00011111 00100111| ok p=1
Q2:	|.....11. ........ ........ ........| ok p=1
Q3:	|.....+-. ........ ........ ........| ok p=1
Q4:	|....^+-. ........ ........ ..0.....| ok p=1
Q5:	|....+--. ........ ........ .^0.....| ok p=1
Q6:	|....0+-. ........ ....!... .+-.....| ok p=1
Q7:	|....+--. ........ ........ .0+...1.| ok p=1
Q8:	|....11+. ........ ........ .1+..11.| ok p=1
Q9:	|....10+. 0....^.. ....0... ..+..0+.| ok p=1
Q10:	|...101+. 0.010+00 ....111. .0010+-.| ok p=1
Q11:	|...001+. +.100011 00.^+00^ ^00001+.| ok p=1
Q12:	|1^1++-1^ -^+----- 11^+1--- ------0.| ok p=1
Q13:	|1+1--++- -----1+- ---01000 0-+++++1| ok p=1
Q14:	|+0010110 .00..+0. 1110.000 0.1111-.| ok p=1
Q15:	|10-1000+ 01111010 110..... .0001++.| ok p=0.893555
Q16:	|1.-....- .....-.. ........ ......0.| ok p=0.712891
Q17:	|-.0....0 ......0. ...0.... .....^+.| ok p=0.998047
Q18:	|-.1....1 .....^1. ...1.... .0......| ok p=0.744141
Q19:	|+....... ......+. ...+.... .1....^.| ok p=0.868164
Q20:	|+....... ........ ........ .-......| ok p=1
Q21:	|+....0.. ......^. ...^.... ........| ok p=1
Q22:	|+....1.. ........ ........ .^......| ok p=0.494141
Q23:	|1....+.. ........ ........ ........| ok p=1
Q24:	|0....... ........ .......0 ........| ok p=1
Q25:	|.....^.. ........ .......1 ........| ok p=0.481445
Q26:	|........ ........ .......- ........| ok p=0.978516
Q27:	|........ ........ ........ ........| ok p=1
Q28:	|........ ........ .......^ ........| ok p=1
Q29:	|........ ........ ........ ........| ok p=1
Q30:	|........ ........ ........ ........| ok p=1
Q31:	|........ ........ ........ ........| ok p=1
Q32:	|........ ........ ........ ........| ok p=1
Q33:	|........ ........ ........ ........| ok p=1
Q34:	|........ ........ ........ ........| ok p=1
Q35:	|........ ........ ........ ........| ok p=1
Q36:	|........ ........ ........ ........| ok p=1
Q37:	|........ ........ ........ ........| ok p=1
Q38:	|........ ........ ........ ........| ok p=1
Q39:	|........ ........ ........ ........| ok p=1
Q40:	|........ ........ ........ ........| ok p=1
Q41:	|........ ........ ........ ........| ok p=1
Q42:	|........ ........ ........ ........| ok p=1
Q43:	|........ ........ ........ ........| ok p=1
Q44:	|........ ........ ........ ........| ok p=1
Q45:	|........ ........ ........ ........| ok p=1
Q46:	|0....... ........ ........ ........| ok p=1
Q47:	|1....... ........ ........ ........| ok p=0.517578
Q48:	|+....... ........ ........ ........| ok p=1
Q49:	|-....... ........ ........ ........| ok p=1
Q50:	|-....... ........ ........ ........| ok p=1
Q51:	|-....... ........ ........ ........| ok p=1
Q52:	|-....... ........ ........ ........| ok p=1
Q53:	|-....... ........ ........ ........| ok p=1
Q54:	|-....... ........ ........ ........| ok p=1
Q55:	|-....... ........ ........ ........| ok p=1
Q56:	|-....... ........ ........ ........| ok p=1
Q57:	|-....... ........ ........ ........| ok p=1
Q58:	|-....... ........ ........ ........| ok p=1
Q59:	|-....... ........ ........ ........| ok p=1
Q60:	|-....... ........ ........ ........| ok p=1
Q61:	|-....... 0....... ........ ........| ok p=1
Q62:	|-....... ........ ........ ........| ok p=0.99707
Q63:	|-....... +....... ........ ........| ok p=1
Q64:	|+....... +....... ........ ........|
Best path: totcompl=-3 tottunnel=46, totcond=422, p=0.0476322
Q-3:	|01100111 01000101 00100011 00000001|
Q-2:	|00010000 00110010 01010100 01110110|
Q-1:	|10011000 10111010 11011100 11111110|
Q0:	|11101111 11001101 10101011 10001001| ok p=1
Q1:	|11010111 11011001 00011111 00100111| ok p=1
Q2:	|.....11. ........ ........ ........| ok p=1
Q3:	|.....+-. ........ ........ ........| ok p=1
Q4:	|....^+-. ........ ........ ..0.....| ok p=1
Q5:	|....+--. ........ ........ .^0.....| ok p=1
Q6:	|....0+-. ........ .....!.. .+-.....| ok p=1
Q7:	|....+--. ........ ........ .0+...1.| ok p=1
Q8:	|....11+. ........ ........ .1+..11.| ok p=1
Q9:	|....10+. 0....^.. ....0... ..+..0+.| ok p=1
Q10:	|...101+. 0.010+00 ....111. ..100+-.| ok p=1
Q11:	|...001+. +.100011 00.^+00^ ^^0101+.| ok p=1
Q12:	|1^1++-1^ -^+----- 11^+1--- ------0.| ok p=1
Q13:	|1+1--++- -----1+- ---01000 010-+++.| ok p=1
Q14:	|+0010110 .00..+0. 1110.000 011.11-.| ok p=1
Q15:	|10-1000+ 01111010 110..... ...01++.| ok p=0.868164
Q16:	|1.-....- .....-.. ........ ......0.| ok p=0.697266
Q17:	|-.0....0 ......0. ...0.... .....^+.| ok p=0.998047
Q18:	|-.1....1 .....^1. ...1.... .0......| ok p=0.733398
Q19:	|+....... ......+. ...+.... .1....^.| ok p=0.878906
Q20:	|+....... ........ ........ .-......| ok p=1
Q21:	|+....0.. ......^. ...^.... ........| ok p=1
Q22:	|+....1.. ........ ........ .^......| ok p=0.474609
Q23:	|1....+.. ........ ........ ........| ok p=1
Q24:	|0....... ........ .......0 ........| ok p=1
Q25:	|.....^.. ........ .......1 ........| ok p=0.488281
Q26:	|........ ........ .......- ........| ok p=0.981445
Q27:	|........ ........ ........ ........| ok p=1
Q28:	|........ ........ .......^ ........| ok p=1
Q29:	|........ ........ ........ ........| ok p=1
Q30:	|........ ........ ........ ........| ok p=1
Q31:	|........ ........ ........ ........| ok p=1
Q32:	|........ ........ ........ ........| ok p=1
Q33:	|........ ........ ........ ........| ok p=1
Q34:	|........ ........ ........ ........| ok p=1
Q35:	|........ ........ ........ ........| ok p=1
Q36:	|........ ........ ........ ........| ok p=1
Q37:	|........ ........ ........ ........| ok p=1
Q38:	|........ ........ ........ ........| ok p=1
Q39:	|........ ........ ........ ........| ok p=1
Q40:	|........ ........ ........ ........| ok p=1
Q41:	|........ ........ ........ ........| ok p=1
Q42:	|........ ........ ........ ........| ok p=1
Q43:	|........ ........ ........ ........| ok p=1
Q44:	|........ ........ ........ ........| ok p=1
Q45:	|........ ........ ........ ........| ok p=1
Q46:	|0....... ........ ........ ........| ok p=1
Q47:	|1....... ........ ........ ........| ok p=0.487305
Q48:	|+....... ........ ........ ........| ok p=1
Q49:	|-....... ........ ........ ........| ok p=1
Q50:	|-....... ........ ........ ........| ok p=1
Q51:	|-....... ........ ........ ........| ok p=1
Q52:	|-....... ........ ........ ........| ok p=1
Q53:	|-....... ........ ........ ........| ok p=1
Q54:	|-....... ........ ........ ........| ok p=1
Q55:	|-....... ........ ........ ........| ok p=1
Q56:	|-....... ........ ........ ........| ok p=1
Q57:	|-....... ........ ........ ........| ok p=1
Q58:	|-....... ........ ........ ........| ok p=1
Q59:	|-....... ........ ........ ........| ok p=1
Q60:	|-....... ........ ........ ........| ok p=1
Q61:	|-....... 0....... ........ ........| ok p=1
Q62:	|-....... ........ ........ ........| ok p=0.999023
Q63:	|-....... +....... ........ ........| ok p=1
Q64:	|+....... +....... ........ ........|
Best path: totcompl=-2 tottunnel=47, totcond=418, p=0.0479354
Q-3:	|01100111 01000101 00100011 00000001|
Q-2:	|00010000 00110010 01010100 01110110|
Q-1:	|10011000 10111010 11011100 11111110|
Q0:	|11101111 11001101 10101011 10001001| ok p=1
Q1:	|11010111 11011001 00011111 00100111| ok p=1
Q2:	|.....11. ........ ........ ........| ok p=1
Q3:	|.....+-. ........ ........ ........| ok p=1
Q4:	|....^+-. ........ ........ ..0.....| ok p=1
Q5:	|....+--. ........ ........ .^0.....| ok p=1
Q6:	|....0+-. ........ .....!.. .+-.....| ok p=1
Q7:	|....+--. ........ ........ .0+...1.| ok p=1
Q8:	|....11+. ........ ........ .1+..11.| ok p=1
Q9:	|....10+. 0....^.. ....0... ..+..0+.| ok p=1
Q10:	|...101+. 0.010+00 ...01.0. ..100+-.| ok p=1
Q11:	|...001+. +.100011 00.1+^1^ ^^0101+.| ok p=1
Q12:	|1^1++-1^ -^+----- 11^+0--- ------0.| ok p=1
Q13:	|1+1--++- -----1+- ---01000 010-+++.| ok p=1
Q14:	|+0010110 .00..+0. 1110.000 011.11-.| ok p=1
Q15:	|10-1000+ 01111010 110..... ...01++.| ok p=0.901367
Q16:	|1.-....- .....-.. ........ ......0.| ok p=0.706055
Q17:	|-.0....0 ......0. ...0.... .....^+.| ok p=0.995117
Q18:	|-.1....1 .....^1. ...1.... .0......| ok p=0.728516
Q19:	|+....... ......+. ...+.... .1....^.| ok p=0.871094
Q20:	|+....... ........ ........ .-......| ok p=1
Q21:	|+....0.. ......^. ...^.... ........| ok p=1
Q22:	|+....1.. ........ ........ .^......| ok p=0.501953
Q23:	|1....+.. ........ ........ ........| ok p=1
Q24:	|0....... ........ .......0 ........| ok p=1
Q25:	|.....^.. ........ .......1 ........| ok p=0.484375
Q26:	|........ ........ .......- ........| ok p=0.984375
Q27:	|........ ........ ........ ........| ok p=1
Q28:	|........ ........ .......^ ........| ok p=1
Q29:	|........ ........ ........ ........| ok p=1
Q30:	|........ ........ ........ ........| ok p=1
Q31:	|........ ........ ........ ........| ok p=1
Q32:	|........ ........ ........ ........| ok p=1
Q33:	|........ ........ ........ ........| ok p=1
Q34:	|........ ........ ........ ........| ok p=1
Q35:	|........ ........ ........ ........| ok p=1
Q36:	|........ ........ ........ ........| ok p=1
Q37:	|........ ........ ........ ........| ok p=1
Q38:	|........ ........ ........ ........| ok p=1
Q39:	|........ ........ ........ ........| ok p=1
Q40:	|........ ........ ........ ........| ok p=1
Q41:	|........ ........ ........ ........| ok p=1
Q42:	|........ ........ ........ ........| ok p=1
Q43:	|........ ........ ........ ........| ok p=1
Q44:	|........ ........ ........ ........| ok p=1
Q45:	|........ ........ ........ ........| ok p=1
Q46:	|0....... ........ ........ ........| ok p=1
Q47:	|1....... ........ ........ ........| ok p=0.504883
Q48:	|+....... ........ ........ ........| ok p=1
Q49:	|-....... ........ ........ ........| ok p=1
Q50:	|-....... ........ ........ ........| ok p=1
Q51:	|-....... ........ ........ ........| ok p=1
Q52:	|-....... ........ ........ ........| ok p=1
Q53:	|-....... ........ ........ ........| ok p=1
Q54:	|-....... ........ ........ ........| ok p=1
Q55:	|-....... ........ ........ ........| ok p=1
Q56:	|-....... ........ ........ ........| ok p=1
Q57:	|-....... ........ ........ ........| ok p=1
Q58:	|-....... ........ ........ ........| ok p=1
Q59:	|-....... ........ ........ ........| ok p=1
Q60:	|-....... ........ ........ ........| ok p=1
Q61:	|-....... 0....... ........ ........| ok p=1
Q62:	|-....... ........ ........ ........| ok p=0.992188
Q63:	|-....... +....... ........ ........| ok p=1
Q64:	|+....... +....... ........ ........|
Best path: totcompl=0 tottunnel=49, totcond=418, p=0.050745
Best paths: 2
Best paths: 4
Best paths: 8
Q-3:	|01100111 01000101 00100011 00000001|
Q-2:	|00010000 00110010 01010100 01110110|
Q-1:	|10011000 10111010 11011100 11111110|
Q0:	|11101111 11001101 10101011 10001001| ok p=1
Q1:	|11010111 11011001 00011111 00100111| ok p=1
Q2:	|.....11. ........ ........ ........| ok p=1
Q3:	|.....+-. ........ ........ ........| ok p=1
Q4:	|....^+-. ........ ........ ..0.....| ok p=1
Q5:	|....+--. ........ ........ .^0.....| ok p=1
Q6:	|....0+-. ........ ....!... .+-.....| ok p=1
Q7:	|....+--. ........ ........ .0+...1.| ok p=1
Q8:	|....11+. ........ ........ .1+..11.| ok p=1
Q9:	|....10+. .....^.. ....0... ..+..0+.| ok p=1
Q10:	|...101+. ^0110+00 ...01.0. ..100+-.| ok p=1
Q11:	|.0.001+. +0000011 00.1+^1^ ^^0101+.| ok p=1
Q12:	|00.++-1^ 0------- 11^+0--- ------0.| ok p=1
Q13:	|0+1--++- -----1+- ---01000 010-+++.| ok p=1
Q14:	|-0010110 0....+0. 1110.000 011.11-.| ok p=1
Q15:	|10-1000+ 01111010 110..... ...01++.| ok p=0.865234
Q16:	|1.-....- .....-.. ........ ......0.| ok p=0.699219
Q17:	|-.0....0 ......0. ...0.... .....^+.| ok p=0.999023
Q18:	|-.1....1 .....^1. ...1.... .0......| ok p=0.744141
Q19:	|+....... ......+. ...+.... .1....^.| ok p=0.856445
Q20:	|+....... ........ ........ .-......| ok p=1
Q21:	|+....0.. ......^. ...^.... ........| ok p=1
Q22:	|+....1.. ........ ........ .^......| ok p=0.485352
Q23:	|1....+.. ........ ........ ........| ok p=1
Q24:	|0....... ........ .......0 ........| ok p=1
Q25:	|.....^.. ........ .......1 ........| ok p=0.495117
Q26:	|........ ........ .......- ........| ok p=0.984375
Q27:	|........ ........ ........ ........| ok p=1
Q28:	|........ ........ .......^ ........| ok p=1
Q29:	|........ ........ ........ ........| ok p=1
Q30:	|........ ........ ........ ........| ok p=1
Q31:	|........ ........ ........ ........| ok p=1
Q32:	|........ ........ ........ ........| ok p=1
Q33:	|........ ........ ........ ........| ok p=1
Q34:	|........ ........ ........ ........| ok p=1
Q35:	|........ ........ ........ ........| ok p=1
Q36:	|........ ........ ........ ........| ok p=1
Q37:	|........ ........ ........ ........| ok p=1
Q38:	|........ ........ ........ ........| ok p=1
Q39:	|........ ........ ........ ........| ok p=1
Q40:	|........ ........ ........ ........| ok p=1
Q41:	|........ ........ ........ ........| ok p=1
Q42:	|........ ........ ........ ........| ok p=1
Q43:	|........ ........ ........ ........| ok p=1
Q44:	|........ ........ ........ ........| ok p=1
Q45:	|........ ........ ........ ........| ok p=1
Q46:	|0....... ........ ........ ........| ok p=1
Q47:	|1....... ........ ........ ........| ok p=0.514648
Q48:	|+....... ........ ........ ........| ok p=1
Q49:	|-....... ........ ........ ........| ok p=1
Q50:	|-....... ........ ........ ........| ok p=1
Q51:	|-....... ........ ........ ........| ok p=1
Q52:	|-....... ........ ........ ........| ok p=1
Q53:	|-....... ........ ........ ........| ok p=1
Q54:	|-....... ........ ........ ........| ok p=1
Q55:	|-....... ........ ........ ........| ok p=1
Q56:	|-....... ........ ........ ........| ok p=1
Q57:	|-....... ........ ........ ........| ok p=1
Q58:	|-....... ........ ........ ........| ok p=1
Q59:	|-....... ........ ........ ........| ok p=1
Q60:	|-....... ........ ........ ........| ok p=1
Q61:	|-....... 0....... ........ ........| ok p=1
Q62:	|-....... ........ ........ ........| ok p=0.995117
Q63:	|-....... +....... ........ ........| ok p=1
Q64:	|+....... +....... ........ ........|
Best path: totcompl=1 tottunnel=50, totcond=418, p=0.0442634
Best paths: 2
Best paths: 4
Best paths: 8
**Best paths: 16
****