Warning: no OS randomness!
Connect MD5 differential paths
Copyright (C) 2009 Marc Stevens
http://homepages.cwi.nl/~stevens/

delta_m[2] = [!8!]
Loading upper_1_640000/paths16_0of1.bin.gz...Loading data/paths11_0of1.bin.gz...done: 160000. (0.42387s)
done: 640000. (5.10397s)
t=12: 0%   10   20   30   40   50   60   70   80   90   100%
      |----|----|----|----|----|----|----|----|----|----|
      *Q-3:	|-1010011 10111001 01111100 01000011|
Q-2:	|+1000110 00011111 00110000 10110111|
Q-1:	|+0000111 -1001100 10000010 10000010|
Q0:	|+1101101 -0111100 10000001 00110001| ok p=0.625977
Q1:	|.+...... -....... .....00. ....0...| ok p=1
Q2:	|0+.....^ -..0.... .1...+1. ....-...| ok p=1
Q3:	|1+0....+ +..0.... 00...+-. ....-...| ok p=1
Q4:	|-+1....0 -.!-.... 0-....+. ....-...| ok p=1
Q5:	|+0.....0 -..+.... ++...0-. ....-...| ok p=1
Q6:	|+1...^.. ...+...1 -+..!.-. ........| ok p=1
Q7:	|+0...+.. 0.1-...0 +-...... ....0...| ok p=1
Q8:	|+1...0.. ..01...0 01...^1. ........| ok p=1
Q9:	|0+..11.. ..00...- 11..0-.. ..1.....| ok p=1
Q10:	|0+100-11 10-.111- 01001011 011.011^| ok p=1
Q11:	|1-000-00 01-.000- 11000001 10-.100-| ok p=1
Q12:	|+0+++0++ ++0^+++0 +++++1-+ ++-^-++1| ok p=1
Q13:	|0+----11 1+--0-0- ----+--- ----0--0| ok p=1
Q14:	|00111111 1+110010 011111.1 11.1011.| ok p=1
Q15:	|00+100.0 ..10.1+1 00101000 0101-1-.| ok p=0.939453
Q16:	|1.+....- .^....-. ........ ......-.| ok p=0.338867
Q17:	|-.0..... ......1. ...0.... ....^.+.| ok p=0.75
Q18:	|1.1....^ ......1. ...1.... .0....0.| ok p=0.263672
Q19:	|-....... ......-. ...+.... .1....1.| ok p=0.887695
Q20:	|+....... ........ ........ .-......| ok p=1
Q21:	|-....0.. ......^. ...^.... ........| ok p=1
Q22:	|-....1.. ........ ........ .^......| ok p=0.540039
Q23:	|1....+.. ........ ........ ........| ok p=1
Q24:	|0....... ........ .......0 ........| ok p=1
Q25:	|.....^.. ........ .......1 ........| ok p=0.473633
Q26:	|........ ........ .......- ........| ok p=0.988281
Q27:	|........ ........ ........ ........| ok p=1
Q28:	|........ ........ .......^ ........| ok p=1
Q29:	|........ ........ ........ ........| ok p=1
Q30:	|........ ........ ........ ........| ok p=1
Q31:	|........ ........ ........ ........| ok p=1
Q32:	|........ ........ ........ ........| ok p=1
Q33:	|........ ........ ........ ........| ok p=1
Q34:	|........ ........ ........ ........| ok p=1
Q35:	|........ ........ ........ ........| ok p=1
Q36:	|........ ........ ........ ........| ok p=1
Q37:	|........ ........ ........ ........| ok p=1
Q38:	|........ ........ ........ ........| ok p=1
Q39:	|........ ........ ........ ........| ok p=1
Q40:	|........ ........ ........ ........| ok p=1
Q41:	|........ ........ ........ ........| ok p=1
Q42:	|........ ........ ........ ........| ok p=1
Q43:	|........ ........ ........ ........| ok p=1
Q44:	|........ ........ ........ ........| ok p=1
Q45:	|........ ........ ........ ........| ok p=1
Q46:	|0....... ........ ........ ........| ok p=1
Q47:	|1....... ........ ........ ........| ok p=0.485352
Q48:	|+....... ........ ........ ........| ok p=1
Q49:	|+....... ........ ........ ........| ok p=1
Q50:	|-....... ........ ........ ........| ok p=1
Q51:	|+....... ........ ........ ........| ok p=1
Q52:	|-....... ........ ........ ........| ok p=1
Q53:	|+....... ........ ........ ........| ok p=1
Q54:	|-....... ........ ........ ........| ok p=1
Q55:	|+....... ........ ........ ........| ok p=1
Q56:	|-....... ........ ........ ........| ok p=1
Q57:	|+....... ........ ........ ........| ok p=1
Q58:	|-....... ........ ........ ........| ok p=1
Q59:	|+....... ........ ........ ........| ok p=1
Q60:	|-....... ........ ........ ........| ok p=1
Q61:	|+....... 0....... ........ ........| ok p=1
Q62:	|-....... ........ ........ ........| ok p=1
Q63:	|+....... +....... ........ ........| ok p=1
Q64:	|+....... +....... ........ ........|
Best path: totcompl=-13 tottunnel=36, totcond=458, p=0.00493806
Best paths: 2
Q-3:	|-1010011 10111001 01111100 01000011|
Q-2:	|+1000110 00011111 00110000 10110111|
Q-1:	|+0000111 -1001100 10000010 10000010|
Q0:	|+1101101 -0111100 10000001 00110001| ok p=0.619141
Q1:	|.+...... -....... .....00. ....0...| ok p=1
Q2:	|0+.....^ -..0.... .1...+1. ....-...| ok p=1
Q3:	|1+0....+ +..0.... 00...+-. ....-...| ok p=1
Q4:	|-+1....0 -.!-.... 0-....+. ....-...| ok p=1
Q5:	|+......0 -..+.... ++...0-. ....-...| ok p=1
Q6:	|+1.!.^.. ...+...1 -+..!.-. ........| ok p=1
Q7:	|+0...+.. 0.1-...0 +-...... ....0...| ok p=1
Q8:	|-1...0.. ..01...0 01...^1. ........| ok p=1
Q9:	|1+...1.. ..00...- 11..0-.. ..1.....| ok p=1
Q10:	|0+100-11 10-.111- 01001011 011.011^| ok p=1
Q11:	|1-000-00 01-.000- 11000001 10-.100-| ok p=1
Q12:	|+0+++0++ ++0^+++0 +++++1-+ ++-^-++1| ok p=1
Q13:	|0+----11 1+--0-0- ----+--- ----0--0| ok p=1
Q14:	|00111111 1+101110 0111.101 11.1011.| ok p=1
Q15:	|00+100.0 ..10.1+1 00101000 0101-1-.| ok p=0.94043
Q16:	|1.+....- .^....-. ........ ......-.| ok p=0.382812
Q17:	|-.0..... ......1. ...0.... ....^.+.| ok p=0.737305
Q18:	|1.1....^ ......1. ...1.... .0....0.| ok p=0.272461
Q19:	|-....... ......-. ...+.... .1....1.| ok p=0.895508
Q20:	|+....... ........ ........ .-......| ok p=1
Q21:	|-....0.. ......^. ...^.... ........| ok p=1
Q22:	|-....1.. ........ ........ .^......| ok p=0.49707
Q23:	|1....+.. ........ ........ ........| ok p=1
Q24:	|0....... ........ .......0 ........| ok p=1
Q25:	|.....^.. ........ .......1 ........| ok p=0.491211
Q26:	|........ ........ .......- ........| ok p=0.988281
Q27:	|........ ........ ........ ........| ok p=1
Q28:	|........ ........ .......^ ........| ok p=1
Q29:	|........ ........ ........ ........| ok p=1
Q30:	|........ ........ ........ ........| ok p=1
Q31:	|........ ........ ........ ........| ok p=1
Q32:	|........ ........ ........ ........| ok p=1
Q33:	|........ ........ ........ ........| ok p=1
Q34:	|........ ........ ........ ........| ok p=1
Q35:	|........ ........ ........ ........| ok p=1
Q36:	|........ ........ ........ ........| ok p=1
Q37:	|........ ........ ........ ........| ok p=1
Q38:	|........ ........ ........ ........| ok p=1
Q39:	|........ ........ ........ ........| ok p=1
Q40:	|........ ........ ........ ........| ok p=1
Q41:	|........ ........ ........ ........| ok p=1
Q42:	|........ ........ ........ ........| ok p=1
Q43:	|........ ........ ........ ........| ok p=1
Q44:	|........ ........ ........ ........| ok p=1
Q45:	|........ ........ ........ ........| ok p=1
Q46:	|0....... ........ ........ ........| ok p=1
Q47:	|1....... ........ ........ ........| ok p=0.492188
Q48:	|+....... ........ ........ ........| ok p=1
Q49:	|+....... ........ ........ ........| ok p=1
Q50:	|-....... ........ ........ ........| ok p=1
Q51:	|+....... ........ ........ ........| ok p=1
Q52:	|-....... ........ ........ ........| ok p=1
Q53:	|+....... ........ ........ ........| ok p=1
Q54:	|-....... ........ ........ ........| ok p=1
Q55:	|+....... ........ ........ ........| ok p=1
Q56:	|-....... ........ ........ ........| ok p=1
Q57:	|+....... ........ ........ ........| ok p=1
Q58:	|-....... ........ ........ ........| ok p=1
Q59:	|+....... ........ ........ ........| ok p=1
Q60:	|-....... ........ ........ ........| ok p=1
Q61:	|+....... 0....... ........ ........| ok p=1
Q62:	|-....... ........ ........ ........| ok p=1
Q63:	|+....... +....... ........ ........| ok p=1
Q64:	|+....... +....... ........ ........|
Best path: totcompl=-12 tottunnel=37, totcond=457, p=0.00506175
Best paths: 2
Best paths: 4
**Q-3:	|-1010011 10111001 01111100 01000011|
Q-2:	|+1000110 00011111 00110000 10110111|
Q-1:	|+0000111 -1001100 10000010 10000010|
Q0:	|+1101101 -0111100 10000001 00110001| ok p=0.634766
Q1:	|.+...... -....... .....00. ....0...| ok p=1
Q2:	|0+.....^ -..0.... .1...+1. ....-...| ok p=1
Q3:	|1+0....+ +..0.... 00...+-. ....-...| ok p=1
Q4:	|-+1....1 -.!-.... 0-....+. ....-...| ok p=1
Q5:	|11...0.0 -..+.... ++...0-. .!..-...| ok p=1
Q6:	|00...1.. ..0+.... -+....-! ........| ok p=1
Q7:	|.1...+.. 0.0-...! -+...... ....0...| ok p=1
Q8:	|00..10.. ..-1.... +....^1. ........| ok p=1
Q9:	|1-..01.. ..+0.... -10..-.. ..0!....| ok p=1
Q10:	|0-..-+01 0111111^ -00.!0.. .00.....| ok p=1
Q11:	|0+.01-10 0100110- 01+1.100 .0+...1.| ok p=1
Q12:	|0+^10--+ ++++-++1 0+-0^011 ^+-^^.0.| ok p=1
Q13:	|-0+++-0- ----0-+- ----++++ +++++1+.| ok p=1
Q14:	|10001.-+ 011101.1 00.10000 0.1000-.| ok p=1
Q15:	|-.-00001 0000.101 10111000 00011++.| ok p=0.863281
Q16:	|-.-...0- .....-.. ........ ......0.| ok p=0.927734
Q17:	|+.0..... ......0. ...0.... .....^+.| ok p=0.996094
Q18:	|-.1....^ .....^1. ...1.... .0......| ok p=0.757812
Q19:	|-....... ......+. ...+.... .1....^.| ok p=0.87207
Q20:	|-....... ........ ........ .-......| ok p=1
Q21:	|-....0.. ......^. ...^.... ........| ok p=1
Q22:	|-....1.. ........ ........ .^......| ok p=0.459961
Q23:	|1....+.. ........ ........ ........| ok p=1
Q24:	|0....... ........ .......0 ........| ok p=1
Q25:	|.....^.. ........ .......1 ........| ok p=0.480469
Q26:	|........ ........ .......- ........| ok p=0.987305
Q27:	|........ ........ ........ ........| ok p=1
Q28:	|........ ........ .......^ ........| ok p=1
Q29:	|........ ........ ........ ........| ok p=1
Q30:	|........ ........ ........ ........| ok p=1
Q31:	|........ ........ ........ ........| ok p=1
Q32:	|........ ........ ........ ........| ok p=1
Q33:	|........ ........ ........ ........| ok p=1
Q34:	|........ ........ ........ ........| ok p=1
Q35:	|........ ........ ........ ........| ok p=1
Q36:	|........ ........ ........ ........| ok p=1
Q37:	|........ ........ ........ ........| ok p=1
Q38:	|........ ........ ........ ........| ok p=1
Q39:	|........ ........ ........ ........| ok p=1
Q40:	|........ ........ ........ ........| ok p=1
Q41:	|........ ........ ........ ........| ok p=1
Q42:	|........ ........ ........ ........| ok p=1
Q43:	|........ ........ ........ ........| ok p=1
Q44:	|........ ........ ........ ........| ok p=1
Q45:	|........ ........ ........ ........| ok p=1
Q46:	|0....... ........ ........ ........| ok p=1
Q47:	|1....... ........ ........ ........| ok p=0.508789
Q48:	|+....... ........ ........ ........| ok p=1
Q49:	|-....... ........ ........ ........| ok p=1
Q50:	|-....... ........ ........ ........| ok p=1
Q51:	|-....... ........ ........ ........| ok p=1
Q52:	|-....... ........ ........ ........| ok p=1
Q53:	|-....... ........ ........ ........| ok p=1
Q54:	|-....... ........ ........ ........| ok p=1
Q55:	|-....... ........ ........ ........| ok p=1
Q56:	|-....... ........ ........ ........| ok p=1
Q57:	|-....... ........ ........ ........| ok p=1
Q58:	|-....... ........ ........ ........| ok p=1
Q59:	|-....... ........ ........ ........| ok p=1
Q60:	|-....... ........ ........ ........| ok p=1
Q61:	|-....... 0....... ........ ........| ok p=1
Q62:	|-....... ........ ........ ........| ok p=0.99707
Q63:	|-....... +....... ........ ........| ok p=1
Q64:	|+....... +....... ........ ........|
Best path: totcompl=0 tottunnel=49, totcond=441, p=0.0362068
Best paths: 2
Best paths: 4
Best paths: 8
****