Warning: no OS randomness!
MD5 differential path toolbox
Copyright (C) 2009 Marc Stevens
http://homepages.cwi.nl/~stevens/

delta_m[2] = [!8!]
In-block prefix bytes: 6
In-block prefix words: 1
WARNING!: truncating by 2 bytes!

Starting paths:
Q-3:	|01100111 01000101 00100011 00000001|
Q-2:	|00010000 00110010 01010100 01110110|
Q-1:	|10011000 10111010 11011100 11111110|
Q0:	|11101111 11001101 10101011 10001001| ok p=1
Q1:	|11010111 11011001 00011111 00100111| ok p=1
Q2:	|........ ........ ........ ........|
Saving data/path_prefix.bin...done.
Warning: no OS randomness!
Extend MD5 differential paths forward
Copyright (C) 2009 Marc Stevens
http://homepages.cwi.nl/~stevens/

delta_m[2] = [!8!]
Loading data/path_prefix.bin...done: 1. (9.70364e-05s)
Estimating maxcond for upper bound 320000 (=80000 * 4)...
t=2:  0%   10   20   30   40   50   60   70   80   90   100%
      |----|----|----|----|----|----|----|----|----|----|
e     ***************************************************
Found maxcond = 2176
t=2:  0%   10   20   30   40   50   60   70   80   90   100%
      |----|----|----|----|----|----|----|----|----|----|
      ***************************************************
Q-3:	|01100111 01000101 00100011 00000001|
Q-2:	|00010000 00110010 01010100 01110110|
Q-1:	|10011000 10111010 11011100 11111110|
Q0:	|11101111 11001101 10101011 10001001| ok p=1
Q1:	|11010111 11011001 00011111 00100111| ok p=1
Q2:	|........ ........ ........ ........| ok p=0.993164
Q3:	|......+. ........ ........ ........|
Saving 1 paths...cached.
Autobalance parameters: maxcond=2176 (ab#:0)
Verified: 0 bad out of 1
Estimating maxcond for upper bound 640000 (=160000 * 4)...
t=3:  0%   10   20   30   40   50   60   70   80   90   100%
      |----|----|----|----|----|----|----|----|----|----|
e     ***************************************************
Found maxcond = 2176
t=3:  0%   10   20   30   40   50   60   70   80   90   100%
      |----|----|----|----|----|----|----|----|----|----|
      ***************************************************
Q-3:	|01100111 01000101 00100011 00000001|
Q-2:	|00010000 00110010 01010100 01110110|
Q-1:	|10011000 10111010 11011100 11111110|
Q0:	|11101111 11001101 10101011 10001001| ok p=1
Q1:	|11010111 11011001 00011111 00100111| ok p=1
Q2:	|......1. ........ ........ ........| ok p=0.996094
Q3:	|......+. ........ ........ ........| ok p=1
Q4:	|......+. ........ ........ ........|
Saving 382 paths...cached.
Autobalance parameters: maxcond=2176 (ab#:0)
Verified: 0 bad out of 382
Estimating maxcond for upper bound 640000 (=160000 * 4)...
t=4:  0%   10   20   30   40   50   60   70   80   90   100%
      |----|----|----|----|----|----|----|----|----|----|
e     ***************************************************
Found maxcond = 187
t=4:  0%   10   20   30   40   50   60   70   80   90   100%
      |----|----|----|----|----|----|----|----|----|----|
      ***************************************************
Q-3:	|01100111 01000101 00100011 00000001|
Q-2:	|00010000 00110010 01010100 01110110|
Q-1:	|10011000 10111010 11011100 11111110|
Q0:	|11101111 11001101 10101011 10001001| ok p=1
Q1:	|11010111 11011001 00011111 00100111| ok p=1
Q2:	|......1. ........ ........ ........| ok p=0.996094
Q3:	|......+. ........ ........ ........| ok p=1
Q4:	|......+. ........ ........ ........| ok p=1
Q5:	|......+. ........ ........ ........|
Saving 160000 paths...cached.
Autobalance parameters: maxcond=185 (ab#:2)
Verified: 0 bad out of 298677
Estimating maxcond for upper bound 640000 (=160000 * 4)...
t=5:  0%   10   20   30   40   50   60   70   80   90   100%
      |----|----|----|----|----|----|----|----|----|----|
e     ***************************************************
Found maxcond = 186
t=5:  0%   10   20   30   40   50   60   70   80   90   100%
      |----|----|----|----|----|----|----|----|----|----|
      ***************************************************
Q-3:	|01100111 01000101 00100011 00000001|
Q-2:	|00010000 00110010 01010100 01110110|
Q-1:	|10011000 10111010 11011100 11111110|
Q0:	|11101111 11001101 10101011 10001001| ok p=1
Q1:	|11010111 11011001 00011111 00100111| ok p=1
Q2:	|......1. ........ ........ ........| ok p=0.994141
Q3:	|......+. ........ ........ ........| ok p=1
Q4:	|......+. ........ ........ ........| ok p=1
Q5:	|......+. ........ ........ ........| ok p=0.995117
Q6:	|......+. ........ ........ ..+.....|
Saving 160000 paths...cached.
Autobalance parameters: maxcond=183 (ab#:3)
Verified: 0 bad out of 333518
Estimating maxcond for upper bound 640000 (=160000 * 4)...
t=6:  0%   10   20   30   40   50   60   70   80   90   100%
      |----|----|----|----|----|----|----|----|----|----|
e     ***************************************************
Found maxcond = 186
t=6:  0%   10   20   30   40   50   60   70   80   90   100%
      |----|----|----|----|----|----|----|----|----|----|
      ***************************************************
Q-3:	|01100111 01000101 00100011 00000001|
Q-2:	|00010000 00110010 01010100 01110110|
Q-1:	|10011000 10111010 11011100 11111110|
Q0:	|11101111 11001101 10101011 10001001| ok p=1
Q1:	|11010111 11011001 00011111 00100111| ok p=1
Q2:	|......1. ........ ........ ........| ok p=0.995117
Q3:	|......+. ........ ........ ........| ok p=1
Q4:	|......+. ........ ........ ..V.....| ok p=1
Q5:	|......+. ........ ........ ........| ok p=0.991211
Q6:	|......+. ........ ........ ..+.....| ok p=0.988281
Q7:	|......+. ........ ....+... ..+.....|
Saving 160000 paths...cached.
Autobalance parameters: maxcond=184 (ab#:2)
Verified: 0 bad out of 266982
Estimating maxcond for upper bound 640000 (=160000 * 4)...
t=7:  0%   10   20   30   40   50   60   70   80   90   100%
      |----|----|----|----|----|----|----|----|----|----|
e     ***************************************************
Found maxcond = 188
t=7:  0%   10   20   30   40   50   60   70   80   90   100%
      |----|----|----|----|----|----|----|----|----|----|
      ***************************************************
Q-3:	|01100111 01000101 00100011 00000001|
Q-2:	|00010000 00110010 01010100 01110110|
Q-1:	|10011000 10111010 11011100 11111110|
Q0:	|11101111 11001101 10101011 10001001| ok p=1
Q1:	|11010111 11011001 00011111 00100111| ok p=1
Q2:	|......1. ........ ........ ........| ok p=0.986328
Q3:	|......+. ........ ........ ........| ok p=1
Q4:	|......+. ........ ........ ..V.....| ok p=1
Q5:	|......+. ........ ....V... ..1.....| ok p=0.985352
Q6:	|......+. ........ ........ ..+.....| ok p=0.986328
Q7:	|......+. ........ ....+... ..+.....| ok p=0.982422
Q8:	|......+. .......+ ....+... ..+.....|
Saving 160000 paths...cached.
Autobalance parameters: maxcond=185 (ab#:3)
Verified: 0 bad out of 321904
Estimating maxcond for upper bound 640000 (=160000 * 4)...
t=8:  0%   10   20   30   40   50   60   70   80   90   100%
      |----|----|----|----|----|----|----|----|----|----|
e     ***************************************************
Found maxcond = 191
t=8:  0%   10   20   30   40   50   60   70   80   90   100%
      |----|----|----|----|----|----|----|----|----|----|
      ***************************************************
Q-3:	|01100111 01000101 00100011 00000001|
Q-2:	|00010000 00110010 01010100 01110110|
Q-1:	|10011000 10111010 11011100 11111110|
Q0:	|11101111 11001101 10101011 10001001| ok p=1
Q1:	|11010111 11011001 00011111 00100111| ok p=1
Q2:	|......1. ........ ........ ........| ok p=0.993164
Q3:	|......+. ........ ........ ........| ok p=1
Q4:	|......+. ........ ........ ..V.....| ok p=1
Q5:	|......+. ........ ....V... ..1.....| ok p=0.994141
Q6:	|......+. .......V ....1... ..+.....| ok p=0.979492
Q7:	|......+. ........ ....+... ..+.....| ok p=0.988281
Q8:	|......+. .......+ ....+... ..+.....| ok p=0.979492
Q9:	|......+. .......+ ..+.-... ..+...+.|
Saving 160000 paths...cached.
Autobalance parameters: maxcond=189 (ab#:2)
Verified: 0 bad out of 296044
Estimating maxcond for upper bound 640000 (=160000 * 4)...
t=9:  0%   10   20   30   40   50   60   70   80   90   100%
      |----|----|----|----|----|----|----|----|----|----|
e     ***************************************************
Found maxcond = 196
t=9:  0%   10   20   30   40   50   60   70   80   90   100%
      |----|----|----|----|----|----|----|----|----|----|
      ***************************************************
Q-3:	|01100111 01000101 00100011 00000001|
Q-2:	|00010000 00110010 01010100 01110110|
Q-1:	|10011000 10111010 11011100 11111110|
Q0:	|11101111 11001101 10101011 10001001| ok p=1
Q1:	|11010111 11011001 00011111 00100111| ok p=1
Q2:	|......1. ........ ........ ........| ok p=0.991211
Q3:	|......+. ........ ........ ........| ok p=1
Q4:	|......+. ........ ........ ..V.....| ok p=1
Q5:	|......+. ........ ....V... ..1.....| ok p=0.992188
Q6:	|......+. .......V ....1... ..+.....| ok p=0.981445
Q7:	|......+. .......1 ...V+... ..+...V.| ok p=0.983398
Q8:	|......+. .......+ ....+... ..+.....| ok p=0.962891
Q9:	|......+. .......+ ...++... ..+...+.| ok p=0.999023
Q10:	|......+. +....+.+ ..+.-... +.-...+.|
Saving 160000 paths...cached.
Autobalance parameters: maxcond=194 (ab#:2)
Verified: 0 bad out of 262583
Estimating maxcond for upper bound 640000 (=160000 * 4)...
t=10: 0%   10   20   30   40   50   60   70   80   90   100%
      |----|----|----|----|----|----|----|----|----|----|
e     ***************************************************
Found maxcond = 204
t=10: 0%   10   20   30   40   50   60   70   80   90   100%
      |----|----|----|----|----|----|----|----|----|----|
      ***************************************************
Q-3:	|01100111 01000101 00100011 00000001|
Q-2:	|00010000 00110010 01010100 01110110|
Q-1:	|10011000 10111010 11011100 11111110|
Q0:	|11101111 11001101 10101011 10001001| ok p=1
Q1:	|11010111 11011001 00011111 00100111| ok p=1
Q2:	|.....11. ........ ........ ........| ok p=1
Q3:	|....V+-. ........ ........ ........| ok p=1
Q4:	|.....+-. ........ ........ ..V.....| ok p=1
Q5:	|....+--. ........ ........ ..1.....| ok p=0.988281
Q6:	|....0+-. ........ ........ ..+.....| ok p=1
Q7:	|....+--. ........ ...V.... ..+.....| ok p=1
Q8:	|....0+-. .....V.. ...1.... ..+.....| ok p=1
Q9:	|....1+-. ........ ...+.... ..+.....| ok p=1
Q10:	|......+. .....+.. ...+.... ..+.....| ok p=0.982422
Q11:	|......+. +....+.. ..+.-... ..+.....|
Saving 160000 paths...cached.
Autobalance parameters: maxcond=202 (ab#:2)
Verified: 0 bad out of 292692
Estimating maxcond for upper bound 640000 (=160000 * 4)...
t=11: 0%   10   20   30   40   50   60   70   80   90   100%
      |----|----|----|----|----|----|----|----|----|----|
e     ***************************************************
Found maxcond = 212
t=11: 0%   10   20   30   40   50   60   70   80   90   100%
      |----|----|----|----|----|----|----|----|----|----|
      ***************************************************
Q-3:	|01100111 01000101 00100011 00000001|
Q-2:	|00010000 00110010 01010100 01110110|
Q-1:	|10011000 10111010 11011100 11111110|
Q0:	|11101111 11001101 10101011 10001001| ok p=1
Q1:	|11010111 11011001 00011111 00100111| ok p=1
Q2:	|.....11. ........ ........ ........| ok p=1
Q3:	|....V+-. ........ ........ ........| ok p=1
Q4:	|.....+-. ........ ........ .VV.....| ok p=1
Q5:	|....+--. ........ ........ ..0.....| ok p=0.988281
Q6:	|....0+-. ........ ........ .+-.....| ok p=1
Q7:	|....+--. ........ ........ .0+.....| ok p=1
Q8:	|....0+-. .....V.. ........ .1+.....| ok p=1
Q9:	|....10+. V....1.. .....V.. ..+.....| ok p=0.970703
Q10:	|.....1+. .....+.. ........ ..-.....| ok p=0.990234
Q11:	|......+. +....+.. .....+.. ..-.....| ok p=0.931641
Q12:	|....+.+. +....+.+ .....+.. ..-.....|
Saving 160000 paths...done. (0.354682s)
Autobalance parameters: maxcond=211 (ab#:1)
Verified: 0 bad out of 210422
Runtime: 2.21214
