Warning: no OS randomness!
MD5 differential path toolbox
Copyright (C) 2009 Marc Stevens
http://homepages.cwi.nl/~stevens/

delta_m[2] = [!8!]
In-block prefix bytes: 0
In-block prefix words: 0

Starting paths:
Q-3:	|-1010011 10111001 01111100 01000011|
Q-2:	|+1000110 00011111 00110000 10110111|
Q-1:	|+0000111 -1001100 10000010 10000010|
Q0:	|+1101101 -0111100 10000001 00110001| ok p=0.680664
Q1:	|.+...... -....... ........ ........|
Saving data/path_2nc.bin...done.
Warning: no OS randomness!
Extend MD5 differential paths forward
Copyright (C) 2009 Marc Stevens
http://homepages.cwi.nl/~stevens/

delta_m[2] = [!8!]
Loading data/path_2nc.bin...done: 1. (6.69956e-05s)
Estimating maxcond for upper bound 160000 (=40000 * 4)...
t=1:  0%   10   20   30   40   50   60   70   80   90   100%
      |----|----|----|----|----|----|----|----|----|----|
e     ***************************************************
Found maxcond = 2176
t=1:  0%   10   20   30   40   50   60   70   80   90   100%
      |----|----|----|----|----|----|----|----|----|----|
      ***************************************************
Q-3:	|-1010011 10111001 01111100 01000011|
Q-2:	|+1000110 00011111 00110000 10110111|
Q-1:	|+0000111 -1001100 10000010 10000010|
Q0:	|+1101101 -0111100 10000001 00110001| ok p=0.666016
Q1:	|.+...... -....... ........ ........| ok p=0.756836
Q2:	|.+...... -....... .....+.. ....-...|
Saving 7 paths...cached.
Autobalance parameters: maxcond=2176 (ab#:0)
Verified: 0 bad out of 7
Estimating maxcond for upper bound 320000 (=80000 * 4)...
t=2:  0%   10   20   30   40   50   60   70   80   90   100%
      |----|----|----|----|----|----|----|----|----|----|
e     ***************************************************
Found maxcond = 2176
t=2:  0%   10   20   30   40   50   60   70   80   90   100%
      |----|----|----|----|----|----|----|----|----|----|
      ***************************************************
Q-3:	|-1010011 10111001 01111100 01000011|
Q-2:	|+1000110 00011111 00110000 10110111|
Q-1:	|+0000111 -1001100 10000010 10000010|
Q0:	|+1101101 -0111100 10000001 00110001| ok p=0.643555
Q1:	|.+...... -....... .....0.. ....0...| ok p=0.748047
Q2:	|1+...... -....... .....+.. ....-...| ok p=0.517578
Q3:	|.+....+. -......+ ......+. ....-...|
Saving 1416 paths...cached.
Autobalance parameters: maxcond=2176 (ab#:0)
Verified: 0 bad out of 1416
Estimating maxcond for upper bound 640000 (=160000 * 4)...
t=3:  0%   10   20   30   40   50   60   70   80   90   100%
      |----|----|----|----|----|----|----|----|----|----|
e     ***************************************************
Found maxcond = 155
t=3:  0%   10   20   30   40   50   60   70   80   90   100%
      |----|----|----|----|----|----|----|----|----|----|
      ***************************************************
Q-3:	|-1010011 10111001 01111100 01000011|
Q-2:	|+1000110 00011111 00110000 10110111|
Q-1:	|+0000111 -1001100 10000010 10000010|
Q0:	|+1101101 -0111100 10000001 00110001| ok p=0.630859
Q1:	|.+.....0 -....... .....0.. ....0...| ok p=0.750977
Q2:	|0+.....- +....... .....+.. ....-...| ok p=0.982422
Q3:	|.+.....+ +....... .....+.. ....-...| ok p=0.733398
Q4:	|.+...... -..-.... ..-..+.. ....-..+|
Saving 160000 paths...cached.
Autobalance parameters: maxcond=153 (ab#:2)
Verified: 8720 bad out of 276773
Estimating maxcond for upper bound 640000 (=160000 * 4)...
t=4:  0%   10   20   30   40   50   60   70   80   90   100%
      |----|----|----|----|----|----|----|----|----|----|
e     ***************************************************
Found maxcond = 162
t=4:  0%   10   20   30   40   50   60   70   80   90   100%
      |----|----|----|----|----|----|----|----|----|----|
      ***************************************************
Q-3:	|-1010011 10111001 01111100 01000011|
Q-2:	|+1000110 00011111 00110000 10110111|
Q-1:	|+0000111 -1001100 10000010 10000010|
Q0:	|+1101101 -0111100 10000001 00110001| ok p=0.658203
Q1:	|.+.....0 -....... .....00. ....0...| ok p=1
Q2:	|0+.....1 -..V.... .....+1. ....-...| ok p=0.974609
Q3:	|.+.....+ +....... .....+-. ....-...| ok p=0.375977
Q4:	|.-.....0 -..-.... ......+. ....-...| ok p=0.348633
Q5:	|+....... -..-...+ ......-. .+..-...|
Saving 160000 paths...cached.
Autobalance parameters: maxcond=161 (ab#:1)
Verified: 8676 bad out of 218561
Estimating maxcond for upper bound 640000 (=160000 * 4)...
t=5:  0%   10   20   30   40   50   60   70   80   90   100%
      |----|----|----|----|----|----|----|----|----|----|
e     ***************************************************
Found maxcond = 170
t=5:  0%   10   20   30   40   50   60   70   80   90   100%
      |----|----|----|----|----|----|----|----|----|----|
      ***************************************************
Q-3:	|-1010011 10111001 01111100 01000011|
Q-2:	|+1000110 00011111 00110000 10110111|
Q-1:	|+0000111 -1001100 10000010 10000010|
Q0:	|+1101101 -0111100 10000001 00110001| ok p=0.623047
Q1:	|.+.....0 -....... .....0V. ....0...| ok p=0.873047
Q2:	|0+.....1 -..V.... .....+1. ....-...| ok p=0.984375
Q3:	|.+.....+ +..1.... .....0+. .V..-...| ok p=0.723633
Q4:	|.+.....0 -..-.... .....1+. ....-...| ok p=0.363281
Q5:	|.......1 -..-.... ......-. .+..-...| ok p=0.499023
Q6:	|........ .-.+...- ....+.-. .+.-....|
Saving 160000 paths...cached.
Autobalance parameters: maxcond=169 (ab#:1)
Verified: 2944 bad out of 211788
Estimating maxcond for upper bound 640000 (=160000 * 4)...
t=6:  0%   10   20   30   40   50   60   70   80   90   100%
      |----|----|----|----|----|----|----|----|----|----|
e     ***************************************************
Found maxcond = 178
t=6:  0%   10   20   30   40   50   60   70   80   90   100%
      |----|----|----|----|----|----|----|----|----|----|
      ***************************************************
Q-3:	|-1010011 10111001 01111100 01000011|
Q-2:	|+1000110 00011111 00110000 10110111|
Q-1:	|+0000111 -1001100 10000010 10000010|
Q0:	|+1101101 -0111100 10000001 00110001| ok p=0.629883
Q1:	|.+.....0 -....... .....00. ....0...| ok p=1
Q2:	|0+.....1 -..V.... .....+1. ....-...| ok p=0.989258
Q3:	|1+.....+ +..1...V .....+-. ....-...| ok p=0.378906
Q4:	|-+.....0 -..-.... ......+. ....-...| ok p=1
Q5:	|+......0 -..-...+ .....0-. ....-...| ok p=0.991211
Q6:	|+1...... ...-...0 ......-. ........| ok p=0.720703
Q7:	|+....+.. .-.+.... +....... ..-.....|
Saving 160000 paths...cached.
Autobalance parameters: maxcond=176 (ab#:2)
Verified: 2372 bad out of 284951
Estimating maxcond for upper bound 640000 (=160000 * 4)...
t=7:  0%   10   20   30   40   50   60   70   80   90   100%
      |----|----|----|----|----|----|----|----|----|----|
e     ***************************************************
Found maxcond = 186
t=7:  0%   10   20   30   40   50   60   70   80   90   100%
      |----|----|----|----|----|----|----|----|----|----|
      ***************************************************
Q-3:	|-1010011 10111001 01111100 01000011|
Q-2:	|+1000110 00011111 00110000 10110111|
Q-1:	|+0000111 -1001100 10000010 10000010|
Q0:	|+1101101 -0111100 10000001 00110001| ok p=1
Q1:	|0+.....0 -....... .....00. ....0...| ok p=1
Q2:	|0+.....1 -..V.... .....+1. ....-...| ok p=1
Q3:	|+-.....+ +..1...V .....0+. ..V.-...| ok p=0.378906
Q4:	|0-.....1 -..-.... .....+-. ..0.-...| ok p=0.761719
Q5:	|1......0 -..-...+ .....1-. ..+.-...| ok p=0.984375
Q6:	|.0...... ...-...0 .....1-. ..+.....| ok p=0.999023
Q7:	|........ 1..+...1 ........ ....1...| ok p=0.732422
Q8:	|....+.-. ........ ..-.-... ........|
Saving 160000 paths...cached.
Autobalance parameters: maxcond=185 (ab#:1)
Verified: 716 bad out of 273274
Estimating maxcond for upper bound 640000 (=160000 * 4)...
t=8:  0%   10   20   30   40   50   60   70   80   90   100%
      |----|----|----|----|----|----|----|----|----|----|
e     ***************************************************
Found maxcond = 194
t=8:  0%   10   20   30   40   50   60   70   80   90   100%
      |----|----|----|----|----|----|----|----|----|----|
      ***************************************************
Q-3:	|-1010011 10111001 01111100 01000011|
Q-2:	|+1000110 00011111 00110000 10110111|
Q-1:	|+0000111 -1001100 10000010 10000010|
Q0:	|+1101101 -0111100 10000001 00110001| ok p=1
Q1:	|0+.....0 -....... .....00. ....0...| ok p=1
Q2:	|0+.....1 -..V.... .....+1. ....-...| ok p=1
Q3:	|+-.....+ +..1.... .....0+. ...0-...| ok p=0.37793
Q4:	|0-.....1 -..-.... .....1+. ...1-...| ok p=0.74707
Q5:	|1......1 -..-.... .....-+. ...++...| ok p=1
Q6:	|.0.....0 -..+.... .....1-. ...+1...| ok p=1
Q7:	|.......- +..+.... .....00. ...-1...| ok p=0.72168
Q8:	|.......+ +....... .....-1. ...-....| ok p=0.751953
Q9:	|.-....+. -......+ ....+... ...-....|
Saving 160000 paths...cached.
Autobalance parameters: maxcond=193 (ab#:1)
Verified: 3016 bad out of 195029
Estimating maxcond for upper bound 640000 (=160000 * 4)...
t=9:  0%   10   20   30   40   50   60   70   80   90   100%
      |----|----|----|----|----|----|----|----|----|----|
e     ***************************************************
Found maxcond = 204
t=9:  0%   10   20   30   40   50   60   70   80   90   100%
      |----|----|----|----|----|----|----|----|----|----|
      ***************************************************
Q-3:	|-1010011 10111001 01111100 01000011|
Q-2:	|+1000110 00011111 00110000 10110111|
Q-1:	|+0000111 -1001100 10000010 10000010|
Q0:	|+1101101 -0111100 10000001 00110001| ok p=1
Q1:	|0+.....0 -....... .....00. ....0...| ok p=1
Q2:	|0+.....1 -..V.... .....+1. ....-...| ok p=1
Q3:	|+-.....+ +..1.... .....0+. ...0-...| ok p=0.361328
Q4:	|0-.....1 -..-.... .....1+. ...1-...| ok p=0.737305
Q5:	|1......1 -..-.... .....-+. ...++...| ok p=1
Q6:	|.0.....0 -..+.... .....1-. ...+1...| ok p=1
Q7:	|.V.....- +..+.... ....V00. ...-1...| ok p=0.736328
Q8:	|.......+ +....... .....-0. ...-....| ok p=0.735352
Q9:	|.-.....+ +..1.... ....+0.. ...-....| ok p=0.998047
Q10:	|.-....+. -.-..... ....+... ...-...+|
Saving 160000 paths...cached.
Autobalance parameters: maxcond=203 (ab#:1)
Verified: 0 bad out of 214985
Estimating maxcond for upper bound 640000 (=160000 * 4)...
t=10: 0%   10   20   30   40   50   60   70   80   90   100%
      |----|----|----|----|----|----|----|----|----|----|
e     ***************************************************
Found maxcond = 212
t=10: 0%   10   20   30   40   50   60   70   80   90   100%
      |----|----|----|----|----|----|----|----|----|----|
      ***************************************************
Q-3:	|-1010011 10111001 01111100 01000011|
Q-2:	|+1000110 00011111 00110000 10110111|
Q-1:	|+0000111 -1001100 10000010 10000010|
Q0:	|+1101101 -0111100 10000001 00110001| ok p=0.638672
Q1:	|.+.....V -....... .....00. ....0...| ok p=1
Q2:	|0+...... -..V.... .1...+1. ....-...| ok p=1
Q3:	|1+.....+ +..0.... V0...+-. ....-...| ok p=0.371094
Q4:	|-+.....1 -..-.... 0-....+. ....-...| ok p=0.71582
Q5:	|1....0.0 -..+.... ++...0-. ....-...| ok p=0.996094
Q6:	|00...1.. ..V+.... -+....-. ........| ok p=0.978516
Q7:	|.1...+.. 0.0-.... -+...V.. ....0...| ok p=1
Q8:	|.0...0.. ..-1.... +.....1. ........| ok p=0.772461
Q9:	|.-...1.. ..+0.... -0...-.. ........| ok p=0.763672
Q10:	|.-...... ..1..... -....0.. ........| ok p=0.391602
Q11:	|.+...... .......- ....+... ..+.....|
Saving 160000 paths...cached.
Autobalance parameters: maxcond=211 (ab#:1)
Verified: 486 bad out of 196203
Estimating maxcond for upper bound 640000 (=160000 * 4)...
t=11: 0%   10   20   30   40   50   60   70   80   90   100%
      |----|----|----|----|----|----|----|----|----|----|
e     ***************************************************
Found maxcond = 220
t=11: 0%   10   20   30   40   50   60   70   80   90   100%
      |----|----|----|----|----|----|----|----|----|----|
      ***************************************************
Q-3:	|-1010011 10111001 01111100 01000011|
Q-2:	|+1000110 00011111 00110000 10110111|
Q-1:	|+0000111 -1001100 10000010 10000010|
Q0:	|+1101101 -0111100 10000001 00110001| ok p=0.630859
Q1:	|.+.....V -....... .....00. ....0...| ok p=1
Q2:	|0+...... -..V.... .1...+1. ....-...| ok p=1
Q3:	|1+.....+ +..0.... V0...+-. ....-...| ok p=0.389648
Q4:	|++.....1 -..-.... 0-....+. ....-...| ok p=0.777344
Q5:	|1....0.0 -..+.... ++...0-. ....-...| ok p=0.999023
Q6:	|00...1.. ..V+.... -+....-. ........| ok p=0.974609
Q7:	|.V...+.. 0.0-.... -+...V.. ....0...| ok p=0.957031
Q8:	|.0...0.. ..-1.... +....11. ........| ok p=0.749023
Q9:	|.-...1.. ..+0...V -0...-.. ..V.....| ok p=0.999023
Q10:	|.-...... ..1..... -....-.. ........| ok p=0.380859
Q11:	|.+...... ..1....- .....+.. ..+.....| ok p=0.753906
Q12:	|.+...... ...-...- .....-.. ..+....-|
Saving 160000 paths...done. (0.3527s)
Autobalance parameters: maxcond=219 (ab#:1)
Verified: 12046 bad out of 196147
Runtime: 2.38503
