Warning: no OS randomness!
Extend MD5 differential paths forward
Copyright (C) 2009 Marc Stevens
http://homepages.cwi.nl/~stevens/

delta_m[2] = [!8!]
Loading upper_1_640000/paths32_0of1...done: 1 (work:1). (7.10487e-05s)
Estimating maxcond for upper bound 2560000 (=640000 * 4)...
t=33: 0%   10   20   30   40   50   60   70   80   90   100%
      |----|----|----|----|----|----|----|----|----|----|
e     ***************************************************
Found maxcond = 2176
t=33: 0%   10   20   30   40   50   60   70   80   90   100%
      |----|----|----|----|----|----|----|----|----|----|
      ***************************************************
Q29:	|........ ........ ........ ........|
Q30:	|........ ........ ........ ........|
Q31:	|........ ........ ........ ........|
Q32:	|........ ........ ........ ........| ok p=1
Q33:	|........ ........ ........ ........| ok p=1
Q34:	|........ ........ ........ ........|
Saving 1 paths...cached.
Autobalance parameters: maxcond=2176 (ab#:0)
Verified: 0 bad out of 1
Estimating maxcond for upper bound 2560000 (=640000 * 4)...
t=34: 0%   10   20   30   40   50   60   70   80   90   100%
      |----|----|----|----|----|----|----|----|----|----|
e     ***************************************************
Found maxcond = 2176
t=34: 0%   10   20   30   40   50   60   70   80   90   100%
      |----|----|----|----|----|----|----|----|----|----|
      ***************************************************
Q29:	|........ ........ ........ ........|
Q30:	|........ ........ ........ ........|
Q31:	|........ ........ ........ ........|
Q32:	|........ ........ ........ ........| ok p=1
Q33:	|........ ........ ........ ........| ok p=1
Q34:	|........ ........ ........ ........| ok p=1
Q35:	|........ ........ ........ ........|
Saving 1 paths...cached.
Autobalance parameters: maxcond=2176 (ab#:0)
Verified: 0 bad out of 1
Estimating maxcond for upper bound 2560000 (=640000 * 4)...
t=35: 0%   10   20   30   40   50   60   70   80   90   100%
      |----|----|----|----|----|----|----|----|----|----|
e     ***************************************************
Found maxcond = 2176
t=35: 0%   10   20   30   40   50   60   70   80   90   100%
      |----|----|----|----|----|----|----|----|----|----|
      ***************************************************
Q29:	|........ ........ ........ ........|
Q30:	|........ ........ ........ ........|
Q31:	|........ ........ ........ ........|
Q32:	|........ ........ ........ ........| ok p=1
Q33:	|........ ........ ........ ........| ok p=1
Q34:	|........ ........ ........ ........| ok p=1
Q35:	|........ ........ ........ ........| ok p=1
Q36:	|........ ........ ........ ........|
Saving 1 paths...cached.
Autobalance parameters: maxcond=2176 (ab#:0)
Verified: 0 bad out of 1
Estimating maxcond for upper bound 2560000 (=640000 * 4)...
t=36: 0%   10   20   30   40   50   60   70   80   90   100%
      |----|----|----|----|----|----|----|----|----|----|
e     ***************************************************
Found maxcond = 2176
t=36: 0%   10   20   30   40   50   60   70   80   90   100%
      |----|----|----|----|----|----|----|----|----|----|
      ***************************************************
Q29:	|........ ........ ........ ........|
Q30:	|........ ........ ........ ........|
Q31:	|........ ........ ........ ........|
Q32:	|........ ........ ........ ........| ok p=1
Q33:	|........ ........ ........ ........| ok p=1
Q34:	|........ ........ ........ ........| ok p=1
Q35:	|........ ........ ........ ........| ok p=1
Q36:	|........ ........ ........ ........| ok p=1
Q37:	|........ ........ ........ ........|
Saving 1 paths...cached.
Autobalance parameters: maxcond=2176 (ab#:0)
Verified: 0 bad out of 1
Estimating maxcond for upper bound 2560000 (=640000 * 4)...
t=37: 0%   10   20   30   40   50   60   70   80   90   100%
      |----|----|----|----|----|----|----|----|----|----|
e     ***************************************************
Found maxcond = 2176
t=37: 0%   10   20   30   40   50   60   70   80   90   100%
      |----|----|----|----|----|----|----|----|----|----|
      ***************************************************
Q29:	|........ ........ ........ ........|
Q30:	|........ ........ ........ ........|
Q31:	|........ ........ ........ ........|
Q32:	|........ ........ ........ ........| ok p=1
Q33:	|........ ........ ........ ........| ok p=1
Q34:	|........ ........ ........ ........| ok p=1
Q35:	|........ ........ ........ ........| ok p=1
Q36:	|........ ........ ........ ........| ok p=1
Q37:	|........ ........ ........ ........| ok p=1
Q38:	|........ ........ ........ ........|
Saving 1 paths...cached.
Autobalance parameters: maxcond=2176 (ab#:0)
Verified: 0 bad out of 1
Estimating maxcond for upper bound 2560000 (=640000 * 4)...
t=38: 0%   10   20   30   40   50   60   70   80   90   100%
      |----|----|----|----|----|----|----|----|----|----|
e     ***************************************************
Found maxcond = 2176
t=38: 0%   10   20   30   40   50   60   70   80   90   100%
      |----|----|----|----|----|----|----|----|----|----|
      ***************************************************
Q29:	|........ ........ ........ ........|
Q30:	|........ ........ ........ ........|
Q31:	|........ ........ ........ ........|
Q32:	|........ ........ ........ ........| ok p=1
Q33:	|........ ........ ........ ........| ok p=1
Q34:	|........ ........ ........ ........| ok p=1
Q35:	|........ ........ ........ ........| ok p=1
Q36:	|........ ........ ........ ........| ok p=1
Q37:	|........ ........ ........ ........| ok p=1
Q38:	|........ ........ ........ ........| ok p=1
Q39:	|........ ........ ........ ........|
Saving 1 paths...cached.
Autobalance parameters: maxcond=2176 (ab#:0)
Verified: 0 bad out of 1
Estimating maxcond for upper bound 2560000 (=640000 * 4)...
t=39: 0%   10   20   30   40   50   60   70   80   90   100%
      |----|----|----|----|----|----|----|----|----|----|
e     ***************************************************
Found maxcond = 2176
t=39: 0%   10   20   30   40   50   60   70   80   90   100%
      |----|----|----|----|----|----|----|----|----|----|
      ***************************************************
Q29:	|........ ........ ........ ........|
Q30:	|........ ........ ........ ........|
Q31:	|........ ........ ........ ........|
Q32:	|........ ........ ........ ........| ok p=1
Q33:	|........ ........ ........ ........| ok p=1
Q34:	|........ ........ ........ ........| ok p=1
Q35:	|........ ........ ........ ........| ok p=1
Q36:	|........ ........ ........ ........| ok p=1
Q37:	|........ ........ ........ ........| ok p=1
Q38:	|........ ........ ........ ........| ok p=1
Q39:	|........ ........ ........ ........| ok p=1
Q40:	|........ ........ ........ ........|
Saving 1 paths...cached.
Autobalance parameters: maxcond=2176 (ab#:0)
Verified: 0 bad out of 1
Estimating maxcond for upper bound 2560000 (=640000 * 4)...
t=40: 0%   10   20   30   40   50   60   70   80   90   100%
      |----|----|----|----|----|----|----|----|----|----|
e     ***************************************************
Found maxcond = 2176
t=40: 0%   10   20   30   40   50   60   70   80   90   100%
      |----|----|----|----|----|----|----|----|----|----|
      ***************************************************
Q29:	|........ ........ ........ ........|
Q30:	|........ ........ ........ ........|
Q31:	|........ ........ ........ ........|
Q32:	|........ ........ ........ ........| ok p=1
Q33:	|........ ........ ........ ........| ok p=1
Q34:	|........ ........ ........ ........| ok p=1
Q35:	|........ ........ ........ ........| ok p=1
Q36:	|........ ........ ........ ........| ok p=1
Q37:	|........ ........ ........ ........| ok p=1
Q38:	|........ ........ ........ ........| ok p=1
Q39:	|........ ........ ........ ........| ok p=1
Q40:	|........ ........ ........ ........| ok p=1
Q41:	|........ ........ ........ ........|
Saving 1 paths...cached.
Autobalance parameters: maxcond=2176 (ab#:0)
Verified: 0 bad out of 1
Estimating maxcond for upper bound 2560000 (=640000 * 4)...
t=41: 0%   10   20   30   40   50   60   70   80   90   100%
      |----|----|----|----|----|----|----|----|----|----|
e     ***************************************************
Found maxcond = 2176
t=41: 0%   10   20   30   40   50   60   70   80   90   100%
      |----|----|----|----|----|----|----|----|----|----|
      ***************************************************
Q29:	|........ ........ ........ ........|
Q30:	|........ ........ ........ ........|
Q31:	|........ ........ ........ ........|
Q32:	|........ ........ ........ ........| ok p=1
Q33:	|........ ........ ........ ........| ok p=1
Q34:	|........ ........ ........ ........| ok p=1
Q35:	|........ ........ ........ ........| ok p=1
Q36:	|........ ........ ........ ........| ok p=1
Q37:	|........ ........ ........ ........| ok p=1
Q38:	|........ ........ ........ ........| ok p=1
Q39:	|........ ........ ........ ........| ok p=1
Q40:	|........ ........ ........ ........| ok p=1
Q41:	|........ ........ ........ ........| ok p=1
Q42:	|........ ........ ........ ........|
Saving 1 paths...cached.
Autobalance parameters: maxcond=2176 (ab#:0)
Verified: 0 bad out of 1
Estimating maxcond for upper bound 2560000 (=640000 * 4)...
t=42: 0%   10   20   30   40   50   60   70   80   90   100%
      |----|----|----|----|----|----|----|----|----|----|
e     ***************************************************
Found maxcond = 2176
t=42: 0%   10   20   30   40   50   60   70   80   90   100%
      |----|----|----|----|----|----|----|----|----|----|
      ***************************************************
Q29:	|........ ........ ........ ........|
Q30:	|........ ........ ........ ........|
Q31:	|........ ........ ........ ........|
Q32:	|........ ........ ........ ........| ok p=1
Q33:	|........ ........ ........ ........| ok p=1
Q34:	|........ ........ ........ ........| ok p=1
Q35:	|........ ........ ........ ........| ok p=1
Q36:	|........ ........ ........ ........| ok p=1
Q37:	|........ ........ ........ ........| ok p=1
Q38:	|........ ........ ........ ........| ok p=1
Q39:	|........ ........ ........ ........| ok p=1
Q40:	|........ ........ ........ ........| ok p=1
Q41:	|........ ........ ........ ........| ok p=1
Q42:	|........ ........ ........ ........| ok p=1
Q43:	|........ ........ ........ ........|
Saving 1 paths...cached.
Autobalance parameters: maxcond=2176 (ab#:0)
Verified: 0 bad out of 1
Estimating maxcond for upper bound 2560000 (=640000 * 4)...
t=43: 0%   10   20   30   40   50   60   70   80   90   100%
      |----|----|----|----|----|----|----|----|----|----|
e     ***************************************************
Found maxcond = 2176
t=43: 0%   10   20   30   40   50   60   70   80   90   100%
      |----|----|----|----|----|----|----|----|----|----|
      ***************************************************
Q29:	|........ ........ ........ ........|
Q30:	|........ ........ ........ ........|
Q31:	|........ ........ ........ ........|
Q32:	|........ ........ ........ ........| ok p=1
Q33:	|........ ........ ........ ........| ok p=1
Q34:	|........ ........ ........ ........| ok p=1
Q35:	|........ ........ ........ ........| ok p=1
Q36:	|........ ........ ........ ........| ok p=1
Q37:	|........ ........ ........ ........| ok p=1
Q38:	|........ ........ ........ ........| ok p=1
Q39:	|........ ........ ........ ........| ok p=1
Q40:	|........ ........ ........ ........| ok p=1
Q41:	|........ ........ ........ ........| ok p=1
Q42:	|........ ........ ........ ........| ok p=1
Q43:	|........ ........ ........ ........| ok p=1
Q44:	|........ ........ ........ ........|
Saving 1 paths...cached.
Autobalance parameters: maxcond=2176 (ab#:0)
Verified: 0 bad out of 1
Estimating maxcond for upper bound 2560000 (=640000 * 4)...
t=44: 0%   10   20   30   40   50   60   70   80   90   100%
      |----|----|----|----|----|----|----|----|----|----|
e     ***************************************************
Found maxcond = 2176
t=44: 0%   10   20   30   40   50   60   70   80   90   100%
      |----|----|----|----|----|----|----|----|----|----|
      ***************************************************
Q29:	|........ ........ ........ ........|
Q30:	|........ ........ ........ ........|
Q31:	|........ ........ ........ ........|
Q32:	|........ ........ ........ ........| ok p=1
Q33:	|........ ........ ........ ........| ok p=1
Q34:	|........ ........ ........ ........| ok p=1
Q35:	|........ ........ ........ ........| ok p=1
Q36:	|........ ........ ........ ........| ok p=1
Q37:	|........ ........ ........ ........| ok p=1
Q38:	|........ ........ ........ ........| ok p=1
Q39:	|........ ........ ........ ........| ok p=1
Q40:	|........ ........ ........ ........| ok p=1
Q41:	|........ ........ ........ ........| ok p=1
Q42:	|........ ........ ........ ........| ok p=1
Q43:	|........ ........ ........ ........| ok p=1
Q44:	|........ ........ ........ ........| ok p=1
Q45:	|........ ........ ........ ........|
Saving 1 paths...cached.
Autobalance parameters: maxcond=2176 (ab#:0)
Verified: 0 bad out of 1
Estimating maxcond for upper bound 2560000 (=640000 * 4)...
t=45: 0%   10   20   30   40   50   60   70   80   90   100%
      |----|----|----|----|----|----|----|----|----|----|
e     ***************************************************
Found maxcond = 2176
t=45: 0%   10   20   30   40   50   60   70   80   90   100%
      |----|----|----|----|----|----|----|----|----|----|
      ***************************************************
Q29:	|........ ........ ........ ........|
Q30:	|........ ........ ........ ........|
Q31:	|........ ........ ........ ........|
Q32:	|........ ........ ........ ........| ok p=1
Q33:	|........ ........ ........ ........| ok p=1
Q34:	|........ ........ ........ ........| ok p=1
Q35:	|........ ........ ........ ........| ok p=1
Q36:	|........ ........ ........ ........| ok p=1
Q37:	|........ ........ ........ ........| ok p=1
Q38:	|........ ........ ........ ........| ok p=1
Q39:	|........ ........ ........ ........| ok p=1
Q40:	|........ ........ ........ ........| ok p=1
Q41:	|........ ........ ........ ........| ok p=1
Q42:	|........ ........ ........ ........| ok p=1
Q43:	|........ ........ ........ ........| ok p=1
Q44:	|........ ........ ........ ........| ok p=1
Q45:	|........ ........ ........ ........| ok p=1
Q46:	|........ ........ ........ ........|
Saving 1 paths...cached.
Autobalance parameters: maxcond=2176 (ab#:0)
Verified: 0 bad out of 1
Estimating maxcond for upper bound 2560000 (=640000 * 4)...
t=46: 0%   10   20   30   40   50   60   70   80   90   100%
      |----|----|----|----|----|----|----|----|----|----|
e     ***************************************************
Found maxcond = 2176
t=46: 0%   10   20   30   40   50   60   70   80   90   100%
      |----|----|----|----|----|----|----|----|----|----|
      ***************************************************
Q29:	|........ ........ ........ ........|
Q30:	|........ ........ ........ ........|
Q31:	|........ ........ ........ ........|
Q32:	|........ ........ ........ ........| ok p=1
Q33:	|........ ........ ........ ........| ok p=1
Q34:	|........ ........ ........ ........| ok p=1
Q35:	|........ ........ ........ ........| ok p=1
Q36:	|........ ........ ........ ........| ok p=1
Q37:	|........ ........ ........ ........| ok p=1
Q38:	|........ ........ ........ ........| ok p=1
Q39:	|........ ........ ........ ........| ok p=1
Q40:	|........ ........ ........ ........| ok p=1
Q41:	|........ ........ ........ ........| ok p=1
Q42:	|........ ........ ........ ........| ok p=1
Q43:	|........ ........ ........ ........| ok p=1
Q44:	|........ ........ ........ ........| ok p=1
Q45:	|........ ........ ........ ........| ok p=1
Q46:	|........ ........ ........ ........| ok p=1
Q47:	|........ ........ ........ ........|
Saving 1 paths...cached.
Autobalance parameters: maxcond=2176 (ab#:0)
Verified: 0 bad out of 1
Estimating maxcond for upper bound 2560000 (=640000 * 4)...
t=47: 0%   10   20   30   40   50   60   70   80   90   100%
      |----|----|----|----|----|----|----|----|----|----|
e     ***************************************************
Found maxcond = 2176
t=47: 0%   10   20   30   40   50   60   70   80   90   100%
      |----|----|----|----|----|----|----|----|----|----|
      ***************************************************
Q29:	|........ ........ ........ ........|
Q30:	|........ ........ ........ ........|
Q31:	|........ ........ ........ ........|
Q32:	|........ ........ ........ ........| ok p=1
Q33:	|........ ........ ........ ........| ok p=1
Q34:	|........ ........ ........ ........| ok p=1
Q35:	|........ ........ ........ ........| ok p=1
Q36:	|........ ........ ........ ........| ok p=1
Q37:	|........ ........ ........ ........| ok p=1
Q38:	|........ ........ ........ ........| ok p=1
Q39:	|........ ........ ........ ........| ok p=1
Q40:	|........ ........ ........ ........| ok p=1
Q41:	|........ ........ ........ ........| ok p=1
Q42:	|........ ........ ........ ........| ok p=1
Q43:	|........ ........ ........ ........| ok p=1
Q44:	|........ ........ ........ ........| ok p=1
Q45:	|........ ........ ........ ........| ok p=1
Q46:	|........ ........ ........ ........| ok p=1
Q47:	|........ ........ ........ ........| ok p=0.491211
Q48:	|+....... ........ ........ ........|
Saving 1 paths...cached.
Autobalance parameters: maxcond=2176 (ab#:0)
Verified: 0 bad out of 1
Estimating maxcond for upper bound 2560000 (=640000 * 4)...
t=48: 0%   10   20   30   40   50   60   70   80   90   100%
      |----|----|----|----|----|----|----|----|----|----|
e     ***************************************************
Found maxcond = 2176
t=48: 0%   10   20   30   40   50   60   70   80   90   100%
      |----|----|----|----|----|----|----|----|----|----|
      ***************************************************
Q29:	|........ ........ ........ ........|
Q30:	|........ ........ ........ ........|
Q31:	|........ ........ ........ ........|
Q32:	|........ ........ ........ ........| ok p=1
Q33:	|........ ........ ........ ........| ok p=1
Q34:	|........ ........ ........ ........| ok p=1
Q35:	|........ ........ ........ ........| ok p=1
Q36:	|........ ........ ........ ........| ok p=1
Q37:	|........ ........ ........ ........| ok p=1
Q38:	|........ ........ ........ ........| ok p=1
Q39:	|........ ........ ........ ........| ok p=1
Q40:	|........ ........ ........ ........| ok p=1
Q41:	|........ ........ ........ ........| ok p=1
Q42:	|........ ........ ........ ........| ok p=1
Q43:	|........ ........ ........ ........| ok p=1
Q44:	|........ ........ ........ ........| ok p=1
Q45:	|........ ........ ........ ........| ok p=1
Q46:	|0....... ........ ........ ........| ok p=1
Q47:	|........ ........ ........ ........| ok p=0.496094
Q48:	|+....... ........ ........ ........| ok p=1
Q49:	|+....... ........ ........ ........|
Saving 6 paths...cached.
Autobalance parameters: maxcond=2176 (ab#:0)
Verified: 0 bad out of 6
Estimating maxcond for upper bound 2560000 (=640000 * 4)...
t=49: 0%   10   20   30   40   50   60   70   80   90   100%
      |----|----|----|----|----|----|----|----|----|----|
e     ***************************************************
Found maxcond = 2176
t=49: 0%   10   20   30   40   50   60   70   80   90   100%
      |----|----|----|----|----|----|----|----|----|----|
      ***************************************************
Q29:	|........ ........ ........ ........|
Q30:	|........ ........ ........ ........|
Q31:	|........ ........ ........ ........|
Q32:	|........ ........ ........ ........| ok p=1
Q33:	|........ ........ ........ ........| ok p=1
Q34:	|........ ........ ........ ........| ok p=1
Q35:	|........ ........ ........ ........| ok p=1
Q36:	|........ ........ ........ ........| ok p=1
Q37:	|........ ........ ........ ........| ok p=1
Q38:	|........ ........ ........ ........| ok p=1
Q39:	|........ ........ ........ ........| ok p=1
Q40:	|........ ........ ........ ........| ok p=1
Q41:	|........ ........ ........ ........| ok p=1
Q42:	|........ ........ ........ ........| ok p=1
Q43:	|........ ........ ........ ........| ok p=1
Q44:	|........ ........ ........ ........| ok p=1
Q45:	|........ ........ ........ ........| ok p=1
Q46:	|0....... ........ ........ ........| ok p=1
Q47:	|1....... ........ ........ ........| ok p=0.503906
Q48:	|-....... ........ ........ ........| ok p=1
Q49:	|+....... ........ ........ ........| ok p=1
Q50:	|+....... ........ ........ ........|
Saving 968 paths...cached.
Autobalance parameters: maxcond=2176 (ab#:0)
Verified: 0 bad out of 968
Estimating maxcond for upper bound 2560000 (=640000 * 4)...
t=50: 0%   10   20   30   40   50   60   70   80   90   100%
      |----|----|----|----|----|----|----|----|----|----|
e     ***************************************************
Found maxcond = 2176
t=50: 0%   10   20   30   40   50   60   70   80   90   100%
      |----|----|----|----|----|----|----|----|----|----|
      ***************************************************
Q29:	|........ ........ ........ ........|
Q30:	|........ ........ ........ ........|
Q31:	|........ ........ ........ ........|
Q32:	|........ ........ ........ ........| ok p=1
Q33:	|........ ........ ........ ........| ok p=1
Q34:	|........ ........ ........ ........| ok p=1
Q35:	|........ ........ ........ ........| ok p=1
Q36:	|........ ........ ........ ........| ok p=1
Q37:	|........ ........ ........ ........| ok p=1
Q38:	|........ ........ ........ ........| ok p=1
Q39:	|........ ........ ........ ........| ok p=1
Q40:	|........ ........ ........ ........| ok p=1
Q41:	|........ ........ ........ ........| ok p=1
Q42:	|........ ........ ........ ........| ok p=1
Q43:	|........ ........ ........ ........| ok p=1
Q44:	|........ ........ ........ ........| ok p=1
Q45:	|........ ........ ........ ........| ok p=1
Q46:	|0....... ........ ........ ........| ok p=1
Q47:	|1....... ........ ........ ........| ok p=0.493164
Q48:	|+....... ........ ........ ........| ok p=1
Q49:	|-....... ........ ........ ........| ok p=1
Q50:	|+....... ........ ........ ........| ok p=0.495117
Q51:	|+....... ........ .+...... ........|
Saving 640000 paths...cached.
Autobalance parameters: maxcond=28 (ab#:7)
Verified: 155481 bad out of 1430026
Estimating maxcond for upper bound 2560000 (=640000 * 4)...
t=51: 0%   10   20   30   40   50   60   70   80   90   100%
      |----|----|----|----|----|----|----|----|----|----|
e     ***************************************************
Found maxcond = 28
t=51: 0%   10   20   30   40   50   60   70   80   90   100%
      |----|----|----|----|----|----|----|----|----|----|
      ***************************************************
Q29:	|........ ........ ........ ........|
Q30:	|........ ........ ........ ........|
Q31:	|........ ........ ........ ........|
Q32:	|........ ........ ........ ........| ok p=1
Q33:	|........ ........ ........ ........| ok p=1
Q34:	|........ ........ ........ ........| ok p=1
Q35:	|........ ........ ........ ........| ok p=1
Q36:	|........ ........ ........ ........| ok p=1
Q37:	|........ ........ ........ ........| ok p=1
Q38:	|........ ........ ........ ........| ok p=1
Q39:	|........ ........ ........ ........| ok p=1
Q40:	|........ ........ ........ ........| ok p=1
Q41:	|........ ........ ........ ........| ok p=1
Q42:	|........ ........ ........ ........| ok p=1
Q43:	|........ ........ ........ ........| ok p=1
Q44:	|........ ........ ........ ........| ok p=1
Q45:	|........ ........ ........ ........| ok p=1
Q46:	|0....... ........ ........ ........| ok p=1
Q47:	|1....... ........ ........ ........| ok p=0.511719
Q48:	|+....... ........ ........ ........| ok p=1
Q49:	|-....... ........ ........ ........| ok p=1
Q50:	|-....... ........ ........ ........| ok p=1
Q51:	|+....... ........ ........ ........| ok p=0.49707
Q52:	|+....... ...+.... ........ ........|
Saving 640000 paths...cached.
Autobalance parameters: maxcond=26 (ab#:2)
Verified: 0 bad out of 1073634
Estimating maxcond for upper bound 2560000 (=640000 * 4)...
t=52: 0%   10   20   30   40   50   60   70   80   90   100%
      |----|----|----|----|----|----|----|----|----|----|
e     ***************************************************
Found maxcond = 29
t=52: 0%   10   20   30   40   50   60   70   80   90   100%
      |----|----|----|----|----|----|----|----|----|----|
      ***************************************************
Q29:	|........ ........ ........ ........|
Q30:	|........ ........ ........ ........|
Q31:	|........ ........ ........ ........|
Q32:	|........ ........ ........ ........| ok p=1
Q33:	|........ ........ ........ ........| ok p=1
Q34:	|........ ........ ........ ........| ok p=1
Q35:	|........ ........ ........ ........| ok p=1
Q36:	|........ ........ ........ ........| ok p=1
Q37:	|........ ........ ........ ........| ok p=1
Q38:	|........ ........ ........ ........| ok p=1
Q39:	|........ ........ ........ ........| ok p=1
Q40:	|........ ........ ........ ........| ok p=1
Q41:	|........ ........ ........ ........| ok p=1
Q42:	|........ ........ ........ ........| ok p=1
Q43:	|........ ........ ........ ........| ok p=1
Q44:	|........ ........ ........ ........| ok p=1
Q45:	|........ ........ ........ ........| ok p=1
Q46:	|0....... ........ ........ ........| ok p=1
Q47:	|1....... ........ ........ ........| ok p=0.508789
Q48:	|+....... ........ ........ ........| ok p=1
Q49:	|-....... ........ ........ ........| ok p=1
Q50:	|-....... ........ ........ ........| ok p=1
Q51:	|-....... ........ ........ ........| ok p=1
Q52:	|+....... ........ ........ ........| ok p=0.522461
Q53:	|+....... ........ ........ ..+.....|
Saving 640000 paths...cached.
Autobalance parameters: maxcond=26 (ab#:3)
Verified: 4614 bad out of 1243915
Estimating maxcond for upper bound 2560000 (=640000 * 4)...
t=53: 0%   10   20   30   40   50   60   70   80   90   100%
      |----|----|----|----|----|----|----|----|----|----|
e     ***************************************************
Found maxcond = 29
t=53: 0%   10   20   30   40   50   60   70   80   90   100%
      |----|----|----|----|----|----|----|----|----|----|
      ***************************************************
Q29:	|........ ........ ........ ........|
Q30:	|........ ........ ........ ........|
Q31:	|........ ........ ........ ........|
Q32:	|........ ........ ........ ........| ok p=1
Q33:	|........ ........ ........ ........| ok p=1
Q34:	|........ ........ ........ ........| ok p=1
Q35:	|........ ........ ........ ........| ok p=1
Q36:	|........ ........ ........ ........| ok p=1
Q37:	|........ ........ ........ ........| ok p=1
Q38:	|........ ........ ........ ........| ok p=1
Q39:	|........ ........ ........ ........| ok p=1
Q40:	|........ ........ ........ ........| ok p=1
Q41:	|........ ........ ........ ........| ok p=1
Q42:	|........ ........ ........ ........| ok p=1
Q43:	|........ ........ ........ ........| ok p=1
Q44:	|........ ........ ........ ........| ok p=1
Q45:	|........ ........ ........ ........| ok p=1
Q46:	|0....... ........ ........ ........| ok p=1
Q47:	|1....... ........ ........ ........| ok p=0.495117
Q48:	|+....... ........ ........ ........| ok p=1
Q49:	|-....... ........ ........ ........| ok p=1
Q50:	|-....... ........ ........ ........| ok p=1
Q51:	|-....... ........ ........ ........| ok p=1
Q52:	|-....... ........ ........ ........| ok p=1
Q53:	|+....... ........ ........ ........| ok p=0.492188
Q54:	|+....... ........ ......+. ........|
Saving 640000 paths...cached.
Autobalance parameters: maxcond=27 (ab#:2)
Verified: 3953 bad out of 1073805
Estimating maxcond for upper bound 2560000 (=640000 * 4)...
t=54: 0%   10   20   30   40   50   60   70   80   90   100%
      |----|----|----|----|----|----|----|----|----|----|
e     ***************************************************
Found maxcond = 30
t=54: 0%   10   20   30   40   50   60   70   80   90   100%
      |----|----|----|----|----|----|----|----|----|----|
      ***************************************************
Q29:	|........ ........ ........ ........|
Q30:	|........ ........ ........ ........|
Q31:	|........ ........ ........ ........|
Q32:	|........ ........ ........ ........| ok p=1
Q33:	|........ ........ ........ ........| ok p=1
Q34:	|........ ........ ........ ........| ok p=1
Q35:	|........ ........ ........ ........| ok p=1
Q36:	|........ ........ ........ ........| ok p=1
Q37:	|........ ........ ........ ........| ok p=1
Q38:	|........ ........ ........ ........| ok p=1
Q39:	|........ ........ ........ ........| ok p=1
Q40:	|........ ........ ........ ........| ok p=1
Q41:	|........ ........ ........ ........| ok p=1
Q42:	|........ ........ ........ ........| ok p=1
Q43:	|........ ........ ........ ........| ok p=1
Q44:	|........ ........ ........ ........| ok p=1
Q45:	|........ ........ ........ ........| ok p=1
Q46:	|0....... ........ ........ ........| ok p=1
Q47:	|1....... ........ ........ ........| ok p=0.488281
Q48:	|+....... ........ ........ ........| ok p=1
Q49:	|-....... ........ ........ ........| ok p=1
Q50:	|-....... ........ ........ ........| ok p=1
Q51:	|-....... ........ ........ ........| ok p=1
Q52:	|-....... ........ ........ ........| ok p=1
Q53:	|-....... ........ ........ ........| ok p=1
Q54:	|+....... ........ ........ ........| ok p=0.523438
Q55:	|+....... ........ .+...... ........|
Saving 640000 paths...cached.
Autobalance parameters: maxcond=28 (ab#:2)
Verified: 4150 bad out of 1045434
Estimating maxcond for upper bound 2560000 (=640000 * 4)...
t=55: 0%   10   20   30   40   50   60   70   80   90   100%
      |----|----|----|----|----|----|----|----|----|----|
e     ***************************************************
Found maxcond = 31
t=55: 0%   10   20   30   40   50   60   70   80   90   100%
      |----|----|----|----|----|----|----|----|----|----|
      ***************************************************
Q29:	|........ ........ ........ ........|
Q30:	|........ ........ ........ ........|
Q31:	|........ ........ ........ ........|
Q32:	|........ ........ ........ ........| ok p=1
Q33:	|........ ........ ........ ........| ok p=1
Q34:	|........ ........ ........ ........| ok p=1
Q35:	|........ ........ ........ ........| ok p=1
Q36:	|........ ........ ........ ........| ok p=1
Q37:	|........ ........ ........ ........| ok p=1
Q38:	|........ ........ ........ ........| ok p=1
Q39:	|........ ........ ........ ........| ok p=1
Q40:	|........ ........ ........ ........| ok p=1
Q41:	|........ ........ ........ ........| ok p=1
Q42:	|........ ........ ........ ........| ok p=1
Q43:	|........ ........ ........ ........| ok p=1
Q44:	|........ ........ ........ ........| ok p=1
Q45:	|........ ........ ........ ........| ok p=1
Q46:	|0....... ........ ........ ........| ok p=1
Q47:	|1....... ........ ........ ........| ok p=0.505859
Q48:	|+....... ........ ........ ........| ok p=1
Q49:	|-....... ........ ........ ........| ok p=1
Q50:	|-....... ........ ........ ........| ok p=1
Q51:	|-....... ........ ........ ........| ok p=1
Q52:	|-....... ........ ........ ........| ok p=1
Q53:	|-....... ........ ........ ........| ok p=1
Q54:	|-....... ........ ........ ........| ok p=1
Q55:	|+....... ........ ........ ........| ok p=0.505859
Q56:	|+....... ...+.... ........ ........|
Saving 640000 paths...cached.
Autobalance parameters: maxcond=29 (ab#:2)
Verified: 580 bad out of 1071040
Estimating maxcond for upper bound 2560000 (=640000 * 4)...
t=56: 0%   10   20   30   40   50   60   70   80   90   100%
      |----|----|----|----|----|----|----|----|----|----|
e     ***************************************************
Found maxcond = 32
t=56: 0%   10   20   30   40   50   60   70   80   90   100%
      |----|----|----|----|----|----|----|----|----|----|
      ***************************************************
Q29:	|........ ........ ........ ........|
Q30:	|........ ........ ........ ........|
Q31:	|........ ........ ........ ........|
Q32:	|........ ........ ........ ........| ok p=1
Q33:	|........ ........ ........ ........| ok p=1
Q34:	|........ ........ ........ ........| ok p=1
Q35:	|........ ........ ........ ........| ok p=1
Q36:	|........ ........ ........ ........| ok p=1
Q37:	|........ ........ ........ ........| ok p=1
Q38:	|........ ........ ........ ........| ok p=1
Q39:	|........ ........ ........ ........| ok p=1
Q40:	|........ ........ ........ ........| ok p=1
Q41:	|........ ........ ........ ........| ok p=1
Q42:	|........ ........ ........ ........| ok p=1
Q43:	|........ ........ ........ ........| ok p=1
Q44:	|........ ........ ........ ........| ok p=1
Q45:	|........ ........ ........ ........| ok p=1
Q46:	|0....... ........ ........ ........| ok p=1
Q47:	|1....... ........ ........ ........| ok p=0.511719
Q48:	|+....... ........ ........ ........| ok p=1
Q49:	|-....... ........ ........ ........| ok p=1
Q50:	|-....... ........ ........ ........| ok p=1
Q51:	|-....... ........ ........ ........| ok p=1
Q52:	|-....... ........ ........ ........| ok p=1
Q53:	|-....... ........ ........ ........| ok p=1
Q54:	|-....... ........ ........ ........| ok p=1
Q55:	|-....... ........ ........ ........| ok p=1
Q56:	|+....... ........ ........ ........| ok p=0.498047
Q57:	|+....... ........ ........ ..+.....|
Saving 640000 paths...cached.
Autobalance parameters: maxcond=30 (ab#:2)
Verified: 3319 bad out of 1051688
Estimating maxcond for upper bound 2560000 (=640000 * 4)...
t=57: 0%   10   20   30   40   50   60   70   80   90   100%
      |----|----|----|----|----|----|----|----|----|----|
e     ***************************************************
Found maxcond = 33
t=57: 0%   10   20   30   40   50   60   70   80   90   100%
      |----|----|----|----|----|----|----|----|----|----|
      ***************************************************
Q29:	|........ ........ ........ ........|
Q30:	|........ ........ ........ ........|
Q31:	|........ ........ ........ ........|
Q32:	|........ ........ ........ ........| ok p=1
Q33:	|........ ........ ........ ........| ok p=1
Q34:	|........ ........ ........ ........| ok p=1
Q35:	|........ ........ ........ ........| ok p=1
Q36:	|........ ........ ........ ........| ok p=1
Q37:	|........ ........ ........ ........| ok p=1
Q38:	|........ ........ ........ ........| ok p=1
Q39:	|........ ........ ........ ........| ok p=1
Q40:	|........ ........ ........ ........| ok p=1
Q41:	|........ ........ ........ ........| ok p=1
Q42:	|........ ........ ........ ........| ok p=1
Q43:	|........ ........ ........ ........| ok p=1
Q44:	|........ ........ ........ ........| ok p=1
Q45:	|........ ........ ........ ........| ok p=1
Q46:	|0....... ........ ........ ........| ok p=1
Q47:	|1....... ........ ........ ........| ok p=0.498047
Q48:	|+....... ........ ........ ........| ok p=1
Q49:	|-....... ........ ........ ........| ok p=1
Q50:	|-....... ........ ........ ........| ok p=1
Q51:	|-....... ........ ........ ........| ok p=1
Q52:	|-....... ........ ........ ........| ok p=1
Q53:	|-....... ........ ........ ........| ok p=1
Q54:	|-....... ........ ........ ........| ok p=1
Q55:	|-....... ........ ........ ........| ok p=1
Q56:	|-....... ........ ........ ........| ok p=1
Q57:	|+....... ........ ........ ........| ok p=0.492188
Q58:	|+....... ........ ......+. ........|
Saving 640000 paths...cached.
Autobalance parameters: maxcond=31 (ab#:2)
Verified: 4176 bad out of 1095962
Estimating maxcond for upper bound 2560000 (=640000 * 4)...
t=58: 0%   10   20   30   40   50   60   70   80   90   100%
      |----|----|----|----|----|----|----|----|----|----|
e     ***************************************************
Found maxcond = 34
t=58: 0%   10   20   30   40   50   60   70   80   90   100%
      |----|----|----|----|----|----|----|----|----|----|
      ***************************************************
Q29:	|........ ........ ........ ........|
Q30:	|........ ........ ........ ........|
Q31:	|........ ........ ........ ........|
Q32:	|........ ........ ........ ........| ok p=1
Q33:	|........ ........ ........ ........| ok p=1
Q34:	|........ ........ ........ ........| ok p=1
Q35:	|........ ........ ........ ........| ok p=1
Q36:	|........ ........ ........ ........| ok p=1
Q37:	|........ ........ ........ ........| ok p=1
Q38:	|........ ........ ........ ........| ok p=1
Q39:	|........ ........ ........ ........| ok p=1
Q40:	|........ ........ ........ ........| ok p=1
Q41:	|........ ........ ........ ........| ok p=1
Q42:	|........ ........ ........ ........| ok p=1
Q43:	|........ ........ ........ ........| ok p=1
Q44:	|........ ........ ........ ........| ok p=1
Q45:	|........ ........ ........ ........| ok p=1
Q46:	|0....... ........ ........ ........| ok p=1
Q47:	|1....... ........ ........ ........| ok p=0.495117
Q48:	|+....... ........ ........ ........| ok p=1
Q49:	|-....... ........ ........ ........| ok p=1
Q50:	|-....... ........ ........ ........| ok p=1
Q51:	|-....... ........ ........ ........| ok p=1
Q52:	|-....... ........ ........ ........| ok p=1
Q53:	|-....... ........ ........ ........| ok p=1
Q54:	|-....... ........ ........ ........| ok p=1
Q55:	|-....... ........ ........ ........| ok p=1
Q56:	|-....... ........ ........ ........| ok p=1
Q57:	|-....... ........ ........ ........| ok p=1
Q58:	|+....... ........ ........ ........| ok p=0.523438
Q59:	|+....... ........ .+...... ........|
Saving 640000 paths...cached.
Autobalance parameters: maxcond=32 (ab#:2)
Verified: 4190 bad out of 1049897
Estimating maxcond for upper bound 2560000 (=640000 * 4)...
t=59: 0%   10   20   30   40   50   60   70   80   90   100%
      |----|----|----|----|----|----|----|----|----|----|
e     ***************************************************
Found maxcond = 35
t=59: 0%   10   20   30   40   50   60   70   80   90   100%
      |----|----|----|----|----|----|----|----|----|----|
      ***************************************************
Q29:	|........ ........ ........ ........|
Q30:	|........ ........ ........ ........|
Q31:	|........ ........ ........ ........|
Q32:	|........ ........ ........ ........| ok p=1
Q33:	|........ ........ ........ ........| ok p=1
Q34:	|........ ........ ........ ........| ok p=1
Q35:	|........ ........ ........ ........| ok p=1
Q36:	|........ ........ ........ ........| ok p=1
Q37:	|........ ........ ........ ........| ok p=1
Q38:	|........ ........ ........ ........| ok p=1
Q39:	|........ ........ ........ ........| ok p=1
Q40:	|........ ........ ........ ........| ok p=1
Q41:	|........ ........ ........ ........| ok p=1
Q42:	|........ ........ ........ ........| ok p=1
Q43:	|........ ........ ........ ........| ok p=1
Q44:	|........ ........ ........ ........| ok p=1
Q45:	|........ ........ ........ ........| ok p=1
Q46:	|0....... ........ ........ ........| ok p=1
Q47:	|1....... ........ ........ ........| ok p=0.481445
Q48:	|+....... ........ ........ ........| ok p=1
Q49:	|-....... ........ ........ ........| ok p=1
Q50:	|-....... ........ ........ ........| ok p=1
Q51:	|-....... ........ ........ ........| ok p=1
Q52:	|-....... ........ ........ ........| ok p=1
Q53:	|-....... ........ ........ ........| ok p=1
Q54:	|-....... ........ ........ ........| ok p=1
Q55:	|-....... ........ ........ ........| ok p=1
Q56:	|-....... ........ ........ ........| ok p=1
Q57:	|-....... ........ ........ ........| ok p=1
Q58:	|-....... ........ ........ ........| ok p=1
Q59:	|+....... ........ ........ ........| ok p=0.488281
Q60:	|+....... ...+.... ........ ........|
Saving 640000 paths...cached.
Autobalance parameters: maxcond=33 (ab#:2)
Verified: 484 bad out of 1076388
Estimating maxcond for upper bound 2560000 (=640000 * 4)...
t=60: 0%   10   20   30   40   50   60   70   80   90   100%
      |----|----|----|----|----|----|----|----|----|----|
e     ***************************************************
Found maxcond = 36
t=60: 0%   10   20   30   40   50   60   70   80   90   100%
      |----|----|----|----|----|----|----|----|----|----|
      ***************************************************
Q29:	|........ ........ ........ ........|
Q30:	|........ ........ ........ ........|
Q31:	|........ ........ ........ ........|
Q32:	|........ ........ ........ ........| ok p=1
Q33:	|........ ........ ........ ........| ok p=1
Q34:	|........ ........ ........ ........| ok p=1
Q35:	|........ ........ ........ ........| ok p=1
Q36:	|........ ........ ........ ........| ok p=1
Q37:	|........ ........ ........ ........| ok p=1
Q38:	|........ ........ ........ ........| ok p=1
Q39:	|........ ........ ........ ........| ok p=1
Q40:	|........ ........ ........ ........| ok p=1
Q41:	|........ ........ ........ ........| ok p=1
Q42:	|........ ........ ........ ........| ok p=1
Q43:	|........ ........ ........ ........| ok p=1
Q44:	|........ ........ ........ ........| ok p=1
Q45:	|........ ........ ........ ........| ok p=1
Q46:	|0....... ........ ........ ........| ok p=1
Q47:	|1....... ........ ........ ........| ok p=0.490234
Q48:	|+....... ........ ........ ........| ok p=1
Q49:	|-....... ........ ........ ........| ok p=1
Q50:	|-....... ........ ........ ........| ok p=1
Q51:	|-....... ........ ........ ........| ok p=1
Q52:	|-....... ........ ........ ........| ok p=1
Q53:	|-....... ........ ........ ........| ok p=1
Q54:	|-....... ........ ........ ........| ok p=1
Q55:	|-....... ........ ........ ........| ok p=1
Q56:	|-....... ........ ........ ........| ok p=1
Q57:	|-....... ........ ........ ........| ok p=1
Q58:	|-....... ........ ........ ........| ok p=1
Q59:	|-....... ........ ........ ........| ok p=1
Q60:	|+....... ........ ........ ........| ok p=0.49707
Q61:	|+....... ........ ........ ..+.....|
Saving 640000 paths...cached.
Autobalance parameters: maxcond=34 (ab#:2)
Verified: 3349 bad out of 1051036
Estimating maxcond for upper bound 2560000 (=640000 * 4)...
t=61: 0%   10   20   30   40   50   60   70   80   90   100%
      |----|----|----|----|----|----|----|----|----|----|
e     ***************************************************
Found maxcond = 37
t=61: 0%   10   20   30   40   50   60   70   80   90   100%
      |----|----|----|----|----|----|----|----|----|----|
      ***************************************************
Q29:	|........ ........ ........ ........|
Q30:	|........ ........ ........ ........|
Q31:	|........ ........ ........ ........|
Q32:	|........ ........ ........ ........| ok p=1
Q33:	|........ ........ ........ ........| ok p=1
Q34:	|........ ........ ........ ........| ok p=1
Q35:	|........ ........ ........ ........| ok p=1
Q36:	|........ ........ ........ ........| ok p=1
Q37:	|........ ........ ........ ........| ok p=1
Q38:	|........ ........ ........ ........| ok p=1
Q39:	|........ ........ ........ ........| ok p=1
Q40:	|........ ........ ........ ........| ok p=1
Q41:	|........ ........ ........ ........| ok p=1
Q42:	|........ ........ ........ ........| ok p=1
Q43:	|........ ........ ........ ........| ok p=1
Q44:	|........ ........ ........ ........| ok p=1
Q45:	|........ ........ ........ ........| ok p=1
Q46:	|0....... ........ ........ ........| ok p=1
Q47:	|1....... ........ ........ ........| ok p=0.526367
Q48:	|+....... ........ ........ ........| ok p=1
Q49:	|-....... ........ ........ ........| ok p=1
Q50:	|-....... ........ ........ ........| ok p=1
Q51:	|-....... ........ ........ ........| ok p=1
Q52:	|-....... ........ ........ ........| ok p=1
Q53:	|-....... ........ ........ ........| ok p=1
Q54:	|-....... ........ ........ ........| ok p=1
Q55:	|-....... ........ ........ ........| ok p=1
Q56:	|-....... ........ ........ ........| ok p=1
Q57:	|-....... ........ ........ ........| ok p=1
Q58:	|-....... ........ ........ ........| ok p=1
Q59:	|-....... ........ ........ ........| ok p=1
Q60:	|-....... ........ ........ ........| ok p=1
Q61:	|+....... ........ ........ ........| ok p=0.501953
Q62:	|+....... ........ ......+. ........|
Saving 640000 paths...cached.
Autobalance parameters: maxcond=35 (ab#:2)
Verified: 4310 bad out of 1096363
Estimating maxcond for upper bound 2560000 (=640000 * 4)...
t=62: 0%   10   20   30   40   50   60   70   80   90   100%
      |----|----|----|----|----|----|----|----|----|----|
e     ***************************************************
Found maxcond = 38
t=62: 0%   10   20   30   40   50   60   70   80   90   100%
      |----|----|----|----|----|----|----|----|----|----|
      ***************************************************
Q29:	|........ ........ ........ ........|
Q30:	|........ ........ ........ ........|
Q31:	|........ ........ ........ ........|
Q32:	|........ ........ ........ ........| ok p=1
Q33:	|........ ........ ........ ........| ok p=1
Q34:	|........ ........ ........ ........| ok p=1
Q35:	|........ ........ ........ ........| ok p=1
Q36:	|........ ........ ........ ........| ok p=1
Q37:	|........ ........ ........ ........| ok p=1
Q38:	|........ ........ ........ ........| ok p=1
Q39:	|........ ........ ........ ........| ok p=1
Q40:	|........ ........ ........ ........| ok p=1
Q41:	|........ ........ ........ ........| ok p=1
Q42:	|........ ........ ........ ........| ok p=1
Q43:	|........ ........ ........ ........| ok p=1
Q44:	|........ ........ ........ ........| ok p=1
Q45:	|........ ........ ........ ........| ok p=1
Q46:	|0....... ........ ........ ........| ok p=1
Q47:	|1....... ........ ........ ........| ok p=0.494141
Q48:	|+....... ........ ........ ........| ok p=1
Q49:	|-....... ........ ........ ........| ok p=1
Q50:	|-....... ........ ........ ........| ok p=1
Q51:	|-....... ........ ........ ........| ok p=1
Q52:	|-....... ........ ........ ........| ok p=1
Q53:	|-....... ........ ........ ........| ok p=1
Q54:	|-....... ........ ........ ........| ok p=1
Q55:	|-....... ........ ........ ........| ok p=1
Q56:	|-....... ........ ........ ........| ok p=1
Q57:	|-....... ........ ........ ........| ok p=1
Q58:	|-....... ........ ........ ........| ok p=1
Q59:	|-....... ........ ........ ........| ok p=1
Q60:	|-....... ........ ........ ........| ok p=1
Q61:	|-....... ........ ........ ........| ok p=1
Q62:	|+....... ........ ........ ........| ok p=0.509766
Q63:	|+....... +....... .+...... ........|
Saving 640000 paths...done. (2.97139s)
Autobalance parameters: maxcond=36 (ab#:2)
Verified: 3873 bad out of 1047807
Runtime: 12.1648
Warning: no OS randomness!
Extend MD5 differential paths forward
Copyright (C) 2009 Marc Stevens
http://homepages.cwi.nl/~stevens/

delta_m[2] = [!8!]
Loading upper_1_640000/paths62_0of1...done: 640000 (work:640000). (2.72954s)
Estimating maxcond for upper bound 32 (=16 * 2)...
t=63: 0%   10   20   30   40   50   60   70   80   90   100%
      |----|----|----|----|----|----|----|----|----|----|
e     ***************************************************
Found maxcond = 22
t=63: 0%   10   20   30   40   50   60   70   80   90   100%
      |----|----|----|----|----|----|----|----|----|----|
      ***************************************************
Q29:	|........ ........ ........ ........|
Q30:	|........ ........ ........ ........|
Q31:	|........ ........ ........ ........|
Q32:	|........ ........ ........ ........| ok p=1
Q33:	|........ ........ ........ ........| ok p=1
Q34:	|........ ........ ........ ........| ok p=1
Q35:	|........ ........ ........ ........| ok p=1
Q36:	|........ ........ ........ ........| ok p=1
Q37:	|........ ........ ........ ........| ok p=1
Q38:	|........ ........ ........ ........| ok p=1
Q39:	|........ ........ ........ ........| ok p=1
Q40:	|........ ........ ........ ........| ok p=1
Q41:	|........ ........ ........ ........| ok p=1
Q42:	|........ ........ ........ ........| ok p=1
Q43:	|........ ........ ........ ........| ok p=1
Q44:	|........ ........ ........ ........| ok p=1
Q45:	|........ ........ ........ ........| ok p=1
Q46:	|0....... ........ ........ ........| ok p=1
Q47:	|1....... ........ ........ ........| ok p=0.5
Q48:	|+....... ........ ........ ........| ok p=1
Q49:	|+....... ........ ........ ........| ok p=1
Q50:	|-....... ........ ........ ........| ok p=1
Q51:	|+....... ........ ........ ........| ok p=1
Q52:	|-....... ........ ........ ........| ok p=1
Q53:	|+....... ........ ........ ........| ok p=1
Q54:	|-....... ........ ........ ........| ok p=1
Q55:	|+....... ........ ........ ........| ok p=1
Q56:	|-....... ........ ........ ........| ok p=1
Q57:	|+....... ........ ........ ........| ok p=1
Q58:	|-....... ........ ........ ........| ok p=1
Q59:	|+....... ........ ........ ........| ok p=1
Q60:	|-....... ........ ........ ........| ok p=1
Q61:	|+....... 0....... ........ ........| ok p=1
Q62:	|-....... ........ ........ ........| ok p=1
Q63:	|+....... +....... ........ ........| ok p=1
Q64:	|+....... +....... ........ ........|
Saving 16 paths...done. (0.000344038s)
Autobalance parameters: maxcond=20 (ab#:2)
Verified: 0 bad out of 40
Runtime: 3.62657
Warning: no OS randomness!
Extend MD5 differential paths backward
Copyright (C) 2009 Marc Stevens
http://homepages.cwi.nl/~stevens/

delta_m[2] = [!8!]
Loading upper_1_640000/paths63_0of1.bin.gz...done: 16. (0.000150919s)
Estimating maxcond for upper bound 2560000 (=640000 * 4)...
t=31: 0%   10   20   30   40   50   60   70   80   90   100%
      |----|----|----|----|----|----|----|----|----|----|
e     ***************************************************
Found maxcond = 2176
t=31: 0%   10   20   30   40   50   60   70   80   90   100%
      |----|----|----|----|----|----|----|----|----|----|
      ***************************************************
Q28:	|........ ........ ........ ........|
Q29:	|........ ........ ........ ........|
Q30:	|........ ........ ........ ........|
Q31:	|........ ........ ........ ........| ok p=1
Q32:	|........ ........ ........ ........| ok p=1
Q33:	|........ ........ ........ ........| ok p=1
Q34:	|........ ........ ........ ........| ok p=1
Q35:	|........ ........ ........ ........| ok p=1
Q36:	|........ ........ ........ ........| ok p=1
Q37:	|........ ........ ........ ........| ok p=1
Q38:	|........ ........ ........ ........| ok p=1
Q39:	|........ ........ ........ ........| ok p=1
Q40:	|........ ........ ........ ........| ok p=1
Q41:	|........ ........ ........ ........| ok p=1
Q42:	|........ ........ ........ ........| ok p=1
Q43:	|........ ........ ........ ........| ok p=1
Q44:	|........ ........ ........ ........| ok p=1
Q45:	|........ ........ ........ ........| ok p=1
Q46:	|0....... ........ ........ ........| ok p=1
Q47:	|1....... ........ ........ ........| ok p=0.472656
Q48:	|-....... ........ ........ ........| ok p=1
Q49:	|+....... ........ ........ ........| ok p=1
Q50:	|+....... ........ ........ ........| ok p=1
Q51:	|+....... ........ ........ ........| ok p=1
Q52:	|+....... ........ ........ ........| ok p=1
Q53:	|+....... ........ ........ ........| ok p=1
Q54:	|+....... ........ ........ ........| ok p=1
Q55:	|+....... ........ ........ ........| ok p=1
Q56:	|+....... ........ ........ ........| ok p=1
Q57:	|+....... ........ ........ ........| ok p=1
Q58:	|+....... ........ ........ ........| ok p=1
Q59:	|+....... ........ ........ ........| ok p=1
Q60:	|+....... ........ ........ ........| ok p=1
Q61:	|+....... 0....... ........ ........| ok p=1
Q62:	|+....... ........ ........ ........| ok p=0.99707
Q63:	|+....... +....... ........ ........| ok p=1
Q64:	|+....... +....... ........ ........|
Saving 16 paths...done. (9.53674e-07s)
Autobalance parameters: maxcond=2176
Verified: 0 bad out of 16
Estimating maxcond for upper bound 2560000 (=640000 * 4)...
t=30: 0%   10   20   30   40   50   60   70   80   90   100%
      |----|----|----|----|----|----|----|----|----|----|
e     ***************************************************
Found maxcond = 2176
t=30: 0%   10   20   30   40   50   60   70   80   90   100%
      |----|----|----|----|----|----|----|----|----|----|
      ***************************************************
Q27:	|........ ........ ........ ........|
Q28:	|........ ........ ........ ........|
Q29:	|........ ........ ........ ........|
Q30:	|........ ........ ........ ........| ok p=1
Q31:	|........ ........ ........ ........| ok p=1
Q32:	|........ ........ ........ ........| ok p=1
Q33:	|........ ........ ........ ........| ok p=1
Q34:	|........ ........ ........ ........| ok p=1
Q35:	|........ ........ ........ ........| ok p=1
Q36:	|........ ........ ........ ........| ok p=1
Q37:	|........ ........ ........ ........| ok p=1
Q38:	|........ ........ ........ ........| ok p=1
Q39:	|........ ........ ........ ........| ok p=1
Q40:	|........ ........ ........ ........| ok p=1
Q41:	|........ ........ ........ ........| ok p=1
Q42:	|........ ........ ........ ........| ok p=1
Q43:	|........ ........ ........ ........| ok p=1
Q44:	|........ ........ ........ ........| ok p=1
Q45:	|........ ........ ........ ........| ok p=1
Q46:	|0....... ........ ........ ........| ok p=1
Q47:	|1....... ........ ........ ........| ok p=0.460938
Q48:	|+....... ........ ........ ........| ok p=1
Q49:	|+....... ........ ........ ........| ok p=1
Q50:	|-....... ........ ........ ........| ok p=1
Q51:	|+....... ........ ........ ........| ok p=1
Q52:	|-....... ........ ........ ........| ok p=1
Q53:	|+....... ........ ........ ........| ok p=1
Q54:	|-....... ........ ........ ........| ok p=1
Q55:	|+....... ........ ........ ........| ok p=1
Q56:	|-....... ........ ........ ........| ok p=1
Q57:	|+....... ........ ........ ........| ok p=1
Q58:	|-....... ........ ........ ........| ok p=1
Q59:	|+....... ........ ........ ........| ok p=1
Q60:	|-....... ........ ........ ........| ok p=1
Q61:	|+....... 0....... ........ ........| ok p=1
Q62:	|-....... ........ ........ ........| ok p=1
Q63:	|+....... +....... ........ ........| ok p=1
Q64:	|+....... +....... ........ ........|
Saving 16 paths...done. (0s)
Autobalance parameters: maxcond=2176
Verified: 0 bad out of 16
Estimating maxcond for upper bound 2560000 (=640000 * 4)...
t=29: 0%   10   20   30   40   50   60   70   80   90   100%
      |----|----|----|----|----|----|----|----|----|----|
e     ***************************************************
Found maxcond = 2176
t=29: 0%   10   20   30   40   50   60   70   80   90   100%
      |----|----|----|----|----|----|----|----|----|----|
      ***************************************************
Q26:	|........ ........ .......- ........|
Q27:	|........ ........ ........ ........|
Q28:	|........ ........ ........ ........|
Q29:	|........ ........ ........ ........| ok p=1
Q30:	|........ ........ ........ ........| ok p=1
Q31:	|........ ........ ........ ........| ok p=1
Q32:	|........ ........ ........ ........| ok p=1
Q33:	|........ ........ ........ ........| ok p=1
Q34:	|........ ........ ........ ........| ok p=1
Q35:	|........ ........ ........ ........| ok p=1
Q36:	|........ ........ ........ ........| ok p=1
Q37:	|........ ........ ........ ........| ok p=1
Q38:	|........ ........ ........ ........| ok p=1
Q39:	|........ ........ ........ ........| ok p=1
Q40:	|........ ........ ........ ........| ok p=1
Q41:	|........ ........ ........ ........| ok p=1
Q42:	|........ ........ ........ ........| ok p=1
Q43:	|........ ........ ........ ........| ok p=1
Q44:	|........ ........ ........ ........| ok p=1
Q45:	|........ ........ ........ ........| ok p=1
Q46:	|0....... ........ ........ ........| ok p=1
Q47:	|1....... ........ ........ ........| ok p=0.513672
Q48:	|-....... ........ ........ ........| ok p=1
Q49:	|+....... ........ ........ ........| ok p=1
Q50:	|+....... ........ ........ ........| ok p=1
Q51:	|+....... ........ ........ ........| ok p=1
Q52:	|+....... ........ ........ ........| ok p=1
Q53:	|+....... ........ ........ ........| ok p=1
Q54:	|+....... ........ ........ ........| ok p=1
Q55:	|+....... ........ ........ ........| ok p=1
Q56:	|+....... ........ ........ ........| ok p=1
Q57:	|+....... ........ ........ ........| ok p=1
Q58:	|+....... ........ ........ ........| ok p=1
Q59:	|+....... ........ ........ ........| ok p=1
Q60:	|+....... ........ ........ ........| ok p=1
Q61:	|+....... 0....... ........ ........| ok p=1
Q62:	|+....... ........ ........ ........| ok p=0.99707
Q63:	|+....... +....... ........ ........| ok p=1
Q64:	|+....... +....... ........ ........|
Saving 16 paths...done. (9.53674e-07s)
Autobalance parameters: maxcond=2176
Verified: 0 bad out of 16
Estimating maxcond for upper bound 2560000 (=640000 * 4)...
t=28: 0%   10   20   30   40   50   60   70   80   90   100%
      |----|----|----|----|----|----|----|----|----|----|
e     ***************************************************
Found maxcond = 2176
t=28: 0%   10   20   30   40   50   60   70   80   90   100%
      |----|----|----|----|----|----|----|----|----|----|
      ***************************************************
Q25:	|........ ........ ........ ........|
Q26:	|........ ........ .......- ........|
Q27:	|........ ........ ........ ........|
Q28:	|........ ........ .......^ ........| ok p=1
Q29:	|........ ........ ........ ........| ok p=1
Q30:	|........ ........ ........ ........| ok p=1
Q31:	|........ ........ ........ ........| ok p=1
Q32:	|........ ........ ........ ........| ok p=1
Q33:	|........ ........ ........ ........| ok p=1
Q34:	|........ ........ ........ ........| ok p=1
Q35:	|........ ........ ........ ........| ok p=1
Q36:	|........ ........ ........ ........| ok p=1
Q37:	|........ ........ ........ ........| ok p=1
Q38:	|........ ........ ........ ........| ok p=1
Q39:	|........ ........ ........ ........| ok p=1
Q40:	|........ ........ ........ ........| ok p=1
Q41:	|........ ........ ........ ........| ok p=1
Q42:	|........ ........ ........ ........| ok p=1
Q43:	|........ ........ ........ ........| ok p=1
Q44:	|........ ........ ........ ........| ok p=1
Q45:	|........ ........ ........ ........| ok p=1
Q46:	|0....... ........ ........ ........| ok p=1
Q47:	|1....... ........ ........ ........| ok p=0.487305
Q48:	|-....... ........ ........ ........| ok p=1
Q49:	|-....... ........ ........ ........| ok p=1
Q50:	|+....... ........ ........ ........| ok p=1
Q51:	|-....... ........ ........ ........| ok p=1
Q52:	|+....... ........ ........ ........| ok p=1
Q53:	|-....... ........ ........ ........| ok p=1
Q54:	|+....... ........ ........ ........| ok p=1
Q55:	|-....... ........ ........ ........| ok p=1
Q56:	|+....... ........ ........ ........| ok p=1
Q57:	|-....... ........ ........ ........| ok p=1
Q58:	|+....... ........ ........ ........| ok p=1
Q59:	|-....... ........ ........ ........| ok p=1
Q60:	|+....... ........ ........ ........| ok p=1
Q61:	|-....... 0....... ........ ........| ok p=1
Q62:	|+....... ........ ........ ........| ok p=1
Q63:	|-....... +....... ........ ........| ok p=1
Q64:	|+....... +....... ........ ........|
Saving 157440 paths...done. (1.19209e-06s)
Autobalance parameters: maxcond=2176
Verified: 0 bad out of 157440
Estimating maxcond for upper bound 2560000 (=640000 * 4)...
t=27: 0%   10   20   30   40   50   60   70   80   90   100%
      |----|----|----|----|----|----|----|----|----|----|
e     ***************************************************
Found maxcond = 47
t=27: 0%   10   20   30   40   50   60   70   80   90   100%
      |----|----|----|----|----|----|----|----|----|----|
      ***************************************************
Q24:	|........ ........ ........ ........|
Q25:	|........ ........ .......1 ........|
Q26:	|........ ........ .......- ........|
Q27:	|........ ........ ........ ........| ok p=1
Q28:	|........ ........ .......^ ........| ok p=1
Q29:	|........ ........ ........ ........| ok p=1
Q30:	|........ ........ ........ ........| ok p=1
Q31:	|........ ........ ........ ........| ok p=1
Q32:	|........ ........ ........ ........| ok p=1
Q33:	|........ ........ ........ ........| ok p=1
Q34:	|........ ........ ........ ........| ok p=1
Q35:	|........ ........ ........ ........| ok p=1
Q36:	|........ ........ ........ ........| ok p=1
Q37:	|........ ........ ........ ........| ok p=1
Q38:	|........ ........ ........ ........| ok p=1
Q39:	|........ ........ ........ ........| ok p=1
Q40:	|........ ........ ........ ........| ok p=1
Q41:	|........ ........ ........ ........| ok p=1
Q42:	|........ ........ ........ ........| ok p=1
Q43:	|........ ........ ........ ........| ok p=1
Q44:	|........ ........ ........ ........| ok p=1
Q45:	|........ ........ ........ ........| ok p=1
Q46:	|0....... ........ ........ ........| ok p=1
Q47:	|1....... ........ ........ ........| ok p=0.508789
Q48:	|-....... ........ ........ ........| ok p=1
Q49:	|+....... ........ ........ ........| ok p=1
Q50:	|+....... ........ ........ ........| ok p=1
Q51:	|+....... ........ ........ ........| ok p=1
Q52:	|+....... ........ ........ ........| ok p=1
Q53:	|+....... ........ ........ ........| ok p=1
Q54:	|+....... ........ ........ ........| ok p=1
Q55:	|+....... ........ ........ ........| ok p=1
Q56:	|+....... ........ ........ ........| ok p=1
Q57:	|+....... ........ ........ ........| ok p=1
Q58:	|+....... ........ ........ ........| ok p=1
Q59:	|+....... ........ ........ ........| ok p=1
Q60:	|+....... ........ ........ ........| ok p=1
Q61:	|+....... 0....... ........ ........| ok p=1
Q62:	|+....... ........ ........ ........| ok p=0.996094
Q63:	|+....... +....... ........ ........| ok p=1
Q64:	|+....... +....... ........ ........|
Saving 640000 paths...done. (1.90735e-06s)
Autobalance parameters: maxcond=44
Verified: 0 bad out of 1233355
Estimating maxcond for upper bound 2560000 (=640000 * 4)...
t=26: 0%   10   20   30   40   50   60   70   80   90   100%
      |----|----|----|----|----|----|----|----|----|----|
e     ***************************************************
Found maxcond = 45
t=26: 0%   10   20   30   40   50   60   70   80   90   100%
      |----|----|----|----|----|----|----|----|----|----|
      ***************************************************
Q23:	|.....+.. ........ ........ ........|
Q24:	|........ ........ .......+ ........|
Q25:	|........ ........ .......0 ........|
Q26:	|........ ........ .......- ........| ok p=0.983398
Q27:	|........ ........ ........ ........| ok p=1
Q28:	|........ ........ .......^ ........| ok p=1
Q29:	|........ ........ ........ ........| ok p=1
Q30:	|........ ........ ........ ........| ok p=1
Q31:	|........ ........ ........ ........| ok p=1
Q32:	|........ ........ ........ ........| ok p=1
Q33:	|........ ........ ........ ........| ok p=1
Q34:	|........ ........ ........ ........| ok p=1
Q35:	|........ ........ ........ ........| ok p=1
Q36:	|........ ........ ........ ........| ok p=1
Q37:	|........ ........ ........ ........| ok p=1
Q38:	|........ ........ ........ ........| ok p=1
Q39:	|........ ........ ........ ........| ok p=1
Q40:	|........ ........ ........ ........| ok p=1
Q41:	|........ ........ ........ ........| ok p=1
Q42:	|........ ........ ........ ........| ok p=1
Q43:	|........ ........ ........ ........| ok p=1
Q44:	|........ ........ ........ ........| ok p=1
Q45:	|........ ........ ........ ........| ok p=1
Q46:	|0....... ........ ........ ........| ok p=1
Q47:	|1....... ........ ........ ........| ok p=0.491211
Q48:	|-....... ........ ........ ........| ok p=1
Q49:	|+....... ........ ........ ........| ok p=1
Q50:	|+....... ........ ........ ........| ok p=1
Q51:	|+....... ........ ........ ........| ok p=1
Q52:	|+....... ........ ........ ........| ok p=1
Q53:	|+....... ........ ........ ........| ok p=1
Q54:	|+....... ........ ........ ........| ok p=1
Q55:	|+....... ........ ........ ........| ok p=1
Q56:	|+....... ........ ........ ........| ok p=1
Q57:	|+....... ........ ........ ........| ok p=1
Q58:	|+....... ........ ........ ........| ok p=1
Q59:	|+....... ........ ........ ........| ok p=1
Q60:	|+....... ........ ........ ........| ok p=1
Q61:	|+....... 0....... ........ ........| ok p=1
Q62:	|+....... ........ ........ ........| ok p=0.995117
Q63:	|+....... +....... ........ ........| ok p=1
Q64:	|+....... +....... ........ ........|
Saving 640000 paths...done. (9.53674e-07s)
Autobalance parameters: maxcond=42
Verified: 0 bad out of 1215251
Estimating maxcond for upper bound 2560000 (=640000 * 4)...
t=25: 0%   10   20   30   40   50   60   70   80   90   100%
      |----|----|----|----|----|----|----|----|----|----|
e     ***************************************************
Found maxcond = 44
t=25: 0%   10   20   30   40   50   60   70   80   90   100%
      |----|----|----|----|----|----|----|----|----|----|
      ***************************************************
Q22:	|+....... ........ ........ .......-|
Q23:	|.....+.. ........ ........ ........|
Q24:	|........ ........ .......0 ........|
Q25:	|.....^.. ........ .......1 ........| ok p=0.49707
Q26:	|........ ........ .......- ........| ok p=0.979492
Q27:	|........ ........ ........ ........| ok p=1
Q28:	|........ ........ .......^ ........| ok p=1
Q29:	|........ ........ ........ ........| ok p=1
Q30:	|........ ........ ........ ........| ok p=1
Q31:	|........ ........ ........ ........| ok p=1
Q32:	|........ ........ ........ ........| ok p=1
Q33:	|........ ........ ........ ........| ok p=1
Q34:	|........ ........ ........ ........| ok p=1
Q35:	|........ ........ ........ ........| ok p=1
Q36:	|........ ........ ........ ........| ok p=1
Q37:	|........ ........ ........ ........| ok p=1
Q38:	|........ ........ ........ ........| ok p=1
Q39:	|........ ........ ........ ........| ok p=1
Q40:	|........ ........ ........ ........| ok p=1
Q41:	|........ ........ ........ ........| ok p=1
Q42:	|........ ........ ........ ........| ok p=1
Q43:	|........ ........ ........ ........| ok p=1
Q44:	|........ ........ ........ ........| ok p=1
Q45:	|........ ........ ........ ........| ok p=1
Q46:	|0....... ........ ........ ........| ok p=1
Q47:	|1....... ........ ........ ........| ok p=0.515625
Q48:	|+....... ........ ........ ........| ok p=1
Q49:	|+....... ........ ........ ........| ok p=1
Q50:	|-....... ........ ........ ........| ok p=1
Q51:	|+....... ........ ........ ........| ok p=1
Q52:	|-....... ........ ........ ........| ok p=1
Q53:	|+....... ........ ........ ........| ok p=1
Q54:	|-....... ........ ........ ........| ok p=1
Q55:	|+....... ........ ........ ........| ok p=1
Q56:	|-....... ........ ........ ........| ok p=1
Q57:	|+....... ........ ........ ........| ok p=1
Q58:	|-....... ........ ........ ........| ok p=1
Q59:	|+....... ........ ........ ........| ok p=1
Q60:	|-....... ........ ........ ........| ok p=1
Q61:	|+....... 0....... ........ ........| ok p=1
Q62:	|-....... ........ ........ ........| ok p=1
Q63:	|+....... +....... ........ ........| ok p=1
Q64:	|+....... +....... ........ ........|
Saving 640000 paths...done. (9.53674e-07s)
Autobalance parameters: maxcond=42
Verified: 0 bad out of 1172612
Estimating maxcond for upper bound 2560000 (=640000 * 4)...
t=24: 0%   10   20   30   40   50   60   70   80   90   100%
      |----|----|----|----|----|----|----|----|----|----|
e     ***************************************************
Found maxcond = 44
t=24: 0%   10   20   30   40   50   60   70   80   90   100%
      |----|----|----|----|----|----|----|----|----|----|
      ***************************************************
Q21:	|........ ........ ........ ........|
Q22:	|+....1.. ........ ........ ........|
Q23:	|.....+.. ........ ........ ........|
Q24:	|^....... ........ .......0 ........| ok p=1
Q25:	|.....^.. ........ .......1 ........| ok p=0.486328
Q26:	|........ ........ .......- ........| ok p=0.984375
Q27:	|........ ........ ........ ........| ok p=1
Q28:	|........ ........ .......^ ........| ok p=1
Q29:	|........ ........ ........ ........| ok p=1
Q30:	|........ ........ ........ ........| ok p=1
Q31:	|........ ........ ........ ........| ok p=1
Q32:	|........ ........ ........ ........| ok p=1
Q33:	|........ ........ ........ ........| ok p=1
Q34:	|........ ........ ........ ........| ok p=1
Q35:	|........ ........ ........ ........| ok p=1
Q36:	|........ ........ ........ ........| ok p=1
Q37:	|........ ........ ........ ........| ok p=1
Q38:	|........ ........ ........ ........| ok p=1
Q39:	|........ ........ ........ ........| ok p=1
Q40:	|........ ........ ........ ........| ok p=1
Q41:	|........ ........ ........ ........| ok p=1
Q42:	|........ ........ ........ ........| ok p=1
Q43:	|........ ........ ........ ........| ok p=1
Q44:	|........ ........ ........ ........| ok p=1
Q45:	|........ ........ ........ ........| ok p=1
Q46:	|0....... ........ ........ ........| ok p=1
Q47:	|1....... ........ ........ ........| ok p=0.536133
Q48:	|+....... ........ ........ ........| ok p=1
Q49:	|+....... ........ ........ ........| ok p=1
Q50:	|-....... ........ ........ ........| ok p=1
Q51:	|+....... ........ ........ ........| ok p=1
Q52:	|-....... ........ ........ ........| ok p=1
Q53:	|+....... ........ ........ ........| ok p=1
Q54:	|-....... ........ ........ ........| ok p=1
Q55:	|+....... ........ ........ ........| ok p=1
Q56:	|-....... ........ ........ ........| ok p=1
Q57:	|+....... ........ ........ ........| ok p=1
Q58:	|-....... ........ ........ ........| ok p=1
Q59:	|+....... ........ ........ ........| ok p=1
Q60:	|-....... ........ ........ ........| ok p=1
Q61:	|+....... 0....... ........ ........| ok p=1
Q62:	|-....... ........ ........ ........| ok p=1
Q63:	|+....... +....... ........ ........| ok p=1
Q64:	|+....... +....... ........ ........|
Saving 640000 paths...done. (9.53674e-07s)
Autobalance parameters: maxcond=42
Verified: 0 bad out of 1136790
Estimating maxcond for upper bound 2560000 (=640000 * 4)...
t=23: 0%   10   20   30   40   50   60   70   80   90   100%
      |----|----|----|----|----|----|----|----|----|----|
e     ***************************************************
Found maxcond = 45
t=23: 0%   10   20   30   40   50   60   70   80   90   100%
      |----|----|----|----|----|----|----|----|----|----|
      ***************************************************
Q20:	|........ ........ ........ .-......|
Q21:	|1....-.. ........ ........ ........|
Q22:	|+....0.. ........ ........ ........|
Q23:	|.....+.. ........ ........ ........| ok p=0.975586
Q24:	|^....... ........ .......0 ........| ok p=1
Q25:	|.....^.. ........ .......1 ........| ok p=0.493164
Q26:	|........ ........ .......- ........| ok p=0.987305
Q27:	|........ ........ ........ ........| ok p=1
Q28:	|........ ........ .......^ ........| ok p=1
Q29:	|........ ........ ........ ........| ok p=1
Q30:	|........ ........ ........ ........| ok p=1
Q31:	|........ ........ ........ ........| ok p=1
Q32:	|........ ........ ........ ........| ok p=1
Q33:	|........ ........ ........ ........| ok p=1
Q34:	|........ ........ ........ ........| ok p=1
Q35:	|........ ........ ........ ........| ok p=1
Q36:	|........ ........ ........ ........| ok p=1
Q37:	|........ ........ ........ ........| ok p=1
Q38:	|........ ........ ........ ........| ok p=1
Q39:	|........ ........ ........ ........| ok p=1
Q40:	|........ ........ ........ ........| ok p=1
Q41:	|........ ........ ........ ........| ok p=1
Q42:	|........ ........ ........ ........| ok p=1
Q43:	|........ ........ ........ ........| ok p=1
Q44:	|........ ........ ........ ........| ok p=1
Q45:	|........ ........ ........ ........| ok p=1
Q46:	|0....... ........ ........ ........| ok p=1
Q47:	|1....... ........ ........ ........| ok p=0.482422
Q48:	|+....... ........ ........ ........| ok p=1
Q49:	|+....... ........ ........ ........| ok p=1
Q50:	|-....... ........ ........ ........| ok p=1
Q51:	|+....... ........ ........ ........| ok p=1
Q52:	|-....... ........ ........ ........| ok p=1
Q53:	|+....... ........ ........ ........| ok p=1
Q54:	|-....... ........ ........ ........| ok p=1
Q55:	|+....... ........ ........ ........| ok p=1
Q56:	|-....... ........ ........ ........| ok p=1
Q57:	|+....... ........ ........ ........| ok p=1
Q58:	|-....... ........ ........ ........| ok p=1
Q59:	|+....... ........ ........ ........| ok p=1
Q60:	|-....... ........ ........ ........| ok p=1
Q61:	|+....... 0....... ........ ........| ok p=1
Q62:	|-....... ........ ........ ........| ok p=1
Q63:	|+....... +....... ........ ........| ok p=1
Q64:	|+....... +....... ........ ........|
Saving 640000 paths...done. (9.53674e-07s)
Autobalance parameters: maxcond=43
Verified: 0 bad out of 1104932
Estimating maxcond for upper bound 2560000 (=640000 * 4)...
t=22: 0%   10   20   30   40   50   60   70   80   90   100%
      |----|----|----|----|----|----|----|----|----|----|
e     ***************************************************
Found maxcond = 46
t=22: 0%   10   20   30   40   50   60   70   80   90   100%
      |----|----|----|----|----|----|----|----|----|----|
      ***************************************************
Q19:	|........ ......-. ...+.... ........|
Q20:	|+....... ........ ........ .-......|
Q21:	|0....0.. ........ ........ ........|
Q22:	|-....1.. ........ ........ .^......| ok p=0.473633
Q23:	|.....+.. ........ ........ ........| ok p=0.984375
Q24:	|^....... ........ .......0 ........| ok p=1
Q25:	|.....^.. ........ .......1 ........| ok p=0.483398
Q26:	|........ ........ .......- ........| ok p=0.984375
Q27:	|........ ........ ........ ........| ok p=1
Q28:	|........ ........ .......^ ........| ok p=1
Q29:	|........ ........ ........ ........| ok p=1
Q30:	|........ ........ ........ ........| ok p=1
Q31:	|........ ........ ........ ........| ok p=1
Q32:	|........ ........ ........ ........| ok p=1
Q33:	|........ ........ ........ ........| ok p=1
Q34:	|........ ........ ........ ........| ok p=1
Q35:	|........ ........ ........ ........| ok p=1
Q36:	|........ ........ ........ ........| ok p=1
Q37:	|........ ........ ........ ........| ok p=1
Q38:	|........ ........ ........ ........| ok p=1
Q39:	|........ ........ ........ ........| ok p=1
Q40:	|........ ........ ........ ........| ok p=1
Q41:	|........ ........ ........ ........| ok p=1
Q42:	|........ ........ ........ ........| ok p=1
Q43:	|........ ........ ........ ........| ok p=1
Q44:	|........ ........ ........ ........| ok p=1
Q45:	|........ ........ ........ ........| ok p=1
Q46:	|0....... ........ ........ ........| ok p=1
Q47:	|1....... ........ ........ ........| ok p=0.516602
Q48:	|-....... ........ ........ ........| ok p=1
Q49:	|-....... ........ ........ ........| ok p=1
Q50:	|+....... ........ ........ ........| ok p=1
Q51:	|-....... ........ ........ ........| ok p=1
Q52:	|+....... ........ ........ ........| ok p=1
Q53:	|-....... ........ ........ ........| ok p=1
Q54:	|+....... ........ ........ ........| ok p=1
Q55:	|-....... ........ ........ ........| ok p=1
Q56:	|+....... ........ ........ ........| ok p=1
Q57:	|-....... ........ ........ ........| ok p=1
Q58:	|+....... ........ ........ ........| ok p=1
Q59:	|-....... ........ ........ ........| ok p=1
Q60:	|+....... ........ ........ ........| ok p=1
Q61:	|-....... 0....... ........ ........| ok p=1
Q62:	|+....... ........ ........ ........| ok p=1
Q63:	|-....... +....... ........ ........| ok p=1
Q64:	|+....... +....... ........ ........|
Saving 640000 paths...done. (9.53674e-07s)
Autobalance parameters: maxcond=44
Verified: 0 bad out of 1072545
Estimating maxcond for upper bound 2560000 (=640000 * 4)...
t=21: 0%   10   20   30   40   50   60   70   80   90   100%
      |----|----|----|----|----|----|----|----|----|----|
e     ***************************************************
Found maxcond = 48
t=21: 0%   10   20   30   40   50   60   70   80   90   100%
      |----|----|----|----|----|----|----|----|----|----|
      ***************************************************
Q18:	|.....+.. .-...+.. ........ ........|
Q19:	|........ ......+. ........ .1......|
Q20:	|0....-.. ........ ........ .-......|
Q21:	|1....-.. ......^. ........ ........| ok p=0.52832
Q22:	|+....+.. ........ ........ .^......| ok p=0.493164
Q23:	|.....+.. ........ ........ ........| ok p=0.964844
Q24:	|^....1.. ........ .......0 ........| ok p=1
Q25:	|.....0.. ........ .......1 ........| ok p=0.508789
Q26:	|........ ........ .......- ........| ok p=0.989258
Q27:	|........ ........ ........ ........| ok p=1
Q28:	|........ ........ .......^ ........| ok p=1
Q29:	|........ ........ ........ ........| ok p=1
Q30:	|........ ........ ........ ........| ok p=1
Q31:	|........ ........ ........ ........| ok p=1
Q32:	|........ ........ ........ ........| ok p=1
Q33:	|........ ........ ........ ........| ok p=1
Q34:	|........ ........ ........ ........| ok p=1
Q35:	|........ ........ ........ ........| ok p=1
Q36:	|........ ........ ........ ........| ok p=1
Q37:	|........ ........ ........ ........| ok p=1
Q38:	|........ ........ ........ ........| ok p=1
Q39:	|........ ........ ........ ........| ok p=1
Q40:	|........ ........ ........ ........| ok p=1
Q41:	|........ ........ ........ ........| ok p=1
Q42:	|........ ........ ........ ........| ok p=1
Q43:	|........ ........ ........ ........| ok p=1
Q44:	|........ ........ ........ ........| ok p=1
Q45:	|........ ........ ........ ........| ok p=1
Q46:	|0....... ........ ........ ........| ok p=1
Q47:	|1....... ........ ........ ........| ok p=0.517578
Q48:	|-....... ........ ........ ........| ok p=1
Q49:	|+....... ........ ........ ........| ok p=1
Q50:	|+....... ........ ........ ........| ok p=1
Q51:	|+....... ........ ........ ........| ok p=1
Q52:	|+....... ........ ........ ........| ok p=1
Q53:	|+....... ........ ........ ........| ok p=1
Q54:	|+....... ........ ........ ........| ok p=1
Q55:	|+....... ........ ........ ........| ok p=1
Q56:	|+....... ........ ........ ........| ok p=1
Q57:	|+....... ........ ........ ........| ok p=1
Q58:	|+....... ........ ........ ........| ok p=1
Q59:	|+....... ........ ........ ........| ok p=1
Q60:	|+....... ........ ........ ........| ok p=1
Q61:	|+....... 0....... ........ ........| ok p=1
Q62:	|+....... ........ ........ ........| ok p=0.995117
Q63:	|+....... +....... ........ ........| ok p=1
Q64:	|+....... +....... ........ ........|
Saving 640000 paths...done. (9.53674e-07s)
Autobalance parameters: maxcond=46
Verified: 0 bad out of 1033830
Estimating maxcond for upper bound 2560000 (=640000 * 4)...
t=20: 0%   10   20   30   40   50   60   70   80   90   100%
      |----|----|----|----|----|----|----|----|----|----|
e     ***************************************************
Found maxcond = 51
t=20: 0%   10   20   30   40   50   60   70   80   90   100%
      |----|----|----|----|----|----|----|----|----|----|
      ***************************************************
Q17:	|........ ........ ........ ......+.|
Q18:	|........ .-....1. ...1.... .0......|
Q19:	|........ ......-. ...+.... .1......|
Q20:	|0....... .^...... ........ .-......| ok p=1
Q21:	|1....0.. ......^. ...^.... ........| ok p=0.514648
Q22:	|+....1.. ........ ........ .^......| ok p=0.511719
Q23:	|.....+.. ........ ........ ........| ok p=0.967773
Q24:	|^....... ........ .......0 ........| ok p=1
Q25:	|.....^.. ........ .......1 ........| ok p=0.490234
Q26:	|........ ........ .......- ........| ok p=0.992188
Q27:	|........ ........ ........ ........| ok p=1
Q28:	|........ ........ .......^ ........| ok p=1
Q29:	|........ ........ ........ ........| ok p=1
Q30:	|........ ........ ........ ........| ok p=1
Q31:	|........ ........ ........ ........| ok p=1
Q32:	|........ ........ ........ ........| ok p=1
Q33:	|........ ........ ........ ........| ok p=1
Q34:	|........ ........ ........ ........| ok p=1
Q35:	|........ ........ ........ ........| ok p=1
Q36:	|........ ........ ........ ........| ok p=1
Q37:	|........ ........ ........ ........| ok p=1
Q38:	|........ ........ ........ ........| ok p=1
Q39:	|........ ........ ........ ........| ok p=1
Q40:	|........ ........ ........ ........| ok p=1
Q41:	|........ ........ ........ ........| ok p=1
Q42:	|........ ........ ........ ........| ok p=1
Q43:	|........ ........ ........ ........| ok p=1
Q44:	|........ ........ ........ ........| ok p=1
Q45:	|........ ........ ........ ........| ok p=1
Q46:	|0....... ........ ........ ........| ok p=1
Q47:	|1....... ........ ........ ........| ok p=0.513672
Q48:	|+....... ........ ........ ........| ok p=1
Q49:	|+....... ........ ........ ........| ok p=1
Q50:	|-....... ........ ........ ........| ok p=1
Q51:	|+....... ........ ........ ........| ok p=1
Q52:	|-....... ........ ........ ........| ok p=1
Q53:	|+....... ........ ........ ........| ok p=1
Q54:	|-....... ........ ........ ........| ok p=1
Q55:	|+....... ........ ........ ........| ok p=1
Q56:	|-....... ........ ........ ........| ok p=1
Q57:	|+....... ........ ........ ........| ok p=1
Q58:	|-....... ........ ........ ........| ok p=1
Q59:	|+....... ........ ........ ........| ok p=1
Q60:	|-....... ........ ........ ........| ok p=1
Q61:	|+....... 0....... ........ ........| ok p=1
Q62:	|-....... ........ ........ ........| ok p=1
Q63:	|+....... +....... ........ ........| ok p=1
Q64:	|+....... +....... ........ ........|
Saving 640000 paths...done. (1.19209e-06s)
Autobalance parameters: maxcond=50
Verified: 0 bad out of 1035631
Estimating maxcond for upper bound 2560000 (=640000 * 4)...
t=19: 0%   10   20   30   40   50   60   70   80   90   100%
      |----|----|----|----|----|----|----|----|----|----|
e     ***************************************************
Found maxcond = 55
t=19: 0%   10   20   30   40   50   60   70   80   90   100%
      |----|----|----|----|----|----|----|----|----|----|
      ***************************************************
Q16:	|..+....- .....-.. ........ ........|
Q17:	|........ .1....+. ...0.... ......+.|
Q18:	|........ .-....0. ...1.... .0......|
Q19:	|........ ......-. ...+.... .1....^.| ok p=0.881836
Q20:	|0....... .^...... ........ .-......| ok p=1
Q21:	|1....0.. ......^. ...^.... ........| ok p=0.539062
Q22:	|+....1.. ........ ........ .^......| ok p=0.501953
Q23:	|.....+.. ........ ........ ........| ok p=0.969727
Q24:	|^....... ........ .......0 ........| ok p=1
Q25:	|.....^.. ........ .......1 ........| ok p=0.516602
Q26:	|........ ........ .......- ........| ok p=0.986328
Q27:	|........ ........ ........ ........| ok p=1
Q28:	|........ ........ .......^ ........| ok p=1
Q29:	|........ ........ ........ ........| ok p=1
Q30:	|........ ........ ........ ........| ok p=1
Q31:	|........ ........ ........ ........| ok p=1
Q32:	|........ ........ ........ ........| ok p=1
Q33:	|........ ........ ........ ........| ok p=1
Q34:	|........ ........ ........ ........| ok p=1
Q35:	|........ ........ ........ ........| ok p=1
Q36:	|........ ........ ........ ........| ok p=1
Q37:	|........ ........ ........ ........| ok p=1
Q38:	|........ ........ ........ ........| ok p=1
Q39:	|........ ........ ........ ........| ok p=1
Q40:	|........ ........ ........ ........| ok p=1
Q41:	|........ ........ ........ ........| ok p=1
Q42:	|........ ........ ........ ........| ok p=1
Q43:	|........ ........ ........ ........| ok p=1
Q44:	|........ ........ ........ ........| ok p=1
Q45:	|........ ........ ........ ........| ok p=1
Q46:	|0....... ........ ........ ........| ok p=1
Q47:	|1....... ........ ........ ........| ok p=0.473633
Q48:	|-....... ........ ........ ........| ok p=1
Q49:	|-....... ........ ........ ........| ok p=1
Q50:	|+....... ........ ........ ........| ok p=1
Q51:	|-....... ........ ........ ........| ok p=1
Q52:	|+....... ........ ........ ........| ok p=1
Q53:	|-....... ........ ........ ........| ok p=1
Q54:	|+....... ........ ........ ........| ok p=1
Q55:	|-....... ........ ........ ........| ok p=1
Q56:	|+....... ........ ........ ........| ok p=1
Q57:	|-....... ........ ........ ........| ok p=1
Q58:	|+....... ........ ........ ........| ok p=1
Q59:	|-....... ........ ........ ........| ok p=1
Q60:	|+....... ........ ........ ........| ok p=1
Q61:	|-....... 0....... ........ ........| ok p=1
Q62:	|+....... ........ ........ ........| ok p=1
Q63:	|-....... +....... ........ ........| ok p=1
Q64:	|+....... +....... ........ ........|
Saving 640000 paths...done. (9.53674e-07s)
Autobalance parameters: maxcond=54
Verified: 0 bad out of 870395
Estimating maxcond for upper bound 2560000 (=640000 * 4)...
t=18: 0%   10   20   30   40   50   60   70   80   90   100%
      |----|----|----|----|----|----|----|----|----|----|
e     ***************************************************
Found maxcond = 62
t=18: 0%   10   20   30   40   50   60   70   80   90   100%
      |----|----|----|----|----|----|----|----|----|----|
      ***************************************************
Q15:	|.+...... ........ .......- ....-...|
Q16:	|..+....- .-....-. ........ ......1.|
Q17:	|........ .0....1. ...0.... ......+.|
Q18:	|..^....^ .+....1. ...1.... .0......| ok p=0.746094
Q19:	|........ ......-. ...+.... .1....^.| ok p=0.875977
Q20:	|0....... .^...... ........ .-......| ok p=1
Q21:	|1....0.. ......^. ...^.... ........| ok p=0.527344
Q22:	|-....1.. ........ ........ .^......| ok p=0.500977
Q23:	|.....+.. ........ ........ ........| ok p=0.960938
Q24:	|^....... ........ .......0 ........| ok p=1
Q25:	|.....^.. ........ .......1 ........| ok p=0.49707
Q26:	|........ ........ .......- ........| ok p=0.990234
Q27:	|........ ........ ........ ........| ok p=1
Q28:	|........ ........ .......^ ........| ok p=1
Q29:	|........ ........ ........ ........| ok p=1
Q30:	|........ ........ ........ ........| ok p=1
Q31:	|........ ........ ........ ........| ok p=1
Q32:	|........ ........ ........ ........| ok p=1
Q33:	|........ ........ ........ ........| ok p=1
Q34:	|........ ........ ........ ........| ok p=1
Q35:	|........ ........ ........ ........| ok p=1
Q36:	|........ ........ ........ ........| ok p=1
Q37:	|........ ........ ........ ........| ok p=1
Q38:	|........ ........ ........ ........| ok p=1
Q39:	|........ ........ ........ ........| ok p=1
Q40:	|........ ........ ........ ........| ok p=1
Q41:	|........ ........ ........ ........| ok p=1
Q42:	|........ ........ ........ ........| ok p=1
Q43:	|........ ........ ........ ........| ok p=1
Q44:	|........ ........ ........ ........| ok p=1
Q45:	|........ ........ ........ ........| ok p=1
Q46:	|0....... ........ ........ ........| ok p=1
Q47:	|1....... ........ ........ ........| ok p=0.511719
Q48:	|+....... ........ ........ ........| ok p=1
Q49:	|+....... ........ ........ ........| ok p=1
Q50:	|-....... ........ ........ ........| ok p=1
Q51:	|+....... ........ ........ ........| ok p=1
Q52:	|-....... ........ ........ ........| ok p=1
Q53:	|+....... ........ ........ ........| ok p=1
Q54:	|-....... ........ ........ ........| ok p=1
Q55:	|+....... ........ ........ ........| ok p=1
Q56:	|-....... ........ ........ ........| ok p=1
Q57:	|+....... ........ ........ ........| ok p=1
Q58:	|-....... ........ ........ ........| ok p=1
Q59:	|+....... ........ ........ ........| ok p=1
Q60:	|-....... ........ ........ ........| ok p=1
Q61:	|+....... 0....... ........ ........| ok p=1
Q62:	|-....... ........ ........ ........| ok p=1
Q63:	|+....... +....... ........ ........| ok p=1
Q64:	|+....... +....... ........ ........|
Saving 640000 paths...done. (1.19209e-06s)
Autobalance parameters: maxcond=61
Verified: 0 bad out of 742612
Estimating maxcond for upper bound 2560000 (=640000 * 4)...
t=17: 0%   10   20   30   40   50   60   70   80   90   100%
      |----|----|----|----|----|----|----|----|----|----|
e     ***************************************************
Found maxcond = 69
t=17: 0%   10   20   30   40   50   60   70   80   90   100%
      |----|----|----|----|----|----|----|----|----|----|
      ***************************************************
Q14:	|+......- .-...... ......-. ........|
Q15:	|..+....1 ......+. ........ ......0.|
Q16:	|-.+....- ......-. ........ ......1.|
Q17:	|-.0..... ......+. ...0.... ......+.| ok p=0.724609
Q18:	|0.1....^ ......-. ...1.... .0......| ok p=0.472656
Q19:	|-....... ......-. ...+.... .1....^.| ok p=0.874023
Q20:	|-....... ......1. ........ .-......| ok p=1
Q21:	|+....0.. ......0. ...^.... ........| ok p=1
Q22:	|+....1.. ........ ........ .^......| ok p=0.517578
Q23:	|1....+.. ........ ........ ........| ok p=1
Q24:	|0....... ........ .......0 ........| ok p=1
Q25:	|.....^.. ........ .......1 ........| ok p=0.526367
Q26:	|........ ........ .......- ........| ok p=0.981445
Q27:	|........ ........ ........ ........| ok p=1
Q28:	|........ ........ .......^ ........| ok p=1
Q29:	|........ ........ ........ ........| ok p=1
Q30:	|........ ........ ........ ........| ok p=1
Q31:	|........ ........ ........ ........| ok p=1
Q32:	|........ ........ ........ ........| ok p=1
Q33:	|........ ........ ........ ........| ok p=1
Q34:	|........ ........ ........ ........| ok p=1
Q35:	|........ ........ ........ ........| ok p=1
Q36:	|........ ........ ........ ........| ok p=1
Q37:	|........ ........ ........ ........| ok p=1
Q38:	|........ ........ ........ ........| ok p=1
Q39:	|........ ........ ........ ........| ok p=1
Q40:	|........ ........ ........ ........| ok p=1
Q41:	|........ ........ ........ ........| ok p=1
Q42:	|........ ........ ........ ........| ok p=1
Q43:	|........ ........ ........ ........| ok p=1
Q44:	|........ ........ ........ ........| ok p=1
Q45:	|........ ........ ........ ........| ok p=1
Q46:	|0....... ........ ........ ........| ok p=1
Q47:	|1....... ........ ........ ........| ok p=0.514648
Q48:	|+....... ........ ........ ........| ok p=1
Q49:	|+....... ........ ........ ........| ok p=1
Q50:	|-....... ........ ........ ........| ok p=1
Q51:	|+....... ........ ........ ........| ok p=1
Q52:	|-....... ........ ........ ........| ok p=1
Q53:	|+....... ........ ........ ........| ok p=1
Q54:	|-....... ........ ........ ........| ok p=1
Q55:	|+....... ........ ........ ........| ok p=1
Q56:	|-....... ........ ........ ........| ok p=1
Q57:	|+....... ........ ........ ........| ok p=1
Q58:	|-....... ........ ........ ........| ok p=1
Q59:	|+....... ........ ........ ........| ok p=1
Q60:	|-....... ........ ........ ........| ok p=1
Q61:	|+....... 0....... ........ ........| ok p=1
Q62:	|-....... ........ ........ ........| ok p=1
Q63:	|+....... +....... ........ ........| ok p=1
Q64:	|+....... +....... ........ ........|
Saving 640000 paths...done. (9.53674e-07s)
Autobalance parameters: maxcond=67
Verified: 6175 bad out of 1131495
Estimating maxcond for upper bound 2560000 (=640000 * 4)...
t=16: 0%   10   20   30   40   50   60   70   80   90   100%
      |----|----|----|----|----|----|----|----|----|----|
e     ***************************************************
Found maxcond = 74
t=16: 0%   10   20   30   40   50   60   70   80   90   100%
      |----|----|----|----|----|----|----|----|----|----|
      ***************************************************
Q13:	|.+.-.-.+ ....+... ..+..... ........|
Q14:	|.......0 .....+.. ........ ....1...|
Q15:	|0.-....0 .....0.. ........ ....+.0.|
Q16:	|..-....- .....-.. ........ ......1.| ok p=0.498047
Q17:	|-.0..... ......0. ...0.... ....^.+.| ok p=0.99707
Q18:	|-.1....^ .....^1. ...1.... .0......| ok p=0.759766
Q19:	|+....... ......+. ...+.... .1....^.| ok p=0.873047
Q20:	|+....... ........ ........ .-......| ok p=1
Q21:	|+....0.. ......^. ...^.... ........| ok p=1
Q22:	|+....1.. ........ ........ .^......| ok p=0.474609
Q23:	|1....+.. ........ ........ ........| ok p=1
Q24:	|0....... ........ .......0 ........| ok p=1
Q25:	|.....^.. ........ .......1 ........| ok p=0.488281
Q26:	|........ ........ .......- ........| ok p=0.979492
Q27:	|........ ........ ........ ........| ok p=1
Q28:	|........ ........ .......^ ........| ok p=1
Q29:	|........ ........ ........ ........| ok p=1
Q30:	|........ ........ ........ ........| ok p=1
Q31:	|........ ........ ........ ........| ok p=1
Q32:	|........ ........ ........ ........| ok p=1
Q33:	|........ ........ ........ ........| ok p=1
Q34:	|........ ........ ........ ........| ok p=1
Q35:	|........ ........ ........ ........| ok p=1
Q36:	|........ ........ ........ ........| ok p=1
Q37:	|........ ........ ........ ........| ok p=1
Q38:	|........ ........ ........ ........| ok p=1
Q39:	|........ ........ ........ ........| ok p=1
Q40:	|........ ........ ........ ........| ok p=1
Q41:	|........ ........ ........ ........| ok p=1
Q42:	|........ ........ ........ ........| ok p=1
Q43:	|........ ........ ........ ........| ok p=1
Q44:	|........ ........ ........ ........| ok p=1
Q45:	|........ ........ ........ ........| ok p=1
Q46:	|0....... ........ ........ ........| ok p=1
Q47:	|1....... ........ ........ ........| ok p=0.507812
Q48:	|+....... ........ ........ ........| ok p=1
Q49:	|+....... ........ ........ ........| ok p=1
Q50:	|-....... ........ ........ ........| ok p=1
Q51:	|+....... ........ ........ ........| ok p=1
Q52:	|-....... ........ ........ ........| ok p=1
Q53:	|+....... ........ ........ ........| ok p=1
Q54:	|-....... ........ ........ ........| ok p=1
Q55:	|+....... ........ ........ ........| ok p=1
Q56:	|-....... ........ ........ ........| ok p=1
Q57:	|+....... ........ ........ ........| ok p=1
Q58:	|-....... ........ ........ ........| ok p=1
Q59:	|+....... ........ ........ ........| ok p=1
Q60:	|-....... ........ ........ ........| ok p=1
Q61:	|+....... 0....... ........ ........| ok p=1
Q62:	|-....... ........ ........ ........| ok p=1
Q63:	|+....... +....... ........ ........| ok p=1
Q64:	|+....... +....... ........ ........|
Saving 640000 paths...done. (4.1472s)
Autobalance parameters: maxcond=73
Verified: 197 bad out of 910494
Runtime: 24.1429
