Warning: no OS randomness!
MD5 differential path toolbox
Copyright (C) 2009 Marc Stevens
http://homepages.cwi.nl/~stevens/

delta_m[11] = [!4!]
Q-3:	|00000100 10011001 11010001 01010001|
Q-2:	|-011-+10 1+101011 -0++1010 10-+1-++|
Q-1:	|-011-+11 1+100111 0--+0111 1-++000-|
Q0:	|+000000+ -1++---- 01+-+100 110110--| ok p=0.238281
Q1:	|0.+.00+0 1+0+-1-- .11-11.. --11.-00| ok p=0.503906
Q2:	|-.-..010 1-10.0.0 ..--1-.. ++-..-00| ok p=1
Q3:	|+.+..0-. .-.+1.11 ..--.-.. -0+..-.+| ok p=1
Q4:	|+!0..+0. .1!-..1. ...-.+.. 00-..0.-| ok p=1
Q5:	|+!0..++. .+.+..-. .^0-.0.. 0.-..100| ok p=1
Q6:	|+11...0^ .-.+..1. .-..!0.. ...^.-10| ok p=1
Q7:	|10..^01- .-.0.11. !1.1.+.. ..1+.+++| ok p=1
Q8:	|0...-.-0 .0.1.1+. .1...+.. ...10+00| ok p=1
Q9:	|1...0.-- 01...-0. ....0-.. ...11++1| ok p=1
Q10:	|....-1+- 1+.01-1. 11..1+00 1100+-0-| ok p=1
Q11:	|11..00+1 -0010101 00^.0-01 1111+-1-| ok p=1
Q12:	|10..0+++ -11-+++0 ---.-0++ ++----.1| ok p=1
Q13:	|-1..-1.- +++1+--- +100+-++ ++++++.+| ok p=1
Q14:	|10..1+11 0+01.11- -011-0.. ..1110.-| ok p=1
Q15:	|-1..0+00 0+1-0010 -0.-1101 100100.1| ok p=0.267578
Q16:	|..0..0.. .1.+...- 1.0.1.0. ...0...+| ok p=0.505859
Q17:	|^.1..++. .0.+.... 0.1^..1. .-.-....| ok p=0.830078
Q18:	|..+...+. ...1...^ ..-...-. .-.0...^| ok p=0.369141
Q19:	|0....^-. ...-.... ........ .+.+....| ok p=0.999023
Q20:	|..^...-. .0...0.. ..^...^. 1+...0..| ok p=0.483398
Q21:	|+.....0. .1.^.1.. ..0..... 1+.^.1..| ok p=0.748047
Q22:	|+.....0. .-...-.. ..1..... +1...+..| ok p=0.638672
Q23:	|-....... ........ ..+.0... 10......| ok p=0.982422
Q24:	|-...0... .^...^.0 ....1... 0....^..| ok p=1
Q25:	|-...1... ........ ..^.-... ........| ok p=0.49707
Q26:	|1...-... ......0+ ........ ...0....| ok p=1
Q27:	|0....... ......1+ ....^... ...1....| ok p=1
Q28:	|....^... ......+- ........ ...+....| ok p=0.488281
Q29:	|........ .......0 ........ ...0....| ok p=0.96875
Q30:	|........ ......^1 ........ ...-....| ok p=1
Q31:	|........ ........ ........ ...-....| ok p=1
Q32:	|........ ........ ........ ........| ok p=1
Q33:	|........ ........ ........ ...!....| ok p=1
Q34:	|........ ........ ........ ........| ok p=1
Q35:	|........ ........ ........ ........| ok p=1
Q36:	|........ ........ ........ ........| ok p=1
Q37:	|........ ........ ........ ........| ok p=1
Q38:	|........ ........ ........ ........| ok p=1
Q39:	|........ ........ ........ ........| ok p=1
Q40:	|........ ........ ........ ........| ok p=1
Q41:	|........ ........ ........ ........| ok p=1
Q42:	|........ ........ ........ ........| ok p=1
Q43:	|........ ........ ........ ........| ok p=1
Q44:	|........ ........ ........ ........| ok p=1
Q45:	|........ ........ ........ ........| ok p=1
Q46:	|........ ........ ........ ........| ok p=1
Q47:	|........ ........ ........ ........| ok p=1
Q48:	|........ ........ ........ ........| ok p=1
Q49:	|........ ........ ........ ........| ok p=1
Q50:	|........ ........ ........ ........| ok p=1
Q51:	|........ ........ ........ ........| ok p=1
Q52:	|........ ........ ........ ........| ok p=1
Q53:	|........ ........ ........ ........| ok p=1
Q54:	|........ ........ ........ ........| ok p=1
Q55:	|........ ........ ........ ........| ok p=1
Q56:	|........ ........ ........ ........| ok p=1
Q57:	|........ ........ ........ ........| ok p=1
Q58:	|........ ........ ........ ........| ok p=1
Q59:	|........ ........ ........ ........| ok p=1
Q60:	|........ ........ 00...... ........| ok p=1
Q61:	|........ ........ Q1...... ........| ok p=1
Q62:	|........ ........ +-...... ........| ok p=1
Q63:	|........ ........ .+...... ........| ok p=1
Q64:	|........ ........ .+...... ...-....|
Starting...
20: Q5m5tunnel      = 2
20: Q4m5tunnel      = 2
20: Q14m6Q3m5tunnel = 3
21: Q10m10tunnel    = 1
21: Q9m10tunnel     = 3
22: Q8Q12m15tunnel  = 3
23: Q4m4tunnel      = 12
24: Q9m9tunnel      = 8
25: Q14Q3m14tunnel  = 1
.20: Q5m5tunnel      = 2
20: Q4m5tunnel      = 2
20: Q14m6Q3m5tunnel = 3
21: Q10m10tunnel    = 1
21: Q9m10tunnel     = 3
22: Q8Q12m15tunnel  = 3
23: Q4m4tunnel      = 12
24: Q9m9tunnel      = 8
25: Q14Q3m14tunnel  = 1
.20: Q5m5tunnel      = 2
20: Q4m5tunnel      = 2
20: Q14m6Q3m5tunnel = 3
21: Q10m10tunnel    = 1
21: Q9m10tunnel     = 3
22: Q8Q12m15tunnel  = 3
23: Q4m4tunnel      = 12
24: Q9m9tunnel      = 8
25: Q14Q3m14tunnel  = 1
.20: Q5m5tunnel      = 2
20: Q4m5tunnel      = 2
20: Q14m6Q3m5tunnel = 3
21: Q10m10tunnel    = 1
21: Q9m10tunnel     = 3
22: Q8Q12m15tunnel  = 3
23: Q4m4tunnel      = 12
24: Q9m9tunnel      = 8
25: Q14Q3m14tunnel  = 1
.20: Q5m5tunnel      = 2
20: Q4m5tunnel      = 2
20: Q14m6Q3m5tunnel = 3
21: Q10m10tunnel    = 1
21: Q9m10tunnel     = 3
22: Q8Q12m15tunnel  = 3
23: Q4m4tunnel      = 12
24: Q9m9tunnel      = 8
25: Q14Q3m14tunnel  = 1
.20: Q5m5tunnel      = 2
20: Q4m5tunnel      = 2
20: Q14m6Q3m5tunnel = 3
21: Q10m10tunnel    = 1
21: Q9m10tunnel     = 3
22: Q8Q12m15tunnel  = 3
23: Q4m4tunnel      = 12
24: Q9m9tunnel      = 8
25: Q14Q3m14tunnel  = 1
.1 0
2 0
4 0
8 0
16 0
32 0
64 0
128 0
256 0
512 0
1024 0
2048 0
4096 0
8192 0
16384 0
32768 0
65536 0
131072 0
262144 0
Warning: no OS randomness!
MD5 differential path toolbox
Copyright (C) 2009 Marc Stevens
http://homepages.cwi.nl/~stevens/

delta_m[11] = [!4!]
Q-3:	|00000100 10011001 11010001 01010001|
Q-2:	|-011-+10 1+101011 -0++1010 10-+1-++|
Q-1:	|-011-+11 1+100111 0--+0111 1-++000-|
Q0:	|+000000+ -1++---- 01+-+100 110110--| ok p=0.248047
Q1:	|0.+.00+0 1+0+-1-- .11-11.. --11.-00| ok p=0.46875
Q2:	|-.-..010 1-10.0.0 ..--1-.. ++-..-00| ok p=1
Q3:	|+.+..0-. .-.+1.11 ..--.-.. -0+..-.+| ok p=1
Q4:	|+!0..+0. .1!-..1. ...-.+.. 00-..0.-| ok p=1
Q5:	|+!0..++. .+.+..-. .^0-.0.. 0.-..100| ok p=1
Q6:	|+11...0^ .-.+..1. .-..!0.. ...^.-10| ok p=1
Q7:	|10..^01- .-.0.11. !1.1.+.. ..1+.+++| ok p=1
Q8:	|0...-.-0 .0.1.1+. .1...+.. ...10+00| ok p=1
Q9:	|1...0.-- 01...-0. ....0-.. ...11++1| ok p=1
Q10:	|....-1+- 1+.01-1. 11..1+00 1100+-0-| ok p=1
Q11:	|11..00+1 -0010101 00^.0-01 1111+-1-| ok p=1
Q12:	|10..0+++ -11-+++0 ---.-0++ ++----.1| ok p=1
Q13:	|-1..-1.- +++1+--- +100+-++ ++++++.+| ok p=1
Q14:	|10..1+11 0+01.11- -011-0.. ..1110.-| ok p=1
Q15:	|-1..0+00 0+1-0010 -0.-1101 100100.1| ok p=0.264648
Q16:	|..0..0.. .1.+...- 1.0.1.0. ...0...+| ok p=0.480469
Q17:	|^.1..++. .0.+.... 0.1^..1. .-.-....| ok p=0.831055
Q18:	|..+...+. ...1...^ ..-...-. .-.0...^| ok p=0.376953
Q19:	|0....^-. ...-.... ........ .+.+....| ok p=0.99707
Q20:	|..^...-. .0...0.. ..^...^. 1+...0..| ok p=0.445312
Q21:	|+.....0. .1.^.1.. ..0..... 1+.^.1..| ok p=0.741211
Q22:	|+.....0. .-...-.. ..1..... +1...+..| ok p=0.637695
Q23:	|-....... ........ ..+.0... 10......| ok p=0.990234
Q24:	|-...0... .^...^.0 ....1... 0....^..| ok p=1
Q25:	|-...1... ........ ..^.-... ........| ok p=0.480469
Q26:	|1...-... ......0+ ........ ...0....| ok p=1
Q27:	|0....... ......1+ ....^... ...1....| ok p=1
Q28:	|....^... ......+- ........ ...+....| ok p=0.462891
Q29:	|........ .......0 ........ ...0....| ok p=0.979492
Q30:	|........ ......^1 ........ ...-....| ok p=1
Q31:	|........ ........ ........ ...-....| ok p=1
Q32:	|........ ........ ........ ........| ok p=1
Q33:	|........ ........ ........ ...!....| ok p=1
Q34:	|........ ........ ........ ........| ok p=1
Q35:	|........ ........ ........ ........| ok p=1
Q36:	|........ ........ ........ ........| ok p=1
Q37:	|........ ........ ........ ........| ok p=1
Q38:	|........ ........ ........ ........| ok p=1
Q39:	|........ ........ ........ ........| ok p=1
Q40:	|........ ........ ........ ........| ok p=1
Q41:	|........ ........ ........ ........| ok p=1
Q42:	|........ ........ ........ ........| ok p=1
Q43:	|........ ........ ........ ........| ok p=1
Q44:	|........ ........ ........ ........| ok p=1
Q45:	|........ ........ ........ ........| ok p=1
Q46:	|........ ........ ........ ........| ok p=1
Q47:	|........ ........ ........ ........| ok p=1
Q48:	|........ ........ ........ ........| ok p=1
Q49:	|........ ........ ........ ........| ok p=1
Q50:	|........ ........ ........ ........| ok p=1
Q51:	|........ ........ ........ ........| ok p=1
Q52:	|........ ........ ........ ........| ok p=1
Q53:	|........ ........ ........ ........| ok p=1
Q54:	|........ ........ ........ ........| ok p=1
Q55:	|........ ........ ........ ........| ok p=1
Q56:	|........ ........ ........ ........| ok p=1
Q57:	|........ ........ ........ ........| ok p=1
Q58:	|........ ........ ........ ........| ok p=1
Q59:	|........ ........ ........ ........| ok p=1
Q60:	|........ ........ 00...... ........| ok p=1
Q61:	|........ ........ Q1...... ........| ok p=1
Q62:	|........ ........ +-...... ........| ok p=1
Q63:	|........ ........ .+...... ........| ok p=1
Q64:	|........ ........ .+...... ...-....|
Starting...
20: Q5m5tunnel      = 4
20: Q4m5tunnel      = 2
20: Q14m6Q3m5tunnel = 1
21: Q10m10tunnel    = 2
21: Q9m10tunnel     = 5
22: Q8Q12m15tunnel  = 0
23: Q4m4tunnel      = 11
24: Q9m9tunnel      = 8
25: Q14Q3m14tunnel  = 0
.20: Q5m5tunnel      = 2
20: Q4m5tunnel      = 2
20: Q14m6Q3m5tunnel = 3
21: Q10m10tunnel    = 1
21: Q9m10tunnel     = 3
22: Q8Q12m15tunnel  = 3
23: Q4m4tunnel      = 12
24: Q9m9tunnel      = 8
25: Q14Q3m14tunnel  = 1
.20: Q5m5tunnel      = 2
20: Q4m5tunnel      = 2
20: Q14m6Q3m5tunnel = 3
21: Q10m10tunnel    = 1
21: Q9m10tunnel     = 3
22: Q8Q12m15tunnel  = 3
23: Q4m4tunnel      = 12
24: Q9m9tunnel      = 8
25: Q14Q3m14tunnel  = 1
.20: Q5m5tunnel      = 4
20: Q4m5tunnel      = 2
20: Q14m6Q3m5tunnel = 1
21: Q10m10tunnel    = 2
21: Q9m10tunnel     = 5
22: Q8Q12m15tunnel  = 0
23: Q4m4tunnel      = 11
24: Q9m9tunnel      = 8
25: Q14Q3m14tunnel  = 0
.20: Q5m5tunnel      = 4
20: Q4m5tunnel      = 2
20: Q14m6Q3m5tunnel = 1
21: Q10m10tunnel    = 2
21: Q9m10tunnel     = 5
22: Q8Q12m15tunnel  = 0
23: Q4m4tunnel      = 11
24: Q9m9tunnel      = 8
25: Q14Q3m14tunnel  = 0
.20: Q5m5tunnel      = 4
20: Q4m5tunnel      = 2
20: Q14m6Q3m5tunnel = 1
21: Q10m10tunnel    = 2
21: Q9m10tunnel     = 5
22: Q8Q12m15tunnel  = 0
23: Q4m4tunnel      = 11
24: Q9m9tunnel      = 8
25: Q14Q3m14tunnel  = 0
.1 0
2 0
4 0
8 0
16 0
32 0
64 0
128 0
256 0
512 0
1024 0
2048 0
4096 0
8192 0
16384 0
32768 0
65536 0
Warning: no OS randomness!
MD5 differential path toolbox
Copyright (C) 2009 Marc Stevens
http://homepages.cwi.nl/~stevens/

delta_m[11] = [!4!]
Q-3:	|00000100 10011001 11010001 01010001|
Q-2:	|-011-+10 1+101011 -0++1010 10-+1-++|
Q-1:	|-011-+11 1+100111 0--+0111 1-++000-|
Q0:	|+000000+ -1++---- 01+-+100 110110--| ok p=0.25
Q1:	|0.+.00+0 1+0+-1-- .11-11.. --11.-00| ok p=0.458008
Q2:	|-.-..010 1-10.0.0 ..--1-.. ++-..-00| ok p=1
Q3:	|+.+..0-. .-.+1.11 ..--.-.. -0+..-.+| ok p=1
Q4:	|+!0..+0. .1!-..1. ...-.+.. 00-..0.-| ok p=1
Q5:	|+!0..++. .+.+..-. .^0-.0.. 0.-..100| ok p=1
Q6:	|+11...0^ .-.+..1. .-..!0.. ...^.-10| ok p=1
Q7:	|10..^01- .-.0.11. !1.1.+.. ..1+.+++| ok p=1
Q8:	|0...-.-0 .0.1.1+. .1...+.. ...10+00| ok p=1
Q9:	|1...0.-- 01...-0. ....0-.. ...11++1| ok p=1
Q10:	|....-1+- 1+.01-1. 11..1+00 1100+-0-| ok p=1
Q11:	|11..00+1 -0010101 00^.0-01 1111+-1-| ok p=1
Q12:	|10..0+++ -11-+++0 ---.-0++ ++----.1| ok p=1
Q13:	|-1..-1.- +++1+--- +100+-++ ++++++.+| ok p=1
Q14:	|10..1+11 0+01.11- -011-0.. ..1110.-| ok p=1
Q15:	|-1..0+00 0+1-0010 -0.-1101 100100.1| ok p=0.259766
Q16:	|..0..0.. .1.+...- 1.0.1.0. ...0...+| ok p=0.488281
Q17:	|^.1..++. .0.+.... 0.1^..1. .-.-....| ok p=0.805664
Q18:	|..+...+. ...1...^ ..-...-. .-.0...^| ok p=0.363281
Q19:	|0....^-. ...-.... ........ .+.+....| ok p=1
Q20:	|..^...-. .0...0.. ..^...^. 1+...0..| ok p=0.478516
Q21:	|+.....0. .1.^.1.. ..0..... 1+.^.1..| ok p=0.744141
Q22:	|+.....0. .-...-.. ..1..... +1...+..| ok p=0.661133
Q23:	|-....... ........ ..+.0... 10......| ok p=0.981445
Q24:	|-...0... .^...^.0 ....1... 0....^..| ok p=1
Q25:	|-...1... ........ ..^.-... ........| ok p=0.515625
Q26:	|1...-... ......0+ ........ ...0....| ok p=1
Q27:	|0....... ......1+ ....^... ...1....| ok p=1
Q28:	|....^... ......+- ........ ...+....| ok p=0.451172
Q29:	|........ .......0 ........ ...0....| ok p=0.96875
Q30:	|........ ......^1 ........ ...-....| ok p=1
Q31:	|........ ........ ........ ...-....| ok p=1
Q32:	|........ ........ ........ ........| ok p=1
Q33:	|........ ........ ........ ...!....| ok p=1
Q34:	|........ ........ ........ ........| ok p=1
Q35:	|........ ........ ........ ........| ok p=1
Q36:	|........ ........ ........ ........| ok p=1
Q37:	|........ ........ ........ ........| ok p=1
Q38:	|........ ........ ........ ........| ok p=1
Q39:	|........ ........ ........ ........| ok p=1
Q40:	|........ ........ ........ ........| ok p=1
Q41:	|........ ........ ........ ........| ok p=1
Q42:	|........ ........ ........ ........| ok p=1
Q43:	|........ ........ ........ ........| ok p=1
Q44:	|........ ........ ........ ........| ok p=1
Q45:	|........ ........ ........ ........| ok p=1
Q46:	|........ ........ ........ ........| ok p=1
Q47:	|........ ........ ........ ........| ok p=1
Q48:	|........ ........ ........ ........| ok p=1
Q49:	|........ ........ ........ ........| ok p=1
Q50:	|........ ........ ........ ........| ok p=1
Q51:	|........ ........ ........ ........| ok p=1
Q52:	|........ ........ ........ ........| ok p=1
Q53:	|........ ........ ........ ........| ok p=1
Q54:	|........ ........ ........ ........| ok p=1
Q55:	|........ ........ ........ ........| ok p=1
Q56:	|........ ........ ........ ........| ok p=1
Q57:	|........ ........ ........ ........| ok p=1
Q58:	|........ ........ ........ ........| ok p=1
Q59:	|........ ........ ........ ........| ok p=1
Q60:	|........ ........ 00...... ........| ok p=1
Q61:	|........ ........ Q1...... ........| ok p=1
Q62:	|........ ........ +-...... ........| ok p=1
Q63:	|........ ........ .+...... ........| ok p=1
Q64:	|........ ........ .+...... ...-....|
Starting...
20: Q5m5tunnel      = 4
20: Q4m5tunnel      = 2
20: Q14m6Q3m5tunnel = 1
21: Q10m10tunnel    = 0
21: Q9m10tunnel     = 5
22: Q8Q12m15tunnel  = 1
23: Q4m4tunnel      = 11
24: Q9m9tunnel      = 9
25: Q14Q3m14tunnel  = 0
.20: Q5m5tunnel      = 4
20: Q4m5tunnel      = 2
20: Q14m6Q3m5tunnel = 1
21: Q10m10tunnel    = 2
21: Q9m10tunnel     = 4
22: Q8Q12m15tunnel  = 1
23: Q4m4tunnel      = 11
24: Q9m9tunnel      = 9
25: Q14Q3m14tunnel  = 0
.20: Q5m5tunnel      = 3
20: Q4m5tunnel      = 2
20: Q14m6Q3m5tunnel = 1
21: Q10m10tunnel    = 3
21: Q9m10tunnel     = 3
22: Q8Q12m15tunnel  = 1
23: Q4m4tunnel      = 12
24: Q9m9tunnel      = 9
25: Q14Q3m14tunnel  = 0
.20: Q5m5tunnel      = 3
20: Q4m5tunnel      = 2
20: Q14m6Q3m5tunnel = 1
21: Q10m10tunnel    = 2
21: Q9m10tunnel     = 5
22: Q8Q12m15tunnel  = 0
23: Q4m4tunnel      = 12
24: Q9m9tunnel      = 8
25: Q14Q3m14tunnel  = 0
.20: Q5m5tunnel      = 3
20: Q4m5tunnel      = 2
20: Q14m6Q3m5tunnel = 1
21: Q10m10tunnel    = 2
21: Q9m10tunnel     = 5
22: Q8Q12m15tunnel  = 0
23: Q4m4tunnel      = 12
24: Q9m9tunnel      = 8
25: Q14Q3m14tunnel  = 0
.20: Q5m5tunnel      = 4
20: Q4m5tunnel      = 2
20: Q14m6Q3m5tunnel = 1
21: Q10m10tunnel    = 0
21: Q9m10tunnel     = 5
22: Q8Q12m15tunnel  = 1
23: Q4m4tunnel      = 11
24: Q9m9tunnel      = 9
25: Q14Q3m14tunnel  = 0
.1 0
2 0
4 0
8 0
16 0
32 0
64 0
128 0
256 0
512 0
1024 0
2048 0
4096 0
8192 0
16384 0
32768 0
65536 0
131072 0
Warning: no OS randomness!
MD5 differential path toolbox
Copyright (C) 2009 Marc Stevens
http://homepages.cwi.nl/~stevens/

delta_m[11] = [!4!]
Q-3:	|00000100 10011001 11010001 01010001|
Q-2:	|-011-+10 1+101011 -0++1010 10-+1-++|
Q-1:	|-011-+11 1+100111 0--+0111 1-++000-|
Q0:	|+000000+ -1++---- 01+-+100 110110--| ok p=0.220703
Q1:	|0.+.00+0 1+0+-1-- .11-11.. --11.-00| ok p=0.458008
Q2:	|-.-..010 1-10.0.0 ..--1-.. ++-..-00| ok p=1
Q3:	|+.+..0-. .-.+1.11 ..--.-.. -0+..-.+| ok p=1
Q4:	|+!0..+0. .1!-..1. ...-.+.. 00-..0.-| ok p=1
Q5:	|+!0..++. .+.+..-. .^0-.0.. 0.-..100| ok p=1
Q6:	|+11...0^ .-.+..1. .-..!0.. ...^.-10| ok p=1
Q7:	|10..^01- .-.0.11. !1.1.+.. ..1+.+++| ok p=1
Q8:	|0...-.-0 .0.1.1+. .1...+.. ...10+00| ok p=1
Q9:	|1...0.-- 01...-0. ....0-.. ...11++1| ok p=1
Q10:	|....-1+- 1+.01-1. 11..1+00 1100+-0-| ok p=1
Q11:	|11..00+1 -0010101 00^.0-01 1111+-1-| ok p=1
Q12:	|10..0+++ -11-+++0 ---.-0++ ++----.1| ok p=1
Q13:	|-1..-1.- +++1+--- +100+-++ ++++++.+| ok p=1
Q14:	|10..1+11 0+01.11- -011-0.. ..1110.-| ok p=1
Q15:	|-1..0+00 0+1-0010 -0.-1101 100100.1| ok p=0.268555
Q16:	|..0..0.. .1.+...- 1.0.1.0. ...0...+| ok p=0.484375
Q17:	|^.1..++. .0.+.... 0.1^..1. .-.-....| ok p=0.830078
Q18:	|..+...+. ...1...^ ..-...-. .-.0...^| ok p=0.391602
Q19:	|0....^-. ...-.... ........ .+.+....| ok p=1
Q20:	|..^...-. .0...0.. ..^...^. 1+...0..| ok p=0.513672
Q21:	|+.....0. .1.^.1.. ..0..... 1+.^.1..| ok p=0.749023
Q22:	|+.....0. .-...-.. ..1..... +1...+..| ok p=0.645508
Q23:	|-....... ........ ..+.0... 10......| ok p=0.984375
Q24:	|-...0... .^...^.0 ....1... 0....^..| ok p=1
Q25:	|-...1... ........ ..^.-... ........| ok p=0.511719
Q26:	|1...-... ......0+ ........ ...0....| ok p=1
Q27:	|0....... ......1+ ....^... ...1....| ok p=1
Q28:	|....^... ......+- ........ ...+....| ok p=0.493164
Q29:	|........ .......0 ........ ...0....| ok p=0.976562
Q30:	|........ ......^1 ........ ...-....| ok p=1
Q31:	|........ ........ ........ ...-....| ok p=1
Q32:	|........ ........ ........ ........| ok p=1
Q33:	|........ ........ ........ ...!....| ok p=1
Q34:	|........ ........ ........ ........| ok p=1
Q35:	|........ ........ ........ ........| ok p=1
Q36:	|........ ........ ........ ........| ok p=1
Q37:	|........ ........ ........ ........| ok p=1
Q38:	|........ ........ ........ ........| ok p=1
Q39:	|........ ........ ........ ........| ok p=1
Q40:	|........ ........ ........ ........| ok p=1
Q41:	|........ ........ ........ ........| ok p=1
Q42:	|........ ........ ........ ........| ok p=1
Q43:	|........ ........ ........ ........| ok p=1
Q44:	|........ ........ ........ ........| ok p=1
Q45:	|........ ........ ........ ........| ok p=1
Q46:	|........ ........ ........ ........| ok p=1
Q47:	|........ ........ ........ ........| ok p=1
Q48:	|........ ........ ........ ........| ok p=1
Q49:	|........ ........ ........ ........| ok p=1
Q50:	|........ ........ ........ ........| ok p=1
Q51:	|........ ........ ........ ........| ok p=1
Q52:	|........ ........ ........ ........| ok p=1
Q53:	|........ ........ ........ ........| ok p=1
Q54:	|........ ........ ........ ........| ok p=1
Q55:	|........ ........ ........ ........| ok p=1
Q56:	|........ ........ ........ ........| ok p=1
Q57:	|........ ........ ........ ........| ok p=1
Q58:	|........ ........ ........ ........| ok p=1
Q59:	|........ ........ ........ ........| ok p=1
Q60:	|........ ........ 00...... ........| ok p=1
Q61:	|........ ........ Q1...... ........| ok p=1
Q62:	|........ ........ +-...... ........| ok p=1
Q63:	|........ ........ .+...... ........| ok p=1
Q64:	|........ ........ .+...... ...-....|
Starting...
20: Q5m5tunnel      = 3
20: Q4m5tunnel      = 2
20: Q14m6Q3m5tunnel = 1
21: Q10m10tunnel    = 3
21: Q9m10tunnel     = 5
22: Q8Q12m15tunnel  = 0
23: Q4m4tunnel      = 12
24: Q9m9tunnel      = 8
25: Q14Q3m14tunnel  = 0
.20: Q5m5tunnel      = 2
20: Q4m5tunnel      = 2
20: Q14m6Q3m5tunnel = 3
21: Q10m10tunnel    = 1
21: Q9m10tunnel     = 3
22: Q8Q12m15tunnel  = 3
23: Q4m4tunnel      = 12
24: Q9m9tunnel      = 8
25: Q14Q3m14tunnel  = 1
.20: Q5m5tunnel      = 3
20: Q4m5tunnel      = 2
20: Q14m6Q3m5tunnel = 1
21: Q10m10tunnel    = 3
21: Q9m10tunnel     = 5
22: Q8Q12m15tunnel  = 0
23: Q4m4tunnel      = 12
24: Q9m9tunnel      = 8
25: Q14Q3m14tunnel  = 0
.20: Q5m5tunnel      = 3
20: Q4m5tunnel      = 2
20: Q14m6Q3m5tunnel = 1
21: Q10m10tunnel    = 3
21: Q9m10tunnel     = 5
22: Q8Q12m15tunnel  = 0
23: Q4m4tunnel      = 12
24: Q9m9tunnel      = 8
25: Q14Q3m14tunnel  = 0
.20: Q5m5tunnel      = 4
20: Q4m5tunnel      = 2
20: Q14m6Q3m5tunnel = 1
21: Q10m10tunnel    = 0
21: Q9m10tunnel     = 5
22: Q8Q12m15tunnel  = 1
23: Q4m4tunnel      = 11
24: Q9m9tunnel      = 9
25: Q14Q3m14tunnel  = 0
.20: Q5m5tunnel      = 3
20: Q4m5tunnel      = 2
20: Q14m6Q3m5tunnel = 1
21: Q10m10tunnel    = 3
21: Q9m10tunnel     = 5
22: Q8Q12m15tunnel  = 0
23: Q4m4tunnel      = 12
24: Q9m9tunnel      = 8
25: Q14Q3m14tunnel  = 0
.1 0
2 0
4 0
8 0
16 0
32 0
64 0
128 0
256 0
512 0
1024 0
2048 0
4096 0
7349 1
8192 1
16384 1
21953 2
32768 2
65536 2
131072 2
262144 2
524288 3
600054 4
1048576 5
Warning: no OS randomness!
MD5 differential path toolbox
Copyright (C) 2009 Marc Stevens
http://homepages.cwi.nl/~stevens/

delta_m[11] = [!4!]
Q-3:	|00000100 10011001 11010001 01010001|
Q-2:	|-011-+10 1+101011 -0++1010 10-+1-++|
Q-1:	|-011-+11 1+100111 0--+0111 1-++000-|
Q0:	|+000000+ -1++---- 01+-+100 110110--| ok p=0.25
Q1:	|0.+.00+0 1+0+-1-- .11-11.. --11.-00| ok p=0.476562
Q2:	|-.-..010 1-10.0.0 ..--1-.. ++-..-00| ok p=1
Q3:	|+.+..0-. .-.+1.11 ..--.-.. -0+..-.+| ok p=1
Q4:	|+!0..+0. .1!-..1. ...-.+.. 00-..0.-| ok p=1
Q5:	|+!0..++. .+.+..-. .^0-.0.. 0.-..100| ok p=1
Q6:	|+11...0^ .-.+..1. .-..!0.. ...^.-10| ok p=1
Q7:	|10..^01- .-.0.11. !1.1.+.. ..1+.+++| ok p=1
Q8:	|0...-.-0 .0.1.1+. .1...+.. ...10+00| ok p=1
Q9:	|1...0.-- 01...-0. ....0-.. ...11++1| ok p=1
Q10:	|....-1+- 1+.01-1. 11..1+00 1100+-0-| ok p=1
Q11:	|11..00+1 -0010101 00^.0-01 1111+-1-| ok p=1
Q12:	|10..0+++ -11-+++0 ---.-0++ ++----.1| ok p=1
Q13:	|-1..-1.- +++1+--- +100+-++ ++++++.+| ok p=1
Q14:	|10..1+11 0+01.11- -011-0.. ..1110.-| ok p=1
Q15:	|-1..0+00 0+1-0010 -0.-1101 100100.1| ok p=0.248047
Q16:	|..0..0.. .1.+...- 1.0.1.0. ...0...+| ok p=0.494141
Q17:	|^.1..++. .0.+.... 0.1^..1. .-.-....| ok p=0.84375
Q18:	|..+...+. ...1...^ ..-...-. .-.0...^| ok p=0.393555
Q19:	|0....^-. ...-.... ........ .+.+....| ok p=0.999023
Q20:	|..^...-. .0...0.. ..^...^. 1+...0..| ok p=0.492188
Q21:	|+.....0. .1.^.1.. ..0..... 1+.^.1..| ok p=0.777344
Q22:	|+.....0. .-...-.. ..1..... +1...+..| ok p=0.646484
Q23:	|-....... ........ ..+.0... 10......| ok p=0.994141
Q24:	|-...0... .^...^.0 ....1... 0....^..| ok p=1
Q25:	|-...1... ........ ..^.-... ........| ok p=0.511719
Q26:	|1...-... ......0+ ........ ...0....| ok p=1
Q27:	|0....... ......1+ ....^... ...1....| ok p=1
Q28:	|....^... ......+- ........ ...+....| ok p=0.4375
Q29:	|........ .......0 ........ ...0....| ok p=0.972656
Q30:	|........ ......^1 ........ ...-....| ok p=1
Q31:	|........ ........ ........ ...-....| ok p=1
Q32:	|........ ........ ........ ........| ok p=1
Q33:	|........ ........ ........ ...!....| ok p=1
Q34:	|........ ........ ........ ........| ok p=1
Q35:	|........ ........ ........ ........| ok p=1
Q36:	|........ ........ ........ ........| ok p=1
Q37:	|........ ........ ........ ........| ok p=1
Q38:	|........ ........ ........ ........| ok p=1
Q39:	|........ ........ ........ ........| ok p=1
Q40:	|........ ........ ........ ........| ok p=1
Q41:	|........ ........ ........ ........| ok p=1
Q42:	|........ ........ ........ ........| ok p=1
Q43:	|........ ........ ........ ........| ok p=1
Q44:	|........ ........ ........ ........| ok p=1
Q45:	|........ ........ ........ ........| ok p=1
Q46:	|........ ........ ........ ........| ok p=1
Q47:	|........ ........ ........ ........| ok p=1
Q48:	|........ ........ ........ ........| ok p=1
Q49:	|........ ........ ........ ........| ok p=1
Q50:	|........ ........ ........ ........| ok p=1
Q51:	|........ ........ ........ ........| ok p=1
Q52:	|........ ........ ........ ........| ok p=1
Q53:	|........ ........ ........ ........| ok p=1
Q54:	|........ ........ ........ ........| ok p=1
Q55:	|........ ........ ........ ........| ok p=1
Q56:	|........ ........ ........ ........| ok p=1
Q57:	|........ ........ ........ ........| ok p=1
Q58:	|........ ........ ........ ........| ok p=1
Q59:	|........ ........ ........ ........| ok p=1
Q60:	|........ ........ 00...... ........| ok p=1
Q61:	|........ ........ Q1...... ........| ok p=1
Q62:	|........ ........ +-...... ........| ok p=1
Q63:	|........ ........ .+...... ........| ok p=1
Q64:	|........ ........ .+...... ...-....|
Starting...
20: Q5m5tunnel      = 4
20: Q4m5tunnel      = 2
20: Q14m6Q3m5tunnel = 2
21: Q10m10tunnel    = 1
21: Q9m10tunnel     = 4
22: Q8Q12m15tunnel  = 3
23: Q4m4tunnel      = 10
24: Q9m9tunnel      = 7
25: Q14Q3m14tunnel  = 1
.20: Q5m5tunnel      = 4
20: Q4m5tunnel      = 2
20: Q14m6Q3m5tunnel = 2
21: Q10m10tunnel    = 1
21: Q9m10tunnel     = 5
22: Q8Q12m15tunnel  = 1
23: Q4m4tunnel      = 11
24: Q9m9tunnel      = 8
25: Q14Q3m14tunnel  = 0
.20: Q5m5tunnel      = 4
20: Q4m5tunnel      = 2
20: Q14m6Q3m5tunnel = 1
21: Q10m10tunnel    = 2
21: Q9m10tunnel     = 4
22: Q8Q12m15tunnel  = 1
23: Q4m4tunnel      = 11
24: Q9m9tunnel      = 9
25: Q14Q3m14tunnel  = 0
.20: Q5m5tunnel      = 3
20: Q4m5tunnel      = 2
20: Q14m6Q3m5tunnel = 1
21: Q10m10tunnel    = 2
21: Q9m10tunnel     = 5
22: Q8Q12m15tunnel  = 0
23: Q4m4tunnel      = 12
24: Q9m9tunnel      = 9
25: Q14Q3m14tunnel  = 0
.20: Q5m5tunnel      = 3
20: Q4m5tunnel      = 2
20: Q14m6Q3m5tunnel = 1
21: Q10m10tunnel    = 3
21: Q9m10tunnel     = 5
22: Q8Q12m15tunnel  = 0
23: Q4m4tunnel      = 12
24: Q9m9tunnel      = 8
25: Q14Q3m14tunnel  = 0
.20: Q5m5tunnel      = 4
20: Q4m5tunnel      = 2
20: Q14m6Q3m5tunnel = 1
21: Q10m10tunnel    = 2
21: Q9m10tunnel     = 5
22: Q8Q12m15tunnel  = 0
23: Q4m4tunnel      = 11
24: Q9m9tunnel      = 8
25: Q14Q3m14tunnel  = 0
.1 0
2 0
4 0
8 0
16 0
32 0
64 0
128 0
256 0
512 0
1024 0
2048 0
4096 0
8192 0
16384 0
32768 0
65536 0
100116 1
131072 1
131955 2
247632 4
262144 4
503090 8
524288 8
876532 16
1048576 16
Block 1: workdir1/coll1_1890147956
a6 3b 53 9d 40 8d 68 94 22 d8 d5 5b 9b 32 39 ea 
45 c9 a9 ca d6 d1 f2 97 eb 9f 23 7b 9d 9b a0 d4 
5a b3 48 d5 97 c9 9d fd 54 32 47 24 cc 69 50 a2 
3b 49 0b 13 26 d7 e9 5e bb 4d 26 e0 9e 51 ba d7 
Block 2: workdir1/coll2_1890147956
a6 3b 53 9d 40 8d 68 94 22 d8 d5 5b 9b 32 39 ea 
45 c9 a9 ca d6 d1 f2 97 eb 9f 23 7b 9d 9b a0 d4 
5a b3 48 d5 97 c9 9d fd 54 32 47 24 dc 69 50 a2 
3b 49 0b 13 26 d7 e9 5e bb 4d 26 e0 9e 51 ba d7 
Found collision!
