Warning: no OS randomness!
MD5 differential path toolbox
Copyright (C) 2009 Marc Stevens
http://homepages.cwi.nl/~stevens/

Loading workdir1/latest_bestpaths.bin.gz...done (loaded 1 paths).
Loading workdir1/upperpath.bin.gz...done (loaded 1 paths).
Using this partial path to overwrite all paths in workdir1/latest_bestpaths.bin.gz:
Q34:	|........ ........ ........ ........|
Q35:	|........ ........ ........ ........|
Q36:	|........ ........ ........ ........|
Q37:	|........ ........ ........ ........| ok p=1
Q38:	|........ ........ ........ ........| ok p=1
Q39:	|........ ........ ........ ........| ok p=1
Q40:	|........ ........ ........ ........| ok p=1
Q41:	|........ ........ ........ ........| ok p=1
Q42:	|........ ........ ........ ........| ok p=1
Q43:	|........ ........ ........ ........| ok p=1
Q44:	|........ ........ ........ ........| ok p=1
Q45:	|........ ........ ........ ........| ok p=1
Q46:	|........ ........ ........ ........| ok p=1
Q47:	|........ ........ ........ ........| ok p=1
Q48:	|........ ........ ........ ........| ok p=1
Q49:	|........ ........ ........ ........| ok p=1
Q50:	|........ ........ ........ ........| ok p=1
Q51:	|........ ........ ........ ........| ok p=1
Q52:	|........ ........ ........ ........| ok p=1
Q53:	|........ ........ ........ ........| ok p=1
Q54:	|........ ........ ........ ........| ok p=1
Q55:	|........ ........ ........ ........| ok p=1
Q56:	|........ ........ ........ ........| ok p=1
Q57:	|........ ........ ........ ........| ok p=1
Q58:	|........ ........ ........ ........| ok p=1
Q59:	|........ ........ ........ ........| ok p=1
Q60:	|........ ........ 00...... ........| ok p=1
Q61:	|........ ........ Q1...... ........| ok p=1
Q62:	|........ ........ +-...... ........| ok p=1
Q63:	|........ ........ .+...... ........| ok p=1
Q64:	|........ ........ .+...... ...-....|
Saving 1 paths to workdir1/collfindpaths.bin.gz...done.
Q-3:	|00000100 10011001 11010001 01010001|
Q-2:	|-011-+10 1+101011 -0++1010 10-+1-++|
Q-1:	|-011-+11 1+100111 0--+0111 1-++000-|
Q0:	|+000000+ -1++---- 01+-+100 110110--| ok p=0.251953
Q1:	|0.+.00+0 1+0+-1-- .11-11.. --11.-00| ok p=0.491211
Q2:	|-.-..010 1-10.0.0 ..--1-.. ++-..-00| ok p=1
Q3:	|+.+..0-. .-.+1.11 ..--.-.. -0+..-.+| ok p=1
Q4:	|+!0..+0. .1!-..1. ...-.+.. 00-..0.-| ok p=1
Q5:	|+!0..++. .+.+..-. .^0-.0.. 0.-..100| ok p=1
Q6:	|+11...0^ .-.+..1. .-..!0.. ...^.-10| ok p=1
Q7:	|10..^01- .-.0.11. !1.1.+.. ..1+.+++| ok p=1
Q8:	|0...-.-0 .0.1.1+. .1...+.. ...10+00| ok p=1
Q9:	|1...0.-- 01...-0. ....0-.. ...11++1| ok p=1
Q10:	|....-1+- 1+.01-1. 11..1+00 1100+-0-| ok p=1
Q11:	|11..00+1 -0010101 00^.0-01 1111+-1-| ok p=1
Q12:	|10..0+++ -11-+++0 ---.-0++ ++----.1| ok p=1
Q13:	|-1..-1.- +++1+--- +100+-++ ++++++.+| ok p=1
Q14:	|10..1+11 0+01.11- -011-0.. ..1110.-| ok p=1
Q15:	|-1..0+00 0+1-0010 -0.-1101 100100.1| ok p=0.256836
Q16:	|..0..0.. .1.+...- 1.0.1.0. ...0...+| ok p=0.511719
Q17:	|^.1..++. .0.+.... 0.1^..1. .-.-....| ok p=0.808594
Q18:	|..+...+. ...1...^ ..-...-. .-.0...^| ok p=0.391602
Q19:	|0....^-. ...-.... ........ .+.+....| ok p=0.999023
Q20:	|..^...-. .0...0.. ..^...^. 1+...0..| ok p=0.489258
Q21:	|+.....0. .1.^.1.. ..0..... 1+.^.1..| ok p=0.726562
Q22:	|+.....0. .-...-.. ..1..... +1...+..| ok p=0.646484
Q23:	|-....... ........ ..+.0... 10......| ok p=0.982422
Q24:	|-...0... .^...^.0 ....1... 0....^..| ok p=1
Q25:	|-...1... ........ ..^.-... ........| ok p=0.524414
Q26:	|1...-... ......0+ ........ ...0....| ok p=1
Q27:	|0....... ......1+ ....^... ...1....| ok p=1
Q28:	|....^... ......+- ........ ...+....| ok p=0.496094
Q29:	|........ .......0 ........ ...0....| ok p=0.97168
Q30:	|........ ......^1 ........ ...-....| ok p=1
Q31:	|........ ........ ........ ...-....| ok p=1
Q32:	|........ ........ ........ ........| ok p=1
Q33:	|........ ........ ........ ...!....| ok p=1
Q34:	|........ ........ ........ ........| ok p=1
Q35:	|........ ........ ........ ........| ok p=1
Q36:	|........ ........ ........ ........| ok p=1
Q37:	|........ ........ ........ ........| ok p=1
Q38:	|........ ........ ........ ........| ok p=1
Q39:	|........ ........ ........ ........| ok p=1
Q40:	|........ ........ ........ ........| ok p=1
Q41:	|........ ........ ........ ........| ok p=1
Q42:	|........ ........ ........ ........| ok p=1
Q43:	|........ ........ ........ ........| ok p=1
Q44:	|........ ........ ........ ........| ok p=1
Q45:	|........ ........ ........ ........| ok p=1
Q46:	|........ ........ ........ ........| ok p=1
Q47:	|........ ........ ........ ........| ok p=1
Q48:	|........ ........ ........ ........| ok p=1
Q49:	|........ ........ ........ ........| ok p=1
Q50:	|........ ........ ........ ........| ok p=1
Q51:	|........ ........ ........ ........| ok p=1
Q52:	|........ ........ ........ ........| ok p=1
Q53:	|........ ........ ........ ........| ok p=1
Q54:	|........ ........ ........ ........| ok p=1
Q55:	|........ ........ ........ ........| ok p=1
Q56:	|........ ........ ........ ........| ok p=1
Q57:	|........ ........ ........ ........| ok p=1
Q58:	|........ ........ ........ ........| ok p=1
Q59:	|........ ........ ........ ........| ok p=1
Q60:	|........ ........ 00...... ........| ok p=1
Q61:	|........ ........ Q1...... ........| ok p=1
Q62:	|........ ........ +-...... ........| ok p=1
Q63:	|........ ........ .+...... ........| ok p=1
Q64:	|........ ........ .+...... ...-....|
Warning: no OS randomness!
MD5 differential path toolbox
Copyright (C) 2009 Marc Stevens
http://homepages.cwi.nl/~stevens/

Loading workdir1/joint_bestpaths.bin.gz...done (loaded 2 paths).
Loading workdir1/upperpath.bin.gz...done (loaded 1 paths).
Using this partial path to overwrite all paths in workdir1/joint_bestpaths.bin.gz:
Q34:	|........ ........ ........ ........|
Q35:	|........ ........ ........ ........|
Q36:	|........ ........ ........ ........|
Q37:	|........ ........ ........ ........| ok p=1
Q38:	|........ ........ ........ ........| ok p=1
Q39:	|........ ........ ........ ........| ok p=1
Q40:	|........ ........ ........ ........| ok p=1
Q41:	|........ ........ ........ ........| ok p=1
Q42:	|........ ........ ........ ........| ok p=1
Q43:	|........ ........ ........ ........| ok p=1
Q44:	|........ ........ ........ ........| ok p=1
Q45:	|........ ........ ........ ........| ok p=1
Q46:	|........ ........ ........ ........| ok p=1
Q47:	|........ ........ ........ ........| ok p=1
Q48:	|........ ........ ........ ........| ok p=1
Q49:	|........ ........ ........ ........| ok p=1
Q50:	|........ ........ ........ ........| ok p=1
Q51:	|........ ........ ........ ........| ok p=1
Q52:	|........ ........ ........ ........| ok p=1
Q53:	|........ ........ ........ ........| ok p=1
Q54:	|........ ........ ........ ........| ok p=1
Q55:	|........ ........ ........ ........| ok p=1
Q56:	|........ ........ ........ ........| ok p=1
Q57:	|........ ........ ........ ........| ok p=1
Q58:	|........ ........ ........ ........| ok p=1
Q59:	|........ ........ ........ ........| ok p=1
Q60:	|........ ........ 00...... ........| ok p=1
Q61:	|........ ........ Q1...... ........| ok p=1
Q62:	|........ ........ +-...... ........| ok p=1
Q63:	|........ ........ .+...... ........| ok p=1
Q64:	|........ ........ .+...... ...-....|
Saving 2 paths to workdir1/collfindpaths.bin.gz...done.
Q-3:	|00000100 10011001 11010001 01010001|
Q-2:	|-011-+10 1+101011 -0++1010 10-+1-++|
Q-1:	|-011-+11 1+100111 0--+0111 1-++000-|
Q0:	|+000000+ -1++---- 01+-+100 110110--| ok p=0.236328
Q1:	|0.+.00+0 1+0+-1-- .11-11.. --11.-00| ok p=0.444336
Q2:	|-.-..010 1-10.0.0 ..--1-.. ++-..-00| ok p=1
Q3:	|+.+..0-. .-.+1.11 ..--.-.. -0+..-.+| ok p=1
Q4:	|+!0..+0. .1!-..1. ...-.+.. 00-..0.-| ok p=1
Q5:	|+!0..++. .+.+..-. .^0-.0.. 0.-..100| ok p=1
Q6:	|+11...0^ .-.+..1. .-..!0.. ...^.-10| ok p=1
Q7:	|10..^01- .-.0.11. !1.1.+.. ..1+.+++| ok p=1
Q8:	|0...-.-0 .0.1.1+. .1...+.. ...10+00| ok p=1
Q9:	|1...0.-- 01...-0. ....0-.. ...11++1| ok p=1
Q10:	|....-1+- 1+.01-1. 11..1+00 1100+-0-| ok p=1
Q11:	|11..00+1 -0010101 00^.0-01 1111+-1-| ok p=1
Q12:	|10..0+++ -11-+++0 ---.-0++ ++----.1| ok p=1
Q13:	|-1..-1.- +++1+--- +100+-++ ++++++.+| ok p=1
Q14:	|10..1+11 0+01.11- -011-0.. ..1110.-| ok p=1
Q15:	|-1..0+00 0+1-0010 -0.-1101 100100.1| ok p=0.279297
Q16:	|..0..0.. .1.+...- 1.0.1.0. ...0...+| ok p=0.495117
Q17:	|^.1..++. .0.+.... 0.1^..1. .-.-....| ok p=0.816406
Q18:	|..+...+. ...1...^ ..-...-. .-.0...^| ok p=0.432617
Q19:	|0....^-. ...-.... ........ .+.+....| ok p=0.999023
Q20:	|..^...-. .0...0.. ..^...^. 1+...0..| ok p=0.488281
Q21:	|+.....0. .1.^.1.. ..0..... 1+.^.1..| ok p=0.750977
Q22:	|+.....0. .-...-.. ..1..... +1...+..| ok p=0.649414
Q23:	|-....... ........ ..+.0... 10......| ok p=0.994141
Q24:	|-...0... .^...^.0 ....1... 0....^..| ok p=1
Q25:	|-...1... ........ ..^.-... ........| ok p=0.499023
Q26:	|1...-... ......0+ ........ ...0....| ok p=1
Q27:	|0....... ......1+ ....^... ...1....| ok p=1
Q28:	|....^... ......+- ........ ...+....| ok p=0.493164
Q29:	|........ .......0 ........ ...0....| ok p=0.972656
Q30:	|........ ......^1 ........ ...-....| ok p=1
Q31:	|........ ........ ........ ...-....| ok p=1
Q32:	|........ ........ ........ ........| ok p=1
Q33:	|........ ........ ........ ...!....| ok p=1
Q34:	|........ ........ ........ ........| ok p=1
Q35:	|........ ........ ........ ........| ok p=1
Q36:	|........ ........ ........ ........| ok p=1
Q37:	|........ ........ ........ ........| ok p=1
Q38:	|........ ........ ........ ........| ok p=1
Q39:	|........ ........ ........ ........| ok p=1
Q40:	|........ ........ ........ ........| ok p=1
Q41:	|........ ........ ........ ........| ok p=1
Q42:	|........ ........ ........ ........| ok p=1
Q43:	|........ ........ ........ ........| ok p=1
Q44:	|........ ........ ........ ........| ok p=1
Q45:	|........ ........ ........ ........| ok p=1
Q46:	|........ ........ ........ ........| ok p=1
Q47:	|........ ........ ........ ........| ok p=1
Q48:	|........ ........ ........ ........| ok p=1
Q49:	|........ ........ ........ ........| ok p=1
Q50:	|........ ........ ........ ........| ok p=1
Q51:	|........ ........ ........ ........| ok p=1
Q52:	|........ ........ ........ ........| ok p=1
Q53:	|........ ........ ........ ........| ok p=1
Q54:	|........ ........ ........ ........| ok p=1
Q55:	|........ ........ ........ ........| ok p=1
Q56:	|........ ........ ........ ........| ok p=1
Q57:	|........ ........ ........ ........| ok p=1
Q58:	|........ ........ ........ ........| ok p=1
Q59:	|........ ........ ........ ........| ok p=1
Q60:	|........ ........ 00...... ........| ok p=1
Q61:	|........ ........ Q1...... ........| ok p=1
Q62:	|........ ........ +-...... ........| ok p=1
Q63:	|........ ........ .+...... ........| ok p=1
Q64:	|........ ........ .+...... ...-....|
Warning: no OS randomness!
MD5 differential path toolbox
Copyright (C) 2009 Marc Stevens
http://homepages.cwi.nl/~stevens/

Loading workdir1/joint_bestpaths.bin.gz...done (loaded 8 paths).
Loading workdir1/upperpath.bin.gz...done (loaded 1 paths).
Using this partial path to overwrite all paths in workdir1/joint_bestpaths.bin.gz:
Q34:	|........ ........ ........ ........|
Q35:	|........ ........ ........ ........|
Q36:	|........ ........ ........ ........|
Q37:	|........ ........ ........ ........| ok p=1
Q38:	|........ ........ ........ ........| ok p=1
Q39:	|........ ........ ........ ........| ok p=1
Q40:	|........ ........ ........ ........| ok p=1
Q41:	|........ ........ ........ ........| ok p=1
Q42:	|........ ........ ........ ........| ok p=1
Q43:	|........ ........ ........ ........| ok p=1
Q44:	|........ ........ ........ ........| ok p=1
Q45:	|........ ........ ........ ........| ok p=1
Q46:	|........ ........ ........ ........| ok p=1
Q47:	|........ ........ ........ ........| ok p=1
Q48:	|........ ........ ........ ........| ok p=1
Q49:	|........ ........ ........ ........| ok p=1
Q50:	|........ ........ ........ ........| ok p=1
Q51:	|........ ........ ........ ........| ok p=1
Q52:	|........ ........ ........ ........| ok p=1
Q53:	|........ ........ ........ ........| ok p=1
Q54:	|........ ........ ........ ........| ok p=1
Q55:	|........ ........ ........ ........| ok p=1
Q56:	|........ ........ ........ ........| ok p=1
Q57:	|........ ........ ........ ........| ok p=1
Q58:	|........ ........ ........ ........| ok p=1
Q59:	|........ ........ ........ ........| ok p=1
Q60:	|........ ........ 00...... ........| ok p=1
Q61:	|........ ........ Q1...... ........| ok p=1
Q62:	|........ ........ +-...... ........| ok p=1
Q63:	|........ ........ .+...... ........| ok p=1
Q64:	|........ ........ .+...... ...-....|
Saving 8 paths to workdir1/collfindpaths.bin.gz...done.
Q-3:	|00000100 10011001 11010001 01010001|
Q-2:	|-011-+10 1+101011 -0++1010 10-+1-++|
Q-1:	|-011-+11 1+100111 0--+0111 1-++000-|
Q0:	|+000000+ -1++---- 01+-+100 110110--| ok p=0.241211
Q1:	|0.+.00+0 1+0+-1-- .11-11.. --11.-00| ok p=0.462891
Q2:	|-.-..010 1-10.0.0 ..--1-.. ++-..-00| ok p=1
Q3:	|+.+..0-. .-.+1.11 ..--.-.. -0+..-.+| ok p=1
Q4:	|+!0..+0. .1!-..1. ...-.+.. 00-..0.-| ok p=1
Q5:	|+!0..++. .+.+..-. .^0-.0.. 0.-..100| ok p=1
Q6:	|+11...0^ .-.+..1. .-..!0.. ...^.-10| ok p=1
Q7:	|10..^01- .-.0.11. !1.1.+.. ..1+.+++| ok p=1
Q8:	|0...-.-0 .0.1.1+. .1...+.. ...10+00| ok p=1
Q9:	|1...0.-- 01...-0. ....0-.. ...11++1| ok p=1
Q10:	|....-1+- 1+.01-1. 11..1+00 1100+-0-| ok p=1
Q11:	|11..00+1 -0010101 00^.0-01 1111+-1-| ok p=1
Q12:	|10..0+++ -11-+++0 ---.-0++ ++----.1| ok p=1
Q13:	|-1..-1.- +++1+--- +100+-++ ++++++.+| ok p=1
Q14:	|10..1+11 0+01.11- -011-0.. ..1110.-| ok p=1
Q15:	|-1..0+00 0+1-0010 -0.-1101 100100.1| ok p=0.263672
Q16:	|..0..0.. .1.+...- 1.0.1.0. ...0...+| ok p=0.501953
Q17:	|^.1..++. .0.+.... 0.1^..1. .-.-....| ok p=0.842773
Q18:	|..+...+. ...1...^ ..-...-. .-.0...^| ok p=0.385742
Q19:	|0....^-. ...-.... ........ .+.+....| ok p=0.999023
Q20:	|..^...-. .0...0.. ..^...^. 1+...0..| ok p=0.489258
Q21:	|+.....0. .1.^.1.. ..0..... 1+.^.1..| ok p=0.719727
Q22:	|+.....0. .-...-.. ..1..... +1...+..| ok p=0.631836
Q23:	|-....... ........ ..+.0... 10......| ok p=0.986328
Q24:	|-...0... .^...^.0 ....1... 0....^..| ok p=1
Q25:	|-...1... ........ ..^.-... ........| ok p=0.50293
Q26:	|1...-... ......0+ ........ ...0....| ok p=1
Q27:	|0....... ......1+ ....^... ...1....| ok p=1
Q28:	|....^... ......+- ........ ...+....| ok p=0.46875
Q29:	|........ .......0 ........ ...0....| ok p=0.970703
Q30:	|........ ......^1 ........ ...-....| ok p=1
Q31:	|........ ........ ........ ...-....| ok p=1
Q32:	|........ ........ ........ ........| ok p=1
Q33:	|........ ........ ........ ...!....| ok p=1
Q34:	|........ ........ ........ ........| ok p=1
Q35:	|........ ........ ........ ........| ok p=1
Q36:	|........ ........ ........ ........| ok p=1
Q37:	|........ ........ ........ ........| ok p=1
Q38:	|........ ........ ........ ........| ok p=1
Q39:	|........ ........ ........ ........| ok p=1
Q40:	|........ ........ ........ ........| ok p=1
Q41:	|........ ........ ........ ........| ok p=1
Q42:	|........ ........ ........ ........| ok p=1
Q43:	|........ ........ ........ ........| ok p=1
Q44:	|........ ........ ........ ........| ok p=1
Q45:	|........ ........ ........ ........| ok p=1
Q46:	|........ ........ ........ ........| ok p=1
Q47:	|........ ........ ........ ........| ok p=1
Q48:	|........ ........ ........ ........| ok p=1
Q49:	|........ ........ ........ ........| ok p=1
Q50:	|........ ........ ........ ........| ok p=1
Q51:	|........ ........ ........ ........| ok p=1
Q52:	|........ ........ ........ ........| ok p=1
Q53:	|........ ........ ........ ........| ok p=1
Q54:	|........ ........ ........ ........| ok p=1
Q55:	|........ ........ ........ ........| ok p=1
Q56:	|........ ........ ........ ........| ok p=1
Q57:	|........ ........ ........ ........| ok p=1
Q58:	|........ ........ ........ ........| ok p=1
Q59:	|........ ........ ........ ........| ok p=1
Q60:	|........ ........ 00...... ........| ok p=1
Q61:	|........ ........ Q1...... ........| ok p=1
Q62:	|........ ........ +-...... ........| ok p=1
Q63:	|........ ........ .+...... ........| ok p=1
Q64:	|........ ........ .+...... ...-....|
Warning: no OS randomness!
MD5 differential path toolbox
Copyright (C) 2009 Marc Stevens
http://homepages.cwi.nl/~stevens/

Loading workdir1/joint_bestpaths.bin.gz...done (loaded 16 paths).
Loading workdir1/upperpath.bin.gz...done (loaded 1 paths).
Using this partial path to overwrite all paths in workdir1/joint_bestpaths.bin.gz:
Q34:	|........ ........ ........ ........|
Q35:	|........ ........ ........ ........|
Q36:	|........ ........ ........ ........|
Q37:	|........ ........ ........ ........| ok p=1
Q38:	|........ ........ ........ ........| ok p=1
Q39:	|........ ........ ........ ........| ok p=1
Q40:	|........ ........ ........ ........| ok p=1
Q41:	|........ ........ ........ ........| ok p=1
Q42:	|........ ........ ........ ........| ok p=1
Q43:	|........ ........ ........ ........| ok p=1
Q44:	|........ ........ ........ ........| ok p=1
Q45:	|........ ........ ........ ........| ok p=1
Q46:	|........ ........ ........ ........| ok p=1
Q47:	|........ ........ ........ ........| ok p=1
Q48:	|........ ........ ........ ........| ok p=1
Q49:	|........ ........ ........ ........| ok p=1
Q50:	|........ ........ ........ ........| ok p=1
Q51:	|........ ........ ........ ........| ok p=1
Q52:	|........ ........ ........ ........| ok p=1
Q53:	|........ ........ ........ ........| ok p=1
Q54:	|........ ........ ........ ........| ok p=1
Q55:	|........ ........ ........ ........| ok p=1
Q56:	|........ ........ ........ ........| ok p=1
Q57:	|........ ........ ........ ........| ok p=1
Q58:	|........ ........ ........ ........| ok p=1
Q59:	|........ ........ ........ ........| ok p=1
Q60:	|........ ........ 00...... ........| ok p=1
Q61:	|........ ........ Q1...... ........| ok p=1
Q62:	|........ ........ +-...... ........| ok p=1
Q63:	|........ ........ .+...... ........| ok p=1
Q64:	|........ ........ .+...... ...-....|
Saving 16 paths to workdir1/collfindpaths.bin.gz...done.
Q-3:	|00000100 10011001 11010001 01010001|
Q-2:	|-011-+10 1+101011 -0++1010 10-+1-++|
Q-1:	|-011-+11 1+100111 0--+0111 1-++000-|
Q0:	|+000000+ -1++---- 01+-+100 110110--| ok p=0.251953
Q1:	|0.+.00+0 1+0+-1-- .11-11.. --11.-00| ok p=0.481445
Q2:	|-.-..010 1-10.0.0 ..--1-.. ++-..-00| ok p=1
Q3:	|+.+..0-. .-.+1.11 ..--.-.. -0+..-.+| ok p=1
Q4:	|+!0..+0. .1!-..1. ...-.+.. 00-..0.-| ok p=1
Q5:	|+!0..++. .+.+..-. .^0-.0.. 0.-..100| ok p=1
Q6:	|+11...0^ .-.+..1. .-..!0.. ...^.-10| ok p=1
Q7:	|10..^01- .-.0.11. !1.1.+.. ..1+.+++| ok p=1
Q8:	|0...-.-0 .0.1.1+. .1...+.. ...10+00| ok p=1
Q9:	|1...0.-- 01...-0. ....0-.. ...11++1| ok p=1
Q10:	|....-1+- 1+.01-1. 11..1+00 1100+-0-| ok p=1
Q11:	|11..00+1 -0010101 00^.0-01 1111+-1-| ok p=1
Q12:	|10..0+++ -11-+++0 ---.-0++ ++----.1| ok p=1
Q13:	|-1..-1.- +++1+--- +100+-++ ++++++.+| ok p=1
Q14:	|10..1+11 0+01.11- -011-0.. ..1110.-| ok p=1
Q15:	|-1..0+00 0+1-0010 -0.-1101 100100.1| ok p=0.256836
Q16:	|..0..0.. .1.+...- 1.0.1.0. ...0...+| ok p=0.494141
Q17:	|^.1..++. .0.+.... 0.1^..1. .-.-....| ok p=0.831055
Q18:	|..+...+. ...1...^ ..-...-. .-.0...^| ok p=0.378906
Q19:	|0....^-. ...-.... ........ .+.+....| ok p=0.999023
Q20:	|..^...-. .0...0.. ..^...^. 1+...0..| ok p=0.526367
Q21:	|+.....0. .1.^.1.. ..0..... 1+.^.1..| ok p=0.738281
Q22:	|+.....0. .-...-.. ..1..... +1...+..| ok p=0.640625
Q23:	|-....... ........ ..+.0... 10......| ok p=0.990234
Q24:	|-...0... .^...^.0 ....1... 0....^..| ok p=1
Q25:	|-...1... ........ ..^.-... ........| ok p=0.514648
Q26:	|1...-... ......0+ ........ ...0....| ok p=1
Q27:	|0....... ......1+ ....^... ...1....| ok p=1
Q28:	|....^... ......+- ........ ...+....| ok p=0.474609
Q29:	|........ .......0 ........ ...0....| ok p=0.96875
Q30:	|........ ......^1 ........ ...-....| ok p=1
Q31:	|........ ........ ........ ...-....| ok p=1
Q32:	|........ ........ ........ ........| ok p=1
Q33:	|........ ........ ........ ...!....| ok p=1
Q34:	|........ ........ ........ ........| ok p=1
Q35:	|........ ........ ........ ........| ok p=1
Q36:	|........ ........ ........ ........| ok p=1
Q37:	|........ ........ ........ ........| ok p=1
Q38:	|........ ........ ........ ........| ok p=1
Q39:	|........ ........ ........ ........| ok p=1
Q40:	|........ ........ ........ ........| ok p=1
Q41:	|........ ........ ........ ........| ok p=1
Q42:	|........ ........ ........ ........| ok p=1
Q43:	|........ ........ ........ ........| ok p=1
Q44:	|........ ........ ........ ........| ok p=1
Q45:	|........ ........ ........ ........| ok p=1
Q46:	|........ ........ ........ ........| ok p=1
Q47:	|........ ........ ........ ........| ok p=1
Q48:	|........ ........ ........ ........| ok p=1
Q49:	|........ ........ ........ ........| ok p=1
Q50:	|........ ........ ........ ........| ok p=1
Q51:	|........ ........ ........ ........| ok p=1
Q52:	|........ ........ ........ ........| ok p=1
Q53:	|........ ........ ........ ........| ok p=1
Q54:	|........ ........ ........ ........| ok p=1
Q55:	|........ ........ ........ ........| ok p=1
Q56:	|........ ........ ........ ........| ok p=1
Q57:	|........ ........ ........ ........| ok p=1
Q58:	|........ ........ ........ ........| ok p=1
Q59:	|........ ........ ........ ........| ok p=1
Q60:	|........ ........ 00...... ........| ok p=1
Q61:	|........ ........ Q1...... ........| ok p=1
Q62:	|........ ........ +-...... ........| ok p=1
Q63:	|........ ........ .+...... ........| ok p=1
Q64:	|........ ........ .+...... ...-....|
Warning: no OS randomness!
MD5 differential path toolbox
Copyright (C) 2009 Marc Stevens
http://homepages.cwi.nl/~stevens/

Loading workdir1/joint_bestpaths.bin.gz...done (loaded 32 paths).
Loading workdir1/upperpath.bin.gz...done (loaded 1 paths).
Using this partial path to overwrite all paths in workdir1/joint_bestpaths.bin.gz:
Q34:	|........ ........ ........ ........|
Q35:	|........ ........ ........ ........|
Q36:	|........ ........ ........ ........|
Q37:	|........ ........ ........ ........| ok p=1
Q38:	|........ ........ ........ ........| ok p=1
Q39:	|........ ........ ........ ........| ok p=1
Q40:	|........ ........ ........ ........| ok p=1
Q41:	|........ ........ ........ ........| ok p=1
Q42:	|........ ........ ........ ........| ok p=1
Q43:	|........ ........ ........ ........| ok p=1
Q44:	|........ ........ ........ ........| ok p=1
Q45:	|........ ........ ........ ........| ok p=1
Q46:	|........ ........ ........ ........| ok p=1
Q47:	|........ ........ ........ ........| ok p=1
Q48:	|........ ........ ........ ........| ok p=1
Q49:	|........ ........ ........ ........| ok p=1
Q50:	|........ ........ ........ ........| ok p=1
Q51:	|........ ........ ........ ........| ok p=1
Q52:	|........ ........ ........ ........| ok p=1
Q53:	|........ ........ ........ ........| ok p=1
Q54:	|........ ........ ........ ........| ok p=1
Q55:	|........ ........ ........ ........| ok p=1
Q56:	|........ ........ ........ ........| ok p=1
Q57:	|........ ........ ........ ........| ok p=1
Q58:	|........ ........ ........ ........| ok p=1
Q59:	|........ ........ ........ ........| ok p=1
Q60:	|........ ........ 00...... ........| ok p=1
Q61:	|........ ........ Q1...... ........| ok p=1
Q62:	|........ ........ +-...... ........| ok p=1
Q63:	|........ ........ .+...... ........| ok p=1
Q64:	|........ ........ .+...... ...-....|
Saving 32 paths to workdir1/collfindpaths.bin.gz...done.
Q-3:	|00000100 10011001 11010001 01010001|
Q-2:	|-011-+10 1+101011 -0++1010 10-+1-++|
Q-1:	|-011-+11 1+100111 0--+0111 1-++000-|
Q0:	|+000000+ -1++---- 01+-+100 110110--| ok p=0.239258
Q1:	|0.+.00+0 1+0+-1-- .11-11.. --11.-00| ok p=0.46582
Q2:	|-.-..010 1-10.0.0 ..--1-.. ++-..-00| ok p=1
Q3:	|+.+..0-. .-.+1.11 ..--.-.. -0+..-.+| ok p=1
Q4:	|+!0..+0. .1!-..1. ...-.+.. 00-..0.-| ok p=1
Q5:	|+!0..++. .+.+..-. .^0-.0.. 0.-..100| ok p=1
Q6:	|+11...0^ .-.+..1. .-..!0.. ...^.-10| ok p=1
Q7:	|10..^01- .-.0.11. !1.1.+.. ..1+.+++| ok p=1
Q8:	|0...-.-0 .0.1.1+. .1...+.. ...10+00| ok p=1
Q9:	|1...0.-- 01...-0. ....0-.. ...11++1| ok p=1
Q10:	|....-1+- 1+.01-1. 11..1+00 1100+-0-| ok p=1
Q11:	|11..00+1 -0010101 00^.0-01 1111+-1-| ok p=1
Q12:	|10..0+++ -11-+++0 ---.-0++ ++----.1| ok p=1
Q13:	|-1..-1.- +++1+--- +100+-++ ++++++.+| ok p=1
Q14:	|10..1+11 0+01.11- -011-0.. ..1110.-| ok p=1
Q15:	|-1..0+00 0+1-0010 -0.-1101 100100.1| ok p=0.269531
Q16:	|..0..0.. .1.+...- 1.0.1.0. ...0...+| ok p=0.550781
Q17:	|^.1..++. .0.+.... 0.1^..1. .-.-....| ok p=0.822266
Q18:	|..+...+. ...1...^ ..-...-. .-.0...^| ok p=0.415039
Q19:	|0....^-. ...-.... ........ .+.+....| ok p=0.999023
Q20:	|..^...-. .0...0.. ..^...^. 1+...0..| ok p=0.476562
Q21:	|+.....0. .1.^.1.. ..0..... 1+.^.1..| ok p=0.735352
Q22:	|+.....0. .-...-.. ..1..... +1...+..| ok p=0.618164
Q23:	|-....... ........ ..+.0... 10......| ok p=0.987305
Q24:	|-...0... .^...^.0 ....1... 0....^..| ok p=1
Q25:	|-...1... ........ ..^.-... ........| ok p=0.504883
Q26:	|1...-... ......0+ ........ ...0....| ok p=1
Q27:	|0....... ......1+ ....^... ...1....| ok p=1
Q28:	|....^... ......+- ........ ...+....| ok p=0.456055
Q29:	|........ .......0 ........ ...0....| ok p=0.969727
Q30:	|........ ......^1 ........ ...-....| ok p=1
Q31:	|........ ........ ........ ...-....| ok p=1
Q32:	|........ ........ ........ ........| ok p=1
Q33:	|........ ........ ........ ...!....| ok p=1
Q34:	|........ ........ ........ ........| ok p=1
Q35:	|........ ........ ........ ........| ok p=1
Q36:	|........ ........ ........ ........| ok p=1
Q37:	|........ ........ ........ ........| ok p=1
Q38:	|........ ........ ........ ........| ok p=1
Q39:	|........ ........ ........ ........| ok p=1
Q40:	|........ ........ ........ ........| ok p=1
Q41:	|........ ........ ........ ........| ok p=1
Q42:	|........ ........ ........ ........| ok p=1
Q43:	|........ ........ ........ ........| ok p=1
Q44:	|........ ........ ........ ........| ok p=1
Q45:	|........ ........ ........ ........| ok p=1
Q46:	|........ ........ ........ ........| ok p=1
Q47:	|........ ........ ........ ........| ok p=1
Q48:	|........ ........ ........ ........| ok p=1
Q49:	|........ ........ ........ ........| ok p=1
Q50:	|........ ........ ........ ........| ok p=1
Q51:	|........ ........ ........ ........| ok p=1
Q52:	|........ ........ ........ ........| ok p=1
Q53:	|........ ........ ........ ........| ok p=1
Q54:	|........ ........ ........ ........| ok p=1
Q55:	|........ ........ ........ ........| ok p=1
Q56:	|........ ........ ........ ........| ok p=1
Q57:	|........ ........ ........ ........| ok p=1
Q58:	|........ ........ ........ ........| ok p=1
Q59:	|........ ........ ........ ........| ok p=1
Q60:	|........ ........ 00...... ........| ok p=1
Q61:	|........ ........ Q1...... ........| ok p=1
Q62:	|........ ........ +-...... ........| ok p=1
Q63:	|........ ........ .+...... ........| ok p=1
Q64:	|........ ........ .+...... ...-....|
