Warning: no OS randomness!
Connect MD5 differential paths
Copyright (C) 2009 Marc Stevens
http://homepages.cwi.nl/~stevens/

delta_m[11] = [!4!]
Loading precompute/diff5/paths16_0of1_1000000.bin.gz...done: 1000000. (5.20199s)
Loading workdir1/paths11_0of1.bin.gz.done...done: 3000000. (8.22147s)
t=12: 0%   10   20   30   40   50   60   70   80   90   100%
      |----|----|----|----|----|----|----|----|----|----|
      *Q-3:	|00000100 10011001 11010001 01010001|
Q-2:	|-011-+10 1+101011 -0++1010 10-+1-++|
Q-1:	|-011-+11 1+100111 0--+0111 1-++000-|
Q0:	|+000000+ -1++---- 01+-+100 110110--| ok p=0.24707
Q1:	|0.+.00+0 1+0+-1-- .11-11.. --11.-00| ok p=0.464844
Q2:	|-.-..010 1-10.0.0 ..--1-.. ++-..-00| ok p=1
Q3:	|+.+..0-. .-.+1.11 ..--.-.. -0+..-.+| ok p=1
Q4:	|+!0..+0. .1!-..1. ...-.+.. 00-..0.-| ok p=1
Q5:	|+!0..++. .+.+..-. .^0-.0.. 0.-..100| ok p=1
Q6:	|+11...0^ .-.+..1. .-..!0.. ...^.-10| ok p=1
Q7:	|10..^01- .-.0.11. !1.1.+.. ..1+.+++| ok p=1
Q8:	|0...-.-0 .0.1.1+. .1...+.. ...10+00| ok p=1
Q9:	|1...0.-- 01...-0. ....0-.. ...11++1| ok p=1
Q10:	|....-1+- 1+.01-1. 11..1+00 1100+-0-| ok p=1
Q11:	|11..00+1 -0010101 00^.0-01 1111+-1-| ok p=1
Q12:	|10..0+++ -11-+++0 ---.-0++ ++----.1| ok p=1
Q13:	|-1..-1.- +++1+--- +100+-++ ++++++.+| ok p=1
Q14:	|10..1+11 0+01.11- -011-0.. ..1110.-| ok p=1
Q15:	|-1..0+00 0+1-0010 -0.-1101 100100.1| ok p=0.264648
Q16:	|..0..0.. .1.+...- 1.0.1.0. ...0...+| ok p=0.509766
Q17:	|^.1..++. .0.+.... 0.1^..1. .-.-....| ok p=0.824219
Q18:	|..+...+. ...1...^ ..-...-. .-.0...^| ok p=0.380859
Q19:	|0....^-. ...-.... ........ .+.+....| ok p=1
Q20:	|..^...-. .0...0.. ..^...^. 1+...0..| ok p=0.490234
Q21:	|+.....0. .1.^.1.. ..0..... 1+.^.1..| ok p=0.736328
Q22:	|+.....0. .-...-.. ..1..... +1...+..| ok p=0.646484
Q23:	|-....... ........ ..+.0... 10......| ok p=0.985352
Q24:	|-...0... .^...^.0 ....1... 0....^..| ok p=1
Q25:	|-...1... ........ ..^.-... ........| ok p=0.5
Q26:	|1...-... ......0+ ........ ...0....| ok p=1
Q27:	|0....... ......1+ ....^... ...1....| ok p=1
Q28:	|....^... ......+- ........ ...+....| ok p=0.474609
Q29:	|........ .......0 ........ ...0....| ok p=0.958008
Q30:	|........ ......^1 ........ ...-....| ok p=1
Q31:	|........ ........ ........ ...-....| ok p=1
Q32:	|........ ........ ........ ........| ok p=1
Q33:	|........ ........ ........ ...!....| ok p=1
Q34:	|........ ........ ........ ........| ok p=1
Q35:	|........ ........ ........ ........|
Best path: totcompl=-21 tottunnel=35, totcond=553, p=0.000336514
Best paths: 2
Best paths: 4
Best paths: 8
Best paths: 16
**Best paths: 32
**