Warning: no OS randomness!
Extend MD5 differential paths forward
Copyright (C) 2009 Marc Stevens
http://homepages.cwi.nl/~stevens/

delta_m[11] = [!4!]
Loading workdir1/lowerpath.bin.gz...done: 1. (5.29289e-05s)
Estimating maxcond for upper bound 1500000 (=750000 * 2)...
t=1:  0%   10   20   30   40   50   60   70   80   90   100%
      |----|----|----|----|----|----|----|----|----|----|
e     ***************************************************
Found maxcond = 153
t=1:  0%   10   20   30   40   50   60   70   80   90   100%
      |----|----|----|----|----|----|----|----|----|----|
      ***************************************************
Q-3:	|00000100 10011001 11010001 01010001|
Q-2:	|-011-+10 1+101011 -0++1010 10-+1-++|
Q-1:	|-011-+11 1+100111 0--+0111 1-++000-|
Q0:	|+000000+ -1++---- 01+-+100 110110--| ok p=1
Q1:	|1.+.1+.- --000+0+ .11-0... --11.-0.| ok p=0.560547
Q2:	|.-.+...- .+...... .-.+.-.+ ...+....|
Saving 512576 paths...cached.
Autobalance parameters: maxcond=153 (ab#:0)
Verified: 986560 bad out of 1499136
Estimating maxcond for upper bound 3000000 (=1500000 * 2)...
t=2:  0%   10   20   30   40   50   60   70   80   90   100%
      |----|----|----|----|----|----|----|----|----|----|
e     **************************************************Found maxcond = 171
t=2:  0%   10   20   30   40   50   60   70   80   90   100%
      |----|----|----|----|----|----|----|----|----|----|
      **************************************************Q-3:	|00000100 10011001 11010001 01010001|
Q-2:	|-011-+10 1+101011 -0++1010 10-+1-++|
Q-1:	|-011-+11 1+100111 0--+0111 1-++000-|
Q0:	|+000000+ -1++---- 01+-+100 110110--| ok p=1
Q1:	|1.+.01+1 0+1+-0-- .11-11.. --11.-0.| ok p=0.313477
Q2:	|+.+...01 1-1..1.. .-1.++.. +0.-.++1| ok p=0.617188
Q3:	|...-..-. +.+.-.+. ....+.-. -......-|
Saving 815104 paths...cached.
Autobalance parameters: maxcond=171 (ab#:0)
Verified: 0 bad out of 815104
Estimating maxcond for upper bound 6000000 (=3000000 * 2)...
t=3:  0%   10   20   30   40   50   60   70   80   90   100%
      |----|----|----|----|----|----|----|----|----|----|
e     ***************************************************
Found maxcond = 189
t=3:  0%   10   20   30   40   50   60   70   80   90   100%
      |----|----|----|----|----|----|----|----|----|----|
      ***************************************************
Q-3:	|00000100 10011001 11010001 01010001|
Q-2:	|-011-+10 1+101011 -0++1010 10-+1-++|
Q-1:	|-011-+11 1+100111 0--+0111 1-++000-|
Q0:	|+000000+ -1++---- 01+-+100 110110--| ok p=1
Q1:	|1.+.10+1 1+0+-0-- .11-0.0. --11.-00| ok p=0.575195
Q2:	|+.+...-+ 1+00.1.. ..--1.-. --.-.-00| ok p=0.680664
Q3:	|0.-...0- ...+1.11 ..0.+.0. ...-.+.+| ok p=0.563477
Q4:	|.-.-.-.+ .+..-..+ ........ .+..-..+|
Saving 3000000 paths...cached.
Autobalance parameters: maxcond=188 (ab#:1)
Verified: 0 bad out of 3015872
Estimating maxcond for upper bound 6000000 (=3000000 * 2)...
t=4:  0%   10   20   30   40   50   60   70   80   90   100%
      |----|----|----|----|----|----|----|----|----|----|
e     ***************************************************
Found maxcond = 204
t=4:  0%   10   20   30   40   50   60   70   80   90   100%
      |----|----|----|----|----|----|----|----|----|----|
      ***************************************************
Q-3:	|00000100 10011001 11010001 01010001|
Q-2:	|-011-+10 1+101011 -0++1010 10-+1-++|
Q-1:	|-011-+11 1+100111 0--+0111 1-++000-|
Q0:	|+000000+ -1++---- 01+-+100 110110--| ok p=1
Q1:	|1.+.01+0 1+0+-1-- .11-11.. --11.-00| ok p=0.456055
Q2:	|+.-..V10 1-10.0.. ..--1-.. +1-..-00| ok p=0.481445
Q3:	|+.+...-. .-.+0.00 ..--.-.. -1-..-.+| ok p=0.459961
Q4:	|+.+..-0. ...-.... ...-.... +++....-| ok p=0.959961
Q5:	|+.+...-. .+.+..-. -....-.+ .-.-....|
Saving 2902427 paths...cached.
Autobalance parameters: maxcond=204 (ab#:0)
Verified: 105787 bad out of 3008214
Estimating maxcond for upper bound 6000000 (=3000000 * 2)...
t=5:  0%   10   20   30   40   50   60   70   80   90   100%
      |----|----|----|----|----|----|----|----|----|----|
e     ***************************************************
Found maxcond = 219
t=5:  0%   10   20   30   40   50   60   70   80   90   100%
      |----|----|----|----|----|----|----|----|----|----|
      ***************************************************
Q-3:	|00000100 10011001 11010001 01010001|
Q-2:	|-011-+10 1+101011 -0++1010 10-+1-++|
Q-1:	|-011-+11 1+100111 0--+0111 1-++000-|
Q0:	|+000000+ -1++---- 01+-+100 110110--| ok p=1
Q1:	|1.+.11+0 1+0+-1-- .11-11.. --11.-01| ok p=0.467773
Q2:	|+.-...10 1-10.0.. ..--1-.. +++..-00| ok p=0.492188
Q3:	|+.+...-1 .+.+1.01 ..--.-.. 0-+...--| ok p=0.354492
Q4:	|+.1...-- .-.-..0. ...-.+.. -0+..11-| ok p=0.616211
Q5:	|..+....- .0.+..-. ..1..1.. 01....1.| ok p=0.967773
Q6:	|..+..-.- ..+...-. .-.-.... ..-.....|
Saving 3000000 paths...cached.
Autobalance parameters: maxcond=218 (ab#:1)
Verified: 310208 bad out of 4502617
Estimating maxcond for upper bound 6000000 (=3000000 * 2)...
t=6:  0%   10   20   30   40   50   60   70   80   90   100%
      |----|----|----|----|----|----|----|----|----|----|
e     ***************************************************
Found maxcond = 233
t=6:  0%   10   20   30   40   50   60   70   80   90   100%
      |----|----|----|----|----|----|----|----|----|----|
      ***************************************************
Q-3:	|00000100 10011001 11010001 01010001|
Q-2:	|-011-+10 1+101011 -0++1010 10-+1-++|
Q-1:	|-011-+11 1+100111 0--+0111 1-++000-|
Q0:	|+000000+ -1++---- 01+-+100 110110--| ok p=0.236328
Q1:	|0.+.00+0 1+0+-1-- .11-11.. --11.-01| ok p=0.466797
Q2:	|-.-..V10 1-10.0.. ..--1-.. ++-..-00| ok p=0.991211
Q3:	|+.+..0-. .-.+1.11 ..--.-.. -0+..-.+| ok p=0.386719
Q4:	|+.0..+0. .-.-..1. .V.-.+.. 00-.V..-| ok p=0.888672
Q5:	|+.0..++. ...+..-. ..1-.1.. 0.-..1.0| ok p=0.957031
Q6:	|+.....+. .1.+..0. .-...1.. ....-..1| ok p=0.462891
Q7:	|....-..+ ....+.+. ....+... -.+.-..-|
Saving 2139950 paths...cached.
Autobalance parameters: maxcond=233 (ab#:0)
Verified: 194132 bad out of 2334082
Estimating maxcond for upper bound 6000000 (=3000000 * 2)...
t=7:  0%   10   20   30   40   50   60   70   80   90   100%
      |----|----|----|----|----|----|----|----|----|----|
e     ***************************************************
Found maxcond = 246
t=7:  0%   10   20   30   40   50   60   70   80   90   100%
      |----|----|----|----|----|----|----|----|----|----|
      ***************************************************
Q-3:	|00000100 10011001 11010001 01010001|
Q-2:	|-011-+10 1+101011 -0++1010 10-+1-++|
Q-1:	|-011-+11 1+100111 0--+0111 1-++000-|
Q0:	|+000000+ -1++---- 01+-+100 110110--| ok p=0.241211
Q1:	|0.+.00+0 1+0+-1-- .11-11.. --11.-00| ok p=0.462891
Q2:	|-.-..010 1-10.0.. ..--1-.. ++-..-00| ok p=0.979492
Q3:	|+.+..1-. .-.+1.11 ..--.-.. -0+..-.+| ok p=0.397461
Q4:	|+.0..+1. .1.-..1. .V.-.+.. 00-..0.-| ok p=0.926758
Q5:	|+.0..++. V+.+..-. ..1-.0.. 0.-..1.+| ok p=0.944336
Q6:	|+.....+. .-.+..0. .-.-.0.. ..-..-.+| ok p=0.390625
Q7:	|.....1.. ++....+. .0.-.+.. .....-..| ok p=0.938477
Q8:	|...-...+ .-...+.. -..-.+.. -..-.+.+|
Saving 1261218 paths...cached.
Autobalance parameters: maxcond=246 (ab#:0)
Verified: 224 bad out of 1261442
Estimating maxcond for upper bound 6000000 (=3000000 * 2)...
t=8:  0%   10   20   30   40   50   60   70   80   90   100%
      |----|----|----|----|----|----|----|----|----|----|
e     **************************************************Found maxcond = 260
t=8:  0%   10   20   30   40   50   60   70   80   90   100%
      |----|----|----|----|----|----|----|----|----|----|
      **************************************************Q-3:	|00000100 10011001 11010001 01010001|
Q-2:	|-011-+10 1+101011 -0++1010 10-+1-++|
Q-1:	|-011-+11 1+100111 0--+0111 1-++000-|
Q0:	|+000000+ -1++---- 01+-+100 110110--| ok p=0.230469
Q1:	|0.+.00+0 1+0+-1-- .11-11.. --11.-00| ok p=0.485352
Q2:	|-.-..V10 1-10.0.. ..--1-.. ++-..-00| ok p=0.987305
Q3:	|+.+..0-. .-.+1.11 ..--.-.. -0+..-.+| ok p=0.397461
Q4:	|+.0..+0. .1.-..1. .V.-.+.. 00-..0.-| ok p=0.890625
Q5:	|+.0..++0 .+.+..-. ..0-.0.. 0.-..1.0| ok p=0.929688
Q6:	|+..V..01 V-.+..0. .-...0.. ..0..-.0| ok p=0.43457
Q7:	|.....00- .-....1. .1.0.+.. ..+..-.-| ok p=0.898438
Q8:	|1..-...- -..1..+. .+...+.. ..0..+.0| ok p=0.541016
Q9:	|....-.-. +....-.. .+.-..+. .-..+..-|
Saving 1570152 paths...cached.
Autobalance parameters: maxcond=260 (ab#:0)
Verified: 24 bad out of 1570176
Estimating maxcond for upper bound 6000000 (=3000000 * 2)...
t=9:  0%   10   20   30   40   50   60   70   80   90   100%
      |----|----|----|----|----|----|----|----|----|----|
e     ***************************************************
Found maxcond = 274
t=9:  0%   10   20   30   40   50   60   70   80   90   100%
      |----|----|----|----|----|----|----|----|----|----|
      ***************************************************
Q-3:	|00000100 10011001 11010001 01010001|
Q-2:	|-011-+10 1+101011 -0++1010 10-+1-++|
Q-1:	|-011-+11 1+100111 0--+0111 1-++000-|
Q0:	|+000000+ -1++---- 01+-+100 110110--| ok p=0.264648
Q1:	|0.+.00+0 1+0+-1-- .11-11.. --11.-00| ok p=0.472656
Q2:	|-.-..V10 1-10.0.. ..--1-.. ++-..-00| ok p=0.978516
Q3:	|+.+..0-. .-.+1.11 ..--.-.. -0+..-.+| ok p=0.432617
Q4:	|+.0..+0. .1.-..1. .V.-.+.. 00-..0.-| ok p=0.917969
Q5:	|+.0..++V .+.+..-. ..0-.0.. 0.-..1.0| ok p=0.933594
Q6:	|+..0..01 V-.+..0. .-...0.. ..0..-.0| ok p=0.392578
Q7:	|...1.01- 1-...V1. .1.0.+V. ..+..-.-| ok p=0.860352
Q8:	|0..-...- -..0..+. .1...+.. ..1..+.0| ok p=0.890625
Q9:	|...0...- -1...-0. ......+. ..1..1.-| ok p=0.512695
Q10:	|.....-.- .-...-.. ....+.+. ...-.-..|
Saving 2468170 paths...cached.
Autobalance parameters: maxcond=274 (ab#:0)
Verified: 7036 bad out of 2475206
Estimating maxcond for upper bound 6000000 (=3000000 * 2)...
t=10: 0%   10   20   30   40   50   60   70   80   90   100%
      |----|----|----|----|----|----|----|----|----|----|
e     ***************************************************
Found maxcond = 287
t=10: 0%   10   20   30   40   50   60   70   80   90   100%
      |----|----|----|----|----|----|----|----|----|----|
      ***************************************************
Q-3:	|00000100 10011001 11010001 01010001|
Q-2:	|-011-+10 1+101011 -0++1010 10-+1-++|
Q-1:	|-011-+11 1+100111 0--+0111 1-++000-|
Q0:	|+000000+ -1++---- 01+-+100 110110--| ok p=0.211914
Q1:	|0.+.00+0 1+0+-1-- .11-11.. --11.-00| ok p=0.461914
Q2:	|-.-..V10 1-10.0.. ..--1-.. ++-..-00| ok p=0.988281
Q3:	|+.+..0-. .-.+1.11 ..--.-.. -0+..-.+| ok p=0.421875
Q4:	|+.0..+0. .1.-..1. .V.-.+.. 00-..0.-| ok p=0.922852
Q5:	|+.0..++V .+.+..-. ..0-.0.. 0.-V.100| ok p=0.932617
Q6:	|+...V.0. .-.+..1. .-...0.. .....-10| ok p=0.436523
Q7:	|.....01- .-...V1. .1.1.+.. ..1+.+++| ok p=0.941406
Q8:	|0...-.-0 .0.1.1+. .1...+.. ...1.+00| ok p=0.955078
Q9:	|....0.-- .0...-0. .....-.. ...1.++1| ok p=0.527344
Q10:	|....-..+ .+...-1. .....+.. ......0-| ok p=0.958984
Q11:	|......+. -..-.... ......-. -......-|
Saving 2532007 paths...cached.
Autobalance parameters: maxcond=287 (ab#:0)
Verified: 13084 bad out of 2545091
Estimating maxcond for upper bound 6000000 (=3000000 * 2)...
t=11: 0%   10   20   30   40   50   60   70   80   90   100%
      |----|----|----|----|----|----|----|----|----|----|
e     ***************************************************
Found maxcond = 297
t=11: 0%   10   20   30   40   50   60   70   80   90   100%
      |----|----|----|----|----|----|----|----|----|----|
      ***************************************************
Q-3:	|00000100 10011001 11010001 01010001|
Q-2:	|-011-+10 1+101011 -0++1010 10-+1-++|
Q-1:	|-011-+11 1+100111 0--+0111 1-++000-|
Q0:	|+000000+ -1++---- 01+-+100 110110--| ok p=0.232422
Q1:	|0.+.00+0 1+0+-1-- .11-11.. --11.-00| ok p=0.46582
Q2:	|-.-..V10 1-10.0.. ..--1-.. ++-..-00| ok p=0.975586
Q3:	|+.+..0-. .-.+1.11 ..--.-.. -0+..-.+| ok p=0.394531
Q4:	|+.0..+0. .1.-..1. .V.-.+.. 00-..0.-| ok p=0.914062
Q5:	|+.0..++V .+.+..-. ..0-.0.. 0.-V01.0| ok p=0.933594
Q6:	|+..V..0. V-.+..0. .-...0.. ....1-.0| ok p=0.421875
Q7:	|.....01- 1-...V1. .1.0.+.. ..0+++.-| ok p=0.875977
Q8:	|0..-.V.0 -1.0.0+. .1...+.. ...10+.0| ok p=0.890625
Q9:	|...0.0.1 -0...-0. .....-.. ...1+..-| ok p=0.495117
Q10:	|...1.-.. -+...-1. .....+.. ....11.1| ok p=0.955078
Q11:	|.....+.. .0...... .....1.. ....-..1| ok p=0.919922
Q12:	|....+..+ .....-.. .-...... -...-.+.|
Saving 3000000 paths...done. (6.11204s)
Autobalance parameters: maxcond=296 (ab#:1)
Verified: 251315 bad out of 3275849
Runtime: 62.1642
