Warning: no OS randomness!
MD5 differential path toolbox
Copyright (C) 2009 Marc Stevens
http://homepages.cwi.nl/~stevens/

Loading workdir1/latest_bestpaths.bin.gz...done (loaded 2 paths).
Saving 2 paths to workdir1/joint_bestpaths.bin.gz...done.
Warning: no OS randomness!
MD5 differential path toolbox
Copyright (C) 2009 Marc Stevens
http://homepages.cwi.nl/~stevens/

Loading workdir1/latest_bestpaths.bin.gz...done (loaded 8 paths).
Saving 8 paths to workdir1/joint_bestpaths.bin.gz...done.
Warning: no OS randomness!
MD5 differential path toolbox
Copyright (C) 2009 Marc Stevens
http://homepages.cwi.nl/~stevens/

Loading workdir1/latest_bestpaths.bin.gz...done (loaded 16 paths).
Saving 16 paths to workdir1/joint_bestpaths.bin.gz...done.
Warning: no OS randomness!
MD5 differential path toolbox
Copyright (C) 2009 Marc Stevens
http://homepages.cwi.nl/~stevens/

Loading workdir1/latest_bestpaths.bin.gz...done (loaded 32 paths).
Saving 32 paths to workdir1/joint_bestpaths.bin.gz...done.
