Warning: no OS randomness!
MD5 differential path toolbox
Copyright (C) 2009 Marc Stevens
http://homepages.cwi.nl/~stevens/

IHV1   = {77189457,13587675,3148310465,3131804332}
IHV1   = 51d19904db54cf00c167a7bbac8aabba

IHV2   = {77189457,2171628760,937891760,921385627}
IHV2   = 51d19904d86c7081b017e7379b3aeb36

dIHV   = {0,2158041085,2084548591,2084548591}
NC0: delta c = delta d = [!0,31!]
NC0: delta b           = [!0,21,-23,31!]
NC1: delta c = delta d = [!4!]
NC1: delta b           = [!4,-26!]
NC2: delta c = delta d = [!12!]
NC2: delta b           = [!1,12!]
NC3: delta c = delta d = [!14!]
NC3: delta b           = [!-4,14!]
NC4: delta c = delta d = [!-22!]
NC4: delta b           = [!-11,13,-22!]
NC5: delta c = delta d = [!26!]
NC5: delta b           = [!15,-17,26!]
NC0: prob=-9.15236
NC1: prob=-4.98419
NC2: prob=-5.84204
NC3: prob=-4.92816
NC4: prob=-6.17252
NC5: prob=-6.26892
delta m_11 = [!4!]
Q-3:	|00000100 10011001 11010001 01010001|
Q-2:	|-011-+10 1+101011 -0++1010 10-+1-++|
Q-1:	|-011-+11 1+100111 0--+0111 1-++000-|
Q0:	|+000000+ -1++---- 01+-+100 110110--| ok p=0.1875
Q1:	|..+...+. .+...+.+ ...-...- .+...-..|
Saved lower diff. path to 'workdir1/lowerpath.bin.gz'.

Q34:	|........ ........ ........ ........|
Q35:	|........ ........ ........ ........|
Q36:	|........ ........ ........ ........|
Q37:	|........ ........ ........ ........| ok p=1
Q38:	|........ ........ ........ ........| ok p=1
Q39:	|........ ........ ........ ........| ok p=1
Q40:	|........ ........ ........ ........| ok p=1
Q41:	|........ ........ ........ ........| ok p=1
Q42:	|........ ........ ........ ........| ok p=1
Q43:	|........ ........ ........ ........| ok p=1
Q44:	|........ ........ ........ ........| ok p=1
Q45:	|........ ........ ........ ........| ok p=1
Q46:	|........ ........ ........ ........| ok p=1
Q47:	|........ ........ ........ ........| ok p=1
Q48:	|........ ........ ........ ........| ok p=1
Q49:	|........ ........ ........ ........| ok p=1
Q50:	|........ ........ ........ ........| ok p=1
Q51:	|........ ........ ........ ........| ok p=1
Q52:	|........ ........ ........ ........| ok p=1
Q53:	|........ ........ ........ ........| ok p=1
Q54:	|........ ........ ........ ........| ok p=1
Q55:	|........ ........ ........ ........| ok p=1
Q56:	|........ ........ ........ ........| ok p=1
Q57:	|........ ........ ........ ........| ok p=1
Q58:	|........ ........ ........ ........| ok p=1
Q59:	|........ ........ ........ ........| ok p=1
Q60:	|........ ........ 00...... ........| ok p=1
Q61:	|........ ........ Q1...... ........| ok p=1
Q62:	|........ ........ +-...... ........| ok p=1
Q63:	|........ ........ .+...... ........| ok p=1
Q64:	|........ ........ .+...... ...-....|
Saved upper diff. path to 'workdir1/upperpath.bin.gz'.
Saved 'md5diffpathforward.cfg'.
Saved 'md5diffpathbackward.cfg'.
Saved 'md5diffpathconnect.cfg'.
Saved 'md5diffpathhelper.cfg'.
