Warning: no OS randomness!
MD5 differential path toolbox
Copyright (C) 2009 Marc Stevens
http://homepages.cwi.nl/~stevens/

Loading workdir0/latest_bestpaths.bin.gz...done (loaded 1 paths).
Loading workdir0/upperpath.bin.gz...done (loaded 1 paths).
Using this partial path to overwrite all paths in workdir0/latest_bestpaths.bin.gz:
Q34:	|........ ........ ........ ........|
Q35:	|........ ........ ........ ........|
Q36:	|........ ........ ........ ........|
Q37:	|........ ........ ........ ........| ok p=1
Q38:	|........ ........ ........ ........| ok p=1
Q39:	|........ ........ ........ ........| ok p=1
Q40:	|........ ........ ........ ........| ok p=1
Q41:	|........ ........ ........ ........| ok p=1
Q42:	|........ ........ ........ ........| ok p=1
Q43:	|........ ........ ........ ........| ok p=1
Q44:	|........ ........ ........ ........| ok p=1
Q45:	|........ ........ ........ ........| ok p=1
Q46:	|........ ........ ........ ........| ok p=1
Q47:	|........ ........ ........ ........| ok p=1
Q48:	|........ ........ ........ ........| ok p=1
Q49:	|........ ........ ........ ........| ok p=1
Q50:	|........ ........ ........ ........| ok p=1
Q51:	|........ ........ ........ ........| ok p=1
Q52:	|........ ........ ........ ........| ok p=1
Q53:	|........ ........ ........ ........| ok p=1
Q54:	|........ ........ ........ ........| ok p=1
Q55:	|........ ........ ........ ........| ok p=1
Q56:	|........ ........ ........ ........| ok p=1
Q57:	|........ ........ ........ ........| ok p=1
Q58:	|........ ........ ........ ........| ok p=1
Q59:	|........ ........ ........ ........| ok p=1
Q60:	|........ ......0. ........ ........| ok p=1
Q61:	|........ .....11. ........ ........| ok p=1
Q62:	|........ .....1-. ........ ........| ok p=1
Q63:	|........ .....-+. ........ ........| ok p=1
Q64:	|........ ......-. ........ +.......|
Saving 1 paths to workdir0/collfindpaths.bin.gz...done.
Q-3:	|01100000 11010111 10100011 10001000|
Q-2:	|-1001-01 1+00+--1 0-1-0101 11-+01-+|
Q-1:	|+0-+++10 +1-----0 -+-1++++ ++++00-+|
Q0:	|-0110000 +1+1+--+ 11+0-111 -1010-+-| ok p=0.504883
Q1:	|-001--.+ 1.-+0..- 101-100+ 110-.+1-| ok p=1
Q2:	|1-..-0.- 1.-0-111 ..0+-..1 -..1.-+.| ok p=1
Q3:	|1+..+1.- +.1++.10 1..-1..1 1..+.011| ok p=1
Q4:	|01..+... +.1-+.-. 0..+1... +..+.+1.| ok p=1
Q5:	|.0..1..1 0..-..-. +..0+... 1.!-^-+.| ok p=1
Q6:	|.11.-... -..-0... -..--... 0.0---0.| ok p=1
Q7:	|!.1.+... +..+..0! 1..1-..^ .11.0.1.| ok p=1
Q8:	|!.+.+... +..+.... 0.1+...+ .0-011..| ok p=1
Q9:	|.!+.0..^ -..+.... 0.1-0..0 .-+.....| ok p=1
Q10:	|.!+.-.1- -11+...0 1.++..10 .1-.10..| ok p=1
Q11:	|.10^+.01 101+0^01 +.+-^.1+ ^0+.01..| ok p=1
Q12:	|^0+-0.+- ---.1+1- -^--+^+0 --0^+-^.| ok p=1
Q13:	|--010.11 01-1+1+0 +-1+1+-+ 1++-01-.| ok p=1
Q14:	|00+0..01 +1.01010 10+0-011 1+01+-1.| ok p=1
Q15:	|10+..... +.0+1+1. 0100++0- .+10101.| ok p=0.754883
Q16:	|..0..... -..+.... ..+.+..- .1..-0..| ok p=0.750977
Q17:	|..0...0. -.-0.^.. ....-^.0 .-...0.0| ok p=0.755859
Q18:	|..00.... 1.--.... ..^.1..0 ....^1.1| ok p=0.84668
Q19:	|..00..+. +.0..... ....+... .^...-.+| ok p=1
Q20:	|.0-+..+. ..0^.... ....+... ..0.....| ok p=0.758789
Q21:	|..+...-. ^......0 .0..0... ..1..^.^| ok p=0.591797
Q22:	|.-1^..-. ....0..1 ....0... ..-.....| ok p=0.999023
Q23:	|.-0...1. ....1..- 0+...... .....0..| ok p=0.258789
Q24:	|.+....0. ....-... 1+...... ..^..1..| ok p=0.838867
Q25:	|.+...... ....0..^ +-...... .....+..| ok p=0.993164
Q26:	|.+...... ....0... .0...... 0.......| ok p=0.769531
Q27:	|.1...... ....1... ^1...... 1....^..| ok p=0.519531
Q28:	|.0...... ....-... ........ -.......| ok p=1
Q29:	|........ ........ ........ 0.......| ok p=0.727539
Q30:	|........ ....^... ........ +.......| ok p=1
Q31:	|........ ........ ........ +.......| ok p=1
Q32:	|........ ........ ........ ........| ok p=1
Q33:	|........ ........ ........ !.......| ok p=1
Q34:	|........ ........ ........ ........| ok p=1
Q35:	|........ ........ ........ ........| ok p=1
Q36:	|........ ........ ........ ........| ok p=1
Q37:	|........ ........ ........ ........| ok p=1
Q38:	|........ ........ ........ ........| ok p=1
Q39:	|........ ........ ........ ........| ok p=1
Q40:	|........ ........ ........ ........| ok p=1
Q41:	|........ ........ ........ ........| ok p=1
Q42:	|........ ........ ........ ........| ok p=1
Q43:	|........ ........ ........ ........| ok p=1
Q44:	|........ ........ ........ ........| ok p=1
Q45:	|........ ........ ........ ........| ok p=1
Q46:	|........ ........ ........ ........| ok p=1
Q47:	|........ ........ ........ ........| ok p=1
Q48:	|........ ........ ........ ........| ok p=1
Q49:	|........ ........ ........ ........| ok p=1
Q50:	|........ ........ ........ ........| ok p=1
Q51:	|........ ........ ........ ........| ok p=1
Q52:	|........ ........ ........ ........| ok p=1
Q53:	|........ ........ ........ ........| ok p=1
Q54:	|........ ........ ........ ........| ok p=1
Q55:	|........ ........ ........ ........| ok p=1
Q56:	|........ ........ ........ ........| ok p=1
Q57:	|........ ........ ........ ........| ok p=1
Q58:	|........ ........ ........ ........| ok p=1
Q59:	|........ ........ ........ ........| ok p=1
Q60:	|........ ......0. ........ ........| ok p=1
Q61:	|........ .....11. ........ ........| ok p=0.999023
Q62:	|........ .....1-. ........ ........| ok p=1
Q63:	|........ .....-+. ........ ........| ok p=1
Q64:	|........ ......-. ........ +.......|
Warning: no OS randomness!
MD5 differential path toolbox
Copyright (C) 2009 Marc Stevens
http://homepages.cwi.nl/~stevens/

Loading workdir0/joint_bestpaths.bin.gz...done (loaded 12 paths).
Loading workdir0/upperpath.bin.gz...done (loaded 1 paths).
Using this partial path to overwrite all paths in workdir0/joint_bestpaths.bin.gz:
Q34:	|........ ........ ........ ........|
Q35:	|........ ........ ........ ........|
Q36:	|........ ........ ........ ........|
Q37:	|........ ........ ........ ........| ok p=1
Q38:	|........ ........ ........ ........| ok p=1
Q39:	|........ ........ ........ ........| ok p=1
Q40:	|........ ........ ........ ........| ok p=1
Q41:	|........ ........ ........ ........| ok p=1
Q42:	|........ ........ ........ ........| ok p=1
Q43:	|........ ........ ........ ........| ok p=1
Q44:	|........ ........ ........ ........| ok p=1
Q45:	|........ ........ ........ ........| ok p=1
Q46:	|........ ........ ........ ........| ok p=1
Q47:	|........ ........ ........ ........| ok p=1
Q48:	|........ ........ ........ ........| ok p=1
Q49:	|........ ........ ........ ........| ok p=1
Q50:	|........ ........ ........ ........| ok p=1
Q51:	|........ ........ ........ ........| ok p=1
Q52:	|........ ........ ........ ........| ok p=1
Q53:	|........ ........ ........ ........| ok p=1
Q54:	|........ ........ ........ ........| ok p=1
Q55:	|........ ........ ........ ........| ok p=1
Q56:	|........ ........ ........ ........| ok p=1
Q57:	|........ ........ ........ ........| ok p=1
Q58:	|........ ........ ........ ........| ok p=1
Q59:	|........ ........ ........ ........| ok p=1
Q60:	|........ ......0. ........ ........| ok p=1
Q61:	|........ .....11. ........ ........| ok p=1
Q62:	|........ .....1-. ........ ........| ok p=1
Q63:	|........ .....-+. ........ ........| ok p=1
Q64:	|........ ......-. ........ +.......|
Saving 12 paths to workdir0/collfindpaths.bin.gz...done.
Q-3:	|01100000 11010111 10100011 10001000|
Q-2:	|-1001-01 1+00+--1 0-1-0101 11-+01-+|
Q-1:	|+0-+++10 +1-----0 -+-1++++ ++++00-+|
Q0:	|-0110000 +1+1+--+ 11+0-111 -1010-+-| ok p=0.482422
Q1:	|-001--.+ 1.-+0..- 101-100+ 110-.+1-| ok p=1
Q2:	|1-..-0.- 1.-0-111 ..0+-..1 -..1.-+.| ok p=1
Q3:	|1+..+1.- +.1++.10 1..-1..1 1..+.011| ok p=1
Q4:	|01..+... +.1-+.-. 0..+1... +..+.+1.| ok p=1
Q5:	|.00.1..1 0..-..-. +..0+... 1.!-^-+.| ok p=1
Q6:	|..1.-... -..-0... -..--... 0.0---0.| ok p=1
Q7:	|.!1.+... +..+..0! 1..1-..^ .11.0.1.| ok p=1
Q8:	|.!+.+... +..+.... 0.1+...+ .0-011..| ok p=1
Q9:	|!.+.0..^ -..+.... 0.1-0..0 .-+.....| ok p=1
Q10:	|.!+.-.1- -01+...0 1.++..10 .1-.10..| ok p=1
Q11:	|.10^+.01 011+0^01 +.+-^.1+ ^0+.01..| ok p=1
Q12:	|^0+-0.+- ---.1+1- -^--+^+0 --0^+-^.| ok p=1
Q13:	|--010.11 01-1+1+0 +-1+1+-+ 1++-01-.| ok p=1
Q14:	|00+0..01 +1.01010 10+0-011 1+01+-1.| ok p=1
Q15:	|10+..... +.0+1+1. 0100++0- .+10101.| ok p=0.769531
Q16:	|..0..... -..+.... ..+.+..- .1..-0..| ok p=0.767578
Q17:	|..0...0. -.-0.^.. ....-^.0 .-...0.0| ok p=0.734375
Q18:	|..00.... 1.--.... ..^.1..0 ....^1.1| ok p=0.832031
Q19:	|..00..+. +.0..... ....+... .^...-.+| ok p=1
Q20:	|.0-+..+. ..0^.... ....+... ..0.....| ok p=0.744141
Q21:	|..+...-. ^......0 .0..0... ..1..^.^| ok p=0.599609
Q22:	|.-1^..-. ....0..1 ....0... ..-.....| ok p=0.996094
Q23:	|.-0...1. ....1..- 0+...... .....0..| ok p=0.229492
Q24:	|.+....0. ....-... 1+...... ..^..1..| ok p=0.84082
Q25:	|.+...... ....0..^ +-...... .....+..| ok p=0.988281
Q26:	|.+...... ....0... .0...... 0.......| ok p=0.75
Q27:	|.1...... ....1... ^1...... 1....^..| ok p=0.53125
Q28:	|.0...... ....-... ........ -.......| ok p=1
Q29:	|........ ........ ........ 0.......| ok p=0.750977
Q30:	|........ ....^... ........ +.......| ok p=1
Q31:	|........ ........ ........ +.......| ok p=1
Q32:	|........ ........ ........ ........| ok p=1
Q33:	|........ ........ ........ !.......| ok p=1
Q34:	|........ ........ ........ ........| ok p=1
Q35:	|........ ........ ........ ........| ok p=1
Q36:	|........ ........ ........ ........| ok p=1
Q37:	|........ ........ ........ ........| ok p=1
Q38:	|........ ........ ........ ........| ok p=1
Q39:	|........ ........ ........ ........| ok p=1
Q40:	|........ ........ ........ ........| ok p=1
Q41:	|........ ........ ........ ........| ok p=1
Q42:	|........ ........ ........ ........| ok p=1
Q43:	|........ ........ ........ ........| ok p=1
Q44:	|........ ........ ........ ........| ok p=1
Q45:	|........ ........ ........ ........| ok p=1
Q46:	|........ ........ ........ ........| ok p=1
Q47:	|........ ........ ........ ........| ok p=1
Q48:	|........ ........ ........ ........| ok p=1
Q49:	|........ ........ ........ ........| ok p=1
Q50:	|........ ........ ........ ........| ok p=1
Q51:	|........ ........ ........ ........| ok p=1
Q52:	|........ ........ ........ ........| ok p=1
Q53:	|........ ........ ........ ........| ok p=1
Q54:	|........ ........ ........ ........| ok p=1
Q55:	|........ ........ ........ ........| ok p=1
Q56:	|........ ........ ........ ........| ok p=1
Q57:	|........ ........ ........ ........| ok p=1
Q58:	|........ ........ ........ ........| ok p=1
Q59:	|........ ........ ........ ........| ok p=1
Q60:	|........ ......0. ........ ........| ok p=1
Q61:	|........ .....11. ........ ........| ok p=1
Q62:	|........ .....1-. ........ ........| ok p=1
Q63:	|........ .....-+. ........ ........| ok p=1
Q64:	|........ ......-. ........ +.......|
Warning: no OS randomness!
MD5 differential path toolbox
Copyright (C) 2009 Marc Stevens
http://homepages.cwi.nl/~stevens/

Loading workdir0/joint_bestpaths.bin.gz...done (loaded 80 paths).
Loading workdir0/upperpath.bin.gz...done (loaded 1 paths).
Using this partial path to overwrite all paths in workdir0/joint_bestpaths.bin.gz:
Q34:	|........ ........ ........ ........|
Q35:	|........ ........ ........ ........|
Q36:	|........ ........ ........ ........|
Q37:	|........ ........ ........ ........| ok p=1
Q38:	|........ ........ ........ ........| ok p=1
Q39:	|........ ........ ........ ........| ok p=1
Q40:	|........ ........ ........ ........| ok p=1
Q41:	|........ ........ ........ ........| ok p=1
Q42:	|........ ........ ........ ........| ok p=1
Q43:	|........ ........ ........ ........| ok p=1
Q44:	|........ ........ ........ ........| ok p=1
Q45:	|........ ........ ........ ........| ok p=1
Q46:	|........ ........ ........ ........| ok p=1
Q47:	|........ ........ ........ ........| ok p=1
Q48:	|........ ........ ........ ........| ok p=1
Q49:	|........ ........ ........ ........| ok p=1
Q50:	|........ ........ ........ ........| ok p=1
Q51:	|........ ........ ........ ........| ok p=1
Q52:	|........ ........ ........ ........| ok p=1
Q53:	|........ ........ ........ ........| ok p=1
Q54:	|........ ........ ........ ........| ok p=1
Q55:	|........ ........ ........ ........| ok p=1
Q56:	|........ ........ ........ ........| ok p=1
Q57:	|........ ........ ........ ........| ok p=1
Q58:	|........ ........ ........ ........| ok p=1
Q59:	|........ ........ ........ ........| ok p=1
Q60:	|........ ......0. ........ ........| ok p=1
Q61:	|........ .....11. ........ ........| ok p=1
Q62:	|........ .....1-. ........ ........| ok p=1
Q63:	|........ .....-+. ........ ........| ok p=1
Q64:	|........ ......-. ........ +.......|
Saving 80 paths to workdir0/collfindpaths.bin.gz...done.
Q-3:	|01100000 11010111 10100011 10001000|
Q-2:	|-1001-01 1+00+--1 0-1-0101 11-+01-+|
Q-1:	|+0-+++10 +1-----0 -+-1++++ ++++00-+|
Q0:	|-0110000 +1+1+--+ 11+0-111 -1010-+-| ok p=0.481445
Q1:	|-001--.+ 1.-+0..- 101-100+ 110-.+1-| ok p=1
Q2:	|1-..-0.- 1.-0-111 ..0+-..1 -..1.-+.| ok p=1
Q3:	|1+..+1.- +.1++.10 1..-1..1 1..+.011| ok p=1
Q4:	|01..+... +.1-+.-. 0..+1... +..+.+1.| ok p=1
Q5:	|.00.1..1 0..-..-. +..0+... 1.!-^-+.| ok p=1
Q6:	|..1.-... -..-0... -..--... 0.0---0.| ok p=1
Q7:	|.!1.+... +..+..0! 1..1-..^ .11.0.1.| ok p=1
Q8:	|.!+.+... +..+.... 0.1+...+ .0-011..| ok p=1
Q9:	|!.+.0..^ -..+.... 0.1-0..0 .-+.....| ok p=1
Q10:	|.!+.-.1- -01+...0 1.++..10 .1-.10..| ok p=1
Q11:	|.10^+.01 011+0^01 +.+-^.1+ ^0+.01..| ok p=1
Q12:	|^0+-0.+- ---.1+1- -^--+^+0 --0^+-^.| ok p=1
Q13:	|--010.11 01-1+1+0 +-1+1+-+ 1++-01-.| ok p=1
Q14:	|00+0..01 +1.01010 10+0-011 1+01+-1.| ok p=1
Q15:	|10+..... +.0+1+1. 0100++0- .+10101.| ok p=0.771484
Q16:	|..0..... -..+.... ..+.+..- .1..-0..| ok p=0.75293
Q17:	|..0...0. -.-0.^.. ....-^.0 .-...0.0| ok p=0.737305
Q18:	|..00.... 1.--.... ..^.1..0 ....^1.1| ok p=0.830078
Q19:	|..00..+. +.0..... ....+... .^...-.+| ok p=1
Q20:	|.0-+..+. ..0^.... ....+... ..0.....| ok p=0.728516
Q21:	|..+...-. ^......0 .0..0... ..1..^.^| ok p=0.579102
Q22:	|.-1^..-. ....0..1 ....0... ..-.....| ok p=0.999023
Q23:	|.-0...1. ....1..- 0+...... .....0..| ok p=0.245117
Q24:	|.+....0. ....-... 1+...... ..^..1..| ok p=0.836914
Q25:	|.+...... ....0..^ +-...... .....+..| ok p=0.990234
Q26:	|.+...... ....0... .0...... 0.......| ok p=0.753906
Q27:	|.1...... ....1... ^1...... 1....^..| ok p=0.535156
Q28:	|.0...... ....-... ........ -.......| ok p=1
Q29:	|........ ........ ........ 0.......| ok p=0.750977
Q30:	|........ ....^... ........ +.......| ok p=1
Q31:	|........ ........ ........ +.......| ok p=1
Q32:	|........ ........ ........ ........| ok p=1
Q33:	|........ ........ ........ !.......| ok p=1
Q34:	|........ ........ ........ ........| ok p=1
Q35:	|........ ........ ........ ........| ok p=1
Q36:	|........ ........ ........ ........| ok p=1
Q37:	|........ ........ ........ ........| ok p=1
Q38:	|........ ........ ........ ........| ok p=1
Q39:	|........ ........ ........ ........| ok p=1
Q40:	|........ ........ ........ ........| ok p=1
Q41:	|........ ........ ........ ........| ok p=1
Q42:	|........ ........ ........ ........| ok p=1
Q43:	|........ ........ ........ ........| ok p=1
Q44:	|........ ........ ........ ........| ok p=1
Q45:	|........ ........ ........ ........| ok p=1
Q46:	|........ ........ ........ ........| ok p=1
Q47:	|........ ........ ........ ........| ok p=1
Q48:	|........ ........ ........ ........| ok p=1
Q49:	|........ ........ ........ ........| ok p=1
Q50:	|........ ........ ........ ........| ok p=1
Q51:	|........ ........ ........ ........| ok p=1
Q52:	|........ ........ ........ ........| ok p=1
Q53:	|........ ........ ........ ........| ok p=1
Q54:	|........ ........ ........ ........| ok p=1
Q55:	|........ ........ ........ ........| ok p=1
Q56:	|........ ........ ........ ........| ok p=1
Q57:	|........ ........ ........ ........| ok p=1
Q58:	|........ ........ ........ ........| ok p=1
Q59:	|........ ........ ........ ........| ok p=1
Q60:	|........ ......0. ........ ........| ok p=1
Q61:	|........ .....11. ........ ........| ok p=1
Q62:	|........ .....1-. ........ ........| ok p=1
Q63:	|........ .....-+. ........ ........| ok p=1
Q64:	|........ ......-. ........ +.......|
Warning: no OS randomness!
MD5 differential path toolbox
Copyright (C) 2009 Marc Stevens
http://homepages.cwi.nl/~stevens/

Loading workdir0/joint_bestpaths.bin.gz...done (loaded 172 paths).
Loading workdir0/upperpath.bin.gz...done (loaded 1 paths).
Using this partial path to overwrite all paths in workdir0/joint_bestpaths.bin.gz:
Q34:	|........ ........ ........ ........|
Q35:	|........ ........ ........ ........|
Q36:	|........ ........ ........ ........|
Q37:	|........ ........ ........ ........| ok p=1
Q38:	|........ ........ ........ ........| ok p=1
Q39:	|........ ........ ........ ........| ok p=1
Q40:	|........ ........ ........ ........| ok p=1
Q41:	|........ ........ ........ ........| ok p=1
Q42:	|........ ........ ........ ........| ok p=1
Q43:	|........ ........ ........ ........| ok p=1
Q44:	|........ ........ ........ ........| ok p=1
Q45:	|........ ........ ........ ........| ok p=1
Q46:	|........ ........ ........ ........| ok p=1
Q47:	|........ ........ ........ ........| ok p=1
Q48:	|........ ........ ........ ........| ok p=1
Q49:	|........ ........ ........ ........| ok p=1
Q50:	|........ ........ ........ ........| ok p=1
Q51:	|........ ........ ........ ........| ok p=1
Q52:	|........ ........ ........ ........| ok p=1
Q53:	|........ ........ ........ ........| ok p=1
Q54:	|........ ........ ........ ........| ok p=1
Q55:	|........ ........ ........ ........| ok p=1
Q56:	|........ ........ ........ ........| ok p=1
Q57:	|........ ........ ........ ........| ok p=1
Q58:	|........ ........ ........ ........| ok p=1
Q59:	|........ ........ ........ ........| ok p=1
Q60:	|........ ......0. ........ ........| ok p=1
Q61:	|........ .....11. ........ ........| ok p=1
Q62:	|........ .....1-. ........ ........| ok p=1
Q63:	|........ .....-+. ........ ........| ok p=1
Q64:	|........ ......-. ........ +.......|
Saving 172 paths to workdir0/collfindpaths.bin.gz...done.
Q-3:	|01100000 11010111 10100011 10001000|
Q-2:	|-1001-01 1+00+--1 0-1-0101 11-+01-+|
Q-1:	|+0-+++10 +1-----0 -+-1++++ ++++00-+|
Q0:	|-0110000 +1+1+--+ 11+0-111 -1010-+-| ok p=0.501953
Q1:	|-001--.+ 1.-+0..- 101-100+ 110-.+1-| ok p=1
Q2:	|1-..-0.- 1.-0-111 ..0+-..1 -..1.-+.| ok p=1
Q3:	|1+..+1.- +.1++.10 1..-1..1 1..+.011| ok p=1
Q4:	|01..+... +.1-+.-. 0..+1... +..+.+1.| ok p=1
Q5:	|.00.1..1 0..-..-. +..0+... 1.!-^-+.| ok p=1
Q6:	|..1.-... -..-0... -..--... 0.0---0.| ok p=1
Q7:	|.!1.+... +..+..0! 1..1-..^ .11.0.1.| ok p=1
Q8:	|.!+.+... +..+.... 0.1+...+ .0-011..| ok p=1
Q9:	|!.+.0..^ -..+.... 0.1-0..0 .-+.....| ok p=1
Q10:	|.!+.-.1- -01+...0 1.++..10 .1-.10..| ok p=1
Q11:	|.10^+.01 011+0^01 +.+-^.1+ ^0+.01..| ok p=1
Q12:	|^0+-0.+- ---.1+1- -^--+^+0 --0^+-^.| ok p=1
Q13:	|--010.11 01-1+1+0 +-1+1+-+ 1++-01-.| ok p=1
Q14:	|00+0..01 +1.01010 10+0-011 1+01+-1.| ok p=1
Q15:	|10+..... +.0+1+1. 0100++0- .+10101.| ok p=0.773438
Q16:	|..0..... -..+.... ..+.+..- .1..-0..| ok p=0.735352
Q17:	|..0...0. -.-0.^.. ....-^.0 .-...0.0| ok p=0.748047
Q18:	|..00.... 1.--.... ..^.1..0 ....^1.1| ok p=0.818359
Q19:	|..00..+. +.0..... ....+... .^...-.+| ok p=1
Q20:	|.0-+..+. ..0^.... ....+... ..0.....| ok p=0.748047
Q21:	|..+...-. ^......0 .0..0... ..1..^.^| ok p=0.605469
Q22:	|.-1^..-. ....0..1 ....0... ..-.....| ok p=0.998047
Q23:	|.-0...1. ....1..- 0+...... .....0..| ok p=0.262695
Q24:	|.+....0. ....-... 1+...... ..^..1..| ok p=0.844727
Q25:	|.+...... ....0..^ +-...... .....+..| ok p=0.989258
Q26:	|.+...... ....0... .0...... 0.......| ok p=0.755859
Q27:	|.1...... ....1... ^1...... 1....^..| ok p=0.532227
Q28:	|.0...... ....-... ........ -.......| ok p=1
Q29:	|........ ........ ........ 0.......| ok p=0.770508
Q30:	|........ ....^... ........ +.......| ok p=1
Q31:	|........ ........ ........ +.......| ok p=1
Q32:	|........ ........ ........ ........| ok p=1
Q33:	|........ ........ ........ !.......| ok p=1
Q34:	|........ ........ ........ ........| ok p=1
Q35:	|........ ........ ........ ........| ok p=1
Q36:	|........ ........ ........ ........| ok p=1
Q37:	|........ ........ ........ ........| ok p=1
Q38:	|........ ........ ........ ........| ok p=1
Q39:	|........ ........ ........ ........| ok p=1
Q40:	|........ ........ ........ ........| ok p=1
Q41:	|........ ........ ........ ........| ok p=1
Q42:	|........ ........ ........ ........| ok p=1
Q43:	|........ ........ ........ ........| ok p=1
Q44:	|........ ........ ........ ........| ok p=1
Q45:	|........ ........ ........ ........| ok p=1
Q46:	|........ ........ ........ ........| ok p=1
Q47:	|........ ........ ........ ........| ok p=1
Q48:	|........ ........ ........ ........| ok p=1
Q49:	|........ ........ ........ ........| ok p=1
Q50:	|........ ........ ........ ........| ok p=1
Q51:	|........ ........ ........ ........| ok p=1
Q52:	|........ ........ ........ ........| ok p=1
Q53:	|........ ........ ........ ........| ok p=1
Q54:	|........ ........ ........ ........| ok p=1
Q55:	|........ ........ ........ ........| ok p=1
Q56:	|........ ........ ........ ........| ok p=1
Q57:	|........ ........ ........ ........| ok p=1
Q58:	|........ ........ ........ ........| ok p=1
Q59:	|........ ........ ........ ........| ok p=1
Q60:	|........ ......0. ........ ........| ok p=1
Q61:	|........ .....11. ........ ........| ok p=1
Q62:	|........ .....1-. ........ ........| ok p=1
Q63:	|........ .....-+. ........ ........| ok p=1
Q64:	|........ ......-. ........ +.......|
Warning: no OS randomness!
MD5 differential path toolbox
Copyright (C) 2009 Marc Stevens
http://homepages.cwi.nl/~stevens/

Loading workdir0/joint_bestpaths.bin.gz...done (loaded 110 paths).
Loading workdir0/upperpath.bin.gz...done (loaded 1 paths).
Using this partial path to overwrite all paths in workdir0/joint_bestpaths.bin.gz:
Q34:	|........ ........ ........ ........|
Q35:	|........ ........ ........ ........|
Q36:	|........ ........ ........ ........|
Q37:	|........ ........ ........ ........| ok p=1
Q38:	|........ ........ ........ ........| ok p=1
Q39:	|........ ........ ........ ........| ok p=1
Q40:	|........ ........ ........ ........| ok p=1
Q41:	|........ ........ ........ ........| ok p=1
Q42:	|........ ........ ........ ........| ok p=1
Q43:	|........ ........ ........ ........| ok p=1
Q44:	|........ ........ ........ ........| ok p=1
Q45:	|........ ........ ........ ........| ok p=1
Q46:	|........ ........ ........ ........| ok p=1
Q47:	|........ ........ ........ ........| ok p=1
Q48:	|........ ........ ........ ........| ok p=1
Q49:	|........ ........ ........ ........| ok p=1
Q50:	|........ ........ ........ ........| ok p=1
Q51:	|........ ........ ........ ........| ok p=1
Q52:	|........ ........ ........ ........| ok p=1
Q53:	|........ ........ ........ ........| ok p=1
Q54:	|........ ........ ........ ........| ok p=1
Q55:	|........ ........ ........ ........| ok p=1
Q56:	|........ ........ ........ ........| ok p=1
Q57:	|........ ........ ........ ........| ok p=1
Q58:	|........ ........ ........ ........| ok p=1
Q59:	|........ ........ ........ ........| ok p=1
Q60:	|........ ......0. ........ ........| ok p=1
Q61:	|........ .....11. ........ ........| ok p=1
Q62:	|........ .....1-. ........ ........| ok p=1
Q63:	|........ .....-+. ........ ........| ok p=1
Q64:	|........ ......-. ........ +.......|
Saving 110 paths to workdir0/collfindpaths.bin.gz...done.
Q-3:	|01100000 11010111 10100011 10001000|
Q-2:	|-1001-01 1+00+--1 0-1-0101 11-+01-+|
Q-1:	|+0-+++10 +1-----0 -+-1++++ ++++00-+|
Q0:	|-0110000 +1+1+--+ 11+0-111 -1010-+-| ok p=0.498047
Q1:	|-001--.+ 1.-+0..- 101-100+ 110-.+1-| ok p=1
Q2:	|1-..-0.- 1.-0-111 ..0+-..1 -..1.-+.| ok p=1
Q3:	|1+..+1.- +.1++.10 1..-1..1 1..+.011| ok p=1
Q4:	|01..+... +.1-+.-. 0..+1... +..+.+1.| ok p=1
Q5:	|.0..1..1 0..-..-. +..0+... 1!.-^-+.| ok p=1
Q6:	|.11.-... -..-0... -..--..1 0.0---0.| ok p=1
Q7:	|.01.+... +.0+..0! 0..-+..0 ..0.0.1.| ok p=1
Q8:	|.1+.+... +.0+.... 10.+1..+ ..+011..| ok p=1
Q9:	|.0+^.... ..--.... -0010..0 .!+.....| ok p=1
Q10:	|11.+11.0 11--.1.. -+011..1 ..+0.0..| ok p=1
Q11:	|101110^1 010+.1^. .+--0.^+ .00111..| ok p=1
Q12:	|-101---- ---1^-+^ 1.+0+^+- .1-+1+^.| ok p=1
Q13:	|0+-11111 -+++++1- .0--1+0- 1+---1-.| ok p=1
Q14:	|100.1001 +0010010 ..+1-01+ 01.1+01.| ok p=1
Q15:	|.01..... +01+1+.1 ..00++.0 -000001.| ok p=0.707031
Q16:	|..+..... -..0.... ..+.+..- .0..0-..| ok p=0.87793
Q17:	|..+...0. -.-1.^.. ....-^.. ^-...1.0| ok p=0.652344
Q18:	|..10.... 1.--.... ..^.1..^ .....1.1| ok p=0.869141
Q19:	|..00..+. +.0..... ....+... .^...-.+| ok p=1
Q20:	|.0-+..+. ..0^.... ....+... ..0.....| ok p=0.755859
Q21:	|..+...-. ^......0 .0..0... ..1..^.^| ok p=0.59082
Q22:	|.-1^..-. ....0..1 ....0... ..-.....| ok p=0.99707
Q23:	|.-0...1. ....1..- 0+...... .....0..| ok p=0.242188
Q24:	|.+....0. ....-... 1+...... ..^..1..| ok p=0.838867
Q25:	|.+...... ....0..^ +-...... .....+..| ok p=0.991211
Q26:	|.+...... ....0... .0...... 0.......| ok p=0.758789
Q27:	|.1...... ....1... ^1...... 1....^..| ok p=0.537109
Q28:	|.0...... ....-... ........ -.......| ok p=1
Q29:	|........ ........ ........ 0.......| ok p=0.758789
Q30:	|........ ....^... ........ +.......| ok p=1
Q31:	|........ ........ ........ +.......| ok p=1
Q32:	|........ ........ ........ ........| ok p=1
Q33:	|........ ........ ........ !.......| ok p=1
Q34:	|........ ........ ........ ........| ok p=1
Q35:	|........ ........ ........ ........| ok p=1
Q36:	|........ ........ ........ ........| ok p=1
Q37:	|........ ........ ........ ........| ok p=1
Q38:	|........ ........ ........ ........| ok p=1
Q39:	|........ ........ ........ ........| ok p=1
Q40:	|........ ........ ........ ........| ok p=1
Q41:	|........ ........ ........ ........| ok p=1
Q42:	|........ ........ ........ ........| ok p=1
Q43:	|........ ........ ........ ........| ok p=1
Q44:	|........ ........ ........ ........| ok p=1
Q45:	|........ ........ ........ ........| ok p=1
Q46:	|........ ........ ........ ........| ok p=1
Q47:	|........ ........ ........ ........| ok p=1
Q48:	|........ ........ ........ ........| ok p=1
Q49:	|........ ........ ........ ........| ok p=1
Q50:	|........ ........ ........ ........| ok p=1
Q51:	|........ ........ ........ ........| ok p=1
Q52:	|........ ........ ........ ........| ok p=1
Q53:	|........ ........ ........ ........| ok p=1
Q54:	|........ ........ ........ ........| ok p=1
Q55:	|........ ........ ........ ........| ok p=1
Q56:	|........ ........ ........ ........| ok p=1
Q57:	|........ ........ ........ ........| ok p=1
Q58:	|........ ........ ........ ........| ok p=1
Q59:	|........ ........ ........ ........| ok p=1
Q60:	|........ ......0. ........ ........| ok p=1
Q61:	|........ .....11. ........ ........| ok p=1
Q62:	|........ .....1-. ........ ........| ok p=1
Q63:	|........ .....-+. ........ ........| ok p=1
Q64:	|........ ......-. ........ +.......|
Warning: no OS randomness!
MD5 differential path toolbox
Copyright (C) 2009 Marc Stevens
http://homepages.cwi.nl/~stevens/

Loading workdir0/joint_bestpaths.bin.gz...done (loaded 117 paths).
Loading workdir0/upperpath.bin.gz...done (loaded 1 paths).
Using this partial path to overwrite all paths in workdir0/joint_bestpaths.bin.gz:
Q34:	|........ ........ ........ ........|
Q35:	|........ ........ ........ ........|
Q36:	|........ ........ ........ ........|
Q37:	|........ ........ ........ ........| ok p=1
Q38:	|........ ........ ........ ........| ok p=1
Q39:	|........ ........ ........ ........| ok p=1
Q40:	|........ ........ ........ ........| ok p=1
Q41:	|........ ........ ........ ........| ok p=1
Q42:	|........ ........ ........ ........| ok p=1
Q43:	|........ ........ ........ ........| ok p=1
Q44:	|........ ........ ........ ........| ok p=1
Q45:	|........ ........ ........ ........| ok p=1
Q46:	|........ ........ ........ ........| ok p=1
Q47:	|........ ........ ........ ........| ok p=1
Q48:	|........ ........ ........ ........| ok p=1
Q49:	|........ ........ ........ ........| ok p=1
Q50:	|........ ........ ........ ........| ok p=1
Q51:	|........ ........ ........ ........| ok p=1
Q52:	|........ ........ ........ ........| ok p=1
Q53:	|........ ........ ........ ........| ok p=1
Q54:	|........ ........ ........ ........| ok p=1
Q55:	|........ ........ ........ ........| ok p=1
Q56:	|........ ........ ........ ........| ok p=1
Q57:	|........ ........ ........ ........| ok p=1
Q58:	|........ ........ ........ ........| ok p=1
Q59:	|........ ........ ........ ........| ok p=1
Q60:	|........ ......0. ........ ........| ok p=1
Q61:	|........ .....11. ........ ........| ok p=1
Q62:	|........ .....1-. ........ ........| ok p=1
Q63:	|........ .....-+. ........ ........| ok p=1
Q64:	|........ ......-. ........ +.......|
Saving 117 paths to workdir0/collfindpaths.bin.gz...done.
Q-3:	|01100000 11010111 10100011 10001000|
Q-2:	|-1001-01 1+00+--1 0-1-0101 11-+01-+|
Q-1:	|+0-+++10 +1-----0 -+-1++++ ++++00-+|
Q0:	|-0110000 +1+1+--+ 11+0-111 -1010-+-| ok p=0.481445
Q1:	|-001--.+ 1.-+0..- 101-100+ 110-.+1-| ok p=1
Q2:	|1-..-0.- 1.-0-111 ..0+-..1 -..1.-+.| ok p=1
Q3:	|1+..+1.- +.1++.10 1..-1..1 1..+.011| ok p=1
Q4:	|01..+... +.1-+.-. 0..+1... +..+.+1.| ok p=1
Q5:	|.0..1..1 0..-..-. +..0+... 1!.-^-+.| ok p=1
Q6:	|.11.-... -..-0... -..--..1 0.0---0.| ok p=1
Q7:	|.01.+... +.0+..0! 0..-+..0 ..0.0.1.| ok p=1
Q8:	|.1+.+... +.0+.... 10.+1..+ ..+011..| ok p=1
Q9:	|.0+^.... ..--.... -0010..0 .!+.....| ok p=1
Q10:	|11.+11.0 11--.1.. -+011..1 ..+0.0..| ok p=1
Q11:	|101110^1 010+.1^. .+--0.^+ .00111..| ok p=1
Q12:	|-101---- ---1^-+^ 1.+0+^+- .1-+1+^.| ok p=1
Q13:	|0+-11111 -+++++1- .0--1+0- 1+---1-.| ok p=1
Q14:	|100.1001 +0010010 ..+1-01+ 01.1+01.| ok p=1
Q15:	|.01..... +01+1+.1 ..00++.0 -000001.| ok p=0.722656
Q16:	|..+..... -..0.... ..+.+..- .0..0-..| ok p=0.857422
Q17:	|..+...0. -.-1.^.. ....-^.. ^-...1.0| ok p=0.597656
Q18:	|..10.... 1.--.... ..^.1..^ .....1.1| ok p=0.875
Q19:	|..00..+. +.0..... ....+... .^...-.+| ok p=1
Q20:	|.0-+..+. ..0^.... ....+... ..0.....| ok p=0.728516
Q21:	|..+...-. ^......0 .0..0... ..1..^.^| ok p=0.570312
Q22:	|.-1^..-. ....0..1 ....0... ..-.....| ok p=0.999023
Q23:	|.-0...1. ....1..- 0+...... .....0..| ok p=0.248047
Q24:	|.+....0. ....-... 1+...... ..^..1..| ok p=0.837891
Q25:	|.+...... ....0..^ +-...... .....+..| ok p=0.995117
Q26:	|.+...... ....0... .0...... 0.......| ok p=0.756836
Q27:	|.1...... ....1... ^1...... 1....^..| ok p=0.538086
Q28:	|.0...... ....-... ........ -.......| ok p=1
Q29:	|........ ........ ........ 0.......| ok p=0.737305
Q30:	|........ ....^... ........ +.......| ok p=1
Q31:	|........ ........ ........ +.......| ok p=1
Q32:	|........ ........ ........ ........| ok p=1
Q33:	|........ ........ ........ !.......| ok p=1
Q34:	|........ ........ ........ ........| ok p=1
Q35:	|........ ........ ........ ........| ok p=1
Q36:	|........ ........ ........ ........| ok p=1
Q37:	|........ ........ ........ ........| ok p=1
Q38:	|........ ........ ........ ........| ok p=1
Q39:	|........ ........ ........ ........| ok p=1
Q40:	|........ ........ ........ ........| ok p=1
Q41:	|........ ........ ........ ........| ok p=1
Q42:	|........ ........ ........ ........| ok p=1
Q43:	|........ ........ ........ ........| ok p=1
Q44:	|........ ........ ........ ........| ok p=1
Q45:	|........ ........ ........ ........| ok p=1
Q46:	|........ ........ ........ ........| ok p=1
Q47:	|........ ........ ........ ........| ok p=1
Q48:	|........ ........ ........ ........| ok p=1
Q49:	|........ ........ ........ ........| ok p=1
Q50:	|........ ........ ........ ........| ok p=1
Q51:	|........ ........ ........ ........| ok p=1
Q52:	|........ ........ ........ ........| ok p=1
Q53:	|........ ........ ........ ........| ok p=1
Q54:	|........ ........ ........ ........| ok p=1
Q55:	|........ ........ ........ ........| ok p=1
Q56:	|........ ........ ........ ........| ok p=1
Q57:	|........ ........ ........ ........| ok p=1
Q58:	|........ ........ ........ ........| ok p=1
Q59:	|........ ........ ........ ........| ok p=1
Q60:	|........ ......0. ........ ........| ok p=1
Q61:	|........ .....11. ........ ........| ok p=1
Q62:	|........ .....1-. ........ ........| ok p=1
Q63:	|........ .....-+. ........ ........| ok p=1
Q64:	|........ ......-. ........ +.......|
Warning: no OS randomness!
MD5 differential path toolbox
Copyright (C) 2009 Marc Stevens
http://homepages.cwi.nl/~stevens/

Loading workdir0/joint_bestpaths.bin.gz...done (loaded 129 paths).
Loading workdir0/upperpath.bin.gz...done (loaded 1 paths).
Using this partial path to overwrite all paths in workdir0/joint_bestpaths.bin.gz:
Q34:	|........ ........ ........ ........|
Q35:	|........ ........ ........ ........|
Q36:	|........ ........ ........ ........|
Q37:	|........ ........ ........ ........| ok p=1
Q38:	|........ ........ ........ ........| ok p=1
Q39:	|........ ........ ........ ........| ok p=1
Q40:	|........ ........ ........ ........| ok p=1
Q41:	|........ ........ ........ ........| ok p=1
Q42:	|........ ........ ........ ........| ok p=1
Q43:	|........ ........ ........ ........| ok p=1
Q44:	|........ ........ ........ ........| ok p=1
Q45:	|........ ........ ........ ........| ok p=1
Q46:	|........ ........ ........ ........| ok p=1
Q47:	|........ ........ ........ ........| ok p=1
Q48:	|........ ........ ........ ........| ok p=1
Q49:	|........ ........ ........ ........| ok p=1
Q50:	|........ ........ ........ ........| ok p=1
Q51:	|........ ........ ........ ........| ok p=1
Q52:	|........ ........ ........ ........| ok p=1
Q53:	|........ ........ ........ ........| ok p=1
Q54:	|........ ........ ........ ........| ok p=1
Q55:	|........ ........ ........ ........| ok p=1
Q56:	|........ ........ ........ ........| ok p=1
Q57:	|........ ........ ........ ........| ok p=1
Q58:	|........ ........ ........ ........| ok p=1
Q59:	|........ ........ ........ ........| ok p=1
Q60:	|........ ......0. ........ ........| ok p=1
Q61:	|........ .....11. ........ ........| ok p=1
Q62:	|........ .....1-. ........ ........| ok p=1
Q63:	|........ .....-+. ........ ........| ok p=1
Q64:	|........ ......-. ........ +.......|
Saving 129 paths to workdir0/collfindpaths.bin.gz...done.
Q-3:	|01100000 11010111 10100011 10001000|
Q-2:	|-1001-01 1+00+--1 0-1-0101 11-+01-+|
Q-1:	|+0-+++10 +1-----0 -+-1++++ ++++00-+|
Q0:	|-0110000 +1+1+--+ 11+0-111 -1010-+-| ok p=0.462891
Q1:	|-001--.+ 1.-+0..- 101-100+ 110-.+1-| ok p=1
Q2:	|1-..-0.- 1.-0-111 ..0+-..1 -..1.-+.| ok p=1
Q3:	|1+..+1.- +.1++.10 1..-1..1 1..+.011| ok p=1
Q4:	|01..+... +.1-+.-. 0..+1... +..+.+1.| ok p=1
Q5:	|.0..1..1 0..-..-. +..0+... 1!.-^-+.| ok p=1
Q6:	|.11.-... -..-0... -..--..1 0.0---0.| ok p=1
Q7:	|.01.+... +.0+..0! 0..-+..0 ..0.0.1.| ok p=1
Q8:	|.1+.+... +.0+.... 10.+1..+ ..+011..| ok p=1
Q9:	|.0+^.... ..--.... -0010..0 .!+.....| ok p=1
Q10:	|11.+11.0 11--.1.. -+011..1 ..+0.0..| ok p=1
Q11:	|101110^1 010+.1^. .+--0.^+ .00111..| ok p=1
Q12:	|-101---- ---1^-+^ 1.+0+^+- .1-+1+^.| ok p=1
Q13:	|0+-11111 -+++++1- .0--1+0- 1+---1-.| ok p=1
Q14:	|100.1001 +0010010 ..+1-01+ 01.1+01.| ok p=1
Q15:	|.01..... +01+1+.1 ..00++.0 -000001.| ok p=0.711914
Q16:	|..+..... -..0.... ..+.+..- .0..0-..| ok p=0.87207
Q17:	|..+...0. -.-1.^.. ....-^.. ^-...1.0| ok p=0.62207
Q18:	|..10.... 1.--.... ..^.1..^ .....1.1| ok p=0.87207
Q19:	|..00..+. +.0..... ....+... .^...-.+| ok p=1
Q20:	|.0-+..+. ..0^.... ....+... ..0.....| ok p=0.736328
Q21:	|..+...-. ^......0 .0..0... ..1..^.^| ok p=0.588867
Q22:	|.-1^..-. ....0..1 ....0... ..-.....| ok p=0.998047
Q23:	|.-0...1. ....1..- 0+...... .....0..| ok p=0.238281
Q24:	|.+....0. ....-... 1+...... ..^..1..| ok p=0.84668
Q25:	|.+...... ....0..^ +-...... .....+..| ok p=0.996094
Q26:	|.+...... ....0... .0...... 0.......| ok p=0.746094
Q27:	|.1...... ....1... ^1...... 1....^..| ok p=0.535156
Q28:	|.0...... ....-... ........ -.......| ok p=1
Q29:	|........ ........ ........ 0.......| ok p=0.760742
Q30:	|........ ....^... ........ +.......| ok p=1
Q31:	|........ ........ ........ +.......| ok p=1
Q32:	|........ ........ ........ ........| ok p=1
Q33:	|........ ........ ........ !.......| ok p=1
Q34:	|........ ........ ........ ........| ok p=1
Q35:	|........ ........ ........ ........| ok p=1
Q36:	|........ ........ ........ ........| ok p=1
Q37:	|........ ........ ........ ........| ok p=1
Q38:	|........ ........ ........ ........| ok p=1
Q39:	|........ ........ ........ ........| ok p=1
Q40:	|........ ........ ........ ........| ok p=1
Q41:	|........ ........ ........ ........| ok p=1
Q42:	|........ ........ ........ ........| ok p=1
Q43:	|........ ........ ........ ........| ok p=1
Q44:	|........ ........ ........ ........| ok p=1
Q45:	|........ ........ ........ ........| ok p=1
Q46:	|........ ........ ........ ........| ok p=1
Q47:	|........ ........ ........ ........| ok p=1
Q48:	|........ ........ ........ ........| ok p=1
Q49:	|........ ........ ........ ........| ok p=1
Q50:	|........ ........ ........ ........| ok p=1
Q51:	|........ ........ ........ ........| ok p=1
Q52:	|........ ........ ........ ........| ok p=1
Q53:	|........ ........ ........ ........| ok p=1
Q54:	|........ ........ ........ ........| ok p=1
Q55:	|........ ........ ........ ........| ok p=1
Q56:	|........ ........ ........ ........| ok p=1
Q57:	|........ ........ ........ ........| ok p=1
Q58:	|........ ........ ........ ........| ok p=1
Q59:	|........ ........ ........ ........| ok p=1
Q60:	|........ ......0. ........ ........| ok p=1
Q61:	|........ .....11. ........ ........| ok p=1
Q62:	|........ .....1-. ........ ........| ok p=1
Q63:	|........ .....-+. ........ ........| ok p=1
Q64:	|........ ......-. ........ +.......|
Warning: no OS randomness!
MD5 differential path toolbox
Copyright (C) 2009 Marc Stevens
http://homepages.cwi.nl/~stevens/

Loading workdir0/joint_bestpaths.bin.gz...done (loaded 153 paths).
Loading workdir0/upperpath.bin.gz...done (loaded 1 paths).
Using this partial path to overwrite all paths in workdir0/joint_bestpaths.bin.gz:
Q34:	|........ ........ ........ ........|
Q35:	|........ ........ ........ ........|
Q36:	|........ ........ ........ ........|
Q37:	|........ ........ ........ ........| ok p=1
Q38:	|........ ........ ........ ........| ok p=1
Q39:	|........ ........ ........ ........| ok p=1
Q40:	|........ ........ ........ ........| ok p=1
Q41:	|........ ........ ........ ........| ok p=1
Q42:	|........ ........ ........ ........| ok p=1
Q43:	|........ ........ ........ ........| ok p=1
Q44:	|........ ........ ........ ........| ok p=1
Q45:	|........ ........ ........ ........| ok p=1
Q46:	|........ ........ ........ ........| ok p=1
Q47:	|........ ........ ........ ........| ok p=1
Q48:	|........ ........ ........ ........| ok p=1
Q49:	|........ ........ ........ ........| ok p=1
Q50:	|........ ........ ........ ........| ok p=1
Q51:	|........ ........ ........ ........| ok p=1
Q52:	|........ ........ ........ ........| ok p=1
Q53:	|........ ........ ........ ........| ok p=1
Q54:	|........ ........ ........ ........| ok p=1
Q55:	|........ ........ ........ ........| ok p=1
Q56:	|........ ........ ........ ........| ok p=1
Q57:	|........ ........ ........ ........| ok p=1
Q58:	|........ ........ ........ ........| ok p=1
Q59:	|........ ........ ........ ........| ok p=1
Q60:	|........ ......0. ........ ........| ok p=1
Q61:	|........ .....11. ........ ........| ok p=1
Q62:	|........ .....1-. ........ ........| ok p=1
Q63:	|........ .....-+. ........ ........| ok p=1
Q64:	|........ ......-. ........ +.......|
Saving 153 paths to workdir0/collfindpaths.bin.gz...done.
Q-3:	|01100000 11010111 10100011 10001000|
Q-2:	|-1001-01 1+00+--1 0-1-0101 11-+01-+|
Q-1:	|+0-+++10 +1-----0 -+-1++++ ++++00-+|
Q0:	|-0110000 +1+1+--+ 11+0-111 -1010-+-| ok p=0.472656
Q1:	|-001--.+ 1.-+0..- 101-100+ 110-.+1-| ok p=1
Q2:	|1-..-0.- 1.-0-111 ..0+-..1 -..1.-+.| ok p=1
Q3:	|1+..+1.- +.1++.10 1..-1..1 1..+.011| ok p=1
Q4:	|01..+... +.1-+.-. 0..+1... +..+.+1.| ok p=1
Q5:	|.0..1..1 0..-..-. +..0+... 1!.-^-+.| ok p=1
Q6:	|.11.-... -..-0... -..--..1 0.0---0.| ok p=1
Q7:	|.01.+... +.0+..0! 0..-+..0 ..0.0.1.| ok p=1
Q8:	|.1+.+... +.0+.... 10.+1..+ ..+011..| ok p=1
Q9:	|.0+^.... ..--.... -0010..0 .!+.....| ok p=1
Q10:	|11.+11.0 11--.1.. -+011..1 ..+0.0..| ok p=1
Q11:	|101110^1 010+.1^. .+--0.^+ .00111..| ok p=1
Q12:	|-101---- ---1^-+^ 1.+0+^+- .1-+1+^.| ok p=1
Q13:	|0+-11111 -+++++1- .0--1+0- 1+---1-.| ok p=1
Q14:	|100.1001 +0010010 ..+1-01+ 01.1+01.| ok p=1
Q15:	|.01..... +01+1+.1 ..00++.0 -000001.| ok p=0.742188
Q16:	|..+..... -..0.... ..+.+..- .0..0-..| ok p=0.856445
Q17:	|..+...0. -.-1.^.. ....-^.. ^-...1.0| ok p=0.605469
Q18:	|..10.... 1.--.... ..^.1..^ .....1.1| ok p=0.881836
Q19:	|..00..+. +.0..... ....+... .^...-.+| ok p=1
Q20:	|.0-+..+. ..0^.... ....+... ..0.....| ok p=0.732422
Q21:	|..+...-. ^......0 .0..0... ..1..^.^| ok p=0.584961
Q22:	|.-1^..-. ....0..1 ....0... ..-.....| ok p=0.99707
Q23:	|.-0...1. ....1..- 0+...... .....0..| ok p=0.253906
Q24:	|.+....0. ....-... 1+...... ..^..1..| ok p=0.842773
Q25:	|.+...... ....0..^ +-...... .....+..| ok p=0.994141
Q26:	|.+...... ....0... .0...... 0.......| ok p=0.750977
Q27:	|.1...... ....1... ^1...... 1....^..| ok p=0.532227
Q28:	|.0...... ....-... ........ -.......| ok p=1
Q29:	|........ ........ ........ 0.......| ok p=0.738281
Q30:	|........ ....^... ........ +.......| ok p=1
Q31:	|........ ........ ........ +.......| ok p=1
Q32:	|........ ........ ........ ........| ok p=1
Q33:	|........ ........ ........ !.......| ok p=1
Q34:	|........ ........ ........ ........| ok p=1
Q35:	|........ ........ ........ ........| ok p=1
Q36:	|........ ........ ........ ........| ok p=1
Q37:	|........ ........ ........ ........| ok p=1
Q38:	|........ ........ ........ ........| ok p=1
Q39:	|........ ........ ........ ........| ok p=1
Q40:	|........ ........ ........ ........| ok p=1
Q41:	|........ ........ ........ ........| ok p=1
Q42:	|........ ........ ........ ........| ok p=1
Q43:	|........ ........ ........ ........| ok p=1
Q44:	|........ ........ ........ ........| ok p=1
Q45:	|........ ........ ........ ........| ok p=1
Q46:	|........ ........ ........ ........| ok p=1
Q47:	|........ ........ ........ ........| ok p=1
Q48:	|........ ........ ........ ........| ok p=1
Q49:	|........ ........ ........ ........| ok p=1
Q50:	|........ ........ ........ ........| ok p=1
Q51:	|........ ........ ........ ........| ok p=1
Q52:	|........ ........ ........ ........| ok p=1
Q53:	|........ ........ ........ ........| ok p=1
Q54:	|........ ........ ........ ........| ok p=1
Q55:	|........ ........ ........ ........| ok p=1
Q56:	|........ ........ ........ ........| ok p=1
Q57:	|........ ........ ........ ........| ok p=1
Q58:	|........ ........ ........ ........| ok p=1
Q59:	|........ ........ ........ ........| ok p=1
Q60:	|........ ......0. ........ ........| ok p=1
Q61:	|........ .....11. ........ ........| ok p=1
Q62:	|........ .....1-. ........ ........| ok p=1
Q63:	|........ .....-+. ........ ........| ok p=1
Q64:	|........ ......-. ........ +.......|
