Warning: no OS randomness!
MD5 differential path toolbox
Copyright (C) 2009 Marc Stevens
http://homepages.cwi.nl/~stevens/

delta_m[11] = [!-7!]
Q-3:	|01100000 11010111 10100011 10001000|
Q-2:	|-1001-01 1+00+--1 0-1-0101 11-+01-+|
Q-1:	|+0-+++10 +1-----0 -+-1++++ ++++00-+|
Q0:	|-0110000 +1+1+--+ 11+0-111 -1010-+-| ok p=0.498047
Q1:	|-001--.+ 1.-+0..- 101-100+ 110-.+1-| ok p=1
Q2:	|1-..-0.- 1.-0-111 ..0+-..1 -..1.-+.| ok p=1
Q3:	|1+..+1.- +.1++.10 1..-1..1 1..+.011| ok p=1
Q4:	|01..+... +.1-+.-. 0..+1... +..+.+1.| ok p=1
Q5:	|.0..1..1 0..-..-. +..0+... 1.!-^-+.| ok p=1
Q6:	|.11.-... -..-0... -..--... 0.0---0.| ok p=1
Q7:	|!.1.+... +..+..0! 1..1-..^ .11.0.1.| ok p=1
Q8:	|!.+.+... +..+.... 0.1+...+ .0-011..| ok p=1
Q9:	|.!+.0..^ -..+.... 0.1-0..0 .-+.....| ok p=1
Q10:	|.!+.-.1- -11+...0 1.++..10 .1-.10..| ok p=1
Q11:	|.10^+.01 101+0^01 +.+-^.1+ ^0+.01..| ok p=1
Q12:	|^0+-0.+- ---.1+1- -^--+^+0 --0^+-^.| ok p=1
Q13:	|--010.11 01-1+1+0 +-1+1+-+ 1++-01-.| ok p=1
Q14:	|00+0..01 +1.01010 10+0-011 1+01+-1.| ok p=1
Q15:	|10+..... +.0+1+1. 0100++0- .+10101.| ok p=0.746094
Q16:	|..0..... -..+.... ..+.+..- .1..-0..| ok p=0.732422
Q17:	|..0...0. -.-0.^.. ....-^.0 .-...0.0| ok p=0.745117
Q18:	|..00.... 1.--.... ..^.1..0 ....^1.1| ok p=0.836914
Q19:	|..00..+. +.0..... ....+... .^...-.+| ok p=1
Q20:	|.0-+..+. ..0^.... ....+... ..0.....| ok p=0.746094
Q21:	|..+...-. ^......0 .0..0... ..1..^.^| ok p=0.571289
Q22:	|.-1^..-. ....0..1 ....0... ..-.....| ok p=0.996094
Q23:	|.-0...1. ....1..- 0+...... .....0..| ok p=0.246094
Q24:	|.+....0. ....-... 1+...... ..^..1..| ok p=0.862305
Q25:	|.+...... ....0..^ +-...... .....+..| ok p=0.990234
Q26:	|.+...... ....0... .0...... 0.......| ok p=0.770508
Q27:	|.1...... ....1... ^1...... 1....^..| ok p=0.524414
Q28:	|.0...... ....-... ........ -.......| ok p=1
Q29:	|........ ........ ........ 0.......| ok p=0.72168
Q30:	|........ ....^... ........ +.......| ok p=1
Q31:	|........ ........ ........ +.......| ok p=0.999023
Q32:	|........ ........ ........ ........| ok p=1
Q33:	|........ ........ ........ !.......| ok p=1
Q34:	|........ ........ ........ ........| ok p=1
Q35:	|........ ........ ........ ........| ok p=1
Q36:	|........ ........ ........ ........| ok p=1
Q37:	|........ ........ ........ ........| ok p=1
Q38:	|........ ........ ........ ........| ok p=1
Q39:	|........ ........ ........ ........| ok p=1
Q40:	|........ ........ ........ ........| ok p=1
Q41:	|........ ........ ........ ........| ok p=1
Q42:	|........ ........ ........ ........| ok p=1
Q43:	|........ ........ ........ ........| ok p=1
Q44:	|........ ........ ........ ........| ok p=1
Q45:	|........ ........ ........ ........| ok p=1
Q46:	|........ ........ ........ ........| ok p=1
Q47:	|........ ........ ........ ........| ok p=1
Q48:	|........ ........ ........ ........| ok p=1
Q49:	|........ ........ ........ ........| ok p=1
Q50:	|........ ........ ........ ........| ok p=1
Q51:	|........ ........ ........ ........| ok p=1
Q52:	|........ ........ ........ ........| ok p=1
Q53:	|........ ........ ........ ........| ok p=1
Q54:	|........ ........ ........ ........| ok p=1
Q55:	|........ ........ ........ ........| ok p=1
Q56:	|........ ........ ........ ........| ok p=1
Q57:	|........ ........ ........ ........| ok p=1
Q58:	|........ ........ ........ ........| ok p=1
Q59:	|........ ........ ........ ........| ok p=1
Q60:	|........ ......0. ........ ........| ok p=1
Q61:	|........ .....11. ........ ........| ok p=0.999023
Q62:	|........ .....1-. ........ ........| ok p=1
Q63:	|........ .....-+. ........ ........| ok p=1
Q64:	|........ ......-. ........ +.......|
Starting...
20: Q5m5tunnel      = 3
20: Q4m5tunnel      = 1
20: Q14m6Q3m5tunnel = 0
21: Q10m10tunnel    = 2
21: Q9m10tunnel     = 6
22: Q8Q12m15tunnel  = 1
23: Q4m4tunnel      = 14
24: Q9m9tunnel      = 8
25: Q14Q3m14tunnel  = 0
.20: Q5m5tunnel      = 3
20: Q4m5tunnel      = 1
20: Q14m6Q3m5tunnel = 0
21: Q10m10tunnel    = 2
21: Q9m10tunnel     = 6
22: Q8Q12m15tunnel  = 1
23: Q4m4tunnel      = 14
24: Q9m9tunnel      = 8
25: Q14Q3m14tunnel  = 0
.20: Q5m5tunnel      = 3
20: Q4m5tunnel      = 1
20: Q14m6Q3m5tunnel = 0
21: Q10m10tunnel    = 2
21: Q9m10tunnel     = 6
22: Q8Q12m15tunnel  = 1
23: Q4m4tunnel      = 14
24: Q9m9tunnel      = 8
25: Q14Q3m14tunnel  = 0
.20: Q5m5tunnel      = 3
20: Q4m5tunnel      = 1
20: Q14m6Q3m5tunnel = 0
21: Q10m10tunnel    = 2
21: Q9m10tunnel     = 6
22: Q8Q12m15tunnel  = 1
23: Q4m4tunnel      = 14
24: Q9m9tunnel      = 8
25: Q14Q3m14tunnel  = 0
.20: Q5m5tunnel      = 3
20: Q4m5tunnel      = 1
20: Q14m6Q3m5tunnel = 0
21: Q10m10tunnel    = 2
21: Q9m10tunnel     = 6
22: Q8Q12m15tunnel  = 1
23: Q4m4tunnel      = 14
24: Q9m9tunnel      = 8
25: Q14Q3m14tunnel  = 0
.20: Q5m5tunnel      = 3
20: Q4m5tunnel      = 1
20: Q14m6Q3m5tunnel = 0
21: Q10m10tunnel    = 2
21: Q9m10tunnel     = 6
22: Q8Q12m15tunnel  = 1
23: Q4m4tunnel      = 14
24: Q9m9tunnel      = 8
25: Q14Q3m14tunnel  = 0
.1 0
2 0
4 0
8 0
16 0
32 0
64 0
128 0
256 0
512 0
1024 0
2048 0
4096 0
8192 0
16384 0
Warning: no OS randomness!
MD5 differential path toolbox
Copyright (C) 2009 Marc Stevens
http://homepages.cwi.nl/~stevens/

delta_m[11] = [!-7!]
Q-3:	|01100000 11010111 10100011 10001000|
Q-2:	|-1001-01 1+00+--1 0-1-0101 11-+01-+|
Q-1:	|+0-+++10 +1-----0 -+-1++++ ++++00-+|
Q0:	|-0110000 +1+1+--+ 11+0-111 -1010-+-| ok p=0.484375
Q1:	|-001--.+ 1.-+0..- 101-100+ 110-.+1-| ok p=1
Q2:	|1-..-0.- 1.-0-111 ..0+-..1 -..1.-+.| ok p=1
Q3:	|1+..+1.- +.1++.10 1..-1..1 1..+.011| ok p=1
Q4:	|01..+... +.1-+.-. 0..+1... +..+.+1.| ok p=1
Q5:	|.00.1..1 0..-..-. +..0+... 1.!-^-+.| ok p=1
Q6:	|..1.-... -..-0... -..--... 0.0---0.| ok p=1
Q7:	|.!1.+... +..+..0! 1..1-..^ .11.0.1.| ok p=1
Q8:	|.!+.+... +..+.... 0.1+...+ .0-011..| ok p=1
Q9:	|!.+.0..^ -..+.... 0.1-0..0 .-+.....| ok p=1
Q10:	|.!+.-.1- -01+...0 1.++..10 .1-.10..| ok p=1
Q11:	|.10^+.01 011+0^01 +.+-^.1+ ^0+.01..| ok p=1
Q12:	|^0+-0.+- ---.1+1- -^--+^+0 --0^+-^.| ok p=1
Q13:	|--010.11 01-1+1+0 +-1+1+-+ 1++-01-.| ok p=1
Q14:	|00+0..01 +1.01010 10+0-011 1+01+-1.| ok p=1
Q15:	|10+..... +.0+1+1. 0100++0- .+10101.| ok p=0.761719
Q16:	|..0..... -..+.... ..+.+..- .1..-0..| ok p=0.732422
Q17:	|..0...0. -.-0.^.. ....-^.0 .-...0.0| ok p=0.726562
Q18:	|..00.... 1.--.... ..^.1..0 ....^1.1| ok p=0.830078
Q19:	|..00..+. +.0..... ....+... .^...-.+| ok p=1
Q20:	|.0-+..+. ..0^.... ....+... ..0.....| ok p=0.765625
Q21:	|..+...-. ^......0 .0..0... ..1..^.^| ok p=0.609375
Q22:	|.-1^..-. ....0..1 ....0... ..-.....| ok p=0.99707
Q23:	|.-0...1. ....1..- 0+...... .....0..| ok p=0.261719
Q24:	|.+....0. ....-... 1+...... ..^..1..| ok p=0.861328
Q25:	|.+...... ....0..^ +-...... .....+..| ok p=0.993164
Q26:	|.+...... ....0... .0...... 0.......| ok p=0.756836
Q27:	|.1...... ....1... ^1...... 1....^..| ok p=0.510742
Q28:	|.0...... ....-... ........ -.......| ok p=1
Q29:	|........ ........ ........ 0.......| ok p=0.746094
Q30:	|........ ....^... ........ +.......| ok p=1
Q31:	|........ ........ ........ +.......| ok p=0.999023
Q32:	|........ ........ ........ ........| ok p=1
Q33:	|........ ........ ........ !.......| ok p=1
Q34:	|........ ........ ........ ........| ok p=1
Q35:	|........ ........ ........ ........| ok p=1
Q36:	|........ ........ ........ ........| ok p=1
Q37:	|........ ........ ........ ........| ok p=1
Q38:	|........ ........ ........ ........| ok p=1
Q39:	|........ ........ ........ ........| ok p=1
Q40:	|........ ........ ........ ........| ok p=1
Q41:	|........ ........ ........ ........| ok p=1
Q42:	|........ ........ ........ ........| ok p=1
Q43:	|........ ........ ........ ........| ok p=1
Q44:	|........ ........ ........ ........| ok p=1
Q45:	|........ ........ ........ ........| ok p=1
Q46:	|........ ........ ........ ........| ok p=1
Q47:	|........ ........ ........ ........| ok p=1
Q48:	|........ ........ ........ ........| ok p=1
Q49:	|........ ........ ........ ........| ok p=1
Q50:	|........ ........ ........ ........| ok p=1
Q51:	|........ ........ ........ ........| ok p=1
Q52:	|........ ........ ........ ........| ok p=1
Q53:	|........ ........ ........ ........| ok p=1
Q54:	|........ ........ ........ ........| ok p=1
Q55:	|........ ........ ........ ........| ok p=1
Q56:	|........ ........ ........ ........| ok p=1
Q57:	|........ ........ ........ ........| ok p=1
Q58:	|........ ........ ........ ........| ok p=1
Q59:	|........ ........ ........ ........| ok p=1
Q60:	|........ ......0. ........ ........| ok p=1
Q61:	|........ .....11. ........ ........| ok p=1
Q62:	|........ .....1-. ........ ........| ok p=1
Q63:	|........ .....-+. ........ ........| ok p=1
Q64:	|........ ......-. ........ +.......|
Starting...
20: Q5m5tunnel      = 3
20: Q4m5tunnel      = 1
20: Q14m6Q3m5tunnel = 0
21: Q10m10tunnel    = 3
21: Q9m10tunnel     = 6
22: Q8Q12m15tunnel  = 1
23: Q4m4tunnel      = 14
24: Q9m9tunnel      = 8
25: Q14Q3m14tunnel  = 0
.20: Q5m5tunnel      = 3
20: Q4m5tunnel      = 1
20: Q14m6Q3m5tunnel = 0
21: Q10m10tunnel    = 3
21: Q9m10tunnel     = 6
22: Q8Q12m15tunnel  = 1
23: Q4m4tunnel      = 14
24: Q9m9tunnel      = 8
25: Q14Q3m14tunnel  = 0
.20: Q5m5tunnel      = 3
20: Q4m5tunnel      = 1
20: Q14m6Q3m5tunnel = 0
21: Q10m10tunnel    = 3
21: Q9m10tunnel     = 6
22: Q8Q12m15tunnel  = 1
23: Q4m4tunnel      = 14
24: Q9m9tunnel      = 8
25: Q14Q3m14tunnel  = 0
.20: Q5m5tunnel      = 3
20: Q4m5tunnel      = 1
20: Q14m6Q3m5tunnel = 0
21: Q10m10tunnel    = 2
21: Q9m10tunnel     = 6
22: Q8Q12m15tunnel  = 1
23: Q4m4tunnel      = 14
24: Q9m9tunnel      = 8
25: Q14Q3m14tunnel  = 0
.20: Q5m5tunnel      = 4
20: Q4m5tunnel      = 1
20: Q14m6Q3m5tunnel = 0
21: Q10m10tunnel    = 3
21: Q9m10tunnel     = 5
22: Q8Q12m15tunnel  = 1
23: Q4m4tunnel      = 13
24: Q9m9tunnel      = 9
25: Q14Q3m14tunnel  = 0
.20: Q5m5tunnel      = 3
20: Q4m5tunnel      = 1
20: Q14m6Q3m5tunnel = 0
21: Q10m10tunnel    = 4
21: Q9m10tunnel     = 6
22: Q8Q12m15tunnel  = 1
23: Q4m4tunnel      = 14
24: Q9m9tunnel      = 7
25: Q14Q3m14tunnel  = 0
.1 0
2 0
4 0
8 0
16 0
32 0
64 0
128 0
256 0
512 0
1024 0
2048 0
4096 0
8192 0
16384 0
32768 0
55537 1
65536 1
Warning: no OS randomness!
MD5 differential path toolbox
Copyright (C) 2009 Marc Stevens
http://homepages.cwi.nl/~stevens/

delta_m[11] = [!-7!]
Q-3:	|01100000 11010111 10100011 10001000|
Q-2:	|-1001-01 1+00+--1 0-1-0101 11-+01-+|
Q-1:	|+0-+++10 +1-----0 -+-1++++ ++++00-+|
Q0:	|-0110000 +1+1+--+ 11+0-111 -1010-+-| ok p=0.49707
Q1:	|-001--.+ 1.-+0..- 101-100+ 110-.+1-| ok p=1
Q2:	|1-..-0.- 1.-0-111 ..0+-..1 -..1.-+.| ok p=1
Q3:	|1+..+1.- +.1++.10 1..-1..1 1..+.011| ok p=1
Q4:	|01..+... +.1-+.-. 0..+1... +..+.+1.| ok p=1
Q5:	|.00.1..1 0..-..-. +..0+... 1.!-^-+.| ok p=1
Q6:	|..1.-... -..-0... -..--... 0.0---0.| ok p=1
Q7:	|.!1.+... +..+..0! 1..1-..^ .11.0.1.| ok p=1
Q8:	|.!+.+... +..+.... 0.1+...+ .0-011..| ok p=1
Q9:	|!.+.0..^ -..+.... 0.1-0..0 .-+.....| ok p=1
Q10:	|.!+.-.1- -01+...0 1.++..10 .1-.10..| ok p=1
Q11:	|.10^+.01 011+0^01 +.+-^.1+ ^0+.01..| ok p=1
Q12:	|^0+-0.+- ---.1+1- -^--+^+0 --0^+-^.| ok p=1
Q13:	|--010.11 01-1+1+0 +-1+1+-+ 1++-01-.| ok p=1
Q14:	|00+0..01 +1.01010 10+0-011 1+01+-1.| ok p=1
Q15:	|10+..... +.0+1+1. 0100++0- .+10101.| ok p=0.791992
Q16:	|..0..... -..+.... ..+.+..- .1..-0..| ok p=0.751953
Q17:	|..0...0. -.-0.^.. ....-^.0 .-...0.0| ok p=0.731445
Q18:	|..00.... 1.--.... ..^.1..0 ....^1.1| ok p=0.833008
Q19:	|..00..+. +.0..... ....+... .^...-.+| ok p=1
Q20:	|.0-+..+. ..0^.... ....+... ..0.....| ok p=0.739258
Q21:	|..+...-. ^......0 .0..0... ..1..^.^| ok p=0.576172
Q22:	|.-1^..-. ....0..1 ....0... ..-.....| ok p=0.999023
Q23:	|.-0...1. ....1..- 0+...... .....0..| ok p=0.249023
Q24:	|.+....0. ....-... 1+...... ..^..1..| ok p=0.827148
Q25:	|.+...... ....0..^ +-...... .....+..| ok p=0.990234
Q26:	|.+...... ....0... .0...... 0.......| ok p=0.737305
Q27:	|.1...... ....1... ^1...... 1....^..| ok p=0.481445
Q28:	|.0...... ....-... ........ -.......| ok p=1
Q29:	|........ ........ ........ 0.......| ok p=0.748047
Q30:	|........ ....^... ........ +.......| ok p=1
Q31:	|........ ........ ........ +.......| ok p=1
Q32:	|........ ........ ........ ........| ok p=1
Q33:	|........ ........ ........ !.......| ok p=1
Q34:	|........ ........ ........ ........| ok p=1
Q35:	|........ ........ ........ ........| ok p=1
Q36:	|........ ........ ........ ........| ok p=1
Q37:	|........ ........ ........ ........| ok p=1
Q38:	|........ ........ ........ ........| ok p=1
Q39:	|........ ........ ........ ........| ok p=1
Q40:	|........ ........ ........ ........| ok p=1
Q41:	|........ ........ ........ ........| ok p=1
Q42:	|........ ........ ........ ........| ok p=1
Q43:	|........ ........ ........ ........| ok p=1
Q44:	|........ ........ ........ ........| ok p=1
Q45:	|........ ........ ........ ........| ok p=1
Q46:	|........ ........ ........ ........| ok p=1
Q47:	|........ ........ ........ ........| ok p=1
Q48:	|........ ........ ........ ........| ok p=1
Q49:	|........ ........ ........ ........| ok p=1
Q50:	|........ ........ ........ ........| ok p=1
Q51:	|........ ........ ........ ........| ok p=1
Q52:	|........ ........ ........ ........| ok p=1
Q53:	|........ ........ ........ ........| ok p=1
Q54:	|........ ........ ........ ........| ok p=1
Q55:	|........ ........ ........ ........| ok p=1
Q56:	|........ ........ ........ ........| ok p=1
Q57:	|........ ........ ........ ........| ok p=1
Q58:	|........ ........ ........ ........| ok p=1
Q59:	|........ ........ ........ ........| ok p=1
Q60:	|........ ......0. ........ ........| ok p=1
Q61:	|........ .....11. ........ ........| ok p=1
Q62:	|........ .....1-. ........ ........| ok p=1
Q63:	|........ .....-+. ........ ........| ok p=1
Q64:	|........ ......-. ........ +.......|
Starting...
20: Q5m5tunnel      = 4
20: Q4m5tunnel      = 1
20: Q14m6Q3m5tunnel = 0
21: Q10m10tunnel    = 3
21: Q9m10tunnel     = 6
22: Q8Q12m15tunnel  = 1
23: Q4m4tunnel      = 13
24: Q9m9tunnel      = 8
25: Q14Q3m14tunnel  = 0
.20: Q5m5tunnel      = 3
20: Q4m5tunnel      = 1
20: Q14m6Q3m5tunnel = 1
21: Q10m10tunnel    = 3
21: Q9m10tunnel     = 6
22: Q8Q12m15tunnel  = 1
23: Q4m4tunnel      = 14
24: Q9m9tunnel      = 7
25: Q14Q3m14tunnel  = 0
.20: Q5m5tunnel      = 3
20: Q4m5tunnel      = 1
20: Q14m6Q3m5tunnel = 0
21: Q10m10tunnel    = 4
21: Q9m10tunnel     = 6
22: Q8Q12m15tunnel  = 1
23: Q4m4tunnel      = 14
24: Q9m9tunnel      = 7
25: Q14Q3m14tunnel  = 0
.20: Q5m5tunnel      = 4
20: Q4m5tunnel      = 1
20: Q14m6Q3m5tunnel = 1
21: Q10m10tunnel    = 3
21: Q9m10tunnel     = 5
22: Q8Q12m15tunnel  = 1
23: Q4m4tunnel      = 13
24: Q9m9tunnel      = 8
25: Q14Q3m14tunnel  = 0
.20: Q5m5tunnel      = 3
20: Q4m5tunnel      = 1
20: Q14m6Q3m5tunnel = 0
21: Q10m10tunnel    = 3
21: Q9m10tunnel     = 6
22: Q8Q12m15tunnel  = 1
23: Q4m4tunnel      = 14
24: Q9m9tunnel      = 8
25: Q14Q3m14tunnel  = 0
.20: Q5m5tunnel      = 4
20: Q4m5tunnel      = 1
20: Q14m6Q3m5tunnel = 0
21: Q10m10tunnel    = 3
21: Q9m10tunnel     = 5
22: Q8Q12m15tunnel  = 1
23: Q4m4tunnel      = 13
24: Q9m9tunnel      = 9
25: Q14Q3m14tunnel  = 0
.1 0
2 0
4 0
8 0
16 0
32 0
64 0
128 0
256 0
512 0
1024 0
2048 0
4096 0
8192 0
16384 0
32768 0
65536 0
131072 0
136409 1
172919 2
262144 3
276773 4
524288 5
574082 8
Warning: no OS randomness!
MD5 differential path toolbox
Copyright (C) 2009 Marc Stevens
http://homepages.cwi.nl/~stevens/

delta_m[11] = [!-7!]
Q-3:	|01100000 11010111 10100011 10001000|
Q-2:	|-1001-01 1+00+--1 0-1-0101 11-+01-+|
Q-1:	|+0-+++10 +1-----0 -+-1++++ ++++00-+|
Q0:	|-0110000 +1+1+--+ 11+0-111 -1010-+-| ok p=0.508789
Q1:	|-001--.+ 1.-+0..- 101-100+ 110-.+1-| ok p=1
Q2:	|1-..-0.- 1.-0-111 ..0+-..1 -..1.-+.| ok p=1
Q3:	|1+..+1.- +.1++.10 1..-1..1 1..+.011| ok p=1
Q4:	|01..+... +.1-+.-. 0..+1... +..+.+1.| ok p=1
Q5:	|.00.1..1 0..-..-. +..0+... 1.!-^-+.| ok p=1
Q6:	|..1.-... -..-0... -..--... 0.0---0.| ok p=1
Q7:	|.!1.+... +..+..0! 1..1-..^ .11.0.1.| ok p=1
Q8:	|.!+.+... +..+.... 0.1+...+ .0-011..| ok p=1
Q9:	|!.+.0..^ -..+.... 0.1-0..0 .-+.....| ok p=1
Q10:	|.!+.-.1- -01+...0 1.++..10 .1-.10..| ok p=1
Q11:	|.10^+.01 011+0^01 +.+-^.1+ ^0+.01..| ok p=1
Q12:	|^0+-0.+- ---.1+1- -^--+^+0 --0^+-^.| ok p=1
Q13:	|--010.11 01-1+1+0 +-1+1+-+ 1++-01-.| ok p=1
Q14:	|00+0..01 +1.01010 10+0-011 1+01+-1.| ok p=1
Q15:	|10+..... +.0+1+1. 0100++0- .+10101.| ok p=0.764648
Q16:	|..0..... -..+.... ..+.+..- .1..-0..| ok p=0.734375
Q17:	|..0...0. -.-0.^.. ....-^.0 .-...0.0| ok p=0.762695
Q18:	|..00.... 1.--.... ..^.1..0 ....^1.1| ok p=0.824219
Q19:	|..00..+. +.0..... ....+... .^...-.+| ok p=1
Q20:	|.0-+..+. ..0^.... ....+... ..0.....| ok p=0.741211
Q21:	|..+...-. ^......0 .0..0... ..1..^.^| ok p=0.572266
Q22:	|.-1^..-. ....0..1 ....0... ..-.....| ok p=1
Q23:	|.-0...1. ....1..- 0+...... .....0..| ok p=0.242188
Q24:	|.+....0. ....-... 1+...... ..^..1..| ok p=0.834961
Q25:	|.+...... ....0..^ +-...... .....+..| ok p=0.992188
Q26:	|.+...... ....0... .0...... 0.......| ok p=0.757812
Q27:	|.1...... ....1... ^1...... 1....^..| ok p=0.527344
Q28:	|.0...... ....-... ........ -.......| ok p=0.999023
Q29:	|........ ........ ........ 0.......| ok p=0.75
Q30:	|........ ....^... ........ +.......| ok p=1
Q31:	|........ ........ ........ +.......| ok p=1
Q32:	|........ ........ ........ ........| ok p=1
Q33:	|........ ........ ........ !.......| ok p=1
Q34:	|........ ........ ........ ........| ok p=1
Q35:	|........ ........ ........ ........| ok p=1
Q36:	|........ ........ ........ ........| ok p=1
Q37:	|........ ........ ........ ........| ok p=1
Q38:	|........ ........ ........ ........| ok p=1
Q39:	|........ ........ ........ ........| ok p=1
Q40:	|........ ........ ........ ........| ok p=1
Q41:	|........ ........ ........ ........| ok p=1
Q42:	|........ ........ ........ ........| ok p=1
Q43:	|........ ........ ........ ........| ok p=1
Q44:	|........ ........ ........ ........| ok p=1
Q45:	|........ ........ ........ ........| ok p=1
Q46:	|........ ........ ........ ........| ok p=1
Q47:	|........ ........ ........ ........| ok p=1
Q48:	|........ ........ ........ ........| ok p=1
Q49:	|........ ........ ........ ........| ok p=1
Q50:	|........ ........ ........ ........| ok p=1
Q51:	|........ ........ ........ ........| ok p=1
Q52:	|........ ........ ........ ........| ok p=1
Q53:	|........ ........ ........ ........| ok p=1
Q54:	|........ ........ ........ ........| ok p=1
Q55:	|........ ........ ........ ........| ok p=1
Q56:	|........ ........ ........ ........| ok p=1
Q57:	|........ ........ ........ ........| ok p=1
Q58:	|........ ........ ........ ........| ok p=1
Q59:	|........ ........ ........ ........| ok p=1
Q60:	|........ ......0. ........ ........| ok p=1
Q61:	|........ .....11. ........ ........| ok p=1
Q62:	|........ .....1-. ........ ........| ok p=1
Q63:	|........ .....-+. ........ ........| ok p=1
Q64:	|........ ......-. ........ +.......|
Starting...
20: Q5m5tunnel      = 4
20: Q4m5tunnel      = 1
20: Q14m6Q3m5tunnel = 0
21: Q10m10tunnel    = 3
21: Q9m10tunnel     = 5
22: Q8Q12m15tunnel  = 1
23: Q4m4tunnel      = 13
24: Q9m9tunnel      = 9
25: Q14Q3m14tunnel  = 0
.20: Q5m5tunnel      = 4
20: Q4m5tunnel      = 1
20: Q14m6Q3m5tunnel = 0
21: Q10m10tunnel    = 3
21: Q9m10tunnel     = 6
22: Q8Q12m15tunnel  = 1
23: Q4m4tunnel      = 13
24: Q9m9tunnel      = 8
25: Q14Q3m14tunnel  = 0
.20: Q5m5tunnel      = 4
20: Q4m5tunnel      = 1
20: Q14m6Q3m5tunnel = 0
21: Q10m10tunnel    = 3
21: Q9m10tunnel     = 5
22: Q8Q12m15tunnel  = 1
23: Q4m4tunnel      = 13
24: Q9m9tunnel      = 9
25: Q14Q3m14tunnel  = 0
.20: Q5m5tunnel      = 4
20: Q4m5tunnel      = 1
20: Q14m6Q3m5tunnel = 0
21: Q10m10tunnel    = 3
21: Q9m10tunnel     = 5
22: Q8Q12m15tunnel  = 1
23: Q4m4tunnel      = 13
24: Q9m9tunnel      = 9
25: Q14Q3m14tunnel  = 0
.20: Q5m5tunnel      = 3
20: Q4m5tunnel      = 1
20: Q14m6Q3m5tunnel = 0
21: Q10m10tunnel    = 3
21: Q9m10tunnel     = 6
22: Q8Q12m15tunnel  = 1
23: Q4m4tunnel      = 14
24: Q9m9tunnel      = 8
25: Q14Q3m14tunnel  = 0
.20: Q5m5tunnel      = 3
20: Q4m5tunnel      = 1
20: Q14m6Q3m5tunnel = 0
21: Q10m10tunnel    = 1
21: Q9m10tunnel     = 6
22: Q8Q12m15tunnel  = 2
23: Q4m4tunnel      = 14
24: Q9m9tunnel      = 10
25: Q14Q3m14tunnel  = 0
.1 0
2 0
4 0
8 0
16 0
32 0
64 0
128 0
256 0
512 0
1024 0
2048 0
4096 0
8192 0
16384 0
32768 0
65536 0
131072 0
140054 1
145420 2
262144 3
Warning: no OS randomness!
MD5 differential path toolbox
Copyright (C) 2009 Marc Stevens
http://homepages.cwi.nl/~stevens/

delta_m[11] = [!-7!]
Q-3:	|01100000 11010111 10100011 10001000|
Q-2:	|-1001-01 1+00+--1 0-1-0101 11-+01-+|
Q-1:	|+0-+++10 +1-----0 -+-1++++ ++++00-+|
Q0:	|-0110000 +1+1+--+ 11+0-111 -1010-+-| ok p=0.480469
Q1:	|-001--.+ 1.-+0..- 101-100+ 110-.+1-| ok p=1
Q2:	|1-..-0.- 1.-0-111 ..0+-..1 -..1.-+.| ok p=1
Q3:	|1+..+1.- +.1++.10 1..-1..1 1..+.011| ok p=1
Q4:	|01..+... +.1-+.-. 0..+1... +..+.+1.| ok p=1
Q5:	|.0..1..1 0..-..-. +..0+... 1!.-^-+.| ok p=1
Q6:	|.11.-... -..-0... -..--..1 0.0---0.| ok p=1
Q7:	|.01.+... +.0+..0! 0..-+..0 ..0.0.1.| ok p=1
Q8:	|.1+.+... +.0+.... 10.+1..+ ..+011..| ok p=1
Q9:	|.0+^.... ..--.... -0010..0 .!+.....| ok p=1
Q10:	|11.+11.0 11--.1.. -+011..1 ..+0.0..| ok p=1
Q11:	|101110^1 010+.1^. .+--0.^+ .00111..| ok p=1
Q12:	|-101---- ---1^-+^ 1.+0+^+- .1-+1+^.| ok p=1
Q13:	|0+-11111 -+++++1- .0--1+0- 1+---1-.| ok p=1
Q14:	|100.1001 +0010010 ..+1-01+ 01.1+01.| ok p=1
Q15:	|.01..... +01+1+.1 ..00++.0 -000001.| ok p=0.700195
Q16:	|..+..... -..0.... ..+.+..- .0..0-..| ok p=0.885742
Q17:	|..+...0. -.-1.^.. ....-^.. ^-...1.0| ok p=0.638672
Q18:	|..10.... 1.--.... ..^.1..^ .....1.1| ok p=0.870117
Q19:	|..00..+. +.0..... ....+... .^...-.+| ok p=1
Q20:	|.0-+..+. ..0^.... ....+... ..0.....| ok p=0.729492
Q21:	|..+...-. ^......0 .0..0... ..1..^.^| ok p=0.597656
Q22:	|.-1^..-. ....0..1 ....0... ..-.....| ok p=0.994141
Q23:	|.-0...1. ....1..- 0+...... .....0..| ok p=0.238281
Q24:	|.+....0. ....-... 1+...... ..^..1..| ok p=0.837891
Q25:	|.+...... ....0..^ +-...... .....+..| ok p=0.987305
Q26:	|.+...... ....0... .0...... 0.......| ok p=0.75293
Q27:	|.1...... ....1... ^1...... 1....^..| ok p=0.533203
Q28:	|.0...... ....-... ........ -.......| ok p=0.999023
Q29:	|........ ........ ........ 0.......| ok p=0.748047
Q30:	|........ ....^... ........ +.......| ok p=1
Q31:	|........ ........ ........ +.......| ok p=1
Q32:	|........ ........ ........ ........| ok p=1
Q33:	|........ ........ ........ !.......| ok p=1
Q34:	|........ ........ ........ ........| ok p=1
Q35:	|........ ........ ........ ........| ok p=1
Q36:	|........ ........ ........ ........| ok p=1
Q37:	|........ ........ ........ ........| ok p=1
Q38:	|........ ........ ........ ........| ok p=1
Q39:	|........ ........ ........ ........| ok p=1
Q40:	|........ ........ ........ ........| ok p=1
Q41:	|........ ........ ........ ........| ok p=1
Q42:	|........ ........ ........ ........| ok p=1
Q43:	|........ ........ ........ ........| ok p=1
Q44:	|........ ........ ........ ........| ok p=1
Q45:	|........ ........ ........ ........| ok p=1
Q46:	|........ ........ ........ ........| ok p=1
Q47:	|........ ........ ........ ........| ok p=1
Q48:	|........ ........ ........ ........| ok p=1
Q49:	|........ ........ ........ ........| ok p=1
Q50:	|........ ........ ........ ........| ok p=1
Q51:	|........ ........ ........ ........| ok p=1
Q52:	|........ ........ ........ ........| ok p=1
Q53:	|........ ........ ........ ........| ok p=1
Q54:	|........ ........ ........ ........| ok p=1
Q55:	|........ ........ ........ ........| ok p=1
Q56:	|........ ........ ........ ........| ok p=1
Q57:	|........ ........ ........ ........| ok p=1
Q58:	|........ ........ ........ ........| ok p=1
Q59:	|........ ........ ........ ........| ok p=1
Q60:	|........ ......0. ........ ........| ok p=1
Q61:	|........ .....11. ........ ........| ok p=1
Q62:	|........ .....1-. ........ ........| ok p=1
Q63:	|........ .....-+. ........ ........| ok p=1
Q64:	|........ ......-. ........ +.......|
Starting...
20: Q5m5tunnel      = 3
20: Q4m5tunnel      = 1
20: Q14m6Q3m5tunnel = 0
21: Q10m10tunnel    = 2
21: Q9m10tunnel     = 6
22: Q8Q12m15tunnel  = 1
23: Q4m4tunnel      = 14
24: Q9m9tunnel      = 9
25: Q14Q3m14tunnel  = 0
.20: Q5m5tunnel      = 4
20: Q4m5tunnel      = 1
20: Q14m6Q3m5tunnel = 0
21: Q10m10tunnel    = 2
21: Q9m10tunnel     = 7
22: Q8Q12m15tunnel  = 1
23: Q4m4tunnel      = 13
24: Q9m9tunnel      = 9
25: Q14Q3m14tunnel  = 0
.20: Q5m5tunnel      = 3
20: Q4m5tunnel      = 1
20: Q14m6Q3m5tunnel = 0
21: Q10m10tunnel    = 4
21: Q9m10tunnel     = 5
22: Q8Q12m15tunnel  = 1
23: Q4m4tunnel      = 14
24: Q9m9tunnel      = 8
25: Q14Q3m14tunnel  = 0
.20: Q5m5tunnel      = 4
20: Q4m5tunnel      = 1
20: Q14m6Q3m5tunnel = 0
21: Q10m10tunnel    = 3
21: Q9m10tunnel     = 6
22: Q8Q12m15tunnel  = 1
23: Q4m4tunnel      = 13
24: Q9m9tunnel      = 8
25: Q14Q3m14tunnel  = 0
.20: Q5m5tunnel      = 3
20: Q4m5tunnel      = 1
20: Q14m6Q3m5tunnel = 0
21: Q10m10tunnel    = 3
21: Q9m10tunnel     = 5
22: Q8Q12m15tunnel  = 1
23: Q4m4tunnel      = 14
24: Q9m9tunnel      = 9
25: Q14Q3m14tunnel  = 0
.20: Q5m5tunnel      = 4
20: Q4m5tunnel      = 1
20: Q14m6Q3m5tunnel = 0
21: Q10m10tunnel    = 2
21: Q9m10tunnel     = 7
22: Q8Q12m15tunnel  = 1
23: Q4m4tunnel      = 13
24: Q9m9tunnel      = 9
25: Q14Q3m14tunnel  = 0
.1 0
2 0
4 0
8 0
16 0
32 0
64 0
128 0
256 0
512 0
1024 0
2048 0
4096 0
8192 0
11018 1
16384 1
32768 1
65536 1
91192 2
131072 2
212645 4
262144 5
Warning: no OS randomness!
MD5 differential path toolbox
Copyright (C) 2009 Marc Stevens
http://homepages.cwi.nl/~stevens/

delta_m[11] = [!-7!]
Q-3:	|01100000 11010111 10100011 10001000|
Q-2:	|-1001-01 1+00+--1 0-1-0101 11-+01-+|
Q-1:	|+0-+++10 +1-----0 -+-1++++ ++++00-+|
Q0:	|-0110000 +1+1+--+ 11+0-111 -1010-+-| ok p=0.506836
Q1:	|-001--.+ 1.-+0..- 101-100+ 110-.+1-| ok p=1
Q2:	|1-..-0.- 1.-0-111 ..0+-..1 -..1.-+.| ok p=1
Q3:	|1+..+1.- +.1++.10 1..-1..1 1..+.011| ok p=1
Q4:	|01..+... +.1-+.-. 0..+1... +..+.+1.| ok p=1
Q5:	|.0..1..1 0..-..-. +..0+... 1!.-^-+.| ok p=1
Q6:	|.11.-... -..-0... -..--..1 0.0---0.| ok p=1
Q7:	|.01.+... +.0+..0! 0..-+..0 ..0.0.1.| ok p=1
Q8:	|.1+.+... +.0+.... 10.+1..+ ..+011..| ok p=1
Q9:	|.0+^.... ..--.... -0010..0 .!+.....| ok p=1
Q10:	|11.+11.0 11--.1.. -+011..1 ..+0.0..| ok p=1
Q11:	|101110^1 010+.1^. .+--0.^+ .00111..| ok p=1
Q12:	|-101---- ---1^-+^ 1.+0+^+- .1-+1+^.| ok p=1
Q13:	|0+-11111 -+++++1- .0--1+0- 1+---1-.| ok p=1
Q14:	|100.1001 +0010010 ..+1-01+ 01.1+01.| ok p=1
Q15:	|.01..... +01+1+.1 ..00++.0 -000001.| ok p=0.710938
Q16:	|..+..... -..0.... ..+.+..- .0..0-..| ok p=0.87793
Q17:	|..+...0. -.-1.^.. ....-^.. ^-...1.0| ok p=0.618164
Q18:	|..10.... 1.--.... ..^.1..^ .....1.1| ok p=0.879883
Q19:	|..00..+. +.0..... ....+... .^...-.+| ok p=1
Q20:	|.0-+..+. ..0^.... ....+... ..0.....| ok p=0.724609
Q21:	|..+...-. ^......0 .0..0... ..1..^.^| ok p=0.59375
Q22:	|.-1^..-. ....0..1 ....0... ..-.....| ok p=0.99707
Q23:	|.-0...1. ....1..- 0+...... .....0..| ok p=0.267578
Q24:	|.+....0. ....-... 1+...... ..^..1..| ok p=0.826172
Q25:	|.+...... ....0..^ +-...... .....+..| ok p=0.991211
Q26:	|.+...... ....0... .0...... 0.......| ok p=0.746094
Q27:	|.1...... ....1... ^1...... 1....^..| ok p=0.53125
Q28:	|.0...... ....-... ........ -.......| ok p=1
Q29:	|........ ........ ........ 0.......| ok p=0.744141
Q30:	|........ ....^... ........ +.......| ok p=1
Q31:	|........ ........ ........ +.......| ok p=0.999023
Q32:	|........ ........ ........ ........| ok p=1
Q33:	|........ ........ ........ !.......| ok p=1
Q34:	|........ ........ ........ ........| ok p=1
Q35:	|........ ........ ........ ........| ok p=1
Q36:	|........ ........ ........ ........| ok p=1
Q37:	|........ ........ ........ ........| ok p=1
Q38:	|........ ........ ........ ........| ok p=1
Q39:	|........ ........ ........ ........| ok p=1
Q40:	|........ ........ ........ ........| ok p=1
Q41:	|........ ........ ........ ........| ok p=1
Q42:	|........ ........ ........ ........| ok p=1
Q43:	|........ ........ ........ ........| ok p=1
Q44:	|........ ........ ........ ........| ok p=1
Q45:	|........ ........ ........ ........| ok p=1
Q46:	|........ ........ ........ ........| ok p=1
Q47:	|........ ........ ........ ........| ok p=1
Q48:	|........ ........ ........ ........| ok p=1
Q49:	|........ ........ ........ ........| ok p=1
Q50:	|........ ........ ........ ........| ok p=1
Q51:	|........ ........ ........ ........| ok p=1
Q52:	|........ ........ ........ ........| ok p=1
Q53:	|........ ........ ........ ........| ok p=1
Q54:	|........ ........ ........ ........| ok p=1
Q55:	|........ ........ ........ ........| ok p=1
Q56:	|........ ........ ........ ........| ok p=1
Q57:	|........ ........ ........ ........| ok p=1
Q58:	|........ ........ ........ ........| ok p=1
Q59:	|........ ........ ........ ........| ok p=1
Q60:	|........ ......0. ........ ........| ok p=1
Q61:	|........ .....11. ........ ........| ok p=1
Q62:	|........ .....1-. ........ ........| ok p=1
Q63:	|........ .....-+. ........ ........| ok p=1
Q64:	|........ ......-. ........ +.......|
Starting...
20: Q5m5tunnel      = 3
20: Q4m5tunnel      = 1
20: Q14m6Q3m5tunnel = 1
21: Q10m10tunnel    = 2
21: Q9m10tunnel     = 5
22: Q8Q12m15tunnel  = 1
23: Q4m4tunnel      = 14
24: Q9m9tunnel      = 9
25: Q14Q3m14tunnel  = 0
.20: Q5m5tunnel      = 3
20: Q4m5tunnel      = 1
20: Q14m6Q3m5tunnel = 0
21: Q10m10tunnel    = 2
21: Q9m10tunnel     = 7
22: Q8Q12m15tunnel  = 2
23: Q4m4tunnel      = 12
24: Q9m9tunnel      = 8
25: Q14Q3m14tunnel  = 3
.20: Q5m5tunnel      = 3
20: Q4m5tunnel      = 1
20: Q14m6Q3m5tunnel = 0
21: Q10m10tunnel    = 2
21: Q9m10tunnel     = 6
22: Q8Q12m15tunnel  = 2
23: Q4m4tunnel      = 14
24: Q9m9tunnel      = 8
25: Q14Q3m14tunnel  = 0
.20: Q5m5tunnel      = 4
20: Q4m5tunnel      = 1
20: Q14m6Q3m5tunnel = 0
21: Q10m10tunnel    = 2
21: Q9m10tunnel     = 6
22: Q8Q12m15tunnel  = 2
23: Q4m4tunnel      = 13
24: Q9m9tunnel      = 8
25: Q14Q3m14tunnel  = 0
.20: Q5m5tunnel      = 4
20: Q4m5tunnel      = 1
20: Q14m6Q3m5tunnel = 0
21: Q10m10tunnel    = 3
21: Q9m10tunnel     = 5
22: Q8Q12m15tunnel  = 1
23: Q4m4tunnel      = 13
24: Q9m9tunnel      = 9
25: Q14Q3m14tunnel  = 0
.20: Q5m5tunnel      = 3
20: Q4m5tunnel      = 1
20: Q14m6Q3m5tunnel = 0
21: Q10m10tunnel    = 3
21: Q9m10tunnel     = 6
22: Q8Q12m15tunnel  = 1
23: Q4m4tunnel      = 14
24: Q9m9tunnel      = 8
25: Q14Q3m14tunnel  = 0
.1 0
2 0
4 0
8 0
16 0
32 0
64 0
128 0
256 0
512 0
1024 0
2048 0
4096 0
8192 0
16384 0
18085 1
32768 1
65536 1
100179 2
131072 3
151171 4
Warning: no OS randomness!
MD5 differential path toolbox
Copyright (C) 2009 Marc Stevens
http://homepages.cwi.nl/~stevens/

delta_m[11] = [!-7!]
Q-3:	|01100000 11010111 10100011 10001000|
Q-2:	|-1001-01 1+00+--1 0-1-0101 11-+01-+|
Q-1:	|+0-+++10 +1-----0 -+-1++++ ++++00-+|
Q0:	|-0110000 +1+1+--+ 11+0-111 -1010-+-| ok p=0.521484
Q1:	|-001--.+ 1.-+0..- 101-100+ 110-.+1-| ok p=1
Q2:	|1-..-0.- 1.-0-111 ..0+-..1 -..1.-+.| ok p=1
Q3:	|1+..+1.- +.1++.10 1..-1..1 1..+.011| ok p=1
Q4:	|01..+... +.1-+.-. 0..+1... +..+.+1.| ok p=1
Q5:	|.0..1..1 0..-..-. +..0+... 1!.-^-+.| ok p=1
Q6:	|.11.-... -..-0... -..--..1 0.0---0.| ok p=1
Q7:	|.01.+... +.0+..0! 0..-+..0 ..0.0.1.| ok p=1
Q8:	|.1+.+... +.0+.... 10.+1..+ ..+011..| ok p=1
Q9:	|.0+^.... ..--.... -0010..0 .!+.....| ok p=1
Q10:	|11.+11.0 11--.1.. -+011..1 ..+0.0..| ok p=1
Q11:	|101110^1 010+.1^. .+--0.^+ .00111..| ok p=1
Q12:	|-101---- ---1^-+^ 1.+0+^+- .1-+1+^.| ok p=1
Q13:	|0+-11111 -+++++1- .0--1+0- 1+---1-.| ok p=1
Q14:	|100.1001 +0010010 ..+1-01+ 01.1+01.| ok p=1
Q15:	|.01..... +01+1+.1 ..00++.0 -000001.| ok p=0.722656
Q16:	|..+..... -..0.... ..+.+..- .0..0-..| ok p=0.844727
Q17:	|..+...0. -.-1.^.. ....-^.. ^-...1.0| ok p=0.62207
Q18:	|..10.... 1.--.... ..^.1..^ .....1.1| ok p=0.864258
Q19:	|..00..+. +.0..... ....+... .^...-.+| ok p=1
Q20:	|.0-+..+. ..0^.... ....+... ..0.....| ok p=0.728516
Q21:	|..+...-. ^......0 .0..0... ..1..^.^| ok p=0.59082
Q22:	|.-1^..-. ....0..1 ....0... ..-.....| ok p=0.998047
Q23:	|.-0...1. ....1..- 0+...... .....0..| ok p=0.231445
Q24:	|.+....0. ....-... 1+...... ..^..1..| ok p=0.833984
Q25:	|.+...... ....0..^ +-...... .....+..| ok p=0.988281
Q26:	|.+...... ....0... .0...... 0.......| ok p=0.760742
Q27:	|.1...... ....1... ^1...... 1....^..| ok p=0.508789
Q28:	|.0...... ....-... ........ -.......| ok p=1
Q29:	|........ ........ ........ 0.......| ok p=0.735352
Q30:	|........ ....^... ........ +.......| ok p=1
Q31:	|........ ........ ........ +.......| ok p=1
Q32:	|........ ........ ........ ........| ok p=1
Q33:	|........ ........ ........ !.......| ok p=1
Q34:	|........ ........ ........ ........| ok p=1
Q35:	|........ ........ ........ ........| ok p=1
Q36:	|........ ........ ........ ........| ok p=1
Q37:	|........ ........ ........ ........| ok p=1
Q38:	|........ ........ ........ ........| ok p=1
Q39:	|........ ........ ........ ........| ok p=1
Q40:	|........ ........ ........ ........| ok p=1
Q41:	|........ ........ ........ ........| ok p=1
Q42:	|........ ........ ........ ........| ok p=1
Q43:	|........ ........ ........ ........| ok p=1
Q44:	|........ ........ ........ ........| ok p=1
Q45:	|........ ........ ........ ........| ok p=1
Q46:	|........ ........ ........ ........| ok p=1
Q47:	|........ ........ ........ ........| ok p=1
Q48:	|........ ........ ........ ........| ok p=1
Q49:	|........ ........ ........ ........| ok p=1
Q50:	|........ ........ ........ ........| ok p=1
Q51:	|........ ........ ........ ........| ok p=1
Q52:	|........ ........ ........ ........| ok p=1
Q53:	|........ ........ ........ ........| ok p=1
Q54:	|........ ........ ........ ........| ok p=1
Q55:	|........ ........ ........ ........| ok p=1
Q56:	|........ ........ ........ ........| ok p=1
Q57:	|........ ........ ........ ........| ok p=1
Q58:	|........ ........ ........ ........| ok p=1
Q59:	|........ ........ ........ ........| ok p=1
Q60:	|........ ......0. ........ ........| ok p=1
Q61:	|........ .....11. ........ ........| ok p=1
Q62:	|........ .....1-. ........ ........| ok p=1
Q63:	|........ .....-+. ........ ........| ok p=1
Q64:	|........ ......-. ........ +.......|
Starting...
20: Q5m5tunnel      = 4
20: Q4m5tunnel      = 1
20: Q14m6Q3m5tunnel = 1
21: Q10m10tunnel    = 2
21: Q9m10tunnel     = 6
22: Q8Q12m15tunnel  = 1
23: Q4m4tunnel      = 13
24: Q9m9tunnel      = 8
25: Q14Q3m14tunnel  = 0
.20: Q5m5tunnel      = 20: Q5m5tunnel      = 3
3
20: Q4m5tunnel      = 1
20: Q14m6Q3m5tunnel = 0
21: Q10m10tunnel    = 2
21: Q9m10tunnel     = 7
22: Q8Q12m15tunnel  = 2
23: Q4m4tunnel      = 20: Q4m5tunnel      = 1
20: Q14m6Q3m5tunnel = 0
21: Q10m10tunnel    = 3
21: Q9m10tunnel     = 146

24: Q9m9tunnel      = 8
25: Q14Q3m14tunnel  = 0
22: Q8Q12m15tunnel  = 2
23: Q4m4tunnel      = 14
24: Q9m9tunnel      = 8
25: Q14Q3m14tunnel  = 0
..20: Q5m5tunnel      = 4
20: Q4m5tunnel      = 1
20: Q14m6Q3m5tunnel = 0
21: Q10m10tunnel    = 3
21: Q9m10tunnel     = 5
22: Q8Q12m15tunnel  = 1
23: Q4m4tunnel      = 13
24: Q9m9tunnel      = 9
25: Q14Q3m14tunnel  = 0
.20: Q5m5tunnel      = 4
20: Q4m5tunnel      = 1
20: Q14m6Q3m5tunnel = 1
21: Q10m10tunnel    = 2
21: Q9m10tunnel     = 6
22: Q8Q12m15tunnel  = 1
23: Q4m4tunnel      = 13
24: Q9m9tunnel      = 8
25: Q14Q3m14tunnel  = 0
20: Q5m5tunnel      = 4
20: Q4m5tunnel      = 1
20: Q14m6Q3m5tunnel = 0
21: Q10m10tunnel    = 2
21: Q9m10tunnel     = 5
22: Q8Q12m15tunnel  = 2
23: Q4m4tunnel      = 13
24: Q9m9tunnel      = 9
25: Q14Q3m14tunnel  = 0
..1 0
2 0
4 0
8 0
16 0
32 0
64 0
128 0
256 0
512 0
1024 0
2048 0
4096 0
8192 0
16384 0
32768 0
65536 0
131072 0
140736 1
164477 2
Warning: no OS randomness!
MD5 differential path toolbox
Copyright (C) 2009 Marc Stevens
http://homepages.cwi.nl/~stevens/

delta_m[11] = [!-7!]
Q-3:	|01100000 11010111 10100011 10001000|
Q-2:	|-1001-01 1+00+--1 0-1-0101 11-+01-+|
Q-1:	|+0-+++10 +1-----0 -+-1++++ ++++00-+|
Q0:	|-0110000 +1+1+--+ 11+0-111 -1010-+-| ok p=0.517578
Q1:	|-001--.+ 1.-+0..- 101-100+ 110-.+1-| ok p=1
Q2:	|1-..-0.- 1.-0-111 ..0+-..1 -..1.-+.| ok p=1
Q3:	|1+..+1.- +.1++.10 1..-1..1 1..+.011| ok p=1
Q4:	|01..+... +.1-+.-. 0..+1... +..+.+1.| ok p=1
Q5:	|.0..1..1 0..-..-. +..0+... 1!.-^-+.| ok p=1
Q6:	|.11.-... -..-0... -..--..1 0.0---0.| ok p=1
Q7:	|.01.+... +.0+..0! 0..-+..0 ..0.0.1.| ok p=1
Q8:	|.1+.+... +.0+.... 10.+1..+ ..+011..| ok p=1
Q9:	|.0+^.... ..--.... -0010..0 .!+.....| ok p=1
Q10:	|11.+11.0 11--.1.. -+011..1 ..+0.0..| ok p=1
Q11:	|101110^1 010+.1^. .+--0.^+ .00111..| ok p=1
Q12:	|-101---- ---1^-+^ 1.+0+^+- .1-+1+^.| ok p=1
Q13:	|0+-11111 -+++++1- .0--1+0- 1+---1-.| ok p=1
Q14:	|100.1001 +0010010 ..+1-01+ 01.1+01.| ok p=1
Q15:	|.01..... +01+1+.1 ..00++.0 -000001.| ok p=0.688477
Q16:	|..+..... -..0.... ..+.+..- .0..0-..| ok p=0.858398
Q17:	|..+...0. -.-1.^.. ....-^.. ^-...1.0| ok p=0.619141
Q18:	|..10.... 1.--.... ..^.1..^ .....1.1| ok p=0.876953
Q19:	|..00..+. +.0..... ....+... .^...-.+| ok p=1
Q20:	|.0-+..+. ..0^.... ....+... ..0.....| ok p=0.760742
Q21:	|..+...-. ^......0 .0..0... ..1..^.^| ok p=0.581055
Q22:	|.-1^..-. ....0..1 ....0... ..-.....| ok p=0.999023
Q23:	|.-0...1. ....1..- 0+...... .....0..| ok p=0.268555
Q24:	|.+....0. ....-... 1+...... ..^..1..| ok p=0.84668
Q25:	|.+...... ....0..^ +-...... .....+..| ok p=0.992188
Q26:	|.+...... ....0... .0...... 0.......| ok p=0.75
Q27:	|.1...... ....1... ^1...... 1....^..| ok p=0.514648
Q28:	|.0...... ....-... ........ -.......| ok p=1
Q29:	|........ ........ ........ 0.......| ok p=0.753906
Q30:	|........ ....^... ........ +.......| ok p=1
Q31:	|........ ........ ........ +.......| ok p=1
Q32:	|........ ........ ........ ........| ok p=1
Q33:	|........ ........ ........ !.......| ok p=1
Q34:	|........ ........ ........ ........| ok p=1
Q35:	|........ ........ ........ ........| ok p=1
Q36:	|........ ........ ........ ........| ok p=1
Q37:	|........ ........ ........ ........| ok p=1
Q38:	|........ ........ ........ ........| ok p=1
Q39:	|........ ........ ........ ........| ok p=1
Q40:	|........ ........ ........ ........| ok p=1
Q41:	|........ ........ ........ ........| ok p=1
Q42:	|........ ........ ........ ........| ok p=1
Q43:	|........ ........ ........ ........| ok p=1
Q44:	|........ ........ ........ ........| ok p=1
Q45:	|........ ........ ........ ........| ok p=1
Q46:	|........ ........ ........ ........| ok p=1
Q47:	|........ ........ ........ ........| ok p=1
Q48:	|........ ........ ........ ........| ok p=1
Q49:	|........ ........ ........ ........| ok p=1
Q50:	|........ ........ ........ ........| ok p=1
Q51:	|........ ........ ........ ........| ok p=1
Q52:	|........ ........ ........ ........| ok p=1
Q53:	|........ ........ ........ ........| ok p=1
Q54:	|........ ........ ........ ........| ok p=1
Q55:	|........ ........ ........ ........| ok p=1
Q56:	|........ ........ ........ ........| ok p=1
Q57:	|........ ........ ........ ........| ok p=1
Q58:	|........ ........ ........ ........| ok p=1
Q59:	|........ ........ ........ ........| ok p=1
Q60:	|........ ......0. ........ ........| ok p=1
Q61:	|........ .....11. ........ ........| ok p=1
Q62:	|........ .....1-. ........ ........| ok p=1
Q63:	|........ .....-+. ........ ........| ok p=1
Q64:	|........ ......-. ........ +.......|
Starting...
20: Q5m5tunnel      = 4
20: Q4m5tunnel      = 1
20: Q14m6Q3m5tunnel = 0
21: Q10m10tunnel    = 4
21: Q9m10tunnel     = 6
22: Q8Q12m15tunnel  = 1
23: Q4m4tunnel      = 13
24: Q9m9tunnel      = 7
25: Q14Q3m14tunnel  = 0
.20: Q5m5tunnel      = 3
20: Q4m5tunnel      = 1
20: Q14m6Q3m5tunnel = 0
21: Q10m10tunnel    = 3
21: Q9m10tunnel     = 6
22: Q8Q12m15tunnel  = 1
23: Q4m4tunnel      = 14
24: Q9m9tunnel      = 8
25: Q14Q3m14tunnel  = 0
.20: Q5m5tunnel      = 3
20: Q4m5tunnel      = 1
20: Q14m6Q3m5tunnel = 0
21: Q10m10tunnel    = 1
21: Q9m10tunnel     = 7
22: Q8Q12m15tunnel  = 2
23: Q4m4tunnel      = 13
24: Q9m9tunnel      = 9
25: Q14Q3m14tunnel  = 2
.20: Q5m5tunnel      = 3
20: Q4m5tunnel      = 1
20: Q14m6Q3m5tunnel = 0
21: Q10m10tunnel    = 3
21: Q9m10tunnel     = 6
22: Q8Q12m15tunnel  = 1
23: Q4m4tunnel      = 14
24: Q9m9tunnel      = 8
25: Q14Q3m14tunnel  = 0
.20: Q5m5tunnel      = 4
20: Q4m5tunnel      = 1
20: Q14m6Q3m5tunnel = 0
21: Q10m10tunnel    = 1
21: Q9m10tunnel     = 6
22: Q8Q12m15tunnel  = 2
23: Q4m4tunnel      = 13
24: Q9m9tunnel      = 10
25: Q14Q3m14tunnel  = 0
.20: Q5m5tunnel      = 3
20: Q4m5tunnel      = 1
20: Q14m6Q3m5tunnel = 0
21: Q10m10tunnel    = 1
21: Q9m10tunnel     = 8
22: Q8Q12m15tunnel  = 2
23: Q4m4tunnel      = 11
24: Q9m9tunnel      = 9
25: Q14Q3m14tunnel  = 3
.1 0
2 0
4 0
8 0
16 0
32 0
64 0
128 0
256 0
512 0
1024 0
2048 0
3631 1
4096 1
8192 1
16384 1
32768 1
37808 2
65536 2
131072 2
250531 4
262144 4
502264 8
524288 8
940272 16
1048576 18
1708459 32
2097152 41
3401695 64
Block 1: workdir0/coll1_1955605249
af a5 be 57 90 1e 67 e5 0d ea b2 d8 e4 f6 b4 30 
f4 99 5a c7 ce 58 27 2f 81 d5 b3 e2 c2 ce 63 7e 
b1 f2 fe 49 c5 00 50 ea d5 51 bf 4d 04 16 62 cd 
6f c5 66 86 fb ff e7 9c 25 af 60 51 38 7f d6 1c 
Block 2: workdir0/coll2_1955605249
af a5 be 57 90 1e 67 e5 0d ea b2 d8 e4 f6 b4 30 
f4 99 5a c7 ce 58 27 2f 81 d5 b3 e2 c2 ce 63 7e 
b1 f2 fe 49 c5 00 50 ea d5 51 bf 4d 84 15 62 cd 
6f c5 66 86 fb ff e7 9c 25 af 60 51 38 7f d6 1c 
Found collision!
