Warning: no OS randomness!
Connect MD5 differential paths
Copyright (C) 2009 Marc Stevens
http://homepages.cwi.nl/~stevens/

delta_m[11] = [!-7!]
Loading precompute/diff-8/paths16_0of1_1000000.bin.gz...done: 1000000. (5.73814s)
Loading workdir0/paths11_0of1.bin.gz.done...done: 2196306. (6.14716s)
t=12: 0%   10   20   30   40   50   60   70   80   90   100%
      |----|----|----|----|----|----|----|----|----|----|
      *Q-3:	|01100000 11010111 10100011 10001000|
Q-2:	|-1001-01 1+00+--1 0-1-0101 11-+01-+|
Q-1:	|+0-+++10 +1-----0 -+-1++++ ++++00-+|
Q0:	|-0110000 +1+1+--+ 11+0-111 -1010-+-| ok p=0.510742
Q1:	|-001--.+ 1.-+0..- 101-100+ 110-.+1-| ok p=1
Q2:	|1-..-0.- 1.-0-111 ..0+-..1 -..1.-+.| ok p=1
Q3:	|1+..+1.- +.1++.10 1..-1..1 1..+.011| ok p=1
Q4:	|01..+... +.1-+.-. 0..+1... +..+.+1.| ok p=1
Q5:	|.0..1..1 0..-..-. +..0+... 1!.-^-+.| ok p=1
Q6:	|.11.-... -..-0... -..--... 0.0---0.| ok p=1
Q7:	|.01.+... +..+..0! 1..1-..^ .11.0.1.| ok p=1
Q8:	|.1+.+... +..+.... 0.1+...+ .0-011..| ok p=1
Q9:	|!.+.0..^ -..+.... 0.1-0..0 .-+.....| ok p=1
Q10:	|.!+.-.1- -10+...0 1.++..10 .1-.10..| ok p=1
Q11:	|.10^+.01 100+0^01 +0+-^.1+ ^0+.01..| ok p=1
Q12:	|^0+-0.+- ---01+1- -1--+^+0 --0^+-^.| ok p=1
Q13:	|--010.11 0-+1+1+0 +-0+1+-+ 1++-01-.| ok p=1
Q14:	|00+0..01 +.101010 10+1-011 1+01+-1.| ok p=1
Q15:	|10+..... +00+1+1. 0100++0- .+10101.| ok p=0.763672
Q16:	|..0..... -..+.... ..+.+..- .1..-0..| ok p=0.742188
Q17:	|..0...0. -.-0.^.. ....-^.0 .-...0.0| ok p=0.755859
Q18:	|..00.... 1.--.... ..^.1..0 ....^1.1| ok p=0.822266
Q19:	|..00..+. +.0..... ....+... .^...-.+| ok p=1
Q20:	|.0-+..+. ..0^.... ....+... ..0.....| ok p=0.734375
Q21:	|..+...-. ^......0 .0..0... ..1..^.^| ok p=0.608398
Q22:	|.-1^..-. ....0..1 ....0... ..-.....| ok p=0.99707
Q23:	|.-0...1. ....1..- 0+...... .....0..| ok p=0.258789
Q24:	|.+....0. ....-... 1+...... ..^..1..| ok p=0.833984
Q25:	|.+...... ....0..^ +-...... .....+..| ok p=0.990234
Q26:	|.+...... ....0... .0...... 0.......| ok p=0.750977
Q27:	|.1...... ....1... ^1...... 1....^..| ok p=0.517578
Q28:	|.0...... ....-... ........ -.......| ok p=1
Q29:	|........ ........ ........ 0.......| ok p=0.74707
Q30:	|........ ....^... ........ +.......| ok p=1
Q31:	|........ ........ ........ +.......| ok p=1
Q32:	|........ ........ ........ ........| ok p=1
Q33:	|........ ........ ........ !.......| ok p=1
Q34:	|........ ........ ........ ........| ok p=1
Q35:	|........ ........ ........ ........|
Best path: totcompl=-20 tottunnel=36, totcond=544, p=0.00506652
Best paths: 2
Best paths: 4
Q-3:	|01100000 11010111 10100011 10001000|
Q-2:	|-1001-01 1+00+--1 0-1-0101 11-+01-+|
Q-1:	|+0-+++10 +1-----0 -+-1++++ ++++00-+|
Q0:	|-0110000 +1+1+--+ 11+0-111 -1010-+-| ok p=0.492188
Q1:	|-001--.+ 1.-+0..- 101-100+ 110-.+1-| ok p=1
Q2:	|1-..-0.- 1.-0-111 ..0+-..1 -..1.-+.| ok p=1
Q3:	|1+..+1.- +.1++.10 1..-1..1 1..+.011| ok p=1
Q4:	|01..+... +.1-+.-. 0..+1... +..+.+1.| ok p=1
Q5:	|.0..1..1 0..-..-. +..0+... 1.!-^-+.| ok p=1
Q6:	|.11.-... -..-0... -..--... 0.0---0.| ok p=1
Q7:	|!.1.+... +..+..0! 1..1-..^ .11.0.1.| ok p=1
Q8:	|!.+.+... +..+.... 0.1+...+ .0-011..| ok p=1
Q9:	|.!+.0..^ -..+.... 0.1-0..0 .-+.....| ok p=1
Q10:	|.!+.-.1- -11+...0 1.++..10 .1-.10..| ok p=1
Q11:	|.10^+.01 101+0^01 +.+-^.1+ ^0+.01..| ok p=1
Q12:	|^0+-0.+- ---.1+1- -^--+^+0 --0^+-^.| ok p=1
Q13:	|--010.11 01-1+1+0 +-1+1+-+ 1++-01-.| ok p=1
Q14:	|00+0..01 +1.01010 10+0-011 1+01+-1.| ok p=1
Q15:	|10+..... +.0+1+1. 0100++0- .+10101.| ok p=0.777344
Q16:	|..0..... -..+.... ..+.+..- .1..-0..| ok p=0.759766
Q17:	|..0...0. -.-0.^.. ....-^.0 .-...0.0| ok p=0.748047
Q18:	|..00.... 1.--.... ..^.1..0 ....^1.1| ok p=0.833984
Q19:	|..00..+. +.0..... ....+... .^...-.+| ok p=1
Q20:	|.0-+..+. ..0^.... ....+... ..0.....| ok p=0.757812
Q21:	|..+...-. ^......0 .0..0... ..1..^.^| ok p=0.568359
Q22:	|.-1^..-. ....0..1 ....0... ..-.....| ok p=0.995117
Q23:	|.-0...1. ....1..- 0+...... .....0..| ok p=0.261719
Q24:	|.+....0. ....-... 1+...... ..^..1..| ok p=0.842773
Q25:	|.+...... ....0..^ +-...... .....+..| ok p=0.994141
Q26:	|.+...... ....0... .0...... 0.......| ok p=0.741211
Q27:	|.1...... ....1... ^1...... 1....^..| ok p=0.532227
Q28:	|.0...... ....-... ........ -.......| ok p=1
Q29:	|........ ........ ........ 0.......| ok p=0.762695
Q30:	|........ ....^... ........ +.......| ok p=1
Q31:	|........ ........ ........ +.......| ok p=1
Q32:	|........ ........ ........ ........| ok p=1
Q33:	|........ ........ ........ !.......| ok p=1
Q34:	|........ ........ ........ ........| ok p=1
Q35:	|........ ........ ........ ........|
Best path: totcompl=-19 tottunnel=37, totcond=541, p=0.00377004
Best paths: 2
Q-3:	|01100000 11010111 10100011 10001000|
Q-2:	|-1001-01 1+00+--1 0-1-0101 11-+01-+|
Q-1:	|+0-+++10 +1-----0 -+-1++++ ++++00-+|
Q0:	|-0110000 +1+1+--+ 11+0-111 -1010-+-| ok p=0.492188
Q1:	|-001--.+ 1.-+0..- 101-100+ 110-.+1-| ok p=1
Q2:	|1-..-0.- 1.-0-111 ..0+-..1 -..1.-+.| ok p=1
Q3:	|1+..+1.- +.1++.10 1..-1..1 1..+.011| ok p=1
Q4:	|01..+... +.1-+.-. 0..+1... +..+.+1.| ok p=1
Q5:	|.00.1..1 0..-..-. +..0+... 1.!-^-+.| ok p=1
Q6:	|..1.-... -..-0... -..--... 0.0---0.| ok p=1
Q7:	|.!1.+... +..+..0! 1..1-..^ .11.0.1.| ok p=1
Q8:	|.!+.+... +..+.... 0.1+...+ .0-011..| ok p=1
Q9:	|!.+.0..^ -..+.... 0.1-0..0 .-+.....| ok p=1
Q10:	|.!+.-.1- -01+...0 1.++..10 .1-.10..| ok p=1
Q11:	|.10^+.01 011+0^01 +.+-^.1+ ^0+.01..| ok p=1
Q12:	|^0+-0.+- ---.1+1- -^--+^+0 --0^+-^.| ok p=1
Q13:	|--010.11 01-1+1+0 +-1+1+-+ 1++-01-.| ok p=1
Q14:	|00+0..01 +1.01010 10+0-011 1+01+-1.| ok p=1
Q15:	|10+..... +.0+1+1. 0100++0- .+10101.| ok p=0.762695
Q16:	|..0..... -..+.... ..+.+..- .1..-0..| ok p=0.743164
Q17:	|..0...0. -.-0.^.. ....-^.0 .-...0.0| ok p=0.759766
Q18:	|..00.... 1.--.... ..^.1..0 ....^1.1| ok p=0.829102
Q19:	|..00..+. +.0..... ....+... .^...-.+| ok p=1
Q20:	|.0-+..+. ..0^.... ....+... ..0.....| ok p=0.746094
Q21:	|..+...-. ^......0 .0..0... ..1..^.^| ok p=0.581055
Q22:	|.-1^..-. ....0..1 ....0... ..-.....| ok p=0.99707
Q23:	|.-0...1. ....1..- 0+...... .....0..| ok p=0.261719
Q24:	|.+....0. ....-... 1+...... ..^..1..| ok p=0.837891
Q25:	|.+...... ....0..^ +-...... .....+..| ok p=0.995117
Q26:	|.+...... ....0... .0...... 0.......| ok p=0.738281
Q27:	|.1...... ....1... ^1...... 1....^..| ok p=0.522461
Q28:	|.0...... ....-... ........ -.......| ok p=1
Q29:	|........ ........ ........ 0.......| ok p=0.759766
Q30:	|........ ....^... ........ +.......| ok p=1
Q31:	|........ ........ ........ +.......| ok p=1
Q32:	|........ ........ ........ ........| ok p=1
Q33:	|........ ........ ........ !.......| ok p=1
Q34:	|........ ........ ........ ........| ok p=1
Q35:	|........ ........ ........ ........|
Best path: totcompl=-18 tottunnel=38, totcond=541, p=0.00444148
Best paths: 2
Best paths: 4
Best paths: 8
Best paths: 16
Best paths: 32
Best paths: 64
Q-3:	|01100000 11010111 10100011 10001000|
Q-2:	|-1001-01 1+00+--1 0-1-0101 11-+01-+|
Q-1:	|+0-+++10 +1-----0 -+-1++++ ++++00-+|
Q0:	|-0110000 +1+1+--+ 11+0-111 -1010-+-| ok p=0.526367
Q1:	|-001--.+ 1.-+0..- 101-100+ 110-.+1-| ok p=1
Q2:	|1-..-0.- 1.-0-111 ..0+-..1 -..1.-+.| ok p=1
Q3:	|1+..+1.- +.1++.10 1..-1..1 1..+.011| ok p=1
Q4:	|01..+... +.1-+.-. 0..+1... +..+.+1.| ok p=1
Q5:	|.0..1..1 0..-..-. +..0+... 1!.-^-+.| ok p=1
Q6:	|.11.-... -..-0... -..--..1 0.0---0.| ok p=1
Q7:	|.01.+... +.0+..0! 0..-+..0 ..0.0.1.| ok p=1
Q8:	|.1+.+... +.0+.... 10.+1..+ ..+011..| ok p=1
Q9:	|.0+^.... ..--.... -0010..0 .!+.....| ok p=1
Q10:	|11.+11.0 11--.1.. -+011..1 ..+0.0..| ok p=1
Q11:	|101110^1 010+.1^. .+--0.^+ .00111..| ok p=1
Q12:	|-101---- ---1^-+^ 1.+0+^+- .1-+1+^.| ok p=1
Q13:	|0+-11111 -+++++1- .0--1+0- 1+---1-.| ok p=1
Q14:	|100.1001 +0010010 ..+1-01+ 01.1+01.| ok p=1
Q15:	|.01..... +01+1+.1 ..00++.0 -000001.| ok p=0.730469
Q16:	|..+..... -..0.... ..+.+..- .0..0-..| ok p=0.879883
Q17:	|..+...0. -.-1.^.. ....-^.. ^-...1.0| ok p=0.577148
Q18:	|..10.... 1.--.... ..^.1..^ .....1.1| ok p=0.880859
Q19:	|..00..+. +.0..... ....+... .^...-.+| ok p=1
Q20:	|.0-+..+. ..0^.... ....+... ..0.....| ok p=0.753906
Q21:	|..+...-. ^......0 .0..0... ..1..^.^| ok p=0.615234
Q22:	|.-1^..-. ....0..1 ....0... ..-.....| ok p=0.998047
Q23:	|.-0...1. ....1..- 0+...... .....0..| ok p=0.25293
Q24:	|.+....0. ....-... 1+...... ..^..1..| ok p=0.832031
Q25:	|.+...... ....0..^ +-...... .....+..| ok p=0.994141
Q26:	|.+...... ....0... .0...... 0.......| ok p=0.750977
Q27:	|.1...... ....1... ^1...... 1....^..| ok p=0.554688
Q28:	|.0...... ....-... ........ -.......| ok p=1
Q29:	|........ ........ ........ 0.......| ok p=0.755859
Q30:	|........ ....^... ........ +.......| ok p=1
Q31:	|........ ........ ........ +.......| ok p=1
Q32:	|........ ........ ........ ........| ok p=1
Q33:	|........ ........ ........ !.......| ok p=1
Q34:	|........ ........ ........ ........| ok p=1
Q35:	|........ ........ ........ ........|
Best path: totcompl=-17 tottunnel=39, totcond=540, p=0.00495239
Best paths: 2
Best paths: 4
Best paths: 8
Best paths: 16
