Warning: no OS randomness!
Extend MD5 differential paths forward
Copyright (C) 2009 Marc Stevens
http://homepages.cwi.nl/~stevens/

delta_m[11] = [!-7!]
Loading workdir0/lowerpath.bin.gz...done: 1. (6.00815e-05s)
Estimating maxcond for upper bound 1500000 (=750000 * 2)...
t=1:  0%   10   20   30   40   50   60   70   80   90   100%
      |----|----|----|----|----|----|----|----|----|----|
e     ***************************************************
Found maxcond = 153
t=1:  0%   10   20   30   40   50   60   70   80   90   100%
      |----|----|----|----|----|----|----|----|----|----|
      ***************************************************
Q-3:	|01100000 11010111 10100011 10001000|
Q-2:	|-1001-01 1+00+--1 0-1-0101 11-+01-+|
Q-1:	|+0-+++10 +1-----0 -+-1++++ ++++00-+|
Q0:	|-0110000 +1+1+--+ 11+0-111 -1010-+-| ok p=1
Q1:	|+.11--.+ ..1-1..- 111-011+ 011-.0++| ok p=0.0341797
Q2:	|.-.-.+.. -...+.-. ..-.-.+. -.......|
Saving 485208 paths...cached.
Autobalance parameters: maxcond=153 (ab#:0)
Verified: 6312 bad out of 491520
Estimating maxcond for upper bound 3000000 (=1500000 * 2)...
t=2:  0%   10   20   30   40   50   60   70   80   90   100%
      |----|----|----|----|----|----|----|----|----|----|
e     **************************************************Found maxcond = 173
t=2:  0%   10   20   30   40   50   60   70   80   90   100%
      |----|----|----|----|----|----|----|----|----|----|
      **************************************************Q-3:	|01100000 11010111 10100011 10001000|
Q-2:	|-1001-01 1+00+--1 0-1-0101 11-+01-+|
Q-1:	|+0-+++10 +1-----0 -+-1++++ ++++00-+|
Q0:	|-0110000 +1+1+--+ 11+0-111 -1010-+-| ok p=0.501953
Q1:	|+.00--.+ ..0-1..- 010-100+ 010-.0++| ok p=0.595703
Q2:	|+.+.+0.- 1.1--110 ..1--..0 +..0.-.1| ok p=0.447266
Q3:	|..-.-.-. .-.+.-.. +.+....+ .......+|
Saving 1500000 paths...cached.
Autobalance parameters: maxcond=172 (ab#:24)
Verified: 100596 bad out of 1612020
Estimating maxcond for upper bound 6000000 (=3000000 * 2)...
t=3:  0%   10   20   30   40   50   60   70   80   90   100%
      |----|----|----|----|----|----|----|----|----|----|
e     ***************************************************
Found maxcond = 191
t=3:  0%   10   20   30   40   50   60   70   80   90   100%
      |----|----|----|----|----|----|----|----|----|----|
      ***************************************************
Q-3:	|01100000 11010111 10100011 10001000|
Q-2:	|-1001-01 1+00+--1 0-1-0101 11-+01-+|
Q-1:	|+0-+++10 +1-----0 -+-1++++ ++++00-+|
Q0:	|-0110000 +1+1+--+ 11+0-111 -1010-+-| ok p=0.517578
Q1:	|-000--.+ .V1-1..- 111-000+ 010-.0++| ok p=0.485352
Q2:	|.-..--.0 1.1--111 ..-0+..0 +..0.0.0| ok p=0.53125
Q3:	|10...+.- .-..0..1 ..---..+ 0..1..1+| ok p=0.475586
Q4:	|..-...+. ..+..-.+ .+.-..-. .-..+..-|
Saving 3000000 paths...cached.
Autobalance parameters: maxcond=190 (ab#:1)
Verified: 86017 bad out of 3379251
Estimating maxcond for upper bound 6000000 (=3000000 * 2)...
t=4:  0%   10   20   30   40   50   60   70   80   90   100%
      |----|----|----|----|----|----|----|----|----|----|
e     ***************************************************
Found maxcond = 206
t=4:  0%   10   20   30   40   50   60   70   80   90   100%
      |----|----|----|----|----|----|----|----|----|----|
      ***************************************************
Q-3:	|01100000 11010111 10100011 10001000|
Q-2:	|-1001-01 1+00+--1 0-1-0101 11-+01-+|
Q-1:	|+0-+++10 +1-----0 -+-1++++ ++++00-+|
Q0:	|-0110000 +1+1+--+ 11+0-111 -1010-+-| ok p=0.508789
Q1:	|-.01--.+ ..1-0..- 01-+000+ 010-.0++| ok p=0.12793
Q2:	|-.+.+1.0 1.-0+100 0.-+-..0 -..0.1.-| ok p=0.386719
Q3:	|..+.+0.0 ..---..+ +.+.-..1 0..0..00| ok p=0.483398
Q4:	|1....+.. ..--0..+ 0.11.... +......1| ok p=0.37793
Q5:	|+.-.+... .-.+.+.+ .+..-.+. .-.+.-..|
Saving 3000000 paths...cached.
Autobalance parameters: maxcond=205 (ab#:1)
Verified: 104484 bad out of 3754506
Estimating maxcond for upper bound 6000000 (=3000000 * 2)...
t=5:  0%   10   20   30   40   50   60   70   80   90   100%
      |----|----|----|----|----|----|----|----|----|----|
e     ***************************************************
Found maxcond = 221
t=5:  0%   10   20   30   40   50   60   70   80   90   100%
      |----|----|----|----|----|----|----|----|----|----|
      ***************************************************
Q-3:	|01100000 11010111 10100011 10001000|
Q-2:	|-1001-01 1+00+--1 0-1-0101 11-+01-+|
Q-1:	|+0-+++10 +1-----0 -+-1++++ ++++00-+|
Q0:	|-0110000 +1+1+--+ 11+0-111 -1010-+-| ok p=0.503906
Q1:	|+.11--.+ ..-+0..- 010-000+ 010-.+1-| ok p=0.745117
Q2:	|+.+.+1.1 1.-0+110 ..10-1.+ +..0.-+1| ok p=0.332031
Q3:	|..0.+1.- ..---..+ ...-1-.. 0..0.1++| ok p=0.884766
Q4:	|0.+....+ ...1+..+ ...+11.0 +....++1| ok p=0.832031
Q5:	|..0.1..+ ..111... ...+.-.. -....+.1| ok p=0.633789
Q6:	|...+.... +.-.-... ....+.-. .....+.-|
Saving 3000000 paths...cached.
Autobalance parameters: maxcond=220 (ab#:1)
Verified: 71360 bad out of 3805297
Estimating maxcond for upper bound 6000000 (=3000000 * 2)...
t=6:  0%   10   20   30   40   50   60   70   80   90   100%
      |----|----|----|----|----|----|----|----|----|----|
e     ***************************************************
Found maxcond = 233
t=6:  0%   10   20   30   40   50   60   70   80   90   100%
      |----|----|----|----|----|----|----|----|----|----|
      ***************************************************
Q-3:	|01100000 11010111 10100011 10001000|
Q-2:	|-1001-01 1+00+--1 0-1-0101 11-+01-+|
Q-1:	|+0-+++10 +1-----0 -+-1++++ ++++00-+|
Q0:	|-0110000 +1+1+--+ 11+0-111 -1010-+-| ok p=0.495117
Q1:	|+.11--.+ ..-+0..- 010-000+ 010-.+1-| ok p=0.75293
Q2:	|+.+.+1.1 1.-0+110 ..10-1.+ +..0.-+1| ok p=0.289062
Q3:	|..0.+0.- ..---..+ ...-1-.. 0..0.1++| ok p=0.912109
Q4:	|0.+....+ .V.1+..1 ...+11.0 +....++1| ok p=0.889648
Q5:	|..1.1..+ ..010..- ...+1-.. -....+.1| ok p=0.515625
Q6:	|..1..... .+.++..- ....+0.. 0.....1.| ok p=0.96875
Q7:	|....-.+. -.-..+.+ ..+.-... -..+..+.|
Saving 3000000 paths...cached.
Autobalance parameters: maxcond=232 (ab#:1)
Verified: 49018 bad out of 3867002
Estimating maxcond for upper bound 6000000 (=3000000 * 2)...
t=7:  0%   10   20   30   40   50   60   70   80   90   100%
      |----|----|----|----|----|----|----|----|----|----|
e     ***************************************************
Found maxcond = 245
t=7:  0%   10   20   30   40   50   60   70   80   90   100%
      |----|----|----|----|----|----|----|----|----|----|
      ***************************************************
Q-3:	|01100000 11010111 10100011 10001000|
Q-2:	|-1001-01 1+00+--1 0-1-0101 11-+01-+|
Q-1:	|+0-+++10 +1-----0 -+-1++++ ++++00-+|
Q0:	|-0110000 +1+1+--+ 11+0-111 -1010-+-| ok p=0.509766
Q1:	|-001--.+ 1.-+0..- 101-000+ 110-.+1-| ok p=0.641602
Q2:	|.-..-1.0 1.-0-010 ..00+..1 -..1.-+.| ok p=0.448242
Q3:	|1+..+1.+ -..++.10 V..--..1 1..+.-01| ok p=0.349609
Q4:	|.1..+..0 1.1-+.-. 0..+-... +..+V0+.| ok p=0.587891
Q5:	|.+.....1 -..-..-. +..1.... 1..-.-1.| ok p=0.976562
Q6:	|.+..1... +..-0... -..10... 1..----.| ok p=0.521484
Q7:	|........ +.....1. 0..+.... ....0.-.| ok p=0.619141
Q8:	|..+..... ...+..+. ....+.+. -.+.....|
Saving 2796606 paths...cached.
Autobalance parameters: maxcond=245 (ab#:0)
Verified: 26218 bad out of 2822824
Estimating maxcond for upper bound 6000000 (=3000000 * 2)...
t=8:  0%   10   20   30   40   50   60   70   80   90   100%
      |----|----|----|----|----|----|----|----|----|----|
e     ***************************************************
Found maxcond = 259
t=8:  0%   10   20   30   40   50   60   70   80   90   100%
      |----|----|----|----|----|----|----|----|----|----|
      ***************************************************
Q-3:	|01100000 11010111 10100011 10001000|
Q-2:	|-1001-01 1+00+--1 0-1-0101 11-+01-+|
Q-1:	|+0-+++10 +1-----0 -+-1++++ ++++00-+|
Q0:	|-0110000 +1+1+--+ 11+0-111 -1010-+-| ok p=0.506836
Q1:	|-001--.+ 1.-+0..- 101-100+ 110-.+1-| ok p=0.713867
Q2:	|.-..-0.- 1.-0-111 ..0+-..1 -..1.-+.| ok p=0.506836
Q3:	|1+..+1.- +..++.10 1..-1..1 1..+.011| ok p=0.344727
Q4:	|.1..+... +.1-+.-. 0..+1... +.V+.+1.| ok p=0.519531
Q5:	|.0..1..1 0..-..-. +..0+... 1..-.-+.| ok p=0.976562
Q6:	|..V.-... -..-0... -..--..V 1.-1.+0.| ok p=0.603516
Q7:	|....+... -..-..0. 1..0-... ..10.00.| ok p=0.918945
Q8:	|..+.1... ...-.... 1..-...+ ..-..+..| ok p=0.641602
Q9:	|.-.+...- .+.-.... ..-.-... ..-.+...|
Saving 3000000 paths...cached.
Autobalance parameters: maxcond=258 (ab#:1)
Verified: 6634 bad out of 3386383
Estimating maxcond for upper bound 6000000 (=3000000 * 2)...
t=9:  0%   10   20   30   40   50   60   70   80   90   100%
      |----|----|----|----|----|----|----|----|----|----|
e     ***************************************************
Found maxcond = 271
t=9:  0%   10   20   30   40   50   60   70   80   90   100%
      |----|----|----|----|----|----|----|----|----|----|
      ***************************************************
Q-3:	|01100000 11010111 10100011 10001000|
Q-2:	|-1001-01 1+00+--1 0-1-0101 11-+01-+|
Q-1:	|+0-+++10 +1-----0 -+-1++++ ++++00-+|
Q0:	|-0110000 +1+1+--+ 11+0-111 -1010-+-| ok p=0.507812
Q1:	|-001--.+ 1.-+0..- 101-100+ 110-.+1-| ok p=0.729492
Q2:	|.-..-0.- 1.-0-111 ..0+-..1 -..1.-+.| ok p=0.514648
Q3:	|1+..+1.- +..++.10 1..-1..1 1..+.011| ok p=0.371094
Q4:	|.1..+... +.1-+.-. 0..+1... +..+V+1.| ok p=0.774414
Q5:	|.0..1..1 0..-..-. +..0+... 1..-.-+.| ok p=0.964844
Q6:	|..V.-... -..-1... -..--..V 0..---0.| ok p=0.663086
Q7:	|..1.+... +..+..0. 0..1-... ...-0.1.| ok p=0.876953
Q8:	|..+.+... +..+.... 0..+...+ ...+11..| ok p=0.9375
Q9:	|..+..... -..+.... ...01..0 ...+....| ok p=0.926758
Q10:	|..+.-.-. ...+..-. .+...... ...+....|
Saving 3000000 paths...cached.
Autobalance parameters: maxcond=270 (ab#:1)
Verified: 27460 bad out of 3711260
Estimating maxcond for upper bound 6000000 (=3000000 * 2)...
t=10: 0%   10   20   30   40   50   60   70   80   90   100%
      |----|----|----|----|----|----|----|----|----|----|
e     ***************************************************
Found maxcond = 282
t=10: 0%   10   20   30   40   50   60   70   80   90   100%
      |----|----|----|----|----|----|----|----|----|----|
      ***************************************************
Q-3:	|01100000 11010111 10100011 10001000|
Q-2:	|-1001-01 1+00+--1 0-1-0101 11-+01-+|
Q-1:	|+0-+++10 +1-----0 -+-1++++ ++++00-+|
Q0:	|-0110000 +1+1+--+ 11+0-111 -1010-+-| ok p=0.527344
Q1:	|-001--.+ 1.-+0..- 101-100+ 110-.+1-| ok p=0.707031
Q2:	|.-..-0.- 1.-0-111 ..0+-..1 -..1.-+.| ok p=0.504883
Q3:	|1+..+1.- +..++.10 1..-1..1 1..+.011| ok p=0.367188
Q4:	|.1..+... +.1-+.-. 0..+1... +..+V+1.| ok p=0.759766
Q5:	|.0..1..1 0..-..-. +..0+... 1..-.-+.| ok p=0.977539
Q6:	|..V.-... -..-0... -..--..V 0.V---0.| ok p=0.630859
Q7:	|..1.+... +..+..0. 0..-+... ..0.0.1.| ok p=0.859375
Q8:	|..+.+... +..+.... 0V.+1..+ ..+011..| ok p=0.923828
Q9:	|..+.1... -..+.... ...10..0 ..+.....| ok p=0.923828
Q10:	|..+.-... -..+.... .+.1...1 ..+.....| ok p=0.803711
Q11:	|....+... .-.+.... +..+..+. -.-.....|
Saving 2870312 paths...cached.
Autobalance parameters: maxcond=282 (ab#:0)
Verified: 1862 bad out of 2872174
Estimating maxcond for upper bound 6000000 (=3000000 * 2)...
t=11: 0%   10   20   30   40   50   60   70   80   90   100%
      |----|----|----|----|----|----|----|----|----|----|
e     ***************************************************
Found maxcond = 293
t=11: 0%   10   20   30   40   50   60   70   80   90   100%
      |----|----|----|----|----|----|----|----|----|----|
      ***************************************************
Q-3:	|01100000 11010111 10100011 10001000|
Q-2:	|-1001-01 1+00+--1 0-1-0101 11-+01-+|
Q-1:	|+0-+++10 +1-----0 -+-1++++ ++++00-+|
Q0:	|-0110000 +1+1+--+ 11+0-111 -1010-+-| ok p=0.500977
Q1:	|-001--.+ 1.-+0..- 101-100+ 110-.+1-| ok p=0.719727
Q2:	|.-..-0.- 1.-0-111 ..0+-..1 -..1.-+.| ok p=0.500977
Q3:	|1+..+1.- +..++.10 1..-1..1 1..+.011| ok p=0.353516
Q4:	|.1..+... +.1-+.-. 0..+1... +..+V+1.| ok p=0.75
Q5:	|.0..1..1 0..-..-. +..0+... 1..-.-+.| ok p=0.96875
Q6:	|..V.-... -..-0... -..--..V 0.1---0.| ok p=0.632812
Q7:	|..1.+... +.V+..0. 0..1-... ..0.0.1.| ok p=0.860352
Q8:	|..+.+... +.0+.... 1V.+...+ ..+011..| ok p=0.930664
Q9:	|..+.1... 1.--.... V..-1..0 ..+.....| ok p=0.923828
Q10:	|..+.-... -.--.... .+.-...1 ..+.....| ok p=0.777344
Q11:	|....+... -..+.... +0.....+ ........| ok p=0.40625
Q12:	|+...-... -.+..... +.+.-..+ ........|
Saving 2196306 paths...done. (4.56572s)
Autobalance parameters: maxcond=293 (ab#:0)
Verified: 538 bad out of 2196844
Runtime: 59.9567
