Warning: no OS randomness!
MD5 differential path toolbox
Copyright (C) 2009 Marc Stevens
http://homepages.cwi.nl/~stevens/

Loading workdir0/latest_bestpaths.bin.gz...done (loaded 4 paths).
Loading workdir0/bestpaths_t37_c541.bin.gz...done (loaded 1 paths).
Loading workdir0/bestpaths_t37_c542.bin.gz...done (loaded 2 paths).
Loading workdir0/bestpaths_t38_c541.bin.gz...done (loaded 1 paths).
Loading workdir0/bestpaths_t38_c542.bin.gz...done (loaded 4 paths).
Saving 12 paths to workdir0/joint_bestpaths.bin.gz...done.
Warning: no OS randomness!
MD5 differential path toolbox
Copyright (C) 2009 Marc Stevens
http://homepages.cwi.nl/~stevens/

Loading workdir0/latest_bestpaths.bin.gz...done (loaded 32 paths).
Loading workdir0/bestpaths_t37_c541.bin.gz...done (loaded 1 paths).
Loading workdir0/bestpaths_t37_c542.bin.gz...done (loaded 2 paths).
Loading workdir0/bestpaths_t38_c541.bin.gz...done (loaded 1 paths).
Loading workdir0/bestpaths_t38_c542.bin.gz...done (loaded 4 paths).
Loading workdir0/bestpaths_t38_c544.bin.gz...done (loaded 8 paths).
Loading workdir0/bestpaths_t38_c545.bin.gz...done (loaded 32 paths).
Saving 80 paths to workdir0/joint_bestpaths.bin.gz...done.
Warning: no OS randomness!
MD5 differential path toolbox
Copyright (C) 2009 Marc Stevens
http://homepages.cwi.nl/~stevens/

Loading workdir0/latest_bestpaths.bin.gz...done (loaded 64 paths).
Loading workdir0/bestpaths_t37_c541.bin.gz...done (loaded 1 paths).
Loading workdir0/bestpaths_t37_c542.bin.gz...done (loaded 2 paths).
Loading workdir0/bestpaths_t38_c541.bin.gz...done (loaded 1 paths).
Loading workdir0/bestpaths_t38_c542.bin.gz...done (loaded 64 paths).
Loading workdir0/bestpaths_t38_c544.bin.gz...done (loaded 8 paths).
Loading workdir0/bestpaths_t38_c545.bin.gz...done (loaded 32 paths).
Saving 172 paths to workdir0/joint_bestpaths.bin.gz...done.
Warning: no OS randomness!
MD5 differential path toolbox
Copyright (C) 2009 Marc Stevens
http://homepages.cwi.nl/~stevens/

Loading workdir0/latest_bestpaths.bin.gz...done (loaded 1 paths).
Loading workdir0/bestpaths_t37_c541.bin.gz...done (loaded 1 paths).
Loading workdir0/bestpaths_t37_c542.bin.gz...done (loaded 2 paths).
Loading workdir0/bestpaths_t38_c541.bin.gz...done (loaded 1 paths).
Loading workdir0/bestpaths_t38_c542.bin.gz...done (loaded 64 paths).
Loading workdir0/bestpaths_t38_c544.bin.gz...done (loaded 8 paths).
Loading workdir0/bestpaths_t38_c545.bin.gz...done (loaded 32 paths).
Loading workdir0/bestpaths_t39_c540.bin.gz...done (loaded 1 paths).
Saving 110 paths to workdir0/joint_bestpaths.bin.gz...done.
Warning: no OS randomness!
MD5 differential path toolbox
Copyright (C) 2009 Marc Stevens
http://homepages.cwi.nl/~stevens/

Loading workdir0/latest_bestpaths.bin.gz...done (loaded 4 paths).
Loading workdir0/bestpaths_t37_c541.bin.gz...done (loaded 1 paths).
Loading workdir0/bestpaths_t37_c542.bin.gz...done (loaded 2 paths).
Loading workdir0/bestpaths_t38_c541.bin.gz...done (loaded 1 paths).
Loading workdir0/bestpaths_t38_c542.bin.gz...done (loaded 64 paths).
Loading workdir0/bestpaths_t38_c544.bin.gz...done (loaded 8 paths).
Loading workdir0/bestpaths_t38_c545.bin.gz...done (loaded 32 paths).
Loading workdir0/bestpaths_t39_c540.bin.gz...done (loaded 1 paths).
Loading workdir0/bestpaths_t39_c541.bin.gz...done (loaded 4 paths).
Saving 117 paths to workdir0/joint_bestpaths.bin.gz...done.
Warning: no OS randomness!
MD5 differential path toolbox
Copyright (C) 2009 Marc Stevens
http://homepages.cwi.nl/~stevens/

Loading workdir0/latest_bestpaths.bin.gz...done (loaded 8 paths).
Loading workdir0/bestpaths_t37_c541.bin.gz...done (loaded 1 paths).
Loading workdir0/bestpaths_t37_c542.bin.gz...done (loaded 2 paths).
Loading workdir0/bestpaths_t38_c541.bin.gz...done (loaded 1 paths).
Loading workdir0/bestpaths_t38_c542.bin.gz...done (loaded 64 paths).
Loading workdir0/bestpaths_t38_c544.bin.gz...done (loaded 8 paths).
Loading workdir0/bestpaths_t38_c545.bin.gz...done (loaded 32 paths).
Loading workdir0/bestpaths_t39_c540.bin.gz...done (loaded 1 paths).
Loading workdir0/bestpaths_t39_c541.bin.gz...done (loaded 4 paths).
Loading workdir0/bestpaths_t39_c544.bin.gz...done (loaded 8 paths).
Saving 129 paths to workdir0/joint_bestpaths.bin.gz...done.
Warning: no OS randomness!
MD5 differential path toolbox
Copyright (C) 2009 Marc Stevens
http://homepages.cwi.nl/~stevens/

Loading workdir0/latest_bestpaths.bin.gz...done (loaded 16 paths).
Loading workdir0/bestpaths_t37_c541.bin.gz...done (loaded 1 paths).
Loading workdir0/bestpaths_t37_c542.bin.gz...done (loaded 2 paths).
Loading workdir0/bestpaths_t38_c541.bin.gz...done (loaded 1 paths).
Loading workdir0/bestpaths_t38_c542.bin.gz...done (loaded 64 paths).
Loading workdir0/bestpaths_t38_c544.bin.gz...done (loaded 8 paths).
Loading workdir0/bestpaths_t38_c545.bin.gz...done (loaded 32 paths).
Loading workdir0/bestpaths_t39_c540.bin.gz...done (loaded 1 paths).
Loading workdir0/bestpaths_t39_c541.bin.gz...done (loaded 4 paths).
Loading workdir0/bestpaths_t39_c543.bin.gz...done (loaded 16 paths).
Loading workdir0/bestpaths_t39_c544.bin.gz...done (loaded 8 paths).
Saving 153 paths to workdir0/joint_bestpaths.bin.gz...done.
