Warning: no OS randomness!
MD5 differential path toolbox
Copyright (C) 2009 Marc Stevens
http://homepages.cwi.nl/~stevens/

IHV1   = {1624744840,2958479317,578727938,3448206822}
IHV1   = 88a3d760d5cf56b002b07e22e67587cd

IHV2   = {1624744840,821684050,2663407601,1237919189}
IHV2   = 88a3d76052e7f930f15fc09ed525c949

dIHV   = {0,2158172029,2084679663,2084679663}
NC0: delta c = delta d = [!0,31!]
NC0: delta b           = [!0,21,-23,31!]
NC1: delta c = delta d = [!4!]
NC1: delta b           = [!4,-26!]
NC2: delta c = delta d = [!12!]
NC2: delta b           = [!1,12!]
NC3: delta c = delta d = [!14!]
NC3: delta b           = [!-4,14!]
NC4: delta c = delta d = [!-17!]
NC4: delta b           = [!7,-17!]
NC5: delta c = delta d = [!-22!]
NC5: delta b           = [!-11,13,-22!]
NC6: delta c = delta d = [!26!]
NC6: delta b           = [!15,-17,26!]
NC0: prob=-9.15932
NC1: prob=-4.98349
NC2: prob=-5.84356
NC3: prob=-4.93325
NC4: prob=-4.92681
NC5: prob=-6.17444
NC6: prob=-6.26275
delta m_11 = [!-7!]
Q-3:	|01100000 11010111 10100011 10001000|
Q-2:	|-1001-01 1+00+--1 0-1-0101 11-+01-+|
Q-1:	|+0-+++10 +1-----0 -+-1++++ ++++00-+|
Q0:	|-0110000 +1+1+--+ 11+0-111 -1010-+-| ok p=0.880859
Q1:	|+..-.+.+ ...-...- ...-...+ ...-.+.-|
Saved lower diff. path to 'workdir0/lowerpath.bin.gz'.

Q34:	|........ ........ ........ ........|
Q35:	|........ ........ ........ ........|
Q36:	|........ ........ ........ ........|
Q37:	|........ ........ ........ ........| ok p=1
Q38:	|........ ........ ........ ........| ok p=1
Q39:	|........ ........ ........ ........| ok p=1
Q40:	|........ ........ ........ ........| ok p=1
Q41:	|........ ........ ........ ........| ok p=1
Q42:	|........ ........ ........ ........| ok p=1
Q43:	|........ ........ ........ ........| ok p=1
Q44:	|........ ........ ........ ........| ok p=1
Q45:	|........ ........ ........ ........| ok p=1
Q46:	|........ ........ ........ ........| ok p=1
Q47:	|........ ........ ........ ........| ok p=1
Q48:	|........ ........ ........ ........| ok p=1
Q49:	|........ ........ ........ ........| ok p=1
Q50:	|........ ........ ........ ........| ok p=1
Q51:	|........ ........ ........ ........| ok p=1
Q52:	|........ ........ ........ ........| ok p=1
Q53:	|........ ........ ........ ........| ok p=1
Q54:	|........ ........ ........ ........| ok p=1
Q55:	|........ ........ ........ ........| ok p=1
Q56:	|........ ........ ........ ........| ok p=1
Q57:	|........ ........ ........ ........| ok p=1
Q58:	|........ ........ ........ ........| ok p=1
Q59:	|........ ........ ........ ........| ok p=1
Q60:	|........ ......0. ........ ........| ok p=1
Q61:	|........ .....11. ........ ........| ok p=1
Q62:	|........ .....1-. ........ ........| ok p=1
Q63:	|........ .....-+. ........ ........| ok p=1
Q64:	|........ ......-. ........ +.......|
Saved upper diff. path to 'workdir0/upperpath.bin.gz'.
Saved 'md5diffpathforward.cfg'.
Saved 'md5diffpathbackward.cfg'.
Saved 'md5diffpathconnect.cfg'.
Saved 'md5diffpathhelper.cfg'.
